/home/pharris/venv/lib64/python3.9/site-packages/networkx/utils/backends.py:135: RuntimeWarning: networkx backend defined more than once: nx-loopback
  backends.update(_get_backends("networkx.backends"))
exp30 [cifar10] emb_dim=16 holdout=[4] alpha=0.05 fractions=[0.02]

===== training: sup =====
Using cache found in /home/pharris/.cache/torch/hub/chenyaofo_pytorch-cifar-models_master
  cifar10 balanced loader (no {4}): 45000 images, 208 batches of 9x24
  [sigreg+proto] epoch 1/10  sigreg=0.2946  proto=0.7607  min_dist=5.51  mean_dist=5.59
  [sigreg+proto] epoch 2/10  sigreg=0.1334  proto=0.3505  min_dist=6.00  mean_dist=6.19
  [sigreg+proto] epoch 3/10  sigreg=0.1275  proto=0.2643  min_dist=6.42  mean_dist=6.83
  [sigreg+proto] epoch 4/10  sigreg=0.1262  proto=0.2386  min_dist=6.81  mean_dist=7.44
  [sigreg+proto] epoch 5/10  sigreg=0.1278  proto=0.2173  min_dist=7.15  mean_dist=8.01
  [sigreg+proto] epoch 6/10  sigreg=0.1267  proto=0.1774  min_dist=7.48  mean_dist=8.53
  [sigreg+proto] epoch 7/10  sigreg=0.1295  proto=0.1606  min_dist=7.78  mean_dist=9.01
  [sigreg+proto] epoch 8/10  sigreg=0.1311  proto=0.1705  min_dist=8.05  mean_dist=9.45
  [sigreg+proto] epoch 9/10  sigreg=0.1322  proto=0.1567  min_dist=8.31  mean_dist=9.87
  [sigreg+proto] epoch 10/10  sigreg=0.1310  proto=0.1422  min_dist=8.55  mean_dist=10.25

===== training: res =====
  cifar10 balanced two-view loader (no {4}): 45000 images, 208 batches of 9x24
  [sigreg-residual-cw] epoch 1/10  inv=0.4139  res-sigreg=0.3609
  [sigreg-residual-cw] epoch 2/10  inv=0.3178  res-sigreg=0.3046
  [sigreg-residual-cw] epoch 3/10  inv=0.2911  res-sigreg=0.2888
  [sigreg-residual-cw] epoch 4/10  inv=0.2763  res-sigreg=0.2803
  [sigreg-residual-cw] epoch 5/10  inv=0.2694  res-sigreg=0.2742
  [sigreg-residual-cw] epoch 6/10  inv=0.2555  res-sigreg=0.2649
  [sigreg-residual-cw] epoch 7/10  inv=0.2522  res-sigreg=0.2604
  [sigreg-residual-cw] epoch 8/10  inv=0.2459  res-sigreg=0.2579
  [sigreg-residual-cw] epoch 9/10  inv=0.2435  res-sigreg=0.2535
  [sigreg-residual-cw] epoch 10/10  inv=0.2353  res-sigreg=0.2488

===== training: ssl =====
Using cache found in /home/pharris/.cache/torch/hub/chenyaofo_pytorch-cifar-models_master
  CIFAR two-view embedding-train images (no {4}): 45000
  [sigreg-ssl] epoch 1/20  inv=0.0745  sigreg=0.1400
  [sigreg-ssl] epoch 2/20  inv=0.0704  sigreg=0.0789
  [sigreg-ssl] epoch 3/20  inv=0.0676  sigreg=0.0701
  [sigreg-ssl] epoch 4/20  inv=0.0650  sigreg=0.0641
  [sigreg-ssl] epoch 5/20  inv=0.0625  sigreg=0.0611
  [sigreg-ssl] epoch 6/20  inv=0.0622  sigreg=0.0574
  [sigreg-ssl] epoch 7/20  inv=0.0604  sigreg=0.0560
  [sigreg-ssl] epoch 8/20  inv=0.0603  sigreg=0.0532
  [sigreg-ssl] epoch 9/20  inv=0.0589  sigreg=0.0511
  [sigreg-ssl] epoch 10/20  inv=0.0579  sigreg=0.0497
  [sigreg-ssl] epoch 11/20  inv=0.0569  sigreg=0.0490
  [sigreg-ssl] epoch 12/20  inv=0.0555  sigreg=0.0483
  [sigreg-ssl] epoch 13/20  inv=0.0551  sigreg=0.0469
  [sigreg-ssl] epoch 14/20  inv=0.0559  sigreg=0.0452
  [sigreg-ssl] epoch 15/20  inv=0.0554  sigreg=0.0439
  [sigreg-ssl] epoch 16/20  inv=0.0552  sigreg=0.0424
  [sigreg-ssl] epoch 17/20  inv=0.0549  sigreg=0.0410
  [sigreg-ssl] epoch 18/20  inv=0.0550  sigreg=0.0403
  [sigreg-ssl] epoch 19/20  inv=0.0539  sigreg=0.0391
  [sigreg-ssl] epoch 20/20  inv=0.0533  sigreg=0.0380

===== training: supres =====
  cifar10 balanced loader (no {4}): 45000 images, 208 batches of 9x24
  [sigreg+proto] epoch 1/10  sigreg=0.1323  proto=0.7431  min_dist=2.09  mean_dist=4.21
  [sigreg+proto] epoch 2/10  sigreg=0.1145  proto=0.5277  min_dist=2.77  mean_dist=4.91
  [sigreg+proto] epoch 3/10  sigreg=0.1109  proto=0.4185  min_dist=3.31  mean_dist=5.53
  [sigreg+proto] epoch 4/10  sigreg=0.1103  proto=0.3528  min_dist=3.77  mean_dist=6.08
  [sigreg+proto] epoch 5/10  sigreg=0.1113  proto=0.3289  min_dist=4.18  mean_dist=6.59
  [sigreg+proto] epoch 6/10  sigreg=0.1105  proto=0.2593  min_dist=4.55  mean_dist=7.05
  [sigreg+proto] epoch 7/10  sigreg=0.1119  proto=0.2369  min_dist=4.89  mean_dist=7.49
  [sigreg+proto] epoch 8/10  sigreg=0.1124  proto=0.2060  min_dist=5.21  mean_dist=7.90
  [sigreg+proto] epoch 9/10  sigreg=0.1123  proto=0.1997  min_dist=5.52  mean_dist=8.29
  [sigreg+proto] epoch 10/10  sigreg=0.1139  proto=0.1867  min_dist=5.81  mean_dist=8.67

===== training: joint =====
Using cache found in /home/pharris/.cache/torch/hub/chenyaofo_pytorch-cifar-models_master
  cifar10 balanced two-view loader (no {4}): 45000 images, 208 batches of 9x24
  [sigreg+proto+aug] epoch 1/10  sigreg=0.3155  proto=1.1783  inv=0.3959  min_dist=5.42  mean_dist=5.59
  [sigreg+proto+aug] epoch 2/10  sigreg=0.1407  proto=0.7269  inv=0.4510  min_dist=5.87  mean_dist=6.18
  [sigreg+proto+aug] epoch 3/10  sigreg=0.1401  proto=0.7034  inv=0.4604  min_dist=6.28  mean_dist=6.80
  [sigreg+proto+aug] epoch 4/10  sigreg=0.1438  proto=0.7335  inv=0.4791  min_dist=6.63  mean_dist=7.39
  [sigreg+proto+aug] epoch 5/10  sigreg=0.1497  proto=0.7868  inv=0.5028  min_dist=6.89  mean_dist=7.91
  [sigreg+proto+aug] epoch 6/10  sigreg=0.1524  proto=0.8094  inv=0.5123  min_dist=7.10  mean_dist=8.39
  [sigreg+proto+aug] epoch 7/10  sigreg=0.1588  proto=0.8606  inv=0.5352  min_dist=7.25  mean_dist=8.81
  [sigreg+proto+aug] epoch 8/10  sigreg=0.1635  proto=0.8815  inv=0.5419  min_dist=7.36  mean_dist=9.19
  [sigreg+proto+aug] epoch 9/10  sigreg=0.1648  proto=0.8653  inv=0.5504  min_dist=7.43  mean_dist=9.54
  [sigreg+proto+aug] epoch 10/10  sigreg=0.1678  proto=0.8736  inv=0.5542  min_dist=7.45  mean_dist=9.85

===== training: supcon =====
Using cache found in /home/pharris/.cache/torch/hub/chenyaofo_pytorch-cifar-models_master
  CIFAR two-view embedding-train images (no {4}): 45000
  [supcon] epoch 1/10  loss=4.7560
  [supcon] epoch 2/10  loss=4.6680
  [supcon] epoch 3/10  loss=4.6482
  [supcon] epoch 4/10  loss=4.6164
  [supcon] epoch 5/10  loss=4.5995
  [supcon] epoch 6/10  loss=4.5878
  [supcon] epoch 7/10  loss=4.5746
  [supcon] epoch 8/10  loss=4.5695
  [supcon] epoch 9/10  loss=4.5550
  [supcon] epoch 10/10  loss=4.5401

===== training: simclr =====
Using cache found in /home/pharris/.cache/torch/hub/chenyaofo_pytorch-cifar-models_master
  CIFAR two-view embedding-train images (no {4}): 45000
  [simclr] epoch 1/20  loss=4.7167
  [simclr] epoch 2/20  loss=4.5866
  [simclr] epoch 3/20  loss=4.5574
  [simclr] epoch 4/20  loss=4.5401
  [simclr] epoch 5/20  loss=4.5273
  [simclr] epoch 6/20  loss=4.5207
  [simclr] epoch 7/20  loss=4.5131
  [simclr] epoch 8/20  loss=4.5081
  [simclr] epoch 9/20  loss=4.5022
  [simclr] epoch 10/20  loss=4.4981
  [simclr] epoch 11/20  loss=4.4967
  [simclr] epoch 12/20  loss=4.4945
  [simclr] epoch 13/20  loss=4.4906
  [simclr] epoch 14/20  loss=4.4872
  [simclr] epoch 15/20  loss=4.4862
  [simclr] epoch 16/20  loss=4.4846
  [simclr] epoch 17/20  loss=4.4837
  [simclr] epoch 18/20  loss=4.4819
  [simclr] epoch 19/20  loss=4.4794
  [simclr] epoch 20/20  loss=4.4779

===== pre-discovery power =====
  [sup->res      ] power=0.3620
  [ssl->supres   ] power=0.0980
  [joint         ] power=0.1400
  [sup           ] power=0.3240
  [supcon        ] power=0.0000
  [supcon+simclr ] power=0.0000

===== fraction f=0.02 (918 injected deer) =====
  [sigreg+proto] epoch 1/5  sigreg=0.1584  proto=1.0764  min_dist=3.88  mean_dist=9.29
  [sigreg+proto] epoch 2/5  sigreg=0.1470  proto=0.8283  min_dist=4.18  mean_dist=9.77
  [sigreg+proto] epoch 3/5  sigreg=0.1492  proto=0.8195  min_dist=4.46  mean_dist=10.22
  [sigreg+proto] epoch 4/5  sigreg=0.1541  proto=0.8397  min_dist=4.69  mean_dist=10.63
  [sigreg+proto] epoch 5/5  sigreg=0.1554  proto=0.8509  min_dist=4.92  mean_dist=11.02
  round 1: pool=2664 purity=0.155 k-hat=4 anchors=4  margin=0.9119  mean-anchor=0.9220  deer=0.922
  [sigreg+proto] epoch 1/5  sigreg=0.2203  proto=2.0084  min_dist=3.84  mean_dist=10.68
  [sigreg+proto] epoch 2/5  sigreg=0.1848  proto=1.4796  min_dist=4.33  mean_dist=11.05
  [sigreg+proto] epoch 3/5  sigreg=0.1838  proto=1.4085  min_dist=4.38  mean_dist=11.39
  [sigreg+proto] epoch 4/5  sigreg=0.1853  proto=1.4036  min_dist=4.45  mean_dist=11.71
  [sigreg+proto] epoch 5/5  sigreg=0.1893  proto=1.4323  min_dist=4.52  mean_dist=12.01
  round 2: pool=2305 purity=0.024 k-hat=4 anchors=8  margin=0.8967  mean-anchor=0.9256  deer=0.926
  [sup->res      ] f=0.02: power=0.4710
  [sigreg+proto] epoch 1/5  sigreg=0.1372  proto=1.0113  min_dist=2.56  mean_dist=8.30
  [sigreg+proto] epoch 2/5  sigreg=0.1310  proto=0.7717  min_dist=3.14  mean_dist=8.82
  [sigreg+proto] epoch 3/5  sigreg=0.1345  proto=0.7410  min_dist=3.60  mean_dist=9.29
  [sigreg+proto] epoch 4/5  sigreg=0.1389  proto=0.7652  min_dist=3.99  mean_dist=9.73
  [sigreg+proto] epoch 5/5  sigreg=0.1417  proto=0.7204  min_dist=4.33  mean_dist=10.13
  round 1: pool=2371 purity=0.051 k-hat=4 anchors=4  margin=0.7920  mean-anchor=0.8566  deer=0.857
  [sigreg+proto] epoch 1/5  sigreg=0.1969  proto=1.7181  min_dist=2.81  mean_dist=9.94
  [sigreg+proto] epoch 2/5  sigreg=0.1765  proto=1.4201  min_dist=3.37  mean_dist=10.32
  [sigreg+proto] epoch 3/5  sigreg=0.1753  proto=1.3455  min_dist=3.84  mean_dist=10.67
  [sigreg+proto] epoch 4/5  sigreg=0.1771  proto=1.3324  min_dist=4.25  mean_dist=11.00
  [sigreg+proto] epoch 5/5  sigreg=0.1820  proto=1.3511  min_dist=4.61  mean_dist=11.32
  round 2: pool=2334 purity=0.036 k-hat=4 anchors=8  margin=0.7898  mean-anchor=0.8364  deer=0.836
  [ssl->supres   ] f=0.02: power=0.1980
  [sigreg+proto] epoch 1/5  sigreg=0.1975  proto=1.5315  min_dist=4.38  mean_dist=10.60
  [sigreg+proto] epoch 2/5  sigreg=0.1676  proto=1.1188  min_dist=4.96  mean_dist=11.06
  [sigreg+proto] epoch 3/5  sigreg=0.1649  proto=0.9644  min_dist=5.45  mean_dist=11.49
  [sigreg+proto] epoch 4/5  sigreg=0.1626  proto=0.9031  min_dist=5.87  mean_dist=11.88
  [sigreg+proto] epoch 5/5  sigreg=0.1645  proto=0.8793  min_dist=6.24  mean_dist=12.25
  round 1: pool=2388 purity=0.058 k-hat=4 anchors=4  margin=0.8795  mean-anchor=0.9321  deer=0.932
  [sigreg+proto] epoch 1/5  sigreg=0.2118  proto=1.7944  min_dist=4.53  mean_dist=11.48
  [sigreg+proto] epoch 2/5  sigreg=0.1905  proto=1.4736  min_dist=4.61  mean_dist=11.86
  [sigreg+proto] epoch 3/5  sigreg=0.1874  proto=1.3861  min_dist=4.75  mean_dist=12.22
  [sigreg+proto] epoch 4/5  sigreg=0.1895  proto=1.3842  min_dist=4.86  mean_dist=12.55
  [sigreg+proto] epoch 5/5  sigreg=0.1964  proto=1.4802  min_dist=4.99  mean_dist=12.84
  round 2: pool=2308 purity=0.025 k-hat=4 anchors=8  margin=0.8538  mean-anchor=0.9299  deer=0.930
  [joint         ] f=0.02: power=0.3480
  [sigreg+proto] epoch 1/5  sigreg=0.1616  proto=1.1384  min_dist=4.71  mean_dist=9.28
  [sigreg+proto] epoch 2/5  sigreg=0.1522  proto=0.9173  min_dist=5.22  mean_dist=9.78
  [sigreg+proto] epoch 3/5  sigreg=0.1542  proto=0.8802  min_dist=5.47  mean_dist=10.23
  [sigreg+proto] epoch 4/5  sigreg=0.1571  proto=0.9495  min_dist=5.68  mean_dist=10.65
  [sigreg+proto] epoch 5/5  sigreg=0.1596  proto=0.9135  min_dist=5.87  mean_dist=11.04
  round 1: pool=2678 purity=0.160 k-hat=4 anchors=4  margin=0.9181  mean-anchor=0.9119  deer=0.912
  [sigreg+proto] epoch 1/5  sigreg=0.2472  proto=2.1886  min_dist=5.09  mean_dist=11.14
  [sigreg+proto] epoch 2/5  sigreg=0.2017  proto=1.6163  min_dist=5.35  mean_dist=11.53
  [sigreg+proto] epoch 3/5  sigreg=0.1954  proto=1.4696  min_dist=5.60  mean_dist=11.89
  [sigreg+proto] epoch 4/5  sigreg=0.1986  proto=1.4859  min_dist=5.81  mean_dist=12.22
  [sigreg+proto] epoch 5/5  sigreg=0.1995  proto=1.4682  min_dist=6.00  mean_dist=12.53
  round 2: pool=2275 purity=0.011 k-hat=4 anchors=8  margin=0.8954  mean-anchor=0.9152  deer=0.915
  [sup           ] f=0.02: power=0.5110
  [sigreg+proto] epoch 1/5  sigreg=0.2263  proto=1.3596  min_dist=2.81  mean_dist=4.82
  [sigreg+proto] epoch 2/5  sigreg=0.1433  proto=0.8187  min_dist=3.29  mean_dist=5.40
  [sigreg+proto] epoch 3/5  sigreg=0.1382  proto=0.6488  min_dist=3.72  mean_dist=5.92
  [sigreg+proto] epoch 4/5  sigreg=0.1375  proto=0.5997  min_dist=4.10  mean_dist=6.38
  [sigreg+proto] epoch 5/5  sigreg=0.1350  proto=0.5540  min_dist=4.44  mean_dist=6.81
  round 1: pool=2250 purity=0.000 k-hat=4 anchors=4  margin=0.3524  mean-anchor=0.3865  deer=0.386
  [sigreg+proto] epoch 1/5  sigreg=0.1524  proto=1.0236  min_dist=3.78  mean_dist=7.19
  [sigreg+proto] epoch 2/5  sigreg=0.1465  proto=0.9019  min_dist=3.91  mean_dist=7.69
  [sigreg+proto] epoch 3/5  sigreg=0.1520  proto=0.9072  min_dist=3.96  mean_dist=8.15
  [sigreg+proto] epoch 4/5  sigreg=0.1578  proto=0.9724  min_dist=3.99  mean_dist=8.57
  [sigreg+proto] epoch 5/5  sigreg=0.1624  proto=1.0177  min_dist=4.02  mean_dist=8.96
  round 2: pool=2321 purity=0.031 k-hat=4 anchors=8  margin=0.6659  mean-anchor=0.7475  deer=0.747
  [supcon        ] f=0.02: power=0.0420
  [sigreg+proto] epoch 1/5  sigreg=0.2234  proto=1.2601  min_dist=2.73  mean_dist=5.02
  [sigreg+proto] epoch 2/5  sigreg=0.1410  proto=0.8009  min_dist=3.16  mean_dist=5.60
  [sigreg+proto] epoch 3/5  sigreg=0.1366  proto=0.6104  min_dist=3.57  mean_dist=6.11
  [sigreg+proto] epoch 4/5  sigreg=0.1378  proto=0.5718  min_dist=3.96  mean_dist=6.58
  [sigreg+proto] epoch 5/5  sigreg=0.1363  proto=0.5515  min_dist=4.33  mean_dist=7.01
  round 1: pool=2250 purity=0.000 k-hat=4 anchors=4  margin=0.4099  mean-anchor=0.5230  deer=0.523
  [sigreg+proto] epoch 1/5  sigreg=0.1509  proto=1.0294  min_dist=2.67  mean_dist=7.12
  [sigreg+proto] epoch 2/5  sigreg=0.1441  proto=0.9012  min_dist=3.13  mean_dist=7.61
  [sigreg+proto] epoch 3/5  sigreg=0.1459  proto=0.8419  min_dist=3.51  mean_dist=8.05
  [sigreg+proto] epoch 4/5  sigreg=0.1496  proto=0.8627  min_dist=3.85  mean_dist=8.46
  [sigreg+proto] epoch 5/5  sigreg=0.1543  proto=0.8905  min_dist=4.18  mean_dist=8.84
  round 2: pool=2331 purity=0.035 k-hat=4 anchors=8  margin=0.6569  mean-anchor=0.7876  deer=0.788
  [supcon+simclr ] f=0.02: power=0.0650

===== EXP30 POWER SUMMARY (alpha=0.05) =====
  arm                  pre     0.02
  sup->res           0.362    0.471
  ssl->supres        0.098    0.198
  joint              0.140    0.348
  sup                0.324    0.511
  supcon             0.000    0.042
  supcon+simclr      0.000    0.065
  saved /home/pharris/sigreg/SuperSig/plots/exp30_power_curves_16d.png
Done.
