/home/pharris/venv/lib64/python3.9/site-packages/networkx/utils/backends.py:135: RuntimeWarning: networkx backend defined more than once: nx-loopback
  backends.update(_get_backends("networkx.backends"))
exp32 [maha+mmd] emb_dim=16 holdout=[4] alpha=0.05 N_D=5000 nulls=200/100 sig-toys=50

===== training: sup =====
Using cache found in /home/pharris/.cache/torch/hub/chenyaofo_pytorch-cifar-models_master
  cifar10 balanced loader (no {4}): 45000 images, 208 batches of 9x24
  [sigreg+proto] epoch 1/10  sigreg=0.2944  proto=0.7597  min_dist=5.51  mean_dist=5.59
  [sigreg+proto] epoch 2/10  sigreg=0.1327  proto=0.3520  min_dist=6.00  mean_dist=6.19
  [sigreg+proto] epoch 3/10  sigreg=0.1285  proto=0.2730  min_dist=6.41  mean_dist=6.83
  [sigreg+proto] epoch 4/10  sigreg=0.1263  proto=0.2258  min_dist=6.80  mean_dist=7.44
  [sigreg+proto] epoch 5/10  sigreg=0.1277  proto=0.2135  min_dist=7.15  mean_dist=8.01
  [sigreg+proto] epoch 6/10  sigreg=0.1260  proto=0.1857  min_dist=7.48  mean_dist=8.53
  [sigreg+proto] epoch 7/10  sigreg=0.1290  proto=0.1612  min_dist=7.78  mean_dist=9.01
  [sigreg+proto] epoch 8/10  sigreg=0.1306  proto=0.1643  min_dist=8.05  mean_dist=9.46
  [sigreg+proto] epoch 9/10  sigreg=0.1320  proto=0.1520  min_dist=8.31  mean_dist=9.87
  [sigreg+proto] epoch 10/10  sigreg=0.1307  proto=0.1319  min_dist=8.55  mean_dist=10.26

===== training: res =====
  cifar10 balanced two-view loader (no {4}): 45000 images, 208 batches of 9x24
  [sigreg-residual-cw] epoch 1/10  inv=0.4141  res-sigreg=0.3633
  [sigreg-residual-cw] epoch 2/10  inv=0.3183  res-sigreg=0.3066
  [sigreg-residual-cw] epoch 3/10  inv=0.2898  res-sigreg=0.2891
  [sigreg-residual-cw] epoch 4/10  inv=0.2749  res-sigreg=0.2797
  [sigreg-residual-cw] epoch 5/10  inv=0.2691  res-sigreg=0.2749
  [sigreg-residual-cw] epoch 6/10  inv=0.2561  res-sigreg=0.2665
  [sigreg-residual-cw] epoch 7/10  inv=0.2523  res-sigreg=0.2628
  [sigreg-residual-cw] epoch 8/10  inv=0.2458  res-sigreg=0.2576
  [sigreg-residual-cw] epoch 9/10  inv=0.2421  res-sigreg=0.2548
  [sigreg-residual-cw] epoch 10/10  inv=0.2353  res-sigreg=0.2504

===== training: ssl =====
Using cache found in /home/pharris/.cache/torch/hub/chenyaofo_pytorch-cifar-models_master
  CIFAR two-view embedding-train images (no {4}): 45000
  [sigreg-ssl] epoch 1/20  inv=0.0744  sigreg=0.1401
  [sigreg-ssl] epoch 2/20  inv=0.0702  sigreg=0.0790
  [sigreg-ssl] epoch 3/20  inv=0.0675  sigreg=0.0698
  [sigreg-ssl] epoch 4/20  inv=0.0651  sigreg=0.0641
  [sigreg-ssl] epoch 5/20  inv=0.0626  sigreg=0.0609
  [sigreg-ssl] epoch 6/20  inv=0.0623  sigreg=0.0571
  [sigreg-ssl] epoch 7/20  inv=0.0613  sigreg=0.0545
  [sigreg-ssl] epoch 8/20  inv=0.0607  sigreg=0.0521
  [sigreg-ssl] epoch 9/20  inv=0.0587  sigreg=0.0512
  [sigreg-ssl] epoch 10/20  inv=0.0577  sigreg=0.0497
  [sigreg-ssl] epoch 11/20  inv=0.0566  sigreg=0.0492
  [sigreg-ssl] epoch 12/20  inv=0.0553  sigreg=0.0487
  [sigreg-ssl] epoch 13/20  inv=0.0544  sigreg=0.0475
  [sigreg-ssl] epoch 14/20  inv=0.0553  sigreg=0.0459
  [sigreg-ssl] epoch 15/20  inv=0.0547  sigreg=0.0447
  [sigreg-ssl] epoch 16/20  inv=0.0544  sigreg=0.0436
  [sigreg-ssl] epoch 17/20  inv=0.0536  sigreg=0.0427
  [sigreg-ssl] epoch 18/20  inv=0.0533  sigreg=0.0427
  [sigreg-ssl] epoch 19/20  inv=0.0523  sigreg=0.0416
  [sigreg-ssl] epoch 20/20  inv=0.0516  sigreg=0.0407

===== training: supres =====
  cifar10 balanced loader (no {4}): 45000 images, 208 batches of 9x24
  [sigreg+proto] epoch 1/10  sigreg=0.1352  proto=0.7624  min_dist=2.15  mean_dist=4.30
  [sigreg+proto] epoch 2/10  sigreg=0.1177  proto=0.5389  min_dist=2.79  mean_dist=5.01
  [sigreg+proto] epoch 3/10  sigreg=0.1131  proto=0.4336  min_dist=3.29  mean_dist=5.63
  [sigreg+proto] epoch 4/10  sigreg=0.1122  proto=0.3620  min_dist=3.71  mean_dist=6.19
  [sigreg+proto] epoch 5/10  sigreg=0.1135  proto=0.3270  min_dist=4.09  mean_dist=6.70
  [sigreg+proto] epoch 6/10  sigreg=0.1133  proto=0.2695  min_dist=4.44  mean_dist=7.17
  [sigreg+proto] epoch 7/10  sigreg=0.1142  proto=0.2489  min_dist=4.76  mean_dist=7.61
  [sigreg+proto] epoch 8/10  sigreg=0.1146  proto=0.2172  min_dist=5.07  mean_dist=8.03
  [sigreg+proto] epoch 9/10  sigreg=0.1147  proto=0.1955  min_dist=5.36  mean_dist=8.42
  [sigreg+proto] epoch 10/10  sigreg=0.1156  proto=0.1872  min_dist=5.64  mean_dist=8.80

===== training: joint =====
Using cache found in /home/pharris/.cache/torch/hub/chenyaofo_pytorch-cifar-models_master
  cifar10 balanced two-view loader (no {4}): 45000 images, 208 batches of 9x24
  [sigreg+proto+aug] epoch 1/10  sigreg=0.3158  proto=1.1811  inv=0.3950  min_dist=5.42  mean_dist=5.59
  [sigreg+proto+aug] epoch 2/10  sigreg=0.1409  proto=0.7263  inv=0.4502  min_dist=5.88  mean_dist=6.18
  [sigreg+proto+aug] epoch 3/10  sigreg=0.1398  proto=0.6973  inv=0.4620  min_dist=6.28  mean_dist=6.80
  [sigreg+proto+aug] epoch 4/10  sigreg=0.1437  proto=0.7299  inv=0.4776  min_dist=6.63  mean_dist=7.39
  [sigreg+proto+aug] epoch 5/10  sigreg=0.1500  proto=0.7875  inv=0.5011  min_dist=6.89  mean_dist=7.91
  [sigreg+proto+aug] epoch 6/10  sigreg=0.1522  proto=0.8074  inv=0.5154  min_dist=7.10  mean_dist=8.39
  [sigreg+proto+aug] epoch 7/10  sigreg=0.1600  proto=0.8658  inv=0.5351  min_dist=7.24  mean_dist=8.81
  [sigreg+proto+aug] epoch 8/10  sigreg=0.1642  proto=0.8915  inv=0.5424  min_dist=7.35  mean_dist=9.19
  [sigreg+proto+aug] epoch 9/10  sigreg=0.1646  proto=0.8731  inv=0.5471  min_dist=7.42  mean_dist=9.53
  [sigreg+proto+aug] epoch 10/10  sigreg=0.1669  proto=0.8747  inv=0.5555  min_dist=7.45  mean_dist=9.85

===== training: supcon =====
Using cache found in /home/pharris/.cache/torch/hub/chenyaofo_pytorch-cifar-models_master
  CIFAR two-view embedding-train images (no {4}): 45000
  [supcon] epoch 1/10  loss=4.7559
  [supcon] epoch 2/10  loss=4.6677
  [supcon] epoch 3/10  loss=4.6445
  [supcon] epoch 4/10  loss=4.6164
  [supcon] epoch 5/10  loss=4.6014
  [supcon] epoch 6/10  loss=4.5901
  [supcon] epoch 7/10  loss=4.5701
  [supcon] epoch 8/10  loss=4.5703
  [supcon] epoch 9/10  loss=4.5568
  [supcon] epoch 10/10  loss=4.5394

===== training: simclr =====
Using cache found in /home/pharris/.cache/torch/hub/chenyaofo_pytorch-cifar-models_master
  CIFAR two-view embedding-train images (no {4}): 45000
  [simclr] epoch 1/20  loss=4.7170
  [simclr] epoch 2/20  loss=4.5870
  [simclr] epoch 3/20  loss=4.5568
  [simclr] epoch 4/20  loss=4.5381
  [simclr] epoch 5/20  loss=4.5259
  [simclr] epoch 6/20  loss=4.5199
  [simclr] epoch 7/20  loss=4.5123
  [simclr] epoch 8/20  loss=4.5073
  [simclr] epoch 9/20  loss=4.5006
  [simclr] epoch 10/20  loss=4.4976
  [simclr] epoch 11/20  loss=4.4951
  [simclr] epoch 12/20  loss=4.4930
  [simclr] epoch 13/20  loss=4.4899
  [simclr] epoch 14/20  loss=4.4863
  [simclr] epoch 15/20  loss=4.4855
  [simclr] epoch 16/20  loss=4.4837
  [simclr] epoch 17/20  loss=4.4830
  [simclr] epoch 18/20  loss=4.4809
  [simclr] epoch 19/20  loss=4.4786
  [simclr] epoch 20/20  loss=4.4774

===== PRE batteries (maha + mmd) =====
  [sup->res] maha
    pre-maha f=0.02: power=0.820 [0.749,0.876] (41/50)
  [sup->res] mmd
    pre-mmd f=0.02: power=0.480 [0.401,0.560] (24/50)
  [ssl->supres] maha
    pre-maha f=0.02: power=0.520 [0.440,0.599] (26/50)
  [ssl->supres] mmd
    pre-mmd f=0.02: power=0.200 [0.141,0.273] (10/50)
  [joint] maha
    pre-maha f=0.02: power=0.580 [0.500,0.657] (29/50)
  [joint] mmd
    pre-mmd f=0.02: power=0.360 [0.286,0.440] (18/50)
  [sup] maha
    pre-maha f=0.02: power=0.620 [0.540,0.695] (31/50)
  [sup] mmd
    pre-mmd f=0.02: power=0.440 [0.362,0.520] (22/50)
  [supcon] maha
    pre-maha f=0.02: power=0.360 [0.286,0.440] (18/50)
  [supcon] mmd
    pre-mmd f=0.02: power=0.920 [0.862,0.958] (46/50)
  [supcon+simclr] maha
    pre-maha f=0.02: power=0.180 [0.124,0.251] (9/50)
  [supcon+simclr] mmd
    pre-mmd f=0.02: power=0.900 [0.838,0.942] (45/50)

===== POST batteries, f=0.02 (918 injected) =====
  [sigreg+proto] epoch 1/5  sigreg=0.1602  proto=1.1013  min_dist=3.95  mean_dist=9.52
  [sigreg+proto] epoch 2/5  sigreg=0.1500  proto=0.8696  min_dist=4.55  mean_dist=9.98
  [sigreg+proto] epoch 3/5  sigreg=0.1529  proto=0.8439  min_dist=4.60  mean_dist=10.41
  [sigreg+proto] epoch 4/5  sigreg=0.1565  proto=0.8950  min_dist=4.64  mean_dist=10.81
  [sigreg+proto] epoch 5/5  sigreg=0.1565  proto=0.8711  min_dist=4.71  mean_dist=11.19
  round 1: pool=2644 purity=0.149 k-hat=4 anchors=4  margin=0.8950  mean-anchor=0.9361  deer=0.936
  [sigreg+proto] epoch 1/5  sigreg=0.2058  proto=1.8223  min_dist=3.64  mean_dist=10.67
  [sigreg+proto] epoch 2/5  sigreg=0.1825  proto=1.4704  min_dist=3.84  mean_dist=11.05
  [sigreg+proto] epoch 3/5  sigreg=0.1806  proto=1.3249  min_dist=3.99  mean_dist=11.40
  [sigreg+proto] epoch 4/5  sigreg=0.1858  proto=1.3915  min_dist=4.11  mean_dist=11.73
  [sigreg+proto] epoch 5/5  sigreg=0.1897  proto=1.4104  min_dist=4.22  mean_dist=12.04
  round 2: pool=2319 purity=0.030 k-hat=4 anchors=8  margin=0.9017  mean-anchor=0.9429  deer=0.943
  [sup->res] (post, f=0.02) maha
    post-maha f=0.02: power=0.880 [0.816,0.926] (44/50)
  [sup->res] (post, f=0.02) mmd
    post-mmd f=0.02: power=0.640 [0.560,0.714] (32/50)
  [sigreg+proto] epoch 1/5  sigreg=0.1403  proto=1.0123  min_dist=2.56  mean_dist=8.62
  [sigreg+proto] epoch 2/5  sigreg=0.1317  proto=0.7729  min_dist=3.19  mean_dist=9.17
  [sigreg+proto] epoch 3/5  sigreg=0.1367  proto=0.7359  min_dist=3.69  mean_dist=9.67
  [sigreg+proto] epoch 4/5  sigreg=0.1397  proto=0.7259  min_dist=4.10  mean_dist=10.13
  [sigreg+proto] epoch 5/5  sigreg=0.1430  proto=0.7214  min_dist=4.47  mean_dist=10.55
  round 1: pool=2377 purity=0.053 k-hat=4 anchors=4  margin=0.7619  mean-anchor=0.7909  deer=0.791
  [sigreg+proto] epoch 1/5  sigreg=0.1775  proto=1.4111  min_dist=2.84  mean_dist=10.18
  [sigreg+proto] epoch 2/5  sigreg=0.1706  proto=1.2934  min_dist=3.37  mean_dist=10.61
  [sigreg+proto] epoch 3/5  sigreg=0.1710  proto=1.2648  min_dist=3.59  mean_dist=11.01
  [sigreg+proto] epoch 4/5  sigreg=0.1753  proto=1.2802  min_dist=3.75  mean_dist=11.38
  [sigreg+proto] epoch 5/5  sigreg=0.1820  proto=1.3190  min_dist=3.91  mean_dist=11.73
  round 2: pool=2392 purity=0.059 k-hat=4 anchors=8  margin=0.7996  mean-anchor=0.8428  deer=0.843
  [ssl->supres] (post, f=0.02) maha
    post-maha f=0.02: power=0.700 [0.622,0.769] (35/50)
  [ssl->supres] (post, f=0.02) mmd
    post-mmd f=0.02: power=0.500 [0.421,0.579] (25/50)
  [sigreg+proto] epoch 1/5  sigreg=0.1919  proto=1.3573  min_dist=3.08  mean_dist=10.42
  [sigreg+proto] epoch 2/5  sigreg=0.1674  proto=0.9843  min_dist=3.71  mean_dist=10.85
  [sigreg+proto] epoch 3/5  sigreg=0.1657  proto=0.8873  min_dist=4.21  mean_dist=11.25
  [sigreg+proto] epoch 4/5  sigreg=0.1649  proto=0.8412  min_dist=4.65  mean_dist=11.63
  [sigreg+proto] epoch 5/5  sigreg=0.1640  proto=0.8096  min_dist=5.05  mean_dist=11.98
  round 1: pool=2394 purity=0.060 k-hat=4 anchors=4  margin=0.8423  mean-anchor=0.8670  deer=0.867
  [sigreg+proto] epoch 1/5  sigreg=0.2145  proto=1.7626  min_dist=4.81  mean_dist=11.87
  [sigreg+proto] epoch 2/5  sigreg=0.1859  proto=1.3401  min_dist=5.14  mean_dist=12.25
  [sigreg+proto] epoch 3/5  sigreg=0.1873  proto=1.3236  min_dist=5.42  mean_dist=12.60
  [sigreg+proto] epoch 4/5  sigreg=0.1895  proto=1.3439  min_dist=5.67  mean_dist=12.93
  [sigreg+proto] epoch 5/5  sigreg=0.1922  proto=1.3287  min_dist=5.90  mean_dist=13.24
  round 2: pool=2341 purity=0.039 k-hat=4 anchors=8  margin=0.8289  mean-anchor=0.8845  deer=0.884
  [joint] (post, f=0.02) maha
    post-maha f=0.02: power=0.520 [0.440,0.599] (26/50)
  [joint] (post, f=0.02) mmd
    post-mmd f=0.02: power=0.620 [0.540,0.695] (31/50)
  [sigreg+proto] epoch 1/5  sigreg=0.1708  proto=1.2665  min_dist=4.71  mean_dist=9.38
  [sigreg+proto] epoch 2/5  sigreg=0.1553  proto=0.9484  min_dist=5.18  mean_dist=9.88
  [sigreg+proto] epoch 3/5  sigreg=0.1568  proto=0.9199  min_dist=5.53  mean_dist=10.34
  [sigreg+proto] epoch 4/5  sigreg=0.1583  proto=0.9110  min_dist=5.72  mean_dist=10.76
  [sigreg+proto] epoch 5/5  sigreg=0.1619  proto=0.9427  min_dist=5.88  mean_dist=11.15
  round 1: pool=2619 purity=0.141 k-hat=4 anchors=4  margin=0.8967  mean-anchor=0.9169  deer=0.917
  [sigreg+proto] epoch 1/5  sigreg=0.2246  proto=2.0388  min_dist=3.50  mean_dist=10.58
  [sigreg+proto] epoch 2/5  sigreg=0.1969  proto=1.6454  min_dist=4.08  mean_dist=10.93
  [sigreg+proto] epoch 3/5  sigreg=0.1970  proto=1.6120  min_dist=4.57  mean_dist=11.26
  [sigreg+proto] epoch 4/5  sigreg=0.1989  proto=1.5760  min_dist=5.01  mean_dist=11.56
  [sigreg+proto] epoch 5/5  sigreg=0.2018  proto=1.5770  min_dist=5.05  mean_dist=11.85
  round 2: pool=2293 purity=0.019 k-hat=4 anchors=8  margin=0.8879  mean-anchor=0.9179  deer=0.918
  [sup] (post, f=0.02) maha
    post-maha f=0.02: power=0.820 [0.749,0.876] (41/50)
  [sup] (post, f=0.02) mmd
    post-mmd f=0.02: power=0.820 [0.749,0.876] (41/50)
  [sigreg+proto] epoch 1/5  sigreg=0.2189  proto=1.3426  min_dist=2.67  mean_dist=4.87
  [sigreg+proto] epoch 2/5  sigreg=0.1383  proto=0.7802  min_dist=3.24  mean_dist=5.43
  [sigreg+proto] epoch 3/5  sigreg=0.1373  proto=0.6423  min_dist=3.74  mean_dist=5.93
  [sigreg+proto] epoch 4/5  sigreg=0.1370  proto=0.5712  min_dist=4.06  mean_dist=6.38
  [sigreg+proto] epoch 5/5  sigreg=0.1357  proto=0.5707  min_dist=4.33  mean_dist=6.80
  round 1: pool=2250 purity=0.000 k-hat=4 anchors=4  margin=0.4212  mean-anchor=0.5396  deer=0.540
  [sigreg+proto] epoch 1/5  sigreg=0.1491  proto=1.0719  min_dist=2.97  mean_dist=6.93
  [sigreg+proto] epoch 2/5  sigreg=0.1460  proto=0.9412  min_dist=3.42  mean_dist=7.44
  [sigreg+proto] epoch 3/5  sigreg=0.1493  proto=0.9281  min_dist=3.82  mean_dist=7.90
  [sigreg+proto] epoch 4/5  sigreg=0.1540  proto=0.9570  min_dist=4.17  mean_dist=8.33
  [sigreg+proto] epoch 5/5  sigreg=0.1570  proto=0.9777  min_dist=4.50  mean_dist=8.73
  round 2: pool=2313 purity=0.027 k-hat=4 anchors=8  margin=0.7375  mean-anchor=0.7848  deer=0.785
  [supcon] (post, f=0.02) maha
    post-maha f=0.02: power=0.480 [0.401,0.560] (24/50)
  [supcon] (post, f=0.02) mmd
    post-mmd f=0.02: power=0.340 [0.268,0.419] (17/50)
  [sigreg+proto] epoch 1/5  sigreg=0.2194  proto=1.3119  min_dist=2.71  mean_dist=4.83
  [sigreg+proto] epoch 2/5  sigreg=0.1387  proto=0.7682  min_dist=3.18  mean_dist=5.41
  [sigreg+proto] epoch 3/5  sigreg=0.1360  proto=0.6038  min_dist=3.55  mean_dist=5.92
  [sigreg+proto] epoch 4/5  sigreg=0.1356  proto=0.5589  min_dist=3.90  mean_dist=6.38
  [sigreg+proto] epoch 5/5  sigreg=0.1341  proto=0.5436  min_dist=4.23  mean_dist=6.81
  round 1: pool=2251 purity=0.000 k-hat=4 anchors=4  margin=0.3950  mean-anchor=0.4364  deer=0.436
  [sigreg+proto] epoch 1/5  sigreg=0.1532  proto=1.0249  min_dist=4.23  mean_dist=7.07
  [sigreg+proto] epoch 2/5  sigreg=0.1464  proto=0.8600  min_dist=4.64  mean_dist=7.58
  [sigreg+proto] epoch 3/5  sigreg=0.1522  proto=0.8620  min_dist=4.90  mean_dist=8.04
  [sigreg+proto] epoch 4/5  sigreg=0.1556  proto=0.8680  min_dist=5.02  mean_dist=8.47
  [sigreg+proto] epoch 5/5  sigreg=0.1617  proto=0.9324  min_dist=5.13  mean_dist=8.86
  round 2: pool=2303 purity=0.023 k-hat=4 anchors=8  margin=0.6560  mean-anchor=0.7716  deer=0.772
  [supcon+simclr] (post, f=0.02) maha
    post-maha f=0.02: power=0.220 [0.159,0.294] (11/50)
  [supcon+simclr] (post, f=0.02) mmd
    post-mmd f=0.02: power=0.300 [0.231,0.378] (15/50)

===== EXP32 MAHA POWER SUMMARY (alpha=0.05) =====
  arm               kind     0.02
  sup->res           pre    0.820
  sup->res          post    0.880
  ssl->supres        pre    0.520
  ssl->supres       post    0.700
  joint              pre    0.580
  joint             post    0.520
  sup                pre    0.620
  sup               post    0.820
  supcon             pre    0.360
  supcon            post    0.480
  supcon+simclr      pre    0.180
  supcon+simclr     post    0.220
  saved /home/pharris/sigreg/SuperSig/plots/exp32_maha_power_16d.png

===== EXP32 MMD POWER SUMMARY (alpha=0.05) =====
  arm               kind     0.02
  sup->res           pre    0.480
  sup->res          post    0.640
  ssl->supres        pre    0.200
  ssl->supres       post    0.500
  joint              pre    0.360
  joint             post    0.620
  sup                pre    0.440
  sup               post    0.820
  supcon             pre    0.920
  supcon            post    0.340
  supcon+simclr      pre    0.900
  supcon+simclr     post    0.300
  saved /home/pharris/sigreg/SuperSig/plots/exp32_mmd_power_16d.png
Done.
