/home/pharris/venv/lib64/python3.9/site-packages/networkx/utils/backends.py:135: RuntimeWarning: networkx backend defined more than once: nx-loopback
  backends.update(_get_backends("networkx.backends"))
recipe [cifar10]: n_classes=10  emb_dim=4  sigreg_weight=20.0  n_slices=256  pair_dist=5.0  ssl_epochs=10  ft_epochs=5  arch=resnet20  rep_weight=20.0

===== k=1 (deer) =====

----- arm: default -----
Using cache found in /home/pharris/.cache/torch/hub/chenyaofo_pytorch-cifar-models_master
  cifar10 balanced loader (no {4}): 45000 images, 208 batches of 9x24
  [sigreg+proto] epoch 1/10  sigreg=0.4515  proto=0.8322  min_dist=1.65  mean_dist=5.02
  [sigreg+proto] epoch 2/10  sigreg=0.1439  proto=0.4789  min_dist=1.99  mean_dist=5.40
  [sigreg+proto] epoch 3/10  sigreg=0.1349  proto=0.3689  min_dist=2.31  mean_dist=5.74
  [sigreg+proto] epoch 4/10  sigreg=0.1342  proto=0.3228  min_dist=2.59  mean_dist=6.05
  [sigreg+proto] epoch 5/10  sigreg=0.1336  proto=0.2832  min_dist=2.85  mean_dist=6.33
  [sigreg+proto] epoch 6/10  sigreg=0.1325  proto=0.2477  min_dist=3.09  mean_dist=6.60
  [sigreg+proto] epoch 7/10  sigreg=0.1271  proto=0.2091  min_dist=3.32  mean_dist=6.86
  [sigreg+proto] epoch 8/10  sigreg=0.1324  proto=0.2064  min_dist=3.54  mean_dist=7.10
  [sigreg+proto] epoch 9/10  sigreg=0.1307  proto=0.1864  min_dist=3.75  mean_dist=7.34
  [sigreg+proto] epoch 10/10  sigreg=0.1224  proto=0.1437  min_dist=3.95  mean_dist=7.57
  pre-discovery: seen nearest-mean acc=0.8618  novelty AUC=0.6895
  [sigreg+proto] epoch 1/5  sigreg=0.2136  proto=0.8380  min_dist=2.73  mean_dist=6.92
  [sigreg+proto] epoch 2/5  sigreg=0.1828  proto=0.6869  min_dist=3.06  mean_dist=7.20
  [sigreg+proto] epoch 3/5  sigreg=0.1873  proto=0.6605  min_dist=3.34  mean_dist=7.47
  [sigreg+proto] epoch 4/5  sigreg=0.1863  proto=0.6271  min_dist=3.59  mean_dist=7.71
  [sigreg+proto] epoch 5/5  sigreg=0.1977  proto=0.6356  min_dist=3.82  mean_dist=7.95
  round 1: pool=3396 purity=0.337 k-hat=4 anchors=4  margin=0.8730  mean-anchor=0.8918  deer=0.892
    merged 8 -> 7 anchors
  [sigreg+proto] epoch 1/5  sigreg=0.2925  proto=1.1700  min_dist=2.13  mean_dist=8.03
  [sigreg+proto] epoch 2/5  sigreg=0.2418  proto=0.9899  min_dist=2.43  mean_dist=8.23
  [sigreg+proto] epoch 3/5  sigreg=0.2336  proto=0.9191  min_dist=2.67  mean_dist=8.43
  [sigreg+proto] epoch 4/5  sigreg=0.2413  proto=0.9104  min_dist=2.88  mean_dist=8.61
  [sigreg+proto] epoch 5/5  sigreg=0.2460  proto=0.9007  min_dist=2.90  mean_dist=8.79
  round 2: pool=2622 purity=0.142 k-hat=4 anchors=7  margin=0.8935  mean-anchor=0.8758  deer=0.876

----- arm: dual -----
Using cache found in /home/pharris/.cache/torch/hub/chenyaofo_pytorch-cifar-models_master
  cifar10 balanced loader (no {4}): 45000 images, 69 batches of 9x72
  [dual-visreg] epoch 1/10  total=166.5945  global=522.5897  local=9.8176
  [dual-visreg] epoch 2/10  total=153.4707  global=454.7676  local=17.0404
  [dual-visreg] epoch 3/10  total=149.9741  global=434.1254  local=19.7364
  [dual-visreg] epoch 4/10  total=149.7373  global=432.4667  local=19.9973
  [dual-visreg] epoch 5/10  total=148.1832  global=424.2067  local=20.9212
  [dual-visreg] epoch 6/10  total=145.8407  global=409.7635  local=22.9116
  [dual-visreg] epoch 7/10  total=148.9489  global=422.7015  local=22.1384
  [dual-visreg] epoch 8/10  total=147.6255  global=423.4208  local=20.5992
  [dual-visreg] epoch 9/10  total=143.7799  global=392.0251  local=26.1723
  [dual-visreg] epoch 10/10  total=147.2327  global=414.5831  local=22.8578
  pre-discovery: seen nearest-mean acc=0.7857  novelty AUC=0.5862
  [sigreg+proto] epoch 1/5  sigreg=0.5851  proto=2.1179  min_dist=1.80  mean_dist=13.97
  [sigreg+proto] epoch 2/5  sigreg=0.4463  proto=1.6675  min_dist=2.11  mean_dist=14.03
  [sigreg+proto] epoch 3/5  sigreg=0.3945  proto=1.4439  min_dist=2.38  mean_dist=14.09
  [sigreg+proto] epoch 4/5  sigreg=0.3518  proto=1.2699  min_dist=2.66  mean_dist=14.17
  [sigreg+proto] epoch 5/5  sigreg=0.3280  proto=1.1409  min_dist=2.92  mean_dist=14.24
  round 1: pool=2745 purity=0.180 k-hat=4 anchors=4  margin=0.7887  mean-anchor=0.8920  deer=0.892
  [sigreg+proto] epoch 1/5  sigreg=0.3828  proto=1.5568  min_dist=2.96  mean_dist=14.01
  [sigreg+proto] epoch 2/5  sigreg=0.3546  proto=1.4591  min_dist=3.28  mean_dist=14.11
  [sigreg+proto] epoch 3/5  sigreg=0.3424  proto=1.3514  min_dist=3.56  mean_dist=14.20
  [sigreg+proto] epoch 4/5  sigreg=0.3292  proto=1.2732  min_dist=3.47  mean_dist=14.29
  [sigreg+proto] epoch 5/5  sigreg=0.3370  proto=1.2727  min_dist=3.40  mean_dist=14.37
  round 2: pool=2964 purity=0.241 k-hat=4 anchors=8  margin=0.8286  mean-anchor=0.8430  deer=0.843

  --- gaussianity (seen classes, test set) k=1 ---
  metric                         default/pre      default/ft        dual/pre         dual/ft
  eig min (class cov)                  0.642           0.450           0.519           0.300
  eig max (class cov)                  7.348          11.505          10.318          10.129
  eig cond worst                         8.3            14.3            19.9            24.5
  class RMS min                        1.103           1.196           1.394           1.356
  class RMS mean                       1.314           1.520           1.645           1.616
  class RMS max                        1.684           2.042           1.849           1.890
  max |corr| (worst class)             0.625           0.713           0.834           0.825
  SW ratio mean                        22.52           28.99           93.55           53.47
  SW ratio worst                       31.25           33.95          117.13           88.98
  |skew| mean                          0.717           0.843           1.782           1.296
  |ex-kurt| mean                       1.143           1.712           8.483           5.867
  centroid dist min                     4.09            5.46            1.66            3.70
  centroid dist mean                    6.86            8.43           15.49           16.02
  separation (min d/RMS)                3.12            3.60            1.01            2.29
  saved /home/pharris/sigreg/SuperSig/plots/latent_cifar10_exp27_4d_k1.png
  saved /home/pharris/sigreg/SuperSig/plots/corner_cifar10_exp27_4d_k1_default_pre.png
  saved /home/pharris/sigreg/SuperSig/plots/corner_cifar10_exp27_4d_k1_default_ft.png
  saved /home/pharris/sigreg/SuperSig/plots/corner_cifar10_exp27_4d_k1_dual_pre.png
  saved /home/pharris/sigreg/SuperSig/plots/corner_cifar10_exp27_4d_k1_dual_ft.png

===== DUAL-VISREG vs DEFAULT SUMMARY [cifar10] =====
  k=1 [default] pre: acc=0.8618 novelty-AUC=0.6895
          round 1: purity=0.337 anchors=4  margin=0.8730  mean-anchor=0.8918
          round 2: purity=0.142 anchors=7  margin=0.8935  mean-anchor=0.8758
  k=1 [dual   ] pre: acc=0.7857 novelty-AUC=0.5862
          round 1: purity=0.180 anchors=4  margin=0.7887  mean-anchor=0.8920
          round 2: purity=0.241 anchors=8  margin=0.8286  mean-anchor=0.8430
Done.
