/home/pharris/venv/lib64/python3.9/site-packages/networkx/utils/backends.py:135: RuntimeWarning: networkx backend defined more than once: nx-loopback
  backends.update(_get_backends("networkx.backends"))
recipe [cifar10]: n_classes=10  emb_dim=16  sigreg_weight=20.0  n_slices=256  pair_dist=5.0  ssl_epochs=10  ft_epochs=5  arch=resnet20  rep_weight=20.0

===== k=1 (deer) =====

----- arm: default -----
Using cache found in /home/pharris/.cache/torch/hub/chenyaofo_pytorch-cifar-models_master
  cifar10 balanced loader (no {4}): 45000 images, 208 batches of 9x24
  [sigreg+proto] epoch 1/10  sigreg=0.2946  proto=0.7565  min_dist=5.51  mean_dist=5.59
  [sigreg+proto] epoch 2/10  sigreg=0.1325  proto=0.3471  min_dist=6.00  mean_dist=6.19
  [sigreg+proto] epoch 3/10  sigreg=0.1286  proto=0.2706  min_dist=6.42  mean_dist=6.83
  [sigreg+proto] epoch 4/10  sigreg=0.1267  proto=0.2323  min_dist=6.81  mean_dist=7.44
  [sigreg+proto] epoch 5/10  sigreg=0.1274  proto=0.2053  min_dist=7.15  mean_dist=8.01
  [sigreg+proto] epoch 6/10  sigreg=0.1267  proto=0.1797  min_dist=7.48  mean_dist=8.53
  [sigreg+proto] epoch 7/10  sigreg=0.1280  proto=0.1654  min_dist=7.78  mean_dist=9.01
  [sigreg+proto] epoch 8/10  sigreg=0.1305  proto=0.1619  min_dist=8.05  mean_dist=9.46
  [sigreg+proto] epoch 9/10  sigreg=0.1305  proto=0.1473  min_dist=8.31  mean_dist=9.87
  [sigreg+proto] epoch 10/10  sigreg=0.1311  proto=0.1382  min_dist=8.54  mean_dist=10.26
  pre-discovery: seen nearest-mean acc=0.8862  novelty AUC=0.7800
  [sigreg+proto] epoch 1/5  sigreg=0.1633  proto=1.1342  min_dist=4.12  mean_dist=9.32
  [sigreg+proto] epoch 2/5  sigreg=0.1562  proto=0.9602  min_dist=4.74  mean_dist=9.81
  [sigreg+proto] epoch 3/5  sigreg=0.1550  proto=0.8564  min_dist=4.90  mean_dist=10.27
  [sigreg+proto] epoch 4/5  sigreg=0.1600  proto=0.8975  min_dist=5.02  mean_dist=10.68
  [sigreg+proto] epoch 5/5  sigreg=0.1637  proto=0.9554  min_dist=5.16  mean_dist=11.07
  round 1: pool=4145 purity=0.457 k-hat=4 anchors=4  margin=0.9325  mean-anchor=0.9478  deer=0.948
  [sigreg+proto] epoch 1/5  sigreg=0.2199  proto=1.9567  min_dist=2.16  mean_dist=10.74
  [sigreg+proto] epoch 2/5  sigreg=0.1916  proto=1.5732  min_dist=2.67  mean_dist=11.08
  [sigreg+proto] epoch 3/5  sigreg=0.1962  proto=1.5433  min_dist=3.08  mean_dist=11.38
  [sigreg+proto] epoch 4/5  sigreg=0.1952  proto=1.4930  min_dist=3.43  mean_dist=11.67
  [sigreg+proto] epoch 5/5  sigreg=0.2004  proto=1.5448  min_dist=3.73  mean_dist=11.93
  round 2: pool=2435 purity=0.076 k-hat=4 anchors=8  margin=0.9212  mean-anchor=0.9321  deer=0.932

----- arm: dual -----
Using cache found in /home/pharris/.cache/torch/hub/chenyaofo_pytorch-cifar-models_master
  cifar10 balanced loader (no {4}): 45000 images, 208 batches of 9x24
  [dual-visreg] epoch 1/10  total=63.1536  global=258.9561  local=11.3623
  [dual-visreg] epoch 2/10  total=59.9583  global=228.3917  local=14.2800
  [dual-visreg] epoch 3/10  total=60.5281  global=233.8835  local=13.7514
  [dual-visreg] epoch 4/10  total=61.3593  global=240.4419  local=13.2709
  [dual-visreg] epoch 5/10  total=62.5125  global=250.6308  local=12.3863
  [dual-visreg] epoch 6/10  total=62.8702  global=253.8574  local=12.0987
  [dual-visreg] epoch 7/10  total=63.5630  global=259.0567  local=11.7517
  [dual-visreg] epoch 8/10  total=64.9437  global=268.3776  local=11.2682
  [dual-visreg] epoch 9/10  total=66.8477  global=284.4939  local=9.9489
  [dual-visreg] epoch 10/10  total=68.4572  global=299.8064  local=8.4959
  pre-discovery: seen nearest-mean acc=0.2840  novelty AUC=0.4024
  [sigreg+proto] epoch 1/5  sigreg=0.5652  proto=4.0478  min_dist=0.05  mean_dist=11.30
  [sigreg+proto] epoch 2/5  sigreg=0.2941  proto=2.4149  min_dist=0.06  mean_dist=11.38
  [sigreg+proto] epoch 3/5  sigreg=0.2424  proto=2.1880  min_dist=0.06  mean_dist=11.46
  [sigreg+proto] epoch 4/5  sigreg=0.2179  proto=1.9633  min_dist=0.07  mean_dist=11.55
  [sigreg+proto] epoch 5/5  sigreg=0.2121  proto=1.8752  min_dist=0.07  mean_dist=11.64
  round 1: pool=2250 purity=0.000 k-hat=4 anchors=4  margin=0.4378  mean-anchor=0.5723  deer=0.572
  [sigreg+proto] epoch 1/5  sigreg=0.2286  proto=2.1927  min_dist=0.33  mean_dist=12.00
  [sigreg+proto] epoch 2/5  sigreg=0.2220  proto=2.0915  min_dist=0.46  mean_dist=12.22
  [sigreg+proto] epoch 3/5  sigreg=0.2258  proto=2.0954  min_dist=0.56  mean_dist=12.42
  [sigreg+proto] epoch 4/5  sigreg=0.2277  proto=2.0995  min_dist=0.64  mean_dist=12.60
  [sigreg+proto] epoch 5/5  sigreg=0.2291  proto=2.0881  min_dist=0.71  mean_dist=12.78
  round 2: pool=2424 purity=0.072 k-hat=4 anchors=8  margin=0.4391  mean-anchor=0.5992  deer=0.599

  --- gaussianity (seen classes, test set) k=1 ---
  metric                         default/pre      default/ft        dual/pre         dual/ft
  eig min (class cov)                  0.001           0.002          -0.000           0.000
  eig max (class cov)                  8.716          17.676          43.310          16.779
  eig cond worst                      7843.7          8518.8 1985193967616.0        658909.7
  class RMS min                        0.973           1.124           0.001           0.881
  class RMS mean                       1.068           1.233           0.549           1.014
  class RMS max                        1.142           1.396           1.849           1.350
  max |corr| (worst class)             0.815           0.936           1.000           0.999
  SW ratio mean                         8.28           15.04          591.01           12.90
  SW ratio worst                       11.42           20.72         1030.05           32.50
  |skew| mean                          0.396           0.562          13.523           0.458
  |ex-kurt| mean                       0.344           0.905         347.964           1.141
  centroid dist min                     6.38            8.33            0.00            0.43
  centroid dist mean                    9.29           12.44            6.85            7.62
  separation (min d/RMS)                5.97            6.76            0.00            0.43

===== DUAL-VISREG vs DEFAULT SUMMARY [cifar10] =====
  k=1 [default] pre: acc=0.8862 novelty-AUC=0.7800
          round 1: purity=0.457 anchors=4  margin=0.9325  mean-anchor=0.9478
          round 2: purity=0.076 anchors=8  margin=0.9212  mean-anchor=0.9321
  k=1 [dual   ] pre: acc=0.2840 novelty-AUC=0.4024
          round 1: purity=0.000 anchors=4  margin=0.4378  mean-anchor=0.5723
          round 2: purity=0.072 anchors=8  margin=0.4391  mean-anchor=0.5992
Done.
