/home/pharris/venv/lib64/python3.9/site-packages/networkx/utils/backends.py:135: RuntimeWarning: networkx backend defined more than once: nx-loopback
  backends.update(_get_backends("networkx.backends"))
recipe [mnist]: n_classes=10  emb_dim=16  sigreg_weight=20.0  n_slices=256  pair_dist=5.0  ssl_epochs=10  ft_epochs=5  arch=resnet20  rep_weight=20.0

===== k=1 (4) =====

----- arm: default -----
  mnist balanced loader (no {4}): 54158 images, 250 batches of 9x24
  [sigreg+proto] epoch 1/10  sigreg=0.2421  proto=0.5261  min_dist=5.60  mean_dist=5.67
  [sigreg+proto] epoch 2/10  sigreg=0.1383  proto=0.1843  min_dist=6.15  mean_dist=6.28
  [sigreg+proto] epoch 3/10  sigreg=0.1315  proto=0.1248  min_dist=6.67  mean_dist=6.89
  [sigreg+proto] epoch 4/10  sigreg=0.1275  proto=0.0926  min_dist=7.14  mean_dist=7.48
  [sigreg+proto] epoch 5/10  sigreg=0.1253  proto=0.0813  min_dist=7.56  mean_dist=8.05
  [sigreg+proto] epoch 6/10  sigreg=0.1235  proto=0.0625  min_dist=7.94  mean_dist=8.59
  [sigreg+proto] epoch 7/10  sigreg=0.1224  proto=0.0522  min_dist=8.30  mean_dist=9.10
  [sigreg+proto] epoch 8/10  sigreg=0.1217  proto=0.0481  min_dist=8.65  mean_dist=9.58
  [sigreg+proto] epoch 9/10  sigreg=0.1232  proto=0.0387  min_dist=8.98  mean_dist=10.02
  [sigreg+proto] epoch 10/10  sigreg=0.1214  proto=0.0293  min_dist=9.30  mean_dist=10.44
  pre-discovery: seen nearest-mean acc=0.9902  novelty AUC=0.8252
  [sigreg+proto] epoch 1/5  sigreg=0.1491  proto=0.7419  min_dist=3.40  mean_dist=9.44
  [sigreg+proto] epoch 2/5  sigreg=0.1427  proto=0.5936  min_dist=3.52  mean_dist=10.02
  [sigreg+proto] epoch 3/5  sigreg=0.1433  proto=0.5251  min_dist=3.64  mean_dist=10.55
  [sigreg+proto] epoch 4/5  sigreg=0.1436  proto=0.5066  min_dist=3.78  mean_dist=11.03
  [sigreg+proto] epoch 5/5  sigreg=0.1452  proto=0.4926  min_dist=3.90  mean_dist=11.48
  round 1: pool=5828 purity=0.535 k-hat=4 anchors=4  margin=0.9899  mean-anchor=0.9931  4=0.993
  [sigreg+proto] epoch 1/5  sigreg=0.2205  proto=1.5733  min_dist=1.80  mean_dist=11.14
  [sigreg+proto] epoch 2/5  sigreg=0.1890  proto=1.1724  min_dist=2.28  mean_dist=11.53
  [sigreg+proto] epoch 3/5  sigreg=0.1830  proto=1.0612  min_dist=2.65  mean_dist=11.90
  [sigreg+proto] epoch 4/5  sigreg=0.1837  proto=0.9777  min_dist=2.96  mean_dist=12.23
  [sigreg+proto] epoch 5/5  sigreg=0.1822  proto=0.9398  min_dist=3.24  mean_dist=12.55
  round 2: pool=2932 purity=0.076 k-hat=4 anchors=8  margin=0.9943  mean-anchor=0.9956  4=0.996

----- arm: dual -----
  mnist balanced loader (no {4}): 54158 images, 250 batches of 9x24
  [dual-visreg] epoch 1/10  total=60.4291  global=235.8152  local=13.2660
  [dual-visreg] epoch 2/10  total=58.7848  global=219.6720  local=14.8504
  [dual-visreg] epoch 3/10  total=60.1189  global=231.5423  local=13.8105
  [dual-visreg] epoch 4/10  total=62.2170  global=248.6666  local=12.4837
  [dual-visreg] epoch 5/10  total=62.3364  global=247.3228  local=12.8718
  [dual-visreg] epoch 6/10  total=61.2830  global=237.2261  local=13.8378
  [dual-visreg] epoch 7/10  total=63.7408  global=245.4057  local=14.6597
  [dual-visreg] epoch 8/10  total=69.9889  global=267.7281  local=16.4433
  [dual-visreg] epoch 9/10  total=74.5180  global=298.5250  local=14.8130
  [dual-visreg] epoch 10/10  total=70.0851  global=263.9481  local=17.2955
  pre-discovery: seen nearest-mean acc=0.3185  novelty AUC=0.3968
  [sigreg+proto] epoch 1/5  sigreg=0.7218  proto=2.9894  min_dist=0.03  mean_dist=15.91
  [sigreg+proto] epoch 2/5  sigreg=0.4401  proto=2.6823  min_dist=0.03  mean_dist=15.88
  [sigreg+proto] epoch 3/5  sigreg=0.3610  proto=2.4461  min_dist=0.04  mean_dist=15.85
  [sigreg+proto] epoch 4/5  sigreg=0.2987  proto=2.3283  min_dist=0.04  mean_dist=15.82
  [sigreg+proto] epoch 5/5  sigreg=0.2816  proto=2.2574  min_dist=0.05  mean_dist=15.79
  round 1: pool=2719 purity=0.004 k-hat=4 anchors=4  margin=0.4559  mean-anchor=0.5449  4=0.545
  [sigreg+proto] epoch 1/5  sigreg=0.2855  proto=2.2174  min_dist=0.22  mean_dist=15.69
  [sigreg+proto] epoch 2/5  sigreg=0.2740  proto=2.2270  min_dist=0.27  mean_dist=15.81
  [sigreg+proto] epoch 3/5  sigreg=0.2527  proto=2.1221  min_dist=0.32  mean_dist=15.91
  [sigreg+proto] epoch 4/5  sigreg=0.2440  proto=2.1097  min_dist=0.35  mean_dist=16.01
  [sigreg+proto] epoch 5/5  sigreg=0.2433  proto=2.1111  min_dist=0.38  mean_dist=16.10
  round 2: pool=3269 purity=0.172 k-hat=4 anchors=8  margin=0.5570  mean-anchor=0.5163  4=0.516

  --- gaussianity (seen classes, test set) k=1 ---
  metric                         default/pre      default/ft        dual/pre         dual/ft
  eig min (class cov)                  0.031           0.066          -0.000          -0.000
  eig max (class cov)                  2.842           8.628          31.631          16.301
  eig cond worst                        63.3           108.431631125512192.016300591022080.0
  class RMS min                        0.911           0.995           0.000           0.816
  class RMS mean                       0.939           1.029           0.353           0.935
  class RMS max                        0.956           1.075           1.479           1.253
  max |corr| (worst class)             0.532           0.780 21337057280.000           0.996
  SW ratio mean                         4.42            5.7710239025775264.76           20.78
  SW ratio worst                        6.43            8.5690757488357949.23           40.40
  |skew| mean                          0.236           0.28613296147564185388.000           0.580
  |ex-kurt| mean                       0.290           0.51713146826327266556903424.000           2.143
  centroid dist min                     9.21           12.30            0.00            0.29
  centroid dist mean                   10.30           14.60            9.91            9.74
  separation (min d/RMS)                9.81           11.96            0.00            0.31

===== DUAL-VISREG vs DEFAULT SUMMARY [mnist] =====
  k=1 [default] pre: acc=0.9902 novelty-AUC=0.8252
          round 1: purity=0.535 anchors=4  margin=0.9899  mean-anchor=0.9931
          round 2: purity=0.076 anchors=8  margin=0.9943  mean-anchor=0.9956
  k=1 [dual   ] pre: acc=0.3185 novelty-AUC=0.3968
          round 1: purity=0.004 anchors=4  margin=0.4559  mean-anchor=0.5449
          round 2: purity=0.172 anchors=8  margin=0.5570  mean-anchor=0.5163
Done.
