/home/pharris/venv/lib64/python3.9/site-packages/networkx/utils/backends.py:135: RuntimeWarning: networkx backend defined more than once: nx-loopback
  backends.update(_get_backends("networkx.backends"))
exp31 [sparker] emb_dim=16 holdout=[4] alpha=0.05 N_D=5000 M=16 nulls=200/100 sig-toys=50

===== training: sup =====
Using cache found in /home/pharris/.cache/torch/hub/chenyaofo_pytorch-cifar-models_master
  cifar10 balanced loader (no {4}): 45000 images, 208 batches of 9x24
  [sigreg+proto] epoch 1/10  sigreg=0.2946  proto=0.7529  min_dist=5.51  mean_dist=5.59
  [sigreg+proto] epoch 2/10  sigreg=0.1336  proto=0.3549  min_dist=6.00  mean_dist=6.19
  [sigreg+proto] epoch 3/10  sigreg=0.1282  proto=0.2686  min_dist=6.42  mean_dist=6.83
  [sigreg+proto] epoch 4/10  sigreg=0.1275  proto=0.2405  min_dist=6.81  mean_dist=7.44
  [sigreg+proto] epoch 5/10  sigreg=0.1281  proto=0.2151  min_dist=7.16  mean_dist=8.01
  [sigreg+proto] epoch 6/10  sigreg=0.1265  proto=0.1831  min_dist=7.49  mean_dist=8.53
  [sigreg+proto] epoch 7/10  sigreg=0.1299  proto=0.1813  min_dist=7.80  mean_dist=9.01
  [sigreg+proto] epoch 8/10  sigreg=0.1309  proto=0.1570  min_dist=8.08  mean_dist=9.46
  [sigreg+proto] epoch 9/10  sigreg=0.1298  proto=0.1424  min_dist=8.33  mean_dist=9.87
  [sigreg+proto] epoch 10/10  sigreg=0.1301  proto=0.1255  min_dist=8.57  mean_dist=10.26

===== training: res =====
  cifar10 balanced two-view loader (no {4}): 45000 images, 208 batches of 9x24
  [sigreg-residual-cw] epoch 1/10  inv=0.4144  res-sigreg=0.3643
  [sigreg-residual-cw] epoch 2/10  inv=0.3200  res-sigreg=0.3069
  [sigreg-residual-cw] epoch 3/10  inv=0.2926  res-sigreg=0.2907
  [sigreg-residual-cw] epoch 4/10  inv=0.2775  res-sigreg=0.2809
  [sigreg-residual-cw] epoch 5/10  inv=0.2696  res-sigreg=0.2726
  [sigreg-residual-cw] epoch 6/10  inv=0.2556  res-sigreg=0.2658
  [sigreg-residual-cw] epoch 7/10  inv=0.2549  res-sigreg=0.2631
  [sigreg-residual-cw] epoch 8/10  inv=0.2465  res-sigreg=0.2571
  [sigreg-residual-cw] epoch 9/10  inv=0.2443  res-sigreg=0.2547
  [sigreg-residual-cw] epoch 10/10  inv=0.2361  res-sigreg=0.2507

===== training: ssl =====
Using cache found in /home/pharris/.cache/torch/hub/chenyaofo_pytorch-cifar-models_master
  CIFAR two-view embedding-train images (no {4}): 45000
  [sigreg-ssl] epoch 1/20  inv=0.0745  sigreg=0.1401
  [sigreg-ssl] epoch 2/20  inv=0.0702  sigreg=0.0790
  [sigreg-ssl] epoch 3/20  inv=0.0675  sigreg=0.0700
  [sigreg-ssl] epoch 4/20  inv=0.0650  sigreg=0.0641
  [sigreg-ssl] epoch 5/20  inv=0.0626  sigreg=0.0613
  [sigreg-ssl] epoch 6/20  inv=0.0622  sigreg=0.0574
  [sigreg-ssl] epoch 7/20  inv=0.0605  sigreg=0.0561
  [sigreg-ssl] epoch 8/20  inv=0.0600  sigreg=0.0536
  [sigreg-ssl] epoch 9/20  inv=0.0588  sigreg=0.0513
  [sigreg-ssl] epoch 10/20  inv=0.0580  sigreg=0.0498
  [sigreg-ssl] epoch 11/20  inv=0.0572  sigreg=0.0486
  [sigreg-ssl] epoch 12/20  inv=0.0562  sigreg=0.0469
  [sigreg-ssl] epoch 13/20  inv=0.0558  sigreg=0.0452
  [sigreg-ssl] epoch 14/20  inv=0.0560  sigreg=0.0448
  [sigreg-ssl] epoch 15/20  inv=0.0549  sigreg=0.0440
  [sigreg-ssl] epoch 16/20  inv=0.0544  sigreg=0.0433
  [sigreg-ssl] epoch 17/20  inv=0.0537  sigreg=0.0423
  [sigreg-ssl] epoch 18/20  inv=0.0535  sigreg=0.0424
  [sigreg-ssl] epoch 19/20  inv=0.0524  sigreg=0.0413
  [sigreg-ssl] epoch 20/20  inv=0.0520  sigreg=0.0401

===== training: supres =====
  cifar10 balanced loader (no {4}): 45000 images, 208 batches of 9x24
  [sigreg+proto] epoch 1/10  sigreg=0.1345  proto=0.7650  min_dist=2.07  mean_dist=4.20
  [sigreg+proto] epoch 2/10  sigreg=0.1172  proto=0.5498  min_dist=2.67  mean_dist=4.89
  [sigreg+proto] epoch 3/10  sigreg=0.1139  proto=0.4366  min_dist=3.15  mean_dist=5.50
  [sigreg+proto] epoch 4/10  sigreg=0.1125  proto=0.3774  min_dist=3.55  mean_dist=6.04
  [sigreg+proto] epoch 5/10  sigreg=0.1121  proto=0.3359  min_dist=3.92  mean_dist=6.53
  [sigreg+proto] epoch 6/10  sigreg=0.1118  proto=0.2790  min_dist=4.25  mean_dist=6.99
  [sigreg+proto] epoch 7/10  sigreg=0.1128  proto=0.2494  min_dist=4.56  mean_dist=7.42
  [sigreg+proto] epoch 8/10  sigreg=0.1123  proto=0.2188  min_dist=4.86  mean_dist=7.82
  [sigreg+proto] epoch 9/10  sigreg=0.1129  proto=0.2004  min_dist=5.14  mean_dist=8.21
  [sigreg+proto] epoch 10/10  sigreg=0.1140  proto=0.1918  min_dist=5.42  mean_dist=8.59

===== training: joint =====
Using cache found in /home/pharris/.cache/torch/hub/chenyaofo_pytorch-cifar-models_master
  cifar10 balanced two-view loader (no {4}): 45000 images, 208 batches of 9x24
  [sigreg+proto+aug] epoch 1/10  sigreg=0.3156  proto=1.1804  inv=0.3956  min_dist=5.42  mean_dist=5.59
  [sigreg+proto+aug] epoch 2/10  sigreg=0.1410  proto=0.7287  inv=0.4506  min_dist=5.87  mean_dist=6.18
  [sigreg+proto+aug] epoch 3/10  sigreg=0.1407  proto=0.7083  inv=0.4619  min_dist=6.28  mean_dist=6.80
  [sigreg+proto+aug] epoch 4/10  sigreg=0.1430  proto=0.7253  inv=0.4786  min_dist=6.63  mean_dist=7.39
  [sigreg+proto+aug] epoch 5/10  sigreg=0.1505  proto=0.7973  inv=0.5014  min_dist=6.89  mean_dist=7.91
  [sigreg+proto+aug] epoch 6/10  sigreg=0.1530  proto=0.8086  inv=0.5144  min_dist=7.09  mean_dist=8.39
  [sigreg+proto+aug] epoch 7/10  sigreg=0.1593  proto=0.8557  inv=0.5329  min_dist=7.23  mean_dist=8.81
  [sigreg+proto+aug] epoch 8/10  sigreg=0.1647  proto=0.8967  inv=0.5430  min_dist=7.35  mean_dist=9.19
  [sigreg+proto+aug] epoch 9/10  sigreg=0.1647  proto=0.8728  inv=0.5487  min_dist=7.42  mean_dist=9.54
  [sigreg+proto+aug] epoch 10/10  sigreg=0.1666  proto=0.8671  inv=0.5565  min_dist=7.45  mean_dist=9.85

===== training: supcon =====
Using cache found in /home/pharris/.cache/torch/hub/chenyaofo_pytorch-cifar-models_master
  CIFAR two-view embedding-train images (no {4}): 45000
  [supcon] epoch 1/10  loss=4.7587
  [supcon] epoch 2/10  loss=4.6709
  [supcon] epoch 3/10  loss=4.6487
  [supcon] epoch 4/10  loss=4.6184
  [supcon] epoch 5/10  loss=4.5983
  [supcon] epoch 6/10  loss=4.5895
  [supcon] epoch 7/10  loss=4.5722
  [supcon] epoch 8/10  loss=4.5697
  [supcon] epoch 9/10  loss=4.5532
  [supcon] epoch 10/10  loss=4.5416

===== training: simclr =====
Using cache found in /home/pharris/.cache/torch/hub/chenyaofo_pytorch-cifar-models_master
  CIFAR two-view embedding-train images (no {4}): 45000
  [simclr] epoch 1/20  loss=4.7171
  [simclr] epoch 2/20  loss=4.5862
  [simclr] epoch 3/20  loss=4.5572
  [simclr] epoch 4/20  loss=4.5390
  [simclr] epoch 5/20  loss=4.5262
  [simclr] epoch 6/20  loss=4.5207
  [simclr] epoch 7/20  loss=4.5125
  [simclr] epoch 8/20  loss=4.5086
  [simclr] epoch 9/20  loss=4.5022
  [simclr] epoch 10/20  loss=4.4981
  [simclr] epoch 11/20  loss=4.4968
  [simclr] epoch 12/20  loss=4.4943
  [simclr] epoch 13/20  loss=4.4908
  [simclr] epoch 14/20  loss=4.4872
  [simclr] epoch 15/20  loss=4.4865
  [simclr] epoch 16/20  loss=4.4849
  [simclr] epoch 17/20  loss=4.4840
  [simclr] epoch 18/20  loss=4.4822
  [simclr] epoch 19/20  loss=4.4798
  [simclr] epoch 20/20  loss=4.4781

===== PRE-DISCOVERY sparker battery =====
  [sup->res]
    pre f=0.02: power=0.660 [0.581,0.732] (33/50)
  [ssl->supres]
    pre f=0.02: power=0.160 [0.107,0.229] (8/50)
  [joint]
    pre f=0.02: power=0.700 [0.622,0.769] (35/50)
  [sup]
    pre f=0.02: power=0.760 [0.685,0.823] (38/50)
  [supcon]
    pre f=0.02: power=0.920 [0.862,0.958] (46/50)
  [supcon+simclr]
    pre f=0.02: power=0.440 [0.362,0.520] (22/50)

===== POST-DISCOVERY battery, f=0.02 (918 injected) =====
  [sigreg+proto] epoch 1/5  sigreg=0.1646  proto=1.2321  min_dist=3.88  mean_dist=9.33
  [sigreg+proto] epoch 2/5  sigreg=0.1523  proto=0.9109  min_dist=4.24  mean_dist=9.81
  [sigreg+proto] epoch 3/5  sigreg=0.1500  proto=0.8496  min_dist=4.57  mean_dist=10.27
  [sigreg+proto] epoch 4/5  sigreg=0.1563  proto=0.9204  min_dist=4.87  mean_dist=10.68
  [sigreg+proto] epoch 5/5  sigreg=0.1607  proto=0.9506  min_dist=5.10  mean_dist=11.06
  round 1: pool=2634 purity=0.146 k-hat=4 anchors=4  margin=0.9147  mean-anchor=0.9178  deer=0.918
  [sigreg+proto] epoch 1/5  sigreg=0.2144  proto=1.8420  min_dist=2.74  mean_dist=11.09
  [sigreg+proto] epoch 2/5  sigreg=0.1921  proto=1.5428  min_dist=2.94  mean_dist=11.46
  [sigreg+proto] epoch 3/5  sigreg=0.1890  proto=1.4529  min_dist=3.11  mean_dist=11.81
  [sigreg+proto] epoch 4/5  sigreg=0.1922  proto=1.4847  min_dist=3.27  mean_dist=12.13
  [sigreg+proto] epoch 5/5  sigreg=0.1985  proto=1.5123  min_dist=3.43  mean_dist=12.43
  round 2: pool=2364 purity=0.048 k-hat=4 anchors=8  margin=0.9226  mean-anchor=0.9064  deer=0.906
  [sup->res] (post, f=0.02)
    post f=0.02: power=0.980 [0.936,0.997] (49/50)
  [sigreg+proto] epoch 1/5  sigreg=0.1377  proto=0.9590  min_dist=3.19  mean_dist=8.27
  [sigreg+proto] epoch 2/5  sigreg=0.1333  proto=0.7374  min_dist=3.81  mean_dist=8.83
  [sigreg+proto] epoch 3/5  sigreg=0.1348  proto=0.6901  min_dist=4.31  mean_dist=9.33
  [sigreg+proto] epoch 4/5  sigreg=0.1408  proto=0.6999  min_dist=4.73  mean_dist=9.80
  [sigreg+proto] epoch 5/5  sigreg=0.1443  proto=0.7244  min_dist=5.10  mean_dist=10.22
  round 1: pool=2389 purity=0.058 k-hat=4 anchors=4  margin=0.7657  mean-anchor=0.8143  deer=0.814
  [sigreg+proto] epoch 1/5  sigreg=0.1732  proto=1.4069  min_dist=3.95  mean_dist=9.81
  [sigreg+proto] epoch 2/5  sigreg=0.1658  proto=1.2529  min_dist=4.48  mean_dist=10.25
  [sigreg+proto] epoch 3/5  sigreg=0.1716  proto=1.2899  min_dist=4.65  mean_dist=10.66
  [sigreg+proto] epoch 4/5  sigreg=0.1771  proto=1.2943  min_dist=4.81  mean_dist=11.04
  [sigreg+proto] epoch 5/5  sigreg=0.1780  proto=1.2634  min_dist=4.97  mean_dist=11.39
  round 2: pool=2367 purity=0.049 k-hat=4 anchors=8  margin=0.8000  mean-anchor=0.8400  deer=0.840
  [ssl->supres] (post, f=0.02)
    post f=0.02: power=0.520 [0.440,0.599] (26/50)
  [sigreg+proto] epoch 1/5  sigreg=0.1914  proto=1.3702  min_dist=4.02  mean_dist=11.11
  [sigreg+proto] epoch 2/5  sigreg=0.1706  proto=1.0869  min_dist=4.58  mean_dist=11.54
  [sigreg+proto] epoch 3/5  sigreg=0.1662  proto=0.9505  min_dist=5.02  mean_dist=11.94
  [sigreg+proto] epoch 4/5  sigreg=0.1647  proto=0.8779  min_dist=5.41  mean_dist=12.32
  [sigreg+proto] epoch 5/5  sigreg=0.1643  proto=0.8542  min_dist=5.77  mean_dist=12.67
  round 1: pool=2383 purity=0.056 k-hat=4 anchors=4  margin=0.8941  mean-anchor=0.9226  deer=0.923
  [sigreg+proto] epoch 1/5  sigreg=0.1967  proto=1.6483  min_dist=3.79  mean_dist=11.73
  [sigreg+proto] epoch 2/5  sigreg=0.1835  proto=1.4268  min_dist=4.01  mean_dist=12.08
  [sigreg+proto] epoch 3/5  sigreg=0.1831  proto=1.3976  min_dist=4.21  mean_dist=12.41
  [sigreg+proto] epoch 4/5  sigreg=0.1849  proto=1.3907  min_dist=4.38  mean_dist=12.73
  [sigreg+proto] epoch 5/5  sigreg=0.1923  proto=1.4618  min_dist=4.54  mean_dist=13.02
  round 2: pool=2304 purity=0.023 k-hat=4 anchors=8  margin=0.8809  mean-anchor=0.9137  deer=0.914
  [joint] (post, f=0.02)
    post f=0.02: power=0.360 [0.286,0.440] (18/50)
  [sigreg+proto] epoch 1/5  sigreg=0.1710  proto=1.2517  min_dist=4.84  mean_dist=9.35
  [sigreg+proto] epoch 2/5  sigreg=0.1576  proto=0.9998  min_dist=5.19  mean_dist=9.85
  [sigreg+proto] epoch 3/5  sigreg=0.1599  proto=0.9666  min_dist=5.34  mean_dist=10.31
  [sigreg+proto] epoch 4/5  sigreg=0.1627  proto=0.9707  min_dist=5.49  mean_dist=10.73
  [sigreg+proto] epoch 5/5  sigreg=0.1651  proto=0.9515  min_dist=5.63  mean_dist=11.11
  round 1: pool=2562 purity=0.122 k-hat=4 anchors=4  margin=0.8907  mean-anchor=0.8871  deer=0.887
  [sigreg+proto] epoch 1/5  sigreg=0.2378  proto=2.0658  min_dist=3.48  mean_dist=11.14
  [sigreg+proto] epoch 2/5  sigreg=0.2062  proto=1.6623  min_dist=4.04  mean_dist=11.48
  [sigreg+proto] epoch 3/5  sigreg=0.2025  proto=1.5710  min_dist=4.50  mean_dist=11.80
  [sigreg+proto] epoch 4/5  sigreg=0.2042  proto=1.5527  min_dist=4.89  mean_dist=12.10
  [sigreg+proto] epoch 5/5  sigreg=0.2040  proto=1.5602  min_dist=5.25  mean_dist=12.38
  round 2: pool=2307 purity=0.025 k-hat=4 anchors=8  margin=0.8851  mean-anchor=0.9011  deer=0.901
  [sup] (post, f=0.02)
    post f=0.02: power=0.900 [0.838,0.942] (45/50)
  [sigreg+proto] epoch 1/5  sigreg=0.2260  proto=1.2887  min_dist=2.59  mean_dist=4.74
  [sigreg+proto] epoch 2/5  sigreg=0.1438  proto=0.8173  min_dist=3.09  mean_dist=5.30
  [sigreg+proto] epoch 3/5  sigreg=0.1386  proto=0.6502  min_dist=3.53  mean_dist=5.80
  [sigreg+proto] epoch 4/5  sigreg=0.1368  proto=0.5925  min_dist=3.92  mean_dist=6.25
  [sigreg+proto] epoch 5/5  sigreg=0.1344  proto=0.5648  min_dist=4.28  mean_dist=6.66
  round 1: pool=2250 purity=0.000 k-hat=4 anchors=4  margin=0.3930  mean-anchor=0.5220  deer=0.522
  [sigreg+proto] epoch 1/5  sigreg=0.1472  proto=1.0386  min_dist=2.66  mean_dist=6.88
  [sigreg+proto] epoch 2/5  sigreg=0.1452  proto=0.9319  min_dist=3.14  mean_dist=7.37
  [sigreg+proto] epoch 3/5  sigreg=0.1496  proto=0.9027  min_dist=3.55  mean_dist=7.81
  [sigreg+proto] epoch 4/5  sigreg=0.1535  proto=0.9270  min_dist=3.90  mean_dist=8.22
  [sigreg+proto] epoch 5/5  sigreg=0.1577  proto=0.9522  min_dist=4.22  mean_dist=8.60
  round 2: pool=2415 purity=0.068 k-hat=4 anchors=8  margin=0.8139  mean-anchor=0.8923  deer=0.892
  [supcon] (post, f=0.02)
    post f=0.02: power=0.440 [0.362,0.520] (22/50)
  [sigreg+proto] epoch 1/5  sigreg=0.2218  proto=1.3488  min_dist=2.59  mean_dist=4.88
  [sigreg+proto] epoch 2/5  sigreg=0.1398  proto=0.8022  min_dist=3.02  mean_dist=5.45
  [sigreg+proto] epoch 3/5  sigreg=0.1357  proto=0.6307  min_dist=3.40  mean_dist=5.96
  [sigreg+proto] epoch 4/5  sigreg=0.1354  proto=0.5755  min_dist=3.75  mean_dist=6.42
  [sigreg+proto] epoch 5/5  sigreg=0.1345  proto=0.5758  min_dist=4.08  mean_dist=6.84
  round 1: pool=2251 purity=0.000 k-hat=4 anchors=4  margin=0.3690  mean-anchor=0.4742  deer=0.474
  [sigreg+proto] epoch 1/5  sigreg=0.1473  proto=1.0196  min_dist=2.82  mean_dist=6.92
  [sigreg+proto] epoch 2/5  sigreg=0.1440  proto=0.8948  min_dist=3.27  mean_dist=7.43
  [sigreg+proto] epoch 3/5  sigreg=0.1485  proto=0.9144  min_dist=3.67  mean_dist=7.89
  [sigreg+proto] epoch 4/5  sigreg=0.1515  proto=0.8984  min_dist=3.76  mean_dist=8.31
  [sigreg+proto] epoch 5/5  sigreg=0.1565  proto=0.9375  min_dist=3.83  mean_dist=8.70
  round 2: pool=2395 purity=0.061 k-hat=4 anchors=8  margin=0.7691  mean-anchor=0.8853  deer=0.885
  [supcon+simclr] (post, f=0.02)
    post f=0.02: power=0.660 [0.581,0.732] (33/50)

===== EXP31 SPARKER POWER SUMMARY (alpha=0.05) =====
  arm               kind     0.02
  sup->res           pre    0.660
  sup->res          post    0.980
  ssl->supres        pre    0.160
  ssl->supres       post    0.520
  joint              pre    0.700
  joint             post    0.360
  sup                pre    0.760
  sup               post    0.900
  supcon             pre    0.920
  supcon            post    0.440
  supcon+simclr      pre    0.440
  supcon+simclr     post    0.660
  saved /home/pharris/sigreg/SuperSig/plots/exp31_sparker_power_16d.png
Done.
