/home/pharris/venv/lib64/python3.9/site-packages/networkx/utils/backends.py:135: RuntimeWarning: networkx backend defined more than once: nx-loopback
  backends.update(_get_backends("networkx.backends"))
Using cache found in /home/pharris/.cache/torch/hub/chenyaofo_pytorch-cifar-models_master
exp34i [cifar10] calibrated-contrastive arc, holdout=[4]

----- supcon16 -----
  CIFAR two-view embedding-train images (no {4}): 45000
  [supcon] epoch 1/10  loss=4.7546
  [supcon] epoch 2/10  loss=4.6742
  [supcon] epoch 3/10  loss=4.6429
  [supcon] epoch 4/10  loss=4.6241
  [supcon] epoch 5/10  loss=4.6020
  [supcon] epoch 6/10  loss=4.5896
  [supcon] epoch 7/10  loss=4.5766
  [supcon] epoch 8/10  loss=4.5613
  [supcon] epoch 9/10  loss=4.5546
  [supcon] epoch 10/10  loss=4.5388
Using cache found in /home/pharris/.cache/torch/hub/chenyaofo_pytorch-cifar-models_master

----- simclr16 -----
  CIFAR two-view embedding-train images (no {4}): 45000
  [simclr] epoch 1/20  loss=4.7334
  [simclr] epoch 2/20  loss=4.5886
  [simclr] epoch 3/20  loss=4.5598
  [simclr] epoch 4/20  loss=4.5393
  [simclr] epoch 5/20  loss=4.5269
  [simclr] epoch 6/20  loss=4.5207
  [simclr] epoch 7/20  loss=4.5128
  [simclr] epoch 8/20  loss=4.5072
  [simclr] epoch 9/20  loss=4.5036
  [simclr] epoch 10/20  loss=4.4991
  [simclr] epoch 11/20  loss=4.4960
  [simclr] epoch 12/20  loss=4.4952
  [simclr] epoch 13/20  loss=4.4923
  [simclr] epoch 14/20  loss=4.4901
  [simclr] epoch 15/20  loss=4.4871
  [simclr] epoch 16/20  loss=4.4858
  [simclr] epoch 17/20  loss=4.4832
  [simclr] epoch 18/20  loss=4.4826
  [simclr] epoch 19/20  loss=4.4808
  [simclr] epoch 20/20  loss=4.4787
Using cache found in /home/pharris/.cache/torch/hub/chenyaofo_pytorch-cifar-models_master

----- hybrid16 simclr+sigreg (lam=1.0) -----
  CIFAR two-view embedding-train images (no {4}): 45000
  [simclr+sigreg] epoch 1/20  nt-xent=4.7807  sigreg=0.1240
  [simclr+sigreg] epoch 2/20  nt-xent=4.6334  sigreg=0.0379
  [simclr+sigreg] epoch 3/20  nt-xent=4.5862  sigreg=0.0258
  [simclr+sigreg] epoch 4/20  nt-xent=4.5628  sigreg=0.0219
  [simclr+sigreg] epoch 5/20  nt-xent=4.5419  sigreg=0.0173
  [simclr+sigreg] epoch 6/20  nt-xent=4.5325  sigreg=0.0166
  [simclr+sigreg] epoch 7/20  nt-xent=4.5241  sigreg=0.0157
  [simclr+sigreg] epoch 8/20  nt-xent=4.5142  sigreg=0.0141
  [simclr+sigreg] epoch 9/20  nt-xent=4.5085  sigreg=0.0133
  [simclr+sigreg] epoch 10/20  nt-xent=4.4997  sigreg=0.0120
  [simclr+sigreg] epoch 11/20  nt-xent=4.4961  sigreg=0.0116
  [simclr+sigreg] epoch 12/20  nt-xent=4.4945  sigreg=0.0115
  [simclr+sigreg] epoch 13/20  nt-xent=4.4914  sigreg=0.0115
  [simclr+sigreg] epoch 14/20  nt-xent=4.4892  sigreg=0.0112
  [simclr+sigreg] epoch 15/20  nt-xent=4.4855  sigreg=0.0111
  [simclr+sigreg] epoch 16/20  nt-xent=4.4846  sigreg=0.0109
  [simclr+sigreg] epoch 17/20  nt-xent=4.4820  sigreg=0.0108
  [simclr+sigreg] epoch 18/20  nt-xent=4.4808  sigreg=0.0107
  [simclr+sigreg] epoch 19/20  nt-xent=4.4789  sigreg=0.0106
  [simclr+sigreg] epoch 20/20  nt-xent=4.4762  sigreg=0.0105
Using cache found in /home/pharris/.cache/torch/hub/chenyaofo_pytorch-cifar-models_master

----- hybrid16 simclr+sigreg (lam=5.0) -----
  CIFAR two-view embedding-train images (no {4}): 45000
  [simclr+sigreg] epoch 1/20  nt-xent=4.8438  sigreg=0.1033
  [simclr+sigreg] epoch 2/20  nt-xent=4.6496  sigreg=0.0326
  [simclr+sigreg] epoch 3/20  nt-xent=4.6010  sigreg=0.0226
  [simclr+sigreg] epoch 4/20  nt-xent=4.5747  sigreg=0.0180
  [simclr+sigreg] epoch 5/20  nt-xent=4.5564  sigreg=0.0157
  [simclr+sigreg] epoch 6/20  nt-xent=4.5445  sigreg=0.0134
  [simclr+sigreg] epoch 7/20  nt-xent=4.5325  sigreg=0.0121
  [simclr+sigreg] epoch 8/20  nt-xent=4.5197  sigreg=0.0107
  [simclr+sigreg] epoch 9/20  nt-xent=4.5144  sigreg=0.0100
  [simclr+sigreg] epoch 10/20  nt-xent=4.5076  sigreg=0.0097
  [simclr+sigreg] epoch 11/20  nt-xent=4.5042  sigreg=0.0095
  [simclr+sigreg] epoch 12/20  nt-xent=4.5020  sigreg=0.0096
  [simclr+sigreg] epoch 13/20  nt-xent=4.4988  sigreg=0.0094
  [simclr+sigreg] epoch 14/20  nt-xent=4.4965  sigreg=0.0092
  [simclr+sigreg] epoch 15/20  nt-xent=4.4933  sigreg=0.0090
  [simclr+sigreg] epoch 16/20  nt-xent=4.4918  sigreg=0.0089
  [simclr+sigreg] epoch 17/20  nt-xent=4.4893  sigreg=0.0089
  [simclr+sigreg] epoch 18/20  nt-xent=4.4874  sigreg=0.0087
  [simclr+sigreg] epoch 19/20  nt-xent=4.4853  sigreg=0.0086
  [simclr+sigreg] epoch 20/20  nt-xent=4.4827  sigreg=0.0085
Using cache found in /home/pharris/.cache/torch/hub/chenyaofo_pytorch-cifar-models_master

----- ss16 supcon+sigreg (lam=1.0) -----
  CIFAR two-view embedding-train images (no {4}): 45000
  [supcon+sigreg] epoch 1/10  supcon=4.8569  sigreg=0.3733
  [supcon+sigreg] epoch 2/10  supcon=4.8213  sigreg=0.2575
  [supcon+sigreg] epoch 3/10  supcon=4.7901  sigreg=0.2303
  [supcon+sigreg] epoch 4/10  supcon=4.7758  sigreg=0.2237
  [supcon+sigreg] epoch 5/10  supcon=4.7488  sigreg=0.2103
  [supcon+sigreg] epoch 6/10  supcon=4.7400  sigreg=0.2075
  [supcon+sigreg] epoch 7/10  supcon=4.7259  sigreg=0.2017
  [supcon+sigreg] epoch 8/10  supcon=4.7083  sigreg=0.1934
  [supcon+sigreg] epoch 9/10  supcon=4.7069  sigreg=0.1879
  [supcon+sigreg] epoch 10/10  supcon=4.6874  sigreg=0.1882
Using cache found in /home/pharris/.cache/torch/hub/chenyaofo_pytorch-cifar-models_master

----- ss16 supcon+sigreg (lam=5.0) -----
  CIFAR two-view embedding-train images (no {4}): 45000
  [supcon+sigreg] epoch 1/10  supcon=5.2013  sigreg=0.1500
  [supcon+sigreg] epoch 2/10  supcon=5.0815  sigreg=0.0898
  [supcon+sigreg] epoch 3/10  supcon=5.0206  sigreg=0.0890
  [supcon+sigreg] epoch 4/10  supcon=4.9921  sigreg=0.0874
  [supcon+sigreg] epoch 5/10  supcon=4.9535  sigreg=0.0873
  [supcon+sigreg] epoch 6/10  supcon=4.9215  sigreg=0.0858
  [supcon+sigreg] epoch 7/10  supcon=4.9058  sigreg=0.0853
  [supcon+sigreg] epoch 8/10  supcon=4.8648  sigreg=0.0846
  [supcon+sigreg] epoch 9/10  supcon=4.8602  sigreg=0.0845
  [supcon+sigreg] epoch 10/10  supcon=4.8413  sigreg=0.0827

----- supres16 from hybrid(lam=1) trunk (recipe defaults) -----
  cifar10 balanced loader (no {4}): 45000 images, 208 batches of 9x24
  [sigreg+proto] epoch 1/10  sigreg=0.1143  proto=0.6967  min_dist=2.25  mean_dist=3.60
  [sigreg+proto] epoch 2/10  sigreg=0.1074  proto=0.4915  min_dist=2.88  mean_dist=4.28
  [sigreg+proto] epoch 3/10  sigreg=0.1055  proto=0.4115  min_dist=3.38  mean_dist=4.87
  [sigreg+proto] epoch 4/10  sigreg=0.1048  proto=0.3485  min_dist=3.82  mean_dist=5.39
  [sigreg+proto] epoch 5/10  sigreg=0.1052  proto=0.3111  min_dist=4.20  mean_dist=5.86
  [sigreg+proto] epoch 6/10  sigreg=0.1055  proto=0.2715  min_dist=4.56  mean_dist=6.30
  [sigreg+proto] epoch 7/10  sigreg=0.1050  proto=0.2276  min_dist=4.89  mean_dist=6.71
  [sigreg+proto] epoch 8/10  sigreg=0.1065  proto=0.2188  min_dist=5.21  mean_dist=7.10
  [sigreg+proto] epoch 9/10  sigreg=0.1069  proto=0.1925  min_dist=5.51  mean_dist=7.47
  [sigreg+proto] epoch 10/10  sigreg=0.1068  proto=0.1692  min_dist=5.79  mean_dist=7.83

----- res-simclr16 (SimCLR on supcon residual) -----
  CIFAR two-view embedding-train images (no {4}): 45000
  [simclr-residual] epoch 1/20  loss=4.6417
  [simclr-residual] epoch 2/20  loss=4.5380
  [simclr-residual] epoch 3/20  loss=4.5178
  [simclr-residual] epoch 4/20  loss=4.5059
  [simclr-residual] epoch 5/20  loss=4.4969
  [simclr-residual] epoch 6/20  loss=4.4898
  [simclr-residual] epoch 7/20  loss=4.4844
  [simclr-residual] epoch 8/20  loss=4.4772
  [simclr-residual] epoch 9/20  loss=4.4749
  [simclr-residual] epoch 10/20  loss=4.4703
  [simclr-residual] epoch 11/20  loss=4.4692
  [simclr-residual] epoch 12/20  loss=4.4669
  [simclr-residual] epoch 13/20  loss=4.4647
  [simclr-residual] epoch 14/20  loss=4.4619
  [simclr-residual] epoch 15/20  loss=4.4618
  [simclr-residual] epoch 16/20  loss=4.4584
  [simclr-residual] epoch 17/20  loss=4.4574
  [simclr-residual] epoch 18/20  loss=4.4566
  [simclr-residual] epoch 19/20  loss=4.4558
  [simclr-residual] epoch 20/20  loss=4.4540

----- resfeat16 (simclr+sigreg on ss5 residual, lam=5) -----
  CIFAR two-view embedding-train images (no {4}): 45000
  [simclr-residual] epoch 1/20  loss=4.6518  sigreg=0.0551
  [simclr-residual] epoch 2/20  loss=4.5587  sigreg=0.0346
  [simclr-residual] epoch 3/20  loss=4.5266  sigreg=0.0270
  [simclr-residual] epoch 4/20  loss=4.5101  sigreg=0.0232
  [simclr-residual] epoch 5/20  loss=4.5013  sigreg=0.0210
  [simclr-residual] epoch 6/20  loss=4.4933  sigreg=0.0192
  [simclr-residual] epoch 7/20  loss=4.4874  sigreg=0.0187
  [simclr-residual] epoch 8/20  loss=4.4820  sigreg=0.0174
  [simclr-residual] epoch 9/20  loss=4.4801  sigreg=0.0177
  [simclr-residual] epoch 10/20  loss=4.4758  sigreg=0.0166
  [simclr-residual] epoch 11/20  loss=4.4746  sigreg=0.0172
  [simclr-residual] epoch 12/20  loss=4.4731  sigreg=0.0164
  [simclr-residual] epoch 13/20  loss=4.4705  sigreg=0.0162
  [simclr-residual] epoch 14/20  loss=4.4682  sigreg=0.0160
  [simclr-residual] epoch 15/20  loss=4.4679  sigreg=0.0163
  [simclr-residual] epoch 16/20  loss=4.4649  sigreg=0.0158
  [simclr-residual] epoch 17/20  loss=4.4639  sigreg=0.0154
  [simclr-residual] epoch 18/20  loss=4.4624  sigreg=0.0154
  [simclr-residual] epoch 19/20  loss=4.4615  sigreg=0.0152
  [simclr-residual] epoch 20/20  loss=4.4606  sigreg=0.0154

----- rescls16 (supcon+sigreg on hybrid5 residual, lam=5) -----
  CIFAR two-view embedding-train images (no {4}): 45000
  [supcon-sigreg-residual] epoch 1/10  supcon=4.6682  sigreg=0.1073
  [supcon-sigreg-residual] epoch 2/10  supcon=4.2237  sigreg=0.0884
  [supcon-sigreg-residual] epoch 3/10  supcon=4.1994  sigreg=0.0826
  [supcon-sigreg-residual] epoch 4/10  supcon=4.1840  sigreg=0.0787
  [supcon-sigreg-residual] epoch 5/10  supcon=4.1720  sigreg=0.0752
  [supcon-sigreg-residual] epoch 6/10  supcon=4.1698  sigreg=0.0731
  [supcon-sigreg-residual] epoch 7/10  supcon=4.1657  sigreg=0.0711
  [supcon-sigreg-residual] epoch 8/10  supcon=4.1580  sigreg=0.0697
  [supcon-sigreg-residual] epoch 9/10  supcon=4.1563  sigreg=0.0684
  [supcon-sigreg-residual] epoch 10/10  supcon=4.1541  sigreg=0.0670

===== Part A: probe suite =====
  [supcon+simclr       ] probe=0.9503+-0.0006 acc=0.8730 supAUC=0.9916 eucl=0.5927 mahaT=0.5273 mahaPC=0.5509
  [supcon+hybrid[lam1] ] probe=0.9504+-0.0007 acc=0.8507 supAUC=0.9852 eucl=0.4624 mahaT=0.5821 mahaPC=0.5595
  [supcon+hybrid[lam5] ] probe=0.9478+-0.0005 acc=0.8499 supAUC=0.9854 eucl=0.4573 mahaT=0.5834 mahaPC=0.5513
  [ss[lam1]+hybrid     ] probe=0.9097+-0.0028 acc=0.8486 supAUC=0.9872 eucl=0.4772 mahaT=0.5156 mahaPC=0.4818
  [ss[lam5]+hybrid     ] probe=0.8584+-0.0007 acc=0.8958 supAUC=0.9923 eucl=0.5566 mahaT=0.4892 mahaPC=0.4801
  [hybrid->supres      ] probe=0.8898+-0.0004 acc=0.8619 supAUC=0.9876 eucl=0.6461 mahaT=0.5827 mahaPC=0.6825
  [supcon+res-simclr   ] probe=0.9475+-0.0004 acc=0.8567 supAUC=0.9893 eucl=0.5220 mahaT=0.5618 mahaPC=0.6592
  [cls->resfeat        ] probe=0.8633+-0.0008 acc=0.8823 supAUC=0.9909 eucl=0.6318 mahaT=0.4834 mahaPC=0.5280
  [feat->rescls        ] probe=0.8743+-0.0001 acc=0.8016 supAUC=0.9775 eucl=0.3665 mahaT=0.3172 mahaPC=0.3552

===== gaussianity =====
  metric                     supcon+simclrsupcon+hybrid[lam1]supcon+hybrid[lam5]ss[lam1]+hybridss[lam5]+hybridhybrid->supressupcon+res-simclr  cls->resfeat  feat->rescls
  eig min (class cov)                0.000         0.000         0.000         0.000         0.000         0.006         0.000         0.000         0.005
  eig max (class cov)                2.622         3.512         3.290         4.950         4.199         5.523         4.252         4.662         4.469
  eig cond worst                   47626.5       60311.9       59061.6       31937.2       13798.2         789.0       50681.7       18888.8         739.3
  class RMS min                      0.275         0.549         0.550         0.591         0.598         0.837         0.319         0.625         0.590
  class RMS mean                     0.335         0.602         0.604         0.650         0.661         0.896         0.409         0.648         0.652
  class RMS max                      0.399         0.655         0.646         0.705         0.709         0.946         0.528         0.675         0.706
  max |corr| (worst class)           0.995         0.995         0.995         0.994         0.969         0.736         0.995         0.969         0.941
  SW ratio mean                       6.92          4.79          4.21          4.40          3.84          3.07          9.83          4.51          3.70
  SW ratio worst                      8.94          6.30          4.91          5.20          5.02          3.72         23.64          5.84          4.33
  |skew| mean                        0.306         0.222         0.206         0.220         0.201         0.185         0.344         0.217         0.193
  |ex-kurt| mean                     0.369         0.315         0.289         0.296         0.290         0.210         0.477         0.326         0.252
  centroid dist min                   1.62          2.08          1.97          2.41          3.08          4.34          1.50          3.01          2.33
  centroid dist mean                  3.24          3.91          3.66          5.10          5.76          7.01          3.40          6.43          3.85
  separation (min d/RMS)              4.84          3.45          3.26          3.72          4.66          4.84          3.65          4.65          3.57

===== PRE power scan: supcon+hybrid[lam5] =====
  [supcon+hybrid[lam5]] per-event pre power=0.011
  [supcon+hybrid[lam5]] sparker
    pre-spk f=0.001: power=0.000 [0.000,0.036] (0/50)
    pre-spk f=0.003: power=0.020 [0.003,0.064] (1/50)
    pre-spk f=0.01: power=0.020 [0.003,0.064] (1/50)
    pre-spk f=0.02: power=0.020 [0.003,0.064] (1/50)
    pre-spk f=0.03: power=0.280 [0.213,0.357] (14/50)
    pre-spk f=0.1: power=1.000 [0.964,1.000] (50/50)
  [supcon+hybrid[lam5]] maha
    pre-maha f=0.001: power=0.040 [0.014,0.090] (2/50)
    pre-maha f=0.003: power=0.100 [0.058,0.162] (5/50)
    pre-maha f=0.01: power=0.020 [0.003,0.064] (1/50)
    pre-maha f=0.02: power=0.080 [0.042,0.138] (4/50)
    pre-maha f=0.03: power=0.120 [0.074,0.184] (6/50)
    pre-maha f=0.1: power=0.360 [0.286,0.440] (18/50)
  [supcon+hybrid[lam5]] mmd
    pre-mmd f=0.001: power=0.040 [0.014,0.090] (2/50)
    pre-mmd f=0.003: power=0.080 [0.042,0.138] (4/50)
    pre-mmd f=0.01: power=0.180 [0.124,0.251] (9/50)
    pre-mmd f=0.02: power=0.660 [0.581,0.732] (33/50)
    pre-mmd f=0.03: power=0.940 [0.885,0.972] (47/50)
    pre-mmd f=0.1: power=1.000 [0.964,1.000] (50/50)

===== PRE power scan: ss[lam5]+hybrid =====
  [ss[lam5]+hybrid] per-event pre power=0.020
  [ss[lam5]+hybrid] sparker
    pre-spk f=0.001: power=0.040 [0.014,0.090] (2/50)
    pre-spk f=0.003: power=0.020 [0.003,0.064] (1/50)
    pre-spk f=0.01: power=0.000 [0.000,0.036] (0/50)
    pre-spk f=0.02: power=0.020 [0.003,0.064] (1/50)
    pre-spk f=0.03: power=0.040 [0.014,0.090] (2/50)
    pre-spk f=0.1: power=1.000 [0.964,1.000] (50/50)
  [ss[lam5]+hybrid] maha
    pre-maha f=0.001: power=0.000 [0.000,0.036] (0/50)
    pre-maha f=0.003: power=0.020 [0.003,0.064] (1/50)
    pre-maha f=0.01: power=0.000 [0.000,0.036] (0/50)
    pre-maha f=0.02: power=0.060 [0.028,0.115] (3/50)
    pre-maha f=0.03: power=0.040 [0.014,0.090] (2/50)
    pre-maha f=0.1: power=0.000 [0.000,0.036] (0/50)
  [ss[lam5]+hybrid] mmd
    pre-mmd f=0.001: power=0.040 [0.014,0.090] (2/50)
    pre-mmd f=0.003: power=0.100 [0.058,0.162] (5/50)
    pre-mmd f=0.01: power=0.200 [0.141,0.273] (10/50)
    pre-mmd f=0.02: power=0.580 [0.500,0.657] (29/50)
    pre-mmd f=0.03: power=0.920 [0.862,0.958] (46/50)
    pre-mmd f=0.1: power=1.000 [0.964,1.000] (50/50)

===== PRE power scan: hybrid->supres =====
  [hybrid->supres] per-event pre power=0.050
  [hybrid->supres] sparker
    pre-spk f=0.001: power=0.080 [0.042,0.138] (4/50)
    pre-spk f=0.003: power=0.060 [0.028,0.115] (3/50)
    pre-spk f=0.01: power=0.020 [0.003,0.064] (1/50)
    pre-spk f=0.02: power=0.060 [0.028,0.115] (3/50)
    pre-spk f=0.03: power=0.240 [0.177,0.315] (12/50)
    pre-spk f=0.1: power=1.000 [0.964,1.000] (50/50)
  [hybrid->supres] maha
    pre-maha f=0.001: power=0.080 [0.042,0.138] (4/50)
    pre-maha f=0.003: power=0.160 [0.107,0.229] (8/50)
    pre-maha f=0.01: power=0.120 [0.074,0.184] (6/50)
    pre-maha f=0.02: power=0.420 [0.343,0.500] (21/50)
    pre-maha f=0.03: power=0.700 [0.622,0.769] (35/50)
    pre-maha f=0.1: power=1.000 [0.964,1.000] (50/50)
  [hybrid->supres] mmd
    pre-mmd f=0.001: power=0.040 [0.014,0.090] (2/50)
    pre-mmd f=0.003: power=0.040 [0.014,0.090] (2/50)
    pre-mmd f=0.01: power=0.140 [0.090,0.207] (7/50)
    pre-mmd f=0.02: power=0.320 [0.249,0.399] (16/50)
    pre-mmd f=0.03: power=0.900 [0.838,0.942] (45/50)
    pre-mmd f=0.1: power=1.000 [0.964,1.000] (50/50)

===== PRE power scan: cls->resfeat =====
  [cls->resfeat] per-event pre power=0.031
  [cls->resfeat] sparker
    pre-spk f=0.001: power=0.060 [0.028,0.115] (3/50)
    pre-spk f=0.003: power=0.080 [0.042,0.138] (4/50)
    pre-spk f=0.01: power=0.000 [0.000,0.036] (0/50)
    pre-spk f=0.02: power=0.060 [0.028,0.115] (3/50)
    pre-spk f=0.03: power=0.380 [0.305,0.460] (19/50)
    pre-spk f=0.1: power=1.000 [0.964,1.000] (50/50)
  [cls->resfeat] maha
    pre-maha f=0.001: power=0.000 [0.000,0.036] (0/50)
    pre-maha f=0.003: power=0.080 [0.042,0.138] (4/50)
    pre-maha f=0.01: power=0.020 [0.003,0.064] (1/50)
    pre-maha f=0.02: power=0.100 [0.058,0.162] (5/50)
    pre-maha f=0.03: power=0.040 [0.014,0.090] (2/50)
    pre-maha f=0.1: power=0.260 [0.194,0.336] (13/50)
  [cls->resfeat] mmd
    pre-mmd f=0.001: power=0.020 [0.003,0.064] (1/50)
    pre-mmd f=0.003: power=0.040 [0.014,0.090] (2/50)
    pre-mmd f=0.01: power=0.120 [0.074,0.184] (6/50)
    pre-mmd f=0.02: power=0.240 [0.177,0.315] (12/50)
    pre-mmd f=0.03: power=0.640 [0.560,0.714] (32/50)
    pre-mmd f=0.1: power=1.000 [0.964,1.000] (50/50)

===== PRE power scan: feat->rescls =====
  [feat->rescls] per-event pre power=0.007
  [feat->rescls] sparker
    pre-spk f=0.001: power=0.000 [0.000,0.036] (0/50)
    pre-spk f=0.003: power=0.020 [0.003,0.064] (1/50)
    pre-spk f=0.01: power=0.020 [0.003,0.064] (1/50)
    pre-spk f=0.02: power=0.020 [0.003,0.064] (1/50)
    pre-spk f=0.03: power=0.060 [0.028,0.115] (3/50)
    pre-spk f=0.1: power=1.000 [0.964,1.000] (50/50)
  [feat->rescls] maha
    pre-maha f=0.001: power=0.060 [0.028,0.115] (3/50)
    pre-maha f=0.003: power=0.020 [0.003,0.064] (1/50)
    pre-maha f=0.01: power=0.060 [0.028,0.115] (3/50)
    pre-maha f=0.02: power=0.000 [0.000,0.036] (0/50)
    pre-maha f=0.03: power=0.000 [0.000,0.036] (0/50)
    pre-maha f=0.1: power=0.000 [0.000,0.036] (0/50)
  [feat->rescls] mmd
    pre-mmd f=0.001: power=0.060 [0.028,0.115] (3/50)
    pre-mmd f=0.003: power=0.020 [0.003,0.064] (1/50)
    pre-mmd f=0.01: power=0.060 [0.028,0.115] (3/50)
    pre-mmd f=0.02: power=0.300 [0.231,0.378] (15/50)
    pre-mmd f=0.03: power=0.800 [0.727,0.859] (40/50)
    pre-mmd f=0.1: power=1.000 [0.964,1.000] (50/50)

===== POST scan, f=0.001 (45 injected) =====
  [sigreg+proto] epoch 1/5  sigreg=0.2072  proto=1.5745  min_dist=1.93  mean_dist=4.00
  [sigreg+proto] epoch 2/5  sigreg=0.1340  proto=0.9774  min_dist=2.44  mean_dist=4.52
  [sigreg+proto] epoch 3/5  sigreg=0.1306  proto=0.7474  min_dist=2.86  mean_dist=4.98
  [sigreg+proto] epoch 4/5  sigreg=0.1301  proto=0.6410  min_dist=3.23  mean_dist=5.40
  [sigreg+proto] epoch 5/5  sigreg=0.1264  proto=0.5678  min_dist=3.55  mean_dist=5.79
  round 1: pool=2250 purity=0.000 k-hat=4 anchors=4  margin=0.5166  mean-anchor=0.6080  deer=0.608
  [sigreg+proto] epoch 1/5  sigreg=0.1355  proto=0.9351  min_dist=2.56  mean_dist=5.92
  [sigreg+proto] epoch 2/5  sigreg=0.1328  proto=0.7872  min_dist=2.82  mean_dist=6.41
  [sigreg+proto] epoch 3/5  sigreg=0.1378  proto=0.7838  min_dist=2.97  mean_dist=6.85
  [sigreg+proto] epoch 4/5  sigreg=0.1439  proto=0.8191  min_dist=3.10  mean_dist=7.25
  [sigreg+proto] epoch 5/5  sigreg=0.1458  proto=0.8332  min_dist=3.22  mean_dist=7.63
  round 2: pool=2251 purity=0.000 k-hat=4 anchors=8  margin=0.5861  mean-anchor=0.7114  deer=0.711
  [supcon+hybrid[lam5]] per-event post f=0.001: power=0.018
  [supcon+hybrid[lam5]] sparker (post)
    post-spk f=0.001: power=0.000 [0.000,0.036] (0/50)
  [supcon+hybrid[lam5]] maha (post)
    post-maha f=0.001: power=0.100 [0.058,0.162] (5/50)
  [supcon+hybrid[lam5]] mmd (post)
    post-mmd f=0.001: power=0.040 [0.014,0.090] (2/50)
  [sigreg+proto] epoch 1/5  sigreg=0.1660  proto=1.1387  min_dist=3.25  mean_dist=6.55
  [sigreg+proto] epoch 2/5  sigreg=0.1387  proto=0.7130  min_dist=3.78  mean_dist=7.14
  [sigreg+proto] epoch 3/5  sigreg=0.1384  proto=0.6039  min_dist=4.29  mean_dist=7.68
  [sigreg+proto] epoch 4/5  sigreg=0.1380  proto=0.5848  min_dist=4.73  mean_dist=8.18
  [sigreg+proto] epoch 5/5  sigreg=0.1401  proto=0.6027  min_dist=5.10  mean_dist=8.65
  round 1: pool=2251 purity=0.000 k-hat=4 anchors=4  margin=0.6203  mean-anchor=0.6860  deer=0.686
  [sigreg+proto] epoch 1/5  sigreg=0.1544  proto=1.0864  min_dist=2.64  mean_dist=8.46
  [sigreg+proto] epoch 2/5  sigreg=0.1537  proto=0.9597  min_dist=3.15  mean_dist=8.94
  [sigreg+proto] epoch 3/5  sigreg=0.1567  proto=0.9583  min_dist=3.40  mean_dist=9.38
  [sigreg+proto] epoch 4/5  sigreg=0.1638  proto=1.0247  min_dist=3.50  mean_dist=9.79
  [sigreg+proto] epoch 5/5  sigreg=0.1677  proto=1.0617  min_dist=3.62  mean_dist=10.17
  round 2: pool=2250 purity=0.000 k-hat=4 anchors=8  margin=0.7093  mean-anchor=0.8713  deer=0.871
  [ss[lam5]+hybrid] per-event post f=0.001: power=0.064
  [ss[lam5]+hybrid] sparker (post)
    post-spk f=0.001: power=0.040 [0.014,0.090] (2/50)
  [ss[lam5]+hybrid] maha (post)
    post-maha f=0.001: power=0.080 [0.042,0.138] (4/50)
  [ss[lam5]+hybrid] mmd (post)
    post-mmd f=0.001: power=0.040 [0.014,0.090] (2/50)
  [sigreg+proto] epoch 1/5  sigreg=0.1310  proto=0.9148  min_dist=3.84  mean_dist=7.95
  [sigreg+proto] epoch 2/5  sigreg=0.1286  proto=0.7366  min_dist=4.27  mean_dist=8.56
  [sigreg+proto] epoch 3/5  sigreg=0.1297  proto=0.6684  min_dist=4.67  mean_dist=9.11
  [sigreg+proto] epoch 4/5  sigreg=0.1359  proto=0.7063  min_dist=5.04  mean_dist=9.60
  [sigreg+proto] epoch 5/5  sigreg=0.1423  proto=0.7510  min_dist=5.40  mean_dist=10.05
  round 1: pool=2257 purity=0.003 k-hat=4 anchors=4  margin=0.7479  mean-anchor=0.8392  deer=0.839
  [sigreg+proto] epoch 1/5  sigreg=0.1782  proto=1.4983  min_dist=2.45  mean_dist=9.61
  [sigreg+proto] epoch 2/5  sigreg=0.1716  proto=1.3392  min_dist=2.45  mean_dist=10.08
  [sigreg+proto] epoch 3/5  sigreg=0.1737  proto=1.3384  min_dist=2.48  mean_dist=10.50
  [sigreg+proto] epoch 4/5  sigreg=0.1793  proto=1.3582  min_dist=2.51  mean_dist=10.89
  [sigreg+proto] epoch 5/5  sigreg=0.1796  proto=1.3372  min_dist=2.55  mean_dist=11.25
  round 2: pool=2259 purity=0.004 k-hat=4 anchors=8  margin=0.7722  mean-anchor=0.8572  deer=0.857
  [hybrid->supres] per-event post f=0.001: power=0.168
  [hybrid->supres] sparker (post)
    post-spk f=0.001: power=0.120 [0.074,0.184] (6/50)
  [hybrid->supres] maha (post)
    post-maha f=0.001: power=0.060 [0.028,0.115] (3/50)
  [hybrid->supres] mmd (post)
    post-mmd f=0.001: power=0.060 [0.028,0.115] (3/50)
  [sigreg+proto] epoch 1/5  sigreg=0.1651  proto=1.1416  min_dist=3.00  mean_dist=6.42
  [sigreg+proto] epoch 2/5  sigreg=0.1401  proto=0.7034  min_dist=3.54  mean_dist=6.97
  [sigreg+proto] epoch 3/5  sigreg=0.1388  proto=0.5958  min_dist=4.01  mean_dist=7.49
  [sigreg+proto] epoch 4/5  sigreg=0.1376  proto=0.5522  min_dist=4.42  mean_dist=7.96
  [sigreg+proto] epoch 5/5  sigreg=0.1385  proto=0.5599  min_dist=4.76  mean_dist=8.41
  round 1: pool=2250 purity=0.000 k-hat=4 anchors=4  margin=0.6610  mean-anchor=0.7603  deer=0.760
  [sigreg+proto] epoch 1/5  sigreg=0.1586  proto=1.1886  min_dist=2.85  mean_dist=8.20
  [sigreg+proto] epoch 2/5  sigreg=0.1518  proto=0.9837  min_dist=3.34  mean_dist=8.68
  [sigreg+proto] epoch 3/5  sigreg=0.1543  proto=0.9796  min_dist=3.76  mean_dist=9.13
  [sigreg+proto] epoch 4/5  sigreg=0.1618  proto=0.9960  min_dist=4.14  mean_dist=9.54
  [sigreg+proto] epoch 5/5  sigreg=0.1652  proto=0.9899  min_dist=4.27  mean_dist=9.92
  round 2: pool=2261 purity=0.005 k-hat=4 anchors=8  margin=0.7717  mean-anchor=0.8940  deer=0.894
  [cls->resfeat] per-event post f=0.001: power=0.118
  [cls->resfeat] sparker (post)
    post-spk f=0.001: power=0.060 [0.028,0.115] (3/50)
  [cls->resfeat] maha (post)
    post-maha f=0.001: power=0.100 [0.058,0.162] (5/50)
  [cls->resfeat] mmd (post)
    post-mmd f=0.001: power=0.120 [0.074,0.184] (6/50)
  [sigreg+proto] epoch 1/5  sigreg=0.1392  proto=0.8912  min_dist=2.23  mean_dist=4.72
  [sigreg+proto] epoch 2/5  sigreg=0.1126  proto=0.6628  min_dist=2.66  mean_dist=5.28
  [sigreg+proto] epoch 3/5  sigreg=0.1114  proto=0.6005  min_dist=3.00  mean_dist=5.78
  [sigreg+proto] epoch 4/5  sigreg=0.1135  proto=0.5823  min_dist=3.28  mean_dist=6.25
  [sigreg+proto] epoch 5/5  sigreg=0.1159  proto=0.5848  min_dist=3.54  mean_dist=6.67
  round 1: pool=2250 purity=0.000 k-hat=4 anchors=4  margin=0.6074  mean-anchor=0.7539  deer=0.754
  [sigreg+proto] epoch 1/5  sigreg=0.1231  proto=0.9800  min_dist=2.31  mean_dist=6.57
  [sigreg+proto] epoch 2/5  sigreg=0.1252  proto=0.9055  min_dist=2.80  mean_dist=7.05
  [sigreg+proto] epoch 3/5  sigreg=0.1278  proto=0.8730  min_dist=3.21  mean_dist=7.48
  [sigreg+proto] epoch 4/5  sigreg=0.1334  proto=0.8923  min_dist=3.57  mean_dist=7.88
  [sigreg+proto] epoch 5/5  sigreg=0.1359  proto=0.8736  min_dist=3.89  mean_dist=8.26
  round 2: pool=2252 purity=0.001 k-hat=4 anchors=8  margin=0.6619  mean-anchor=0.8258  deer=0.826
  [feat->rescls] per-event post f=0.001: power=0.053
  [feat->rescls] sparker (post)
    post-spk f=0.001: power=0.080 [0.042,0.138] (4/50)
  [feat->rescls] maha (post)
    post-maha f=0.001: power=0.100 [0.058,0.162] (5/50)
  [feat->rescls] mmd (post)
    post-mmd f=0.001: power=0.020 [0.003,0.064] (1/50)

===== POST scan, f=0.003 (135 injected) =====
  [sigreg+proto] epoch 1/5  sigreg=0.2068  proto=1.4863  min_dist=1.99  mean_dist=4.39
  [sigreg+proto] epoch 2/5  sigreg=0.1345  proto=0.9249  min_dist=2.50  mean_dist=4.92
  [sigreg+proto] epoch 3/5  sigreg=0.1301  proto=0.7222  min_dist=2.93  mean_dist=5.40
  [sigreg+proto] epoch 4/5  sigreg=0.1293  proto=0.6330  min_dist=3.33  mean_dist=5.83
  [sigreg+proto] epoch 5/5  sigreg=0.1287  proto=0.5766  min_dist=3.69  mean_dist=6.23
  round 1: pool=2254 purity=0.002 k-hat=4 anchors=4  margin=0.5317  mean-anchor=0.6304  deer=0.630
  [sigreg+proto] epoch 1/5  sigreg=0.1359  proto=0.9281  min_dist=2.67  mean_dist=6.33
  [sigreg+proto] epoch 2/5  sigreg=0.1364  proto=0.8200  min_dist=2.75  mean_dist=6.82
  [sigreg+proto] epoch 3/5  sigreg=0.1392  proto=0.8033  min_dist=2.82  mean_dist=7.26
  [sigreg+proto] epoch 4/5  sigreg=0.1432  proto=0.8108  min_dist=2.89  mean_dist=7.67
  [sigreg+proto] epoch 5/5  sigreg=0.1493  proto=0.8527  min_dist=2.96  mean_dist=8.04
  round 2: pool=2252 purity=0.001 k-hat=4 anchors=8  margin=0.5621  mean-anchor=0.6789  deer=0.679
  [supcon+hybrid[lam5]] per-event post f=0.003: power=0.024
  [supcon+hybrid[lam5]] sparker (post)
    post-spk f=0.003: power=0.060 [0.028,0.115] (3/50)
  [supcon+hybrid[lam5]] maha (post)
    post-maha f=0.003: power=0.100 [0.058,0.162] (5/50)
  [supcon+hybrid[lam5]] mmd (post)
    post-mmd f=0.003: power=0.140 [0.090,0.207] (7/50)
  [sigreg+proto] epoch 1/5  sigreg=0.1659  proto=1.1844  min_dist=2.46  mean_dist=6.27
  [sigreg+proto] epoch 2/5  sigreg=0.1383  proto=0.7384  min_dist=2.98  mean_dist=6.83
  [sigreg+proto] epoch 3/5  sigreg=0.1380  proto=0.6202  min_dist=3.41  mean_dist=7.34
  [sigreg+proto] epoch 4/5  sigreg=0.1360  proto=0.5865  min_dist=3.79  mean_dist=7.82
  [sigreg+proto] epoch 5/5  sigreg=0.1345  proto=0.5571  min_dist=4.14  mean_dist=8.26
  round 1: pool=2256 purity=0.003 k-hat=4 anchors=4  margin=0.5812  mean-anchor=0.7822  deer=0.782
  [sigreg+proto] epoch 1/5  sigreg=0.1531  proto=1.1285  min_dist=3.30  mean_dist=8.09
  [sigreg+proto] epoch 2/5  sigreg=0.1502  proto=0.9872  min_dist=3.47  mean_dist=8.57
  [sigreg+proto] epoch 3/5  sigreg=0.1528  proto=0.9474  min_dist=3.61  mean_dist=9.01
  [sigreg+proto] epoch 4/5  sigreg=0.1612  proto=1.0224  min_dist=3.75  mean_dist=9.41
  [sigreg+proto] epoch 5/5  sigreg=0.1644  proto=1.0689  min_dist=3.87  mean_dist=9.79
  round 2: pool=2262 purity=0.005 k-hat=4 anchors=8  margin=0.7445  mean-anchor=0.8790  deer=0.879
  [ss[lam5]+hybrid] per-event post f=0.003: power=0.080
  [ss[lam5]+hybrid] sparker (post)
    post-spk f=0.003: power=0.020 [0.003,0.064] (1/50)
  [ss[lam5]+hybrid] maha (post)
    post-maha f=0.003: power=0.200 [0.141,0.273] (10/50)
  [ss[lam5]+hybrid] mmd (post)
    post-mmd f=0.003: power=0.040 [0.014,0.090] (2/50)
  [sigreg+proto] epoch 1/5  sigreg=0.1326  proto=0.9405  min_dist=3.88  mean_dist=7.95
  [sigreg+proto] epoch 2/5  sigreg=0.1284  proto=0.7507  min_dist=4.31  mean_dist=8.56
  [sigreg+proto] epoch 3/5  sigreg=0.1302  proto=0.7042  min_dist=4.70  mean_dist=9.11
  [sigreg+proto] epoch 4/5  sigreg=0.1371  proto=0.7016  min_dist=5.08  mean_dist=9.60
  [sigreg+proto] epoch 5/5  sigreg=0.1413  proto=0.7232  min_dist=5.42  mean_dist=10.06
  round 1: pool=2258 purity=0.004 k-hat=4 anchors=4  margin=0.7294  mean-anchor=0.7957  deer=0.796
  [sigreg+proto] epoch 1/5  sigreg=0.1750  proto=1.5303  min_dist=3.42  mean_dist=9.58
  [sigreg+proto] epoch 2/5  sigreg=0.1633  proto=1.3362  min_dist=3.60  mean_dist=10.05
  [sigreg+proto] epoch 3/5  sigreg=0.1690  proto=1.3025  min_dist=3.73  mean_dist=10.47
  [sigreg+proto] epoch 4/5  sigreg=0.1749  proto=1.3253  min_dist=3.87  mean_dist=10.87
  [sigreg+proto] epoch 5/5  sigreg=0.1802  proto=1.3571  min_dist=3.98  mean_dist=11.23
  round 2: pool=2274 purity=0.011 k-hat=4 anchors=8  margin=0.7910  mean-anchor=0.8227  deer=0.823
  [hybrid->supres] per-event post f=0.003: power=0.236
  [hybrid->supres] sparker (post)
    post-spk f=0.003: power=0.040 [0.014,0.090] (2/50)
  [hybrid->supres] maha (post)
    post-maha f=0.003: power=0.200 [0.141,0.273] (10/50)
  [hybrid->supres] mmd (post)
    post-mmd f=0.003: power=0.140 [0.090,0.207] (7/50)
  [sigreg+proto] epoch 1/5  sigreg=0.1622  proto=1.2022  min_dist=3.08  mean_dist=6.17
  [sigreg+proto] epoch 2/5  sigreg=0.1356  proto=0.7273  min_dist=3.58  mean_dist=6.73
  [sigreg+proto] epoch 3/5  sigreg=0.1336  proto=0.6091  min_dist=4.01  mean_dist=7.24
  [sigreg+proto] epoch 4/5  sigreg=0.1330  proto=0.5779  min_dist=4.39  mean_dist=7.72
  [sigreg+proto] epoch 5/5  sigreg=0.1339  proto=0.5333  min_dist=4.75  mean_dist=8.17
  round 1: pool=2254 purity=0.002 k-hat=4 anchors=4  margin=0.6290  mean-anchor=0.7302  deer=0.730
  [sigreg+proto] epoch 1/5  sigreg=0.1622  proto=1.1818  min_dist=3.11  mean_dist=7.96
  [sigreg+proto] epoch 2/5  sigreg=0.1533  proto=0.9654  min_dist=3.20  mean_dist=8.46
  [sigreg+proto] epoch 3/5  sigreg=0.1550  proto=0.9376  min_dist=3.28  mean_dist=8.91
  [sigreg+proto] epoch 4/5  sigreg=0.1624  proto=1.0319  min_dist=3.35  mean_dist=9.33
  [sigreg+proto] epoch 5/5  sigreg=0.1690  proto=1.0917  min_dist=3.40  mean_dist=9.71
  round 2: pool=2270 purity=0.009 k-hat=4 anchors=8  margin=0.7413  mean-anchor=0.8218  deer=0.822
  [cls->resfeat] per-event post f=0.003: power=0.091
  [cls->resfeat] sparker (post)
    post-spk f=0.003: power=0.060 [0.028,0.115] (3/50)
  [cls->resfeat] maha (post)
    post-maha f=0.003: power=0.200 [0.141,0.273] (10/50)
  [cls->resfeat] mmd (post)
    post-mmd f=0.003: power=0.140 [0.090,0.207] (7/50)
  [sigreg+proto] epoch 1/5  sigreg=0.1403  proto=0.9065  min_dist=2.23  mean_dist=4.72
  [sigreg+proto] epoch 2/5  sigreg=0.1124  proto=0.6626  min_dist=2.66  mean_dist=5.28
  [sigreg+proto] epoch 3/5  sigreg=0.1118  proto=0.5993  min_dist=3.04  mean_dist=5.78
  [sigreg+proto] epoch 4/5  sigreg=0.1125  proto=0.5660  min_dist=3.38  mean_dist=6.24
  [sigreg+proto] epoch 5/5  sigreg=0.1160  proto=0.5714  min_dist=3.70  mean_dist=6.67
  round 1: pool=2250 purity=0.000 k-hat=4 anchors=4  margin=0.6310  mean-anchor=0.7367  deer=0.737
  [sigreg+proto] epoch 1/5  sigreg=0.1260  proto=0.9667  min_dist=2.92  mean_dist=6.66
  [sigreg+proto] epoch 2/5  sigreg=0.1266  proto=0.8800  min_dist=3.33  mean_dist=7.17
  [sigreg+proto] epoch 3/5  sigreg=0.1303  proto=0.8653  min_dist=3.68  mean_dist=7.63
  [sigreg+proto] epoch 4/5  sigreg=0.1345  proto=0.8760  min_dist=4.01  mean_dist=8.06
  [sigreg+proto] epoch 5/5  sigreg=0.1405  proto=0.9150  min_dist=4.33  mean_dist=8.45
  round 2: pool=2256 purity=0.003 k-hat=4 anchors=8  margin=0.6143  mean-anchor=0.7259  deer=0.726
  [feat->rescls] per-event post f=0.003: power=0.021
  [feat->rescls] sparker (post)
    post-spk f=0.003: power=0.060 [0.028,0.115] (3/50)
  [feat->rescls] maha (post)
    post-maha f=0.003: power=0.040 [0.014,0.090] (2/50)
  [feat->rescls] mmd (post)
    post-mmd f=0.003: power=0.060 [0.028,0.115] (3/50)

===== POST scan, f=0.01 (455 injected) =====
  [sigreg+proto] epoch 1/5  sigreg=0.2085  proto=1.4759  min_dist=1.99  mean_dist=4.39
  [sigreg+proto] epoch 2/5  sigreg=0.1347  proto=0.9226  min_dist=2.50  mean_dist=4.92
  [sigreg+proto] epoch 3/5  sigreg=0.1294  proto=0.7241  min_dist=2.93  mean_dist=5.40
  [sigreg+proto] epoch 4/5  sigreg=0.1309  proto=0.6410  min_dist=3.33  mean_dist=5.83
  [sigreg+proto] epoch 5/5  sigreg=0.1278  proto=0.5884  min_dist=3.69  mean_dist=6.23
  round 1: pool=2254 purity=0.002 k-hat=4 anchors=4  margin=0.5686  mean-anchor=0.6597  deer=0.660
  [sigreg+proto] epoch 1/5  sigreg=0.1355  proto=0.9595  min_dist=2.54  mean_dist=6.38
  [sigreg+proto] epoch 2/5  sigreg=0.1338  proto=0.8252  min_dist=3.00  mean_dist=6.87
  [sigreg+proto] epoch 3/5  sigreg=0.1367  proto=0.7861  min_dist=3.18  mean_dist=7.32
  [sigreg+proto] epoch 4/5  sigreg=0.1413  proto=0.8094  min_dist=3.30  mean_dist=7.73
  [sigreg+proto] epoch 5/5  sigreg=0.1454  proto=0.8384  min_dist=3.42  mean_dist=8.11
  round 2: pool=2258 purity=0.004 k-hat=4 anchors=8  margin=0.5616  mean-anchor=0.6805  deer=0.680
  [supcon+hybrid[lam5]] per-event post f=0.01: power=0.019
  [supcon+hybrid[lam5]] sparker (post)
    post-spk f=0.01: power=0.080 [0.042,0.138] (4/50)
  [supcon+hybrid[lam5]] maha (post)
    post-maha f=0.01: power=0.200 [0.141,0.273] (10/50)
  [supcon+hybrid[lam5]] mmd (post)
    post-mmd f=0.01: power=0.180 [0.124,0.251] (9/50)
  [sigreg+proto] epoch 1/5  sigreg=0.1679  proto=1.1004  min_dist=3.02  mean_dist=6.71
  [sigreg+proto] epoch 2/5  sigreg=0.1390  proto=0.7225  min_dist=3.35  mean_dist=7.30
  [sigreg+proto] epoch 3/5  sigreg=0.1379  proto=0.6237  min_dist=3.67  mean_dist=7.84
  [sigreg+proto] epoch 4/5  sigreg=0.1388  proto=0.5960  min_dist=3.97  mean_dist=8.34
  [sigreg+proto] epoch 5/5  sigreg=0.1410  proto=0.5945  min_dist=4.26  mean_dist=8.80
  round 1: pool=2260 purity=0.004 k-hat=4 anchors=4  margin=0.6353  mean-anchor=0.7204  deer=0.720
  [sigreg+proto] epoch 1/5  sigreg=0.1557  proto=1.1093  min_dist=3.05  mean_dist=8.48
  [sigreg+proto] epoch 2/5  sigreg=0.1495  proto=0.9661  min_dist=3.55  mean_dist=8.96
  [sigreg+proto] epoch 3/5  sigreg=0.1501  proto=0.9298  min_dist=3.96  mean_dist=9.41
  [sigreg+proto] epoch 4/5  sigreg=0.1577  proto=0.9856  min_dist=4.33  mean_dist=9.83
  [sigreg+proto] epoch 5/5  sigreg=0.1629  proto=1.0050  min_dist=4.66  mean_dist=10.22
  round 2: pool=2287 purity=0.016 k-hat=4 anchors=8  margin=0.7545  mean-anchor=0.8189  deer=0.819
  [ss[lam5]+hybrid] per-event post f=0.01: power=0.144
  [ss[lam5]+hybrid] sparker (post)
    post-spk f=0.01: power=0.100 [0.058,0.162] (5/50)
  [ss[lam5]+hybrid] maha (post)
    post-maha f=0.01: power=0.200 [0.141,0.273] (10/50)
  [ss[lam5]+hybrid] mmd (post)
    post-mmd f=0.01: power=0.120 [0.074,0.184] (6/50)
  [sigreg+proto] epoch 1/5  sigreg=0.1327  proto=0.9559  min_dist=2.80  mean_dist=7.58
  [sigreg+proto] epoch 2/5  sigreg=0.1259  proto=0.7540  min_dist=3.39  mean_dist=8.17
  [sigreg+proto] epoch 3/5  sigreg=0.1313  proto=0.7242  min_dist=3.87  mean_dist=8.70
  [sigreg+proto] epoch 4/5  sigreg=0.1365  proto=0.7468  min_dist=4.28  mean_dist=9.18
  [sigreg+proto] epoch 5/5  sigreg=0.1416  proto=0.7498  min_dist=4.65  mean_dist=9.62
  round 1: pool=2285 purity=0.015 k-hat=4 anchors=4  margin=0.7440  mean-anchor=0.8142  deer=0.814
  [sigreg+proto] epoch 1/5  sigreg=0.1800  proto=1.5778  min_dist=4.03  mean_dist=9.24
  [sigreg+proto] epoch 2/5  sigreg=0.1684  proto=1.3519  min_dist=4.31  mean_dist=9.71
  [sigreg+proto] epoch 3/5  sigreg=0.1695  proto=1.3248  min_dist=4.57  mean_dist=10.14
  [sigreg+proto] epoch 4/5  sigreg=0.1740  proto=1.3223  min_dist=4.81  mean_dist=10.53
  [sigreg+proto] epoch 5/5  sigreg=0.1827  proto=1.3588  min_dist=4.98  mean_dist=10.89
  round 2: pool=2312 purity=0.027 k-hat=4 anchors=8  margin=0.8143  mean-anchor=0.8705  deer=0.870
  [hybrid->supres] per-event post f=0.01: power=0.208
  [hybrid->supres] sparker (post)
    post-spk f=0.01: power=0.280 [0.213,0.357] (14/50)
  [hybrid->supres] maha (post)
    post-maha f=0.01: power=0.120 [0.074,0.184] (6/50)
  [hybrid->supres] mmd (post)
    post-mmd f=0.01: power=0.100 [0.058,0.162] (5/50)
  [sigreg+proto] epoch 1/5  sigreg=0.1617  proto=1.1817  min_dist=3.08  mean_dist=6.17
  [sigreg+proto] epoch 2/5  sigreg=0.1373  proto=0.7387  min_dist=3.58  mean_dist=6.73
  [sigreg+proto] epoch 3/5  sigreg=0.1353  proto=0.6062  min_dist=4.01  mean_dist=7.24
  [sigreg+proto] epoch 4/5  sigreg=0.1343  proto=0.5796  min_dist=4.41  mean_dist=7.72
  [sigreg+proto] epoch 5/5  sigreg=0.1346  proto=0.5637  min_dist=4.77  mean_dist=8.17
  round 1: pool=2260 purity=0.004 k-hat=4 anchors=4  margin=0.6433  mean-anchor=0.7487  deer=0.749
  [sigreg+proto] epoch 1/5  sigreg=0.1598  proto=1.2432  min_dist=3.26  mean_dist=8.01
  [sigreg+proto] epoch 2/5  sigreg=0.1481  proto=0.9621  min_dist=3.77  mean_dist=8.50
  [sigreg+proto] epoch 3/5  sigreg=0.1505  proto=0.9482  min_dist=4.00  mean_dist=8.95
  [sigreg+proto] epoch 4/5  sigreg=0.1573  proto=0.9713  min_dist=4.17  mean_dist=9.37
  [sigreg+proto] epoch 5/5  sigreg=0.1622  proto=1.0087  min_dist=4.31  mean_dist=9.76
  round 2: pool=2308 purity=0.025 k-hat=4 anchors=8  margin=0.7249  mean-anchor=0.7925  deer=0.793
  [cls->resfeat] per-event post f=0.01: power=0.070
  [cls->resfeat] sparker (post)
    post-spk f=0.01: power=0.260 [0.194,0.336] (13/50)
  [cls->resfeat] maha (post)
    post-maha f=0.01: power=0.140 [0.090,0.207] (7/50)
  [cls->resfeat] mmd (post)
    post-mmd f=0.01: power=0.220 [0.159,0.294] (11/50)
  [sigreg+proto] epoch 1/5  sigreg=0.1437  proto=0.9049  min_dist=2.30  mean_dist=4.48
  [sigreg+proto] epoch 2/5  sigreg=0.1150  proto=0.6617  min_dist=2.76  mean_dist=5.04
  [sigreg+proto] epoch 3/5  sigreg=0.1149  proto=0.6070  min_dist=3.05  mean_dist=5.53
  [sigreg+proto] epoch 4/5  sigreg=0.1142  proto=0.5665  min_dist=3.35  mean_dist=5.98
  [sigreg+proto] epoch 5/5  sigreg=0.1172  proto=0.5512  min_dist=3.62  mean_dist=6.39
  round 1: pool=2253 purity=0.001 k-hat=4 anchors=4  margin=0.5498  mean-anchor=0.6982  deer=0.698
  [sigreg+proto] epoch 1/5  sigreg=0.1248  proto=0.9392  min_dist=2.78  mean_dist=6.35
  [sigreg+proto] epoch 2/5  sigreg=0.1263  proto=0.8529  min_dist=3.27  mean_dist=6.85
  [sigreg+proto] epoch 3/5  sigreg=0.1311  proto=0.8593  min_dist=3.71  mean_dist=7.30
  [sigreg+proto] epoch 4/5  sigreg=0.1364  proto=0.8751  min_dist=3.86  mean_dist=7.71
  [sigreg+proto] epoch 5/5  sigreg=0.1410  proto=0.8858  min_dist=3.93  mean_dist=8.10
  round 2: pool=2269 purity=0.008 k-hat=4 anchors=8  margin=0.5433  mean-anchor=0.6888  deer=0.689
  [feat->rescls] per-event post f=0.01: power=0.017
  [feat->rescls] sparker (post)
    post-spk f=0.01: power=0.140 [0.090,0.207] (7/50)
  [feat->rescls] maha (post)
    post-maha f=0.01: power=0.200 [0.141,0.273] (10/50)
  [feat->rescls] mmd (post)
    post-mmd f=0.01: power=0.060 [0.028,0.115] (3/50)

===== POST scan, f=0.02 (918 injected) =====
  [sigreg+proto] epoch 1/5  sigreg=0.2061  proto=1.5136  min_dist=2.00  mean_dist=4.40
  [sigreg+proto] epoch 2/5  sigreg=0.1323  proto=0.9320  min_dist=2.53  mean_dist=4.93
  [sigreg+proto] epoch 3/5  sigreg=0.1329  proto=0.7395  min_dist=2.95  mean_dist=5.41
  [sigreg+proto] epoch 4/5  sigreg=0.1299  proto=0.6522  min_dist=3.33  mean_dist=5.84
  [sigreg+proto] epoch 5/5  sigreg=0.1274  proto=0.6014  min_dist=3.66  mean_dist=6.24
  round 1: pool=2261 purity=0.005 k-hat=4 anchors=4  margin=0.5410  mean-anchor=0.6034  deer=0.603
  [sigreg+proto] epoch 1/5  sigreg=0.1364  proto=0.9244  min_dist=2.69  mean_dist=6.46
  [sigreg+proto] epoch 2/5  sigreg=0.1376  proto=0.8235  min_dist=3.16  mean_dist=6.94
  [sigreg+proto] epoch 3/5  sigreg=0.1385  proto=0.7969  min_dist=3.47  mean_dist=7.37
  [sigreg+proto] epoch 4/5  sigreg=0.1425  proto=0.7990  min_dist=3.65  mean_dist=7.77
  [sigreg+proto] epoch 5/5  sigreg=0.1449  proto=0.8350  min_dist=3.83  mean_dist=8.14
  round 2: pool=2276 purity=0.011 k-hat=4 anchors=8  margin=0.5809  mean-anchor=0.6704  deer=0.670
  [supcon+hybrid[lam5]] per-event post f=0.02: power=0.023
  [supcon+hybrid[lam5]] sparker (post)
    post-spk f=0.02: power=0.040 [0.014,0.090] (2/50)
  [supcon+hybrid[lam5]] maha (post)
    post-maha f=0.02: power=0.140 [0.090,0.207] (7/50)
  [supcon+hybrid[lam5]] mmd (post)
    post-mmd f=0.02: power=0.260 [0.194,0.336] (13/50)
  [sigreg+proto] epoch 1/5  sigreg=0.1645  proto=1.1810  min_dist=2.83  mean_dist=6.00
  [sigreg+proto] epoch 2/5  sigreg=0.1383  proto=0.7229  min_dist=3.34  mean_dist=6.60
  [sigreg+proto] epoch 3/5  sigreg=0.1374  proto=0.6268  min_dist=3.75  mean_dist=7.14
  [sigreg+proto] epoch 4/5  sigreg=0.1365  proto=0.5837  min_dist=4.12  mean_dist=7.64
  [sigreg+proto] epoch 5/5  sigreg=0.1357  proto=0.5837  min_dist=4.46  mean_dist=8.11
  round 1: pool=2266 purity=0.007 k-hat=3 anchors=3  margin=0.5916  mean-anchor=0.7632  deer=0.763
  [sigreg+proto] epoch 1/5  sigreg=0.1543  proto=1.1365  min_dist=3.40  mean_dist=7.99
  [sigreg+proto] epoch 2/5  sigreg=0.1512  proto=1.0026  min_dist=3.56  mean_dist=8.52
  [sigreg+proto] epoch 3/5  sigreg=0.1550  proto=0.9957  min_dist=3.63  mean_dist=9.00
  [sigreg+proto] epoch 4/5  sigreg=0.1619  proto=1.0775  min_dist=3.70  mean_dist=9.44
  [sigreg+proto] epoch 5/5  sigreg=0.1678  proto=1.1365  min_dist=3.77  mean_dist=9.84
  round 2: pool=2313 purity=0.027 k-hat=4 anchors=7  margin=0.7084  mean-anchor=0.7907  deer=0.791
  [ss[lam5]+hybrid] per-event post f=0.02: power=0.071
  [ss[lam5]+hybrid] sparker (post)
    post-spk f=0.02: power=0.440 [0.362,0.520] (22/50)
  [ss[lam5]+hybrid] maha (post)
    post-maha f=0.02: power=0.540 [0.460,0.618] (27/50)
  [ss[lam5]+hybrid] mmd (post)
    post-mmd f=0.02: power=0.260 [0.194,0.336] (13/50)
  [sigreg+proto] epoch 1/5  sigreg=0.1323  proto=0.9105  min_dist=3.80  mean_dist=7.93
  [sigreg+proto] epoch 2/5  sigreg=0.1282  proto=0.7282  min_dist=4.22  mean_dist=8.54
  [sigreg+proto] epoch 3/5  sigreg=0.1336  proto=0.7188  min_dist=4.61  mean_dist=9.08
  [sigreg+proto] epoch 4/5  sigreg=0.1369  proto=0.7231  min_dist=4.97  mean_dist=9.58
  [sigreg+proto] epoch 5/5  sigreg=0.1418  proto=0.7404  min_dist=5.33  mean_dist=10.03
  round 1: pool=2317 purity=0.029 k-hat=4 anchors=4  margin=0.7655  mean-anchor=0.7257  deer=0.726
  [sigreg+proto] epoch 1/5  sigreg=0.1925  proto=1.5063  min_dist=2.00  mean_dist=9.97
  [sigreg+proto] epoch 2/5  sigreg=0.1749  proto=1.2649  min_dist=2.50  mean_dist=10.42
  [sigreg+proto] epoch 3/5  sigreg=0.1785  proto=1.2993  min_dist=2.90  mean_dist=10.82
  [sigreg+proto] epoch 4/5  sigreg=0.1785  proto=1.2721  min_dist=3.23  mean_dist=11.20
  [sigreg+proto] epoch 5/5  sigreg=0.1868  proto=1.3402  min_dist=3.49  mean_dist=11.55
  round 2: pool=2353 purity=0.044 k-hat=4 anchors=8  margin=0.7900  mean-anchor=0.8407  deer=0.841
  [hybrid->supres] per-event post f=0.02: power=0.237
  [hybrid->supres] sparker (post)
    post-spk f=0.02: power=0.680 [0.601,0.751] (34/50)
  [hybrid->supres] maha (post)
    post-maha f=0.02: power=0.500 [0.421,0.579] (25/50)
  [hybrid->supres] mmd (post)
    post-mmd f=0.02: power=0.560 [0.480,0.638] (28/50)
  [sigreg+proto] epoch 1/5  sigreg=0.1626  proto=1.1811  min_dist=2.81  mean_dist=6.48
  [sigreg+proto] epoch 2/5  sigreg=0.1366  proto=0.7271  min_dist=3.36  mean_dist=7.04
  [sigreg+proto] epoch 3/5  sigreg=0.1369  proto=0.6270  min_dist=3.84  mean_dist=7.56
  [sigreg+proto] epoch 4/5  sigreg=0.1376  proto=0.5782  min_dist=4.27  mean_dist=8.04
  [sigreg+proto] epoch 5/5  sigreg=0.1367  proto=0.5737  min_dist=4.66  mean_dist=8.48
  round 1: pool=2280 purity=0.013 k-hat=4 anchors=4  margin=0.7136  mean-anchor=0.7933  deer=0.793
  [sigreg+proto] epoch 1/5  sigreg=0.1593  proto=1.1610  min_dist=2.48  mean_dist=8.32
  [sigreg+proto] epoch 2/5  sigreg=0.1516  proto=0.9508  min_dist=2.68  mean_dist=8.81
  [sigreg+proto] epoch 3/5  sigreg=0.1557  proto=0.9279  min_dist=2.86  mean_dist=9.25
  [sigreg+proto] epoch 4/5  sigreg=0.1595  proto=0.9621  min_dist=3.03  mean_dist=9.67
  [sigreg+proto] epoch 5/5  sigreg=0.1630  proto=0.9770  min_dist=3.19  mean_dist=10.06
  round 2: pool=2328 purity=0.034 k-hat=4 anchors=8  margin=0.7842  mean-anchor=0.8119  deer=0.812
  [cls->resfeat] per-event post f=0.02: power=0.214
  [cls->resfeat] sparker (post)
    post-spk f=0.02: power=0.340 [0.268,0.419] (17/50)
  [cls->resfeat] maha (post)
    post-maha f=0.02: power=0.740 [0.664,0.806] (37/50)
  [cls->resfeat] mmd (post)
    post-mmd f=0.02: power=0.440 [0.362,0.520] (22/50)
  [sigreg+proto] epoch 1/5  sigreg=0.1405  proto=0.9024  min_dist=2.08  mean_dist=4.64
  [sigreg+proto] epoch 2/5  sigreg=0.1157  proto=0.6561  min_dist=2.60  mean_dist=5.18
  [sigreg+proto] epoch 3/5  sigreg=0.1117  proto=0.5888  min_dist=3.03  mean_dist=5.67
  [sigreg+proto] epoch 4/5  sigreg=0.1144  proto=0.5650  min_dist=3.32  mean_dist=6.12
  [sigreg+proto] epoch 5/5  sigreg=0.1171  proto=0.5746  min_dist=3.60  mean_dist=6.53
  round 1: pool=2254 purity=0.002 k-hat=4 anchors=4  margin=0.6153  mean-anchor=0.7471  deer=0.747
  [sigreg+proto] epoch 1/5  sigreg=0.1292  proto=1.0308  min_dist=2.72  mean_dist=6.56
  [sigreg+proto] epoch 2/5  sigreg=0.1271  proto=0.8766  min_dist=3.17  mean_dist=7.05
  [sigreg+proto] epoch 3/5  sigreg=0.1324  proto=0.8763  min_dist=3.55  mean_dist=7.50
  [sigreg+proto] epoch 4/5  sigreg=0.1376  proto=0.8957  min_dist=3.83  mean_dist=7.91
  [sigreg+proto] epoch 5/5  sigreg=0.1436  proto=0.9256  min_dist=3.97  mean_dist=8.29
  round 2: pool=2289 purity=0.017 k-hat=4 anchors=8  margin=0.6256  mean-anchor=0.7934  deer=0.793
  [feat->rescls] per-event post f=0.02: power=0.058
  [feat->rescls] sparker (post)
    post-spk f=0.02: power=0.280 [0.213,0.357] (14/50)
  [feat->rescls] maha (post)
    post-maha f=0.02: power=0.260 [0.194,0.336] (13/50)
  [feat->rescls] mmd (post)
    post-mmd f=0.02: power=0.100 [0.058,0.162] (5/50)

===== POST scan, f=0.03 (1392 injected) =====
  [sigreg+proto] epoch 1/5  sigreg=0.2076  proto=1.4359  min_dist=2.20  mean_dist=4.58
  [sigreg+proto] epoch 2/5  sigreg=0.1333  proto=0.8729  min_dist=2.71  mean_dist=5.12
  [sigreg+proto] epoch 3/5  sigreg=0.1304  proto=0.7027  min_dist=3.12  mean_dist=5.59
  [sigreg+proto] epoch 4/5  sigreg=0.1293  proto=0.6143  min_dist=3.48  mean_dist=6.03
  [sigreg+proto] epoch 5/5  sigreg=0.1282  proto=0.5562  min_dist=3.80  mean_dist=6.43
  round 1: pool=2269 purity=0.008 k-hat=4 anchors=4  margin=0.5465  mean-anchor=0.6287  deer=0.629
  [sigreg+proto] epoch 1/5  sigreg=0.1386  proto=0.9452  min_dist=2.78  mean_dist=6.61
  [sigreg+proto] epoch 2/5  sigreg=0.1349  proto=0.8069  min_dist=3.14  mean_dist=7.10
  [sigreg+proto] epoch 3/5  sigreg=0.1384  proto=0.7596  min_dist=3.50  mean_dist=7.55
  [sigreg+proto] epoch 4/5  sigreg=0.1402  proto=0.7694  min_dist=3.86  mean_dist=7.96
  [sigreg+proto] epoch 5/5  sigreg=0.1461  proto=0.8088  min_dist=4.20  mean_dist=8.34
  round 2: pool=2278 purity=0.012 k-hat=4 anchors=8  margin=0.5678  mean-anchor=0.7042  deer=0.704
  [supcon+hybrid[lam5]] per-event post f=0.03: power=0.035
  [supcon+hybrid[lam5]] sparker (post)
    post-spk f=0.03: power=0.540 [0.460,0.618] (27/50)
  [supcon+hybrid[lam5]] maha (post)
    post-maha f=0.03: power=0.300 [0.231,0.378] (15/50)
  [supcon+hybrid[lam5]] mmd (post)
    post-mmd f=0.03: power=0.780 [0.706,0.841] (39/50)
  [sigreg+proto] epoch 1/5  sigreg=0.1665  proto=1.1381  min_dist=2.64  mean_dist=6.52
  [sigreg+proto] epoch 2/5  sigreg=0.1387  proto=0.7263  min_dist=3.16  mean_dist=7.09
  [sigreg+proto] epoch 3/5  sigreg=0.1383  proto=0.6238  min_dist=3.61  mean_dist=7.61
  [sigreg+proto] epoch 4/5  sigreg=0.1385  proto=0.5974  min_dist=4.01  mean_dist=8.10
  [sigreg+proto] epoch 5/5  sigreg=0.1386  proto=0.5827  min_dist=4.36  mean_dist=8.56
  round 1: pool=2288 purity=0.017 k-hat=4 anchors=4  margin=0.6889  mean-anchor=0.7604  deer=0.760
  [sigreg+proto] epoch 1/5  sigreg=0.1533  proto=1.1156  min_dist=3.12  mean_dist=8.34
  [sigreg+proto] epoch 2/5  sigreg=0.1486  proto=0.9583  min_dist=3.60  mean_dist=8.81
  [sigreg+proto] epoch 3/5  sigreg=0.1517  proto=0.9468  min_dist=4.01  mean_dist=9.25
  [sigreg+proto] epoch 4/5  sigreg=0.1586  proto=0.9704  min_dist=4.37  mean_dist=9.66
  [sigreg+proto] epoch 5/5  sigreg=0.1633  proto=1.0164  min_dist=4.70  mean_dist=10.04
  round 2: pool=2339 purity=0.038 k-hat=4 anchors=8  margin=0.7684  mean-anchor=0.8373  deer=0.837
  [ss[lam5]+hybrid] per-event post f=0.03: power=0.173
  [ss[lam5]+hybrid] sparker (post)
    post-spk f=0.03: power=0.800 [0.727,0.859] (40/50)
  [ss[lam5]+hybrid] maha (post)
    post-maha f=0.03: power=0.540 [0.460,0.618] (27/50)
  [ss[lam5]+hybrid] mmd (post)
    post-mmd f=0.03: power=0.560 [0.480,0.638] (28/50)
  [sigreg+proto] epoch 1/5  sigreg=0.1320  proto=0.9570  min_dist=2.84  mean_dist=7.57
  [sigreg+proto] epoch 2/5  sigreg=0.1282  proto=0.7772  min_dist=3.47  mean_dist=8.15
  [sigreg+proto] epoch 3/5  sigreg=0.1332  proto=0.7363  min_dist=3.99  mean_dist=8.68
  [sigreg+proto] epoch 4/5  sigreg=0.1362  proto=0.7355  min_dist=4.43  mean_dist=9.16
  [sigreg+proto] epoch 5/5  sigreg=0.1401  proto=0.7510  min_dist=4.82  mean_dist=9.61
  round 1: pool=2367 purity=0.049 k-hat=4 anchors=4  margin=0.7904  mean-anchor=0.8573  deer=0.857
  [sigreg+proto] epoch 1/5  sigreg=0.1741  proto=1.5257  min_dist=3.75  mean_dist=9.13
  [sigreg+proto] epoch 2/5  sigreg=0.1641  proto=1.3328  min_dist=3.83  mean_dist=9.58
  [sigreg+proto] epoch 3/5  sigreg=0.1712  proto=1.3649  min_dist=3.92  mean_dist=10.00
  [sigreg+proto] epoch 4/5  sigreg=0.1731  proto=1.3172  min_dist=4.02  mean_dist=10.39
  [sigreg+proto] epoch 5/5  sigreg=0.1810  proto=1.4172  min_dist=4.14  mean_dist=10.74
  round 2: pool=2404 purity=0.064 k-hat=4 anchors=8  margin=0.8311  mean-anchor=0.8736  deer=0.874
  [hybrid->supres] per-event post f=0.03: power=0.271
  [hybrid->supres] sparker (post)
    post-spk f=0.03: power=0.920 [0.862,0.958] (46/50)
  [hybrid->supres] maha (post)
    post-maha f=0.03: power=0.720 [0.643,0.787] (36/50)
  [hybrid->supres] mmd (post)
    post-mmd f=0.03: power=0.840 [0.771,0.893] (42/50)
  [sigreg+proto] epoch 1/5  sigreg=0.1632  proto=1.0819  min_dist=3.04  mean_dist=6.57
  [sigreg+proto] epoch 2/5  sigreg=0.1398  proto=0.7133  min_dist=3.48  mean_dist=7.15
  [sigreg+proto] epoch 3/5  sigreg=0.1388  proto=0.6120  min_dist=3.95  mean_dist=7.69
  [sigreg+proto] epoch 4/5  sigreg=0.1384  proto=0.5656  min_dist=4.40  mean_dist=8.18
  [sigreg+proto] epoch 5/5  sigreg=0.1365  proto=0.5585  min_dist=4.82  mean_dist=8.64
  round 1: pool=2291 purity=0.018 k-hat=4 anchors=4  margin=0.6606  mean-anchor=0.7074  deer=0.707
  [sigreg+proto] epoch 1/5  sigreg=0.1586  proto=1.1331  min_dist=3.24  mean_dist=8.56
  [sigreg+proto] epoch 2/5  sigreg=0.1505  proto=0.9334  min_dist=3.73  mean_dist=9.04
  [sigreg+proto] epoch 3/5  sigreg=0.1550  proto=0.9748  min_dist=4.07  mean_dist=9.49
  [sigreg+proto] epoch 4/5  sigreg=0.1605  proto=0.9803  min_dist=4.17  mean_dist=9.90
  [sigreg+proto] epoch 5/5  sigreg=0.1671  proto=1.0406  min_dist=4.28  mean_dist=10.28
  round 2: pool=2423 purity=0.071 k-hat=4 anchors=8  margin=0.8121  mean-anchor=0.8783  deer=0.878
  [cls->resfeat] per-event post f=0.03: power=0.241
  [cls->resfeat] sparker (post)
    post-spk f=0.03: power=0.920 [0.862,0.958] (46/50)
  [cls->resfeat] maha (post)
    post-maha f=0.03: power=0.760 [0.685,0.823] (38/50)
  [cls->resfeat] mmd (post)
    post-mmd f=0.03: power=0.880 [0.816,0.926] (44/50)
  [sigreg+proto] epoch 1/5  sigreg=0.1403  proto=0.9224  min_dist=1.77  mean_dist=4.57
  [sigreg+proto] epoch 2/5  sigreg=0.1135  proto=0.6831  min_dist=2.21  mean_dist=5.13
  [sigreg+proto] epoch 3/5  sigreg=0.1119  proto=0.5965  min_dist=2.58  mean_dist=5.62
  [sigreg+proto] epoch 4/5  sigreg=0.1132  proto=0.5669  min_dist=2.89  mean_dist=6.08
  [sigreg+proto] epoch 5/5  sigreg=0.1140  proto=0.5540  min_dist=3.18  mean_dist=6.50
  round 1: pool=2257 purity=0.003 k-hat=4 anchors=4  margin=0.5385  mean-anchor=0.7278  deer=0.728
  [sigreg+proto] epoch 1/5  sigreg=0.1256  proto=0.9093  min_dist=2.56  mean_dist=6.64
  [sigreg+proto] epoch 2/5  sigreg=0.1267  proto=0.8228  min_dist=3.04  mean_dist=7.12
  [sigreg+proto] epoch 3/5  sigreg=0.1313  proto=0.8264  min_dist=3.19  mean_dist=7.56
  [sigreg+proto] epoch 4/5  sigreg=0.1378  proto=0.8641  min_dist=3.21  mean_dist=7.96
  [sigreg+proto] epoch 5/5  sigreg=0.1428  proto=0.9177  min_dist=3.23  mean_dist=8.34
  round 2: pool=2312 purity=0.027 k-hat=4 anchors=8  margin=0.6789  mean-anchor=0.8387  deer=0.839
  [feat->rescls] per-event post f=0.03: power=0.045
  [feat->rescls] sparker (post)
    post-spk f=0.03: power=0.420 [0.343,0.500] (21/50)
  [feat->rescls] maha (post)
    post-maha f=0.03: power=0.280 [0.213,0.357] (14/50)
  [feat->rescls] mmd (post)
    post-mmd f=0.03: power=0.360 [0.286,0.440] (18/50)

===== POST scan, f=0.1 (5000 injected) =====
  [sigreg+proto] epoch 1/5  sigreg=0.2029  proto=1.5616  min_dist=1.87  mean_dist=4.31
  [sigreg+proto] epoch 2/5  sigreg=0.1353  proto=0.9786  min_dist=2.20  mean_dist=4.84
  [sigreg+proto] epoch 3/5  sigreg=0.1305  proto=0.7611  min_dist=2.47  mean_dist=5.31
  [sigreg+proto] epoch 4/5  sigreg=0.1302  proto=0.6566  min_dist=2.72  mean_dist=5.74
  [sigreg+proto] epoch 5/5  sigreg=0.1270  proto=0.5879  min_dist=2.95  mean_dist=6.13
  round 1: pool=2312 purity=0.027 k-hat=4 anchors=4  margin=0.5884  mean-anchor=0.6959  deer=0.696
  [sigreg+proto] epoch 1/5  sigreg=0.1357  proto=0.9368  min_dist=2.40  mean_dist=6.35
  [sigreg+proto] epoch 2/5  sigreg=0.1330  proto=0.7978  min_dist=2.44  mean_dist=6.84
  [sigreg+proto] epoch 3/5  sigreg=0.1386  proto=0.8097  min_dist=2.48  mean_dist=7.28
  [sigreg+proto] epoch 4/5  sigreg=0.1409  proto=0.8119  min_dist=2.53  mean_dist=7.69
  [sigreg+proto] epoch 5/5  sigreg=0.1474  proto=0.8905  min_dist=2.58  mean_dist=8.06
  round 2: pool=2376 purity=0.053 k-hat=4 anchors=8  margin=0.6814  mean-anchor=0.7994  deer=0.799
  [supcon+hybrid[lam5]] per-event post f=0.1: power=0.126
  [supcon+hybrid[lam5]] sparker (post)
    post-spk f=0.1: power=1.000 [0.964,1.000] (50/50)
  [supcon+hybrid[lam5]] maha (post)
    post-maha f=0.1: power=0.960 [0.910,0.986] (48/50)
  [supcon+hybrid[lam5]] mmd (post)
    post-mmd f=0.1: power=1.000 [0.964,1.000] (50/50)
  [sigreg+proto] epoch 1/5  sigreg=0.1659  proto=1.1010  min_dist=2.63  mean_dist=6.64
  [sigreg+proto] epoch 2/5  sigreg=0.1385  proto=0.7120  min_dist=3.16  mean_dist=7.18
  [sigreg+proto] epoch 3/5  sigreg=0.1372  proto=0.6105  min_dist=3.63  mean_dist=7.68
  [sigreg+proto] epoch 4/5  sigreg=0.1363  proto=0.5745  min_dist=4.08  mean_dist=8.16
  [sigreg+proto] epoch 5/5  sigreg=0.1378  proto=0.5741  min_dist=4.49  mean_dist=8.60
  round 1: pool=2355 purity=0.045 k-hat=4 anchors=4  margin=0.6897  mean-anchor=0.7678  deer=0.768
  [sigreg+proto] epoch 1/5  sigreg=0.1534  proto=1.0758  min_dist=2.14  mean_dist=8.49
  [sigreg+proto] epoch 2/5  sigreg=0.1503  proto=0.9355  min_dist=2.64  mean_dist=8.95
  [sigreg+proto] epoch 3/5  sigreg=0.1525  proto=0.9113  min_dist=3.03  mean_dist=9.37
  [sigreg+proto] epoch 4/5  sigreg=0.1592  proto=0.9439  min_dist=3.35  mean_dist=9.77
  [sigreg+proto] epoch 5/5  sigreg=0.1635  proto=0.9804  min_dist=3.64  mean_dist=10.14
  round 2: pool=2726 purity=0.175 k-hat=4 anchors=8  margin=0.8061  mean-anchor=0.9053  deer=0.905
  [ss[lam5]+hybrid] per-event post f=0.1: power=0.243
  [ss[lam5]+hybrid] sparker (post)
    post-spk f=0.1: power=1.000 [0.964,1.000] (50/50)
  [ss[lam5]+hybrid] maha (post)
    post-maha f=0.1: power=1.000 [0.964,1.000] (50/50)
  [ss[lam5]+hybrid] mmd (post)
    post-mmd f=0.1: power=1.000 [0.964,1.000] (50/50)
  [sigreg+proto] epoch 1/5  sigreg=0.1313  proto=0.9099  min_dist=3.84  mean_dist=7.93
  [sigreg+proto] epoch 2/5  sigreg=0.1273  proto=0.7257  min_dist=4.26  mean_dist=8.55
  [sigreg+proto] epoch 3/5  sigreg=0.1318  proto=0.7132  min_dist=4.66  mean_dist=9.10
  [sigreg+proto] epoch 4/5  sigreg=0.1363  proto=0.7069  min_dist=5.04  mean_dist=9.60
  [sigreg+proto] epoch 5/5  sigreg=0.1422  proto=0.7513  min_dist=5.39  mean_dist=10.05
  round 1: pool=2648 purity=0.150 k-hat=4 anchors=4  margin=0.8190  mean-anchor=0.8647  deer=0.865
  [sigreg+proto] epoch 1/5  sigreg=0.1715  proto=1.4668  min_dist=2.07  mean_dist=9.63
  [sigreg+proto] epoch 2/5  sigreg=0.1666  proto=1.3223  min_dist=2.14  mean_dist=10.12
  [sigreg+proto] epoch 3/5  sigreg=0.1686  proto=1.2949  min_dist=2.21  mean_dist=10.57
  [sigreg+proto] epoch 4/5  sigreg=0.1768  proto=1.3489  min_dist=2.28  mean_dist=10.98
  [sigreg+proto] epoch 5/5  sigreg=0.1807  proto=1.3589  min_dist=2.34  mean_dist=11.35
  round 2: pool=2584 purity=0.129 k-hat=4 anchors=8  margin=0.8180  mean-anchor=0.8229  deer=0.823
  [hybrid->supres] per-event post f=0.1: power=0.254
  [hybrid->supres] sparker (post)
    post-spk f=0.1: power=1.000 [0.964,1.000] (50/50)
  [hybrid->supres] maha (post)
    post-maha f=0.1: power=1.000 [0.964,1.000] (50/50)
  [hybrid->supres] mmd (post)
    post-mmd f=0.1: power=1.000 [0.964,1.000] (50/50)
  [sigreg+proto] epoch 1/5  sigreg=0.1660  proto=1.1227  min_dist=2.97  mean_dist=6.40
  [sigreg+proto] epoch 2/5  sigreg=0.1384  proto=0.7081  min_dist=3.51  mean_dist=6.96
  [sigreg+proto] epoch 3/5  sigreg=0.1394  proto=0.6012  min_dist=3.97  mean_dist=7.47
  [sigreg+proto] epoch 4/5  sigreg=0.1385  proto=0.5637  min_dist=4.39  mean_dist=7.95
  [sigreg+proto] epoch 5/5  sigreg=0.1387  proto=0.5535  min_dist=4.77  mean_dist=8.39
  round 1: pool=2401 purity=0.063 k-hat=4 anchors=4  margin=0.7853  mean-anchor=0.8776  deer=0.878
  [sigreg+proto] epoch 1/5  sigreg=0.1545  proto=1.1285  min_dist=2.70  mean_dist=8.26
  [sigreg+proto] epoch 2/5  sigreg=0.1487  proto=0.9578  min_dist=3.21  mean_dist=8.73
  [sigreg+proto] epoch 3/5  sigreg=0.1526  proto=0.9312  min_dist=3.63  mean_dist=9.16
  [sigreg+proto] epoch 4/5  sigreg=0.1601  proto=0.9691  min_dist=3.99  mean_dist=9.56
  [sigreg+proto] epoch 5/5  sigreg=0.1642  proto=0.9947  min_dist=4.30  mean_dist=9.94
  round 2: pool=2561 purity=0.121 k-hat=4 anchors=8  margin=0.8614  mean-anchor=0.8268  deer=0.827
  [cls->resfeat] per-event post f=0.1: power=0.419
  [cls->resfeat] sparker (post)
    post-spk f=0.1: power=1.000 [0.964,1.000] (50/50)
  [cls->resfeat] maha (post)
    post-maha f=0.1: power=1.000 [0.964,1.000] (50/50)
  [cls->resfeat] mmd (post)
    post-mmd f=0.1: power=1.000 [0.964,1.000] (50/50)
  [sigreg+proto] epoch 1/5  sigreg=0.1412  proto=0.9102  min_dist=2.27  mean_dist=4.76
  [sigreg+proto] epoch 2/5  sigreg=0.1129  proto=0.6632  min_dist=2.79  mean_dist=5.33
  [sigreg+proto] epoch 3/5  sigreg=0.1115  proto=0.6016  min_dist=3.08  mean_dist=5.83
  [sigreg+proto] epoch 4/5  sigreg=0.1140  proto=0.5858  min_dist=3.37  mean_dist=6.30
  [sigreg+proto] epoch 5/5  sigreg=0.1150  proto=0.5823  min_dist=3.65  mean_dist=6.72
  round 1: pool=2271 purity=0.009 k-hat=4 anchors=4  margin=0.5857  mean-anchor=0.7283  deer=0.728
  [sigreg+proto] epoch 1/5  sigreg=0.1261  proto=0.9576  min_dist=2.94  mean_dist=6.70
  [sigreg+proto] epoch 2/5  sigreg=0.1265  proto=0.8463  min_dist=3.44  mean_dist=7.20
  [sigreg+proto] epoch 3/5  sigreg=0.1299  proto=0.8402  min_dist=3.66  mean_dist=7.65
  [sigreg+proto] epoch 4/5  sigreg=0.1357  proto=0.8838  min_dist=3.80  mean_dist=8.07
  [sigreg+proto] epoch 5/5  sigreg=0.1393  proto=0.8842  min_dist=3.92  mean_dist=8.46
  round 2: pool=2371 purity=0.051 k-hat=4 anchors=8  margin=0.5934  mean-anchor=0.7581  deer=0.758
  [feat->rescls] per-event post f=0.1: power=0.035
  [feat->rescls] sparker (post)
    post-spk f=0.1: power=1.000 [0.964,1.000] (50/50)
  [feat->rescls] maha (post)
    post-maha f=0.1: power=0.920 [0.862,0.958] (46/50)
  [feat->rescls] mmd (post)
    post-mmd f=0.1: power=1.000 [0.964,1.000] (50/50)

===== EXP34I PEREVENT POWER SUMMARY (alpha=0.05) =====
  arm                     kind    0.001    0.003     0.01     0.02     0.03      0.1
  supcon+hybrid[lam5]      pre    0.011    0.011    0.011    0.011    0.011    0.011
  supcon+hybrid[lam5]     post    0.018    0.024    0.019    0.023    0.035    0.126
  ss[lam5]+hybrid          pre    0.020    0.020    0.020    0.020    0.020    0.020
  ss[lam5]+hybrid         post    0.064    0.080    0.144    0.071    0.173    0.243
  hybrid->supres           pre    0.050    0.050    0.050    0.050    0.050    0.050
  hybrid->supres          post    0.168    0.236    0.208    0.237    0.271    0.254
  cls->resfeat             pre    0.031    0.031    0.031    0.031    0.031    0.031
  cls->resfeat            post    0.118    0.091    0.070    0.214    0.241    0.419
  feat->rescls             pre    0.007    0.007    0.007    0.007    0.007    0.007
  feat->rescls            post    0.053    0.021    0.017    0.058    0.045    0.035
saved /home/pharris/sigreg/SuperSig/plots/exp34i_perevent_power_cifar10.png

===== EXP34I SPARKER POWER SUMMARY (alpha=0.05) =====
  arm                     kind    0.001    0.003     0.01     0.02     0.03      0.1
  supcon+hybrid[lam5]      pre    0.000    0.020    0.020    0.020    0.280    1.000
  supcon+hybrid[lam5]     post    0.000    0.060    0.080    0.040    0.540    1.000
  ss[lam5]+hybrid          pre    0.040    0.020    0.000    0.020    0.040    1.000
  ss[lam5]+hybrid         post    0.040    0.020    0.100    0.440    0.800    1.000
  hybrid->supres           pre    0.080    0.060    0.020    0.060    0.240    1.000
  hybrid->supres          post    0.120    0.040    0.280    0.680    0.920    1.000
  cls->resfeat             pre    0.060    0.080    0.000    0.060    0.380    1.000
  cls->resfeat            post    0.060    0.060    0.260    0.340    0.920    1.000
  feat->rescls             pre    0.000    0.020    0.020    0.020    0.060    1.000
  feat->rescls            post    0.080    0.060    0.140    0.280    0.420    1.000
saved /home/pharris/sigreg/SuperSig/plots/exp34i_sparker_power_cifar10.png

===== EXP34I MAHA POWER SUMMARY (alpha=0.05) =====
  arm                     kind    0.001    0.003     0.01     0.02     0.03      0.1
  supcon+hybrid[lam5]      pre    0.040    0.100    0.020    0.080    0.120    0.360
  supcon+hybrid[lam5]     post    0.100    0.100    0.200    0.140    0.300    0.960
  ss[lam5]+hybrid          pre    0.000    0.020    0.000    0.060    0.040    0.000
  ss[lam5]+hybrid         post    0.080    0.200    0.200    0.540    0.540    1.000
  hybrid->supres           pre    0.080    0.160    0.120    0.420    0.700    1.000
  hybrid->supres          post    0.060    0.200    0.120    0.500    0.720    1.000
  cls->resfeat             pre    0.000    0.080    0.020    0.100    0.040    0.260
  cls->resfeat            post    0.100    0.200    0.140    0.740    0.760    1.000
  feat->rescls             pre    0.060    0.020    0.060    0.000    0.000    0.000
  feat->rescls            post    0.100    0.040    0.200    0.260    0.280    0.920
saved /home/pharris/sigreg/SuperSig/plots/exp34i_maha_power_cifar10.png

===== EXP34I MMD POWER SUMMARY (alpha=0.05) =====
  arm                     kind    0.001    0.003     0.01     0.02     0.03      0.1
  supcon+hybrid[lam5]      pre    0.040    0.080    0.180    0.660    0.940    1.000
  supcon+hybrid[lam5]     post    0.040    0.140    0.180    0.260    0.780    1.000
  ss[lam5]+hybrid          pre    0.040    0.100    0.200    0.580    0.920    1.000
  ss[lam5]+hybrid         post    0.040    0.040    0.120    0.260    0.560    1.000
  hybrid->supres           pre    0.040    0.040    0.140    0.320    0.900    1.000
  hybrid->supres          post    0.060    0.140    0.100    0.560    0.840    1.000
  cls->resfeat             pre    0.020    0.040    0.120    0.240    0.640    1.000
  cls->resfeat            post    0.120    0.140    0.220    0.440    0.880    1.000
  feat->rescls             pre    0.060    0.020    0.060    0.300    0.800    1.000
  feat->rescls            post    0.020    0.060    0.060    0.100    0.360    1.000
saved /home/pharris/sigreg/SuperSig/plots/exp34i_mmd_power_cifar10.png
saved /home/pharris/sigreg/SuperSig/logs/exp34/arc_cifar10.npz
