/home/pharris/venv/lib64/python3.9/site-packages/networkx/utils/backends.py:135: RuntimeWarning: networkx backend defined more than once: nx-loopback
  backends.update(_get_backends("networkx.backends"))
Using cache found in /home/pharris/.cache/torch/hub/chenyaofo_pytorch-cifar-models_master
exp34c [cifar100] round 3 (SSL trunk scaling), holdout=[4]
  refs: ssl->supres [20ep] (r1)=0.9123, ssl->supres [40ep] (r2)=0.9213, supcon (r1)=0.9268, supcon+simclr (r1)=0.9394

----- trunk ssl-80ep -----
  CIFAR two-view embedding-train images (no {4}): 49500
  [sigreg-ssl] epoch 1/80  inv=0.1032  sigreg=0.0963
  [sigreg-ssl] epoch 2/80  inv=0.0900  sigreg=0.0628
  [sigreg-ssl] epoch 3/80  inv=0.0858  sigreg=0.0571
  [sigreg-ssl] epoch 4/80  inv=0.0822  sigreg=0.0521
  [sigreg-ssl] epoch 5/80  inv=0.0801  sigreg=0.0484
  [sigreg-ssl] epoch 6/80  inv=0.0788  sigreg=0.0449
  [sigreg-ssl] epoch 7/80  inv=0.0780  sigreg=0.0436
  [sigreg-ssl] epoch 8/80  inv=0.0754  sigreg=0.0418
  [sigreg-ssl] epoch 9/80  inv=0.0748  sigreg=0.0407
  [sigreg-ssl] epoch 10/80  inv=0.0734  sigreg=0.0395
  [sigreg-ssl] epoch 11/80  inv=0.0721  sigreg=0.0385
  [sigreg-ssl] epoch 12/80  inv=0.0722  sigreg=0.0376
  [sigreg-ssl] epoch 13/80  inv=0.0714  sigreg=0.0362
  [sigreg-ssl] epoch 14/80  inv=0.0712  sigreg=0.0356
  [sigreg-ssl] epoch 15/80  inv=0.0709  sigreg=0.0349
  [sigreg-ssl] epoch 16/80  inv=0.0697  sigreg=0.0341
  [sigreg-ssl] epoch 17/80  inv=0.0692  sigreg=0.0332
  [sigreg-ssl] epoch 18/80  inv=0.0688  sigreg=0.0329
  [sigreg-ssl] epoch 19/80  inv=0.0686  sigreg=0.0326
  [sigreg-ssl] epoch 20/80  inv=0.0680  sigreg=0.0321
  [sigreg-ssl] epoch 21/80  inv=0.0679  sigreg=0.0320
  [sigreg-ssl] epoch 22/80  inv=0.0674  sigreg=0.0313
  [sigreg-ssl] epoch 23/80  inv=0.0672  sigreg=0.0313
  [sigreg-ssl] epoch 24/80  inv=0.0658  sigreg=0.0311
  [sigreg-ssl] epoch 25/80  inv=0.0656  sigreg=0.0305
  [sigreg-ssl] epoch 26/80  inv=0.0659  sigreg=0.0305
  [sigreg-ssl] epoch 27/80  inv=0.0650  sigreg=0.0298
  [sigreg-ssl] epoch 28/80  inv=0.0650  sigreg=0.0301
  [sigreg-ssl] epoch 29/80  inv=0.0649  sigreg=0.0298
  [sigreg-ssl] epoch 30/80  inv=0.0651  sigreg=0.0294
  [sigreg-ssl] epoch 31/80  inv=0.0644  sigreg=0.0289
  [sigreg-ssl] epoch 32/80  inv=0.0643  sigreg=0.0287
  [sigreg-ssl] epoch 33/80  inv=0.0642  sigreg=0.0287
  [sigreg-ssl] epoch 34/80  inv=0.0635  sigreg=0.0282
  [sigreg-ssl] epoch 35/80  inv=0.0633  sigreg=0.0279
  [sigreg-ssl] epoch 36/80  inv=0.0629  sigreg=0.0280
  [sigreg-ssl] epoch 37/80  inv=0.0631  sigreg=0.0276
  [sigreg-ssl] epoch 38/80  inv=0.0622  sigreg=0.0275
  [sigreg-ssl] epoch 39/80  inv=0.0621  sigreg=0.0272
  [sigreg-ssl] epoch 40/80  inv=0.0622  sigreg=0.0274
  [sigreg-ssl] epoch 41/80  inv=0.0616  sigreg=0.0271
  [sigreg-ssl] epoch 42/80  inv=0.0612  sigreg=0.0272
  [sigreg-ssl] epoch 43/80  inv=0.0610  sigreg=0.0265
  [sigreg-ssl] epoch 44/80  inv=0.0613  sigreg=0.0269
  [sigreg-ssl] epoch 45/80  inv=0.0608  sigreg=0.0266
  [sigreg-ssl] epoch 46/80  inv=0.0604  sigreg=0.0266
  [sigreg-ssl] epoch 47/80  inv=0.0601  sigreg=0.0265
  [sigreg-ssl] epoch 48/80  inv=0.0601  sigreg=0.0265
  [sigreg-ssl] epoch 49/80  inv=0.0599  sigreg=0.0263
  [sigreg-ssl] epoch 50/80  inv=0.0599  sigreg=0.0260
  [sigreg-ssl] epoch 51/80  inv=0.0594  sigreg=0.0257
  [sigreg-ssl] epoch 52/80  inv=0.0593  sigreg=0.0260
  [sigreg-ssl] epoch 53/80  inv=0.0598  sigreg=0.0258
  [sigreg-ssl] epoch 54/80  inv=0.0591  sigreg=0.0259
  [sigreg-ssl] epoch 55/80  inv=0.0596  sigreg=0.0258
  [sigreg-ssl] epoch 56/80  inv=0.0588  sigreg=0.0260
  [sigreg-ssl] epoch 57/80  inv=0.0585  sigreg=0.0255
  [sigreg-ssl] epoch 58/80  inv=0.0591  sigreg=0.0253
  [sigreg-ssl] epoch 59/80  inv=0.0591  sigreg=0.0252
  [sigreg-ssl] epoch 60/80  inv=0.0579  sigreg=0.0253
  [sigreg-ssl] epoch 61/80  inv=0.0582  sigreg=0.0251
  [sigreg-ssl] epoch 62/80  inv=0.0587  sigreg=0.0252
  [sigreg-ssl] epoch 63/80  inv=0.0582  sigreg=0.0251
  [sigreg-ssl] epoch 64/80  inv=0.0582  sigreg=0.0253
  [sigreg-ssl] epoch 65/80  inv=0.0577  sigreg=0.0251
  [sigreg-ssl] epoch 66/80  inv=0.0576  sigreg=0.0251
  [sigreg-ssl] epoch 67/80  inv=0.0576  sigreg=0.0251
  [sigreg-ssl] epoch 68/80  inv=0.0577  sigreg=0.0249
  [sigreg-ssl] epoch 69/80  inv=0.0569  sigreg=0.0250
  [sigreg-ssl] epoch 70/80  inv=0.0566  sigreg=0.0247
  [sigreg-ssl] epoch 71/80  inv=0.0570  sigreg=0.0248
  [sigreg-ssl] epoch 72/80  inv=0.0569  sigreg=0.0245
  [sigreg-ssl] epoch 73/80  inv=0.0571  sigreg=0.0248
  [sigreg-ssl] epoch 74/80  inv=0.0571  sigreg=0.0245
  [sigreg-ssl] epoch 75/80  inv=0.0567  sigreg=0.0243
  [sigreg-ssl] epoch 76/80  inv=0.0566  sigreg=0.0245
  [sigreg-ssl] epoch 77/80  inv=0.0559  sigreg=0.0244
  [sigreg-ssl] epoch 78/80  inv=0.0566  sigreg=0.0247
  [sigreg-ssl] epoch 79/80  inv=0.0563  sigreg=0.0242
  [sigreg-ssl] epoch 80/80  inv=0.0563  sigreg=0.0243
----- supres on ssl-80ep (w=1, batch 99x24) -----
  cifar100 balanced loader (no {4}): 49500 images, 20 batches of 99x24
  [sigreg+proto] epoch 1/10  sigreg=0.2387  proto=2.6336  min_dist=0.56  mean_dist=3.25
  [sigreg+proto] epoch 2/10  sigreg=0.2380  proto=2.3223  min_dist=0.66  mean_dist=3.33
  [sigreg+proto] epoch 3/10  sigreg=0.2296  proto=2.1880  min_dist=0.73  mean_dist=3.40
  [sigreg+proto] epoch 4/10  sigreg=0.2263  proto=2.0804  min_dist=0.80  mean_dist=3.48
  [sigreg+proto] epoch 5/10  sigreg=0.2229  proto=1.9990  min_dist=0.86  mean_dist=3.56
  [sigreg+proto] epoch 6/10  sigreg=0.2198  proto=1.9158  min_dist=0.93  mean_dist=3.63
  [sigreg+proto] epoch 7/10  sigreg=0.2158  proto=1.8586  min_dist=0.99  mean_dist=3.70
  [sigreg+proto] epoch 8/10  sigreg=0.2149  proto=1.7832  min_dist=1.04  mean_dist=3.77
  [sigreg+proto] epoch 9/10  sigreg=0.2109  proto=1.7226  min_dist=1.10  mean_dist=3.84
  [sigreg+proto] epoch 10/10  sigreg=0.2085  proto=1.6519  min_dist=1.15  mean_dist=3.91
Using cache found in /home/pharris/.cache/torch/hub/chenyaofo_pytorch-cifar-models_master
  [ssl->supres [ssl-80ep]    ] probe=0.9055+-0.0011 acc=0.4072 supAUC=0.9564 eucl=0.4535

----- trunk ssl-40ep-b512 -----
  CIFAR two-view embedding-train images (no {4}): 49500
  [sigreg-ssl] epoch 1/40  inv=0.1056  sigreg=0.1093
  [sigreg-ssl] epoch 2/40  inv=0.0925  sigreg=0.0632
  [sigreg-ssl] epoch 3/40  inv=0.0878  sigreg=0.0558
  [sigreg-ssl] epoch 4/40  inv=0.0836  sigreg=0.0516
  [sigreg-ssl] epoch 5/40  inv=0.0806  sigreg=0.0481
  [sigreg-ssl] epoch 6/40  inv=0.0797  sigreg=0.0464
  [sigreg-ssl] epoch 7/40  inv=0.0782  sigreg=0.0444
  [sigreg-ssl] epoch 8/40  inv=0.0761  sigreg=0.0426
  [sigreg-ssl] epoch 9/40  inv=0.0752  sigreg=0.0411
  [sigreg-ssl] epoch 10/40  inv=0.0737  sigreg=0.0396
  [sigreg-ssl] epoch 11/40  inv=0.0722  sigreg=0.0385
  [sigreg-ssl] epoch 12/40  inv=0.0723  sigreg=0.0377
  [sigreg-ssl] epoch 13/40  inv=0.0717  sigreg=0.0367
  [sigreg-ssl] epoch 14/40  inv=0.0712  sigreg=0.0357
  [sigreg-ssl] epoch 15/40  inv=0.0708  sigreg=0.0346
  [sigreg-ssl] epoch 16/40  inv=0.0707  sigreg=0.0334
  [sigreg-ssl] epoch 17/40  inv=0.0698  sigreg=0.0322
  [sigreg-ssl] epoch 18/40  inv=0.0695  sigreg=0.0318
  [sigreg-ssl] epoch 19/40  inv=0.0696  sigreg=0.0314
  [sigreg-ssl] epoch 20/40  inv=0.0690  sigreg=0.0305
  [sigreg-ssl] epoch 21/40  inv=0.0683  sigreg=0.0302
  [sigreg-ssl] epoch 22/40  inv=0.0674  sigreg=0.0299
  [sigreg-ssl] epoch 23/40  inv=0.0684  sigreg=0.0296
  [sigreg-ssl] epoch 24/40  inv=0.0672  sigreg=0.0284
  [sigreg-ssl] epoch 25/40  inv=0.0666  sigreg=0.0286
  [sigreg-ssl] epoch 26/40  inv=0.0663  sigreg=0.0276
  [sigreg-ssl] epoch 27/40  inv=0.0660  sigreg=0.0279
  [sigreg-ssl] epoch 28/40  inv=0.0659  sigreg=0.0275
  [sigreg-ssl] epoch 29/40  inv=0.0653  sigreg=0.0281
  [sigreg-ssl] epoch 30/40  inv=0.0655  sigreg=0.0273
  [sigreg-ssl] epoch 31/40  inv=0.0648  sigreg=0.0270
  [sigreg-ssl] epoch 32/40  inv=0.0645  sigreg=0.0268
  [sigreg-ssl] epoch 33/40  inv=0.0644  sigreg=0.0268
  [sigreg-ssl] epoch 34/40  inv=0.0639  sigreg=0.0265
  [sigreg-ssl] epoch 35/40  inv=0.0633  sigreg=0.0263
  [sigreg-ssl] epoch 36/40  inv=0.0634  sigreg=0.0257
  [sigreg-ssl] epoch 37/40  inv=0.0629  sigreg=0.0257
  [sigreg-ssl] epoch 38/40  inv=0.0628  sigreg=0.0257
  [sigreg-ssl] epoch 39/40  inv=0.0627  sigreg=0.0255
  [sigreg-ssl] epoch 40/40  inv=0.0623  sigreg=0.0253
----- supres on ssl-40ep-b512 (w=1, batch 99x24) -----
  cifar100 balanced loader (no {4}): 49500 images, 20 batches of 99x24
  [sigreg+proto] epoch 1/10  sigreg=0.2431  proto=2.6296  min_dist=0.54  mean_dist=3.21
  [sigreg+proto] epoch 2/10  sigreg=0.2430  proto=2.2987  min_dist=0.64  mean_dist=3.28
  [sigreg+proto] epoch 3/10  sigreg=0.2343  proto=2.1419  min_dist=0.72  mean_dist=3.36
  [sigreg+proto] epoch 4/10  sigreg=0.2293  proto=2.0234  min_dist=0.79  mean_dist=3.44
  [sigreg+proto] epoch 5/10  sigreg=0.2275  proto=1.9245  min_dist=0.85  mean_dist=3.52
  [sigreg+proto] epoch 6/10  sigreg=0.2251  proto=1.8212  min_dist=0.90  mean_dist=3.59
  [sigreg+proto] epoch 7/10  sigreg=0.2232  proto=1.7622  min_dist=0.95  mean_dist=3.66
  [sigreg+proto] epoch 8/10  sigreg=0.2217  proto=1.6738  min_dist=1.00  mean_dist=3.73
  [sigreg+proto] epoch 9/10  sigreg=0.2167  proto=1.6011  min_dist=1.05  mean_dist=3.80
  [sigreg+proto] epoch 10/10  sigreg=0.2158  proto=1.5280  min_dist=1.09  mean_dist=3.87
  [ssl->supres [ssl-40ep-b512]] probe=0.8970+-0.0010 acc=0.4237 supAUC=0.9560 eucl=0.4947

===== round-3 summary =====
  ssl->supres [20ep] (r1)        probe=0.9123  (reference)
  ssl->supres [40ep] (r2)        probe=0.9213  (reference)
  supcon (r1)                    probe=0.9268  (reference)
  supcon+simclr (r1)             probe=0.9394  (reference)
  ssl->supres [ssl-80ep]         probe=0.9055+-0.0011  acc=0.4072
  ssl->supres [ssl-40ep-b512]    probe=0.8970+-0.0010  acc=0.4237
saved /home/pharris/sigreg/SuperSig/plots/exp34_probe_round3_cifar100.png
saved /home/pharris/sigreg/SuperSig/logs/exp34/probe_round3.npz
