/home/pharris/venv/lib64/python3.9/site-packages/networkx/utils/backends.py:135: RuntimeWarning: networkx backend defined more than once: nx-loopback
  backends.update(_get_backends("networkx.backends"))
Using cache found in /home/pharris/.cache/torch/hub/chenyaofo_pytorch-cifar-models_master
exp34h [cifar100] residual orderings, holdout=[4], cls_lam=5.0
  refs: supcon+hybrid[lam5] (34e)=0.9423, supcon+simclr (r1)=0.9394, supcon (r1)=0.9268

----- ss16 supcon+sigreg (lam=5.0) -----
  CIFAR two-view embedding-train images (no {4}): 49500
  [supcon+sigreg] epoch 1/10  supcon=4.8482  sigreg=0.0608
  [supcon+sigreg] epoch 2/10  supcon=4.4347  sigreg=0.0215
  [supcon+sigreg] epoch 3/10  supcon=4.3066  sigreg=0.0204
  [supcon+sigreg] epoch 4/10  supcon=4.2352  sigreg=0.0195
  [supcon+sigreg] epoch 5/10  supcon=4.1640  sigreg=0.0203
  [supcon+sigreg] epoch 6/10  supcon=4.1358  sigreg=0.0199
  [supcon+sigreg] epoch 7/10  supcon=4.0973  sigreg=0.0191
  [supcon+sigreg] epoch 8/10  supcon=4.0743  sigreg=0.0188
  [supcon+sigreg] epoch 9/10  supcon=4.0319  sigreg=0.0185
  [supcon+sigreg] epoch 10/10  supcon=4.0131  sigreg=0.0189

----- resfeat16 simclr+sigreg on ss residual (lam=5) -----
  CIFAR two-view embedding-train images (no {4}): 49500
  [simclr-residual] epoch 1/20  loss=4.5567  sigreg=0.0220
  [simclr-residual] epoch 2/20  loss=4.4596  sigreg=0.0164
  [simclr-residual] epoch 3/20  loss=4.4491  sigreg=0.0161
  [simclr-residual] epoch 4/20  loss=4.4439  sigreg=0.0158
  [simclr-residual] epoch 5/20  loss=4.4403  sigreg=0.0158
  [simclr-residual] epoch 6/20  loss=4.4376  sigreg=0.0152
  [simclr-residual] epoch 7/20  loss=4.4350  sigreg=0.0147
  [simclr-residual] epoch 8/20  loss=4.4348  sigreg=0.0150
  [simclr-residual] epoch 9/20  loss=4.4327  sigreg=0.0149
  [simclr-residual] epoch 10/20  loss=4.4317  sigreg=0.0148
  [simclr-residual] epoch 11/20  loss=4.4310  sigreg=0.0147
  [simclr-residual] epoch 12/20  loss=4.4300  sigreg=0.0146
  [simclr-residual] epoch 13/20  loss=4.4294  sigreg=0.0145
  [simclr-residual] epoch 14/20  loss=4.4283  sigreg=0.0142
  [simclr-residual] epoch 15/20  loss=4.4272  sigreg=0.0143
  [simclr-residual] epoch 16/20  loss=4.4273  sigreg=0.0145
  [simclr-residual] epoch 17/20  loss=4.4271  sigreg=0.0142
  [simclr-residual] epoch 18/20  loss=4.4263  sigreg=0.0142
  [simclr-residual] epoch 19/20  loss=4.4257  sigreg=0.0142
  [simclr-residual] epoch 20/20  loss=4.4247  sigreg=0.0140
Using cache found in /home/pharris/.cache/torch/hub/chenyaofo_pytorch-cifar-models_master

----- hybrid16 simclr+sigreg (lam=5) -----
  CIFAR two-view embedding-train images (no {4}): 49500
  [simclr+sigreg] epoch 1/20  nt-xent=4.7824  sigreg=0.0556
  [simclr+sigreg] epoch 2/20  nt-xent=4.6158  sigreg=0.0162
  [simclr+sigreg] epoch 3/20  nt-xent=4.5763  sigreg=0.0116
  [simclr+sigreg] epoch 4/20  nt-xent=4.5570  sigreg=0.0106
  [simclr+sigreg] epoch 5/20  nt-xent=4.5458  sigreg=0.0105
  [simclr+sigreg] epoch 6/20  nt-xent=4.5379  sigreg=0.0100
  [simclr+sigreg] epoch 7/20  nt-xent=4.5304  sigreg=0.0099
  [simclr+sigreg] epoch 8/20  nt-xent=4.5241  sigreg=0.0095
  [simclr+sigreg] epoch 9/20  nt-xent=4.5209  sigreg=0.0098
  [simclr+sigreg] epoch 10/20  nt-xent=4.5173  sigreg=0.0096
  [simclr+sigreg] epoch 11/20  nt-xent=4.5131  sigreg=0.0093
  [simclr+sigreg] epoch 12/20  nt-xent=4.5099  sigreg=0.0093
  [simclr+sigreg] epoch 13/20  nt-xent=4.5066  sigreg=0.0092
  [simclr+sigreg] epoch 14/20  nt-xent=4.5059  sigreg=0.0092
  [simclr+sigreg] epoch 15/20  nt-xent=4.5022  sigreg=0.0092
  [simclr+sigreg] epoch 16/20  nt-xent=4.5013  sigreg=0.0092
  [simclr+sigreg] epoch 17/20  nt-xent=4.5002  sigreg=0.0094
  [simclr+sigreg] epoch 18/20  nt-xent=4.4978  sigreg=0.0091
  [simclr+sigreg] epoch 19/20  nt-xent=4.4962  sigreg=0.0091
  [simclr+sigreg] epoch 20/20  nt-xent=4.4954  sigreg=0.0089

----- rescls16 supcon+sigreg on hybrid residual (lam=5.0) -----
  CIFAR two-view embedding-train images (no {4}): 49500
  [supcon-sigreg-residual] epoch 1/10  supcon=2.9227  sigreg=0.1476
  [supcon-sigreg-residual] epoch 2/10  supcon=2.3729  sigreg=0.1151
  [supcon-sigreg-residual] epoch 3/10  supcon=2.3270  sigreg=0.0977
  [supcon-sigreg-residual] epoch 4/10  supcon=2.2930  sigreg=0.0899
  [supcon-sigreg-residual] epoch 5/10  supcon=2.2697  sigreg=0.0840
  [supcon-sigreg-residual] epoch 6/10  supcon=2.2555  sigreg=0.0810
  [supcon-sigreg-residual] epoch 7/10  supcon=2.2320  sigreg=0.0779
  [supcon-sigreg-residual] epoch 8/10  supcon=2.2145  sigreg=0.0750
  [supcon-sigreg-residual] epoch 9/10  supcon=2.2059  sigreg=0.0730
  [supcon-sigreg-residual] epoch 10/10  supcon=2.1922  sigreg=0.0714

===== Part A: probe suite =====
  [cls->resfeat  ] probe=0.8745+-0.0058 acc=0.5490 supAUC=0.9766 eucl=0.5753 mahaT=0.5599 mahaPC=0.5103
  [feat->rescls  ] probe=0.8196+-0.0020 acc=0.3703 supAUC=0.9341 eucl=0.3186 mahaT=0.2465 mahaPC=0.2385

===== gaussianity =====
  metric                      cls->resfeat  feat->rescls
  eig min (class cov)                0.000         0.000
  eig max (class cov)                4.982        10.007
  eig cond worst                    6390.8       21966.0
  class RMS min                      0.455         0.461
  class RMS mean                     0.588         0.623
  class RMS max                      0.699         0.789
  max |corr| (worst class)           0.939         0.986
  SW ratio mean                       1.55          1.43
  SW ratio worst                      3.19          2.19
  |skew| mean                        0.299         0.271
  |ex-kurt| mean                     0.499         0.464
  centroid dist min                   0.92          0.70
  centroid dist mean                  4.86          3.53
  separation (min d/RMS)              1.56          1.13

===== PRE power scan: cls->resfeat =====
  [cls->resfeat] per-event pre power=0.040
  [cls->resfeat] sparker
    pre-spk f=0.001: power=0.060 [0.028,0.115] (3/50)
    pre-spk f=0.003: power=0.060 [0.028,0.115] (3/50)
    pre-spk f=0.01: power=0.180 [0.124,0.251] (9/50)
    pre-spk f=0.02: power=0.500 [0.421,0.579] (25/50)
    pre-spk f=0.05: power=1.000 [0.964,1.000] (50/50)
  [cls->resfeat] maha
    pre-maha f=0.001: power=0.000 [0.000,0.036] (0/50)
    pre-maha f=0.003: power=0.060 [0.028,0.115] (3/50)
    pre-maha f=0.01: power=0.040 [0.014,0.090] (2/50)
    pre-maha f=0.02: power=0.000 [0.000,0.036] (0/50)
    pre-maha f=0.05: power=0.020 [0.003,0.064] (1/50)
  [cls->resfeat] mmd
    pre-mmd f=0.001: power=0.060 [0.028,0.115] (3/50)
    pre-mmd f=0.003: power=0.180 [0.124,0.251] (9/50)
    pre-mmd f=0.01: power=0.260 [0.194,0.336] (13/50)
    pre-mmd f=0.02: power=0.520 [0.440,0.599] (26/50)
    pre-mmd f=0.05: power=1.000 [0.964,1.000] (50/50)

===== PRE power scan: feat->rescls =====
  [feat->rescls] per-event pre power=0.000
  [feat->rescls] sparker
    pre-spk f=0.001: power=0.020 [0.003,0.064] (1/50)
    pre-spk f=0.003: power=0.000 [0.000,0.036] (0/50)
    pre-spk f=0.01: power=0.020 [0.003,0.064] (1/50)
    pre-spk f=0.02: power=0.000 [0.000,0.036] (0/50)
    pre-spk f=0.05: power=0.980 [0.936,0.997] (49/50)
  [feat->rescls] maha
    pre-maha f=0.001: power=0.060 [0.028,0.115] (3/50)
    pre-maha f=0.003: power=0.020 [0.003,0.064] (1/50)
    pre-maha f=0.01: power=0.000 [0.000,0.036] (0/50)
    pre-maha f=0.02: power=0.000 [0.000,0.036] (0/50)
    pre-maha f=0.05: power=0.000 [0.000,0.036] (0/50)
  [feat->rescls] mmd
    pre-mmd f=0.001: power=0.080 [0.042,0.138] (4/50)
    pre-mmd f=0.003: power=0.140 [0.090,0.207] (7/50)
    pre-mmd f=0.01: power=0.140 [0.090,0.207] (7/50)
    pre-mmd f=0.02: power=0.320 [0.249,0.399] (16/50)
    pre-mmd f=0.05: power=1.000 [0.964,1.000] (50/50)

===== POST scan, f=0.001 (50 injected) =====
  [sigreg+proto] epoch 1/5  sigreg=0.2741  proto=1.6599  min_dist=1.00  mean_dist=4.98
  [sigreg+proto] epoch 2/5  sigreg=0.2553  proto=1.4477  min_dist=1.27  mean_dist=5.32
  [sigreg+proto] epoch 3/5  sigreg=0.2552  proto=1.4129  min_dist=1.50  mean_dist=5.63
  [sigreg+proto] epoch 4/5  sigreg=0.2699  proto=1.3665  min_dist=1.70  mean_dist=5.94
  [sigreg+proto] epoch 5/5  sigreg=0.2819  proto=1.3418  min_dist=1.88  mean_dist=6.22
  round 1: pool=2479 purity=0.002 k-hat=4 anchors=4  margin=0.7674  mean-anchor=0.8970  4=0.897
  [sigreg+proto] epoch 1/5  sigreg=0.3233  proto=1.5317  min_dist=2.21  mean_dist=6.59
  [sigreg+proto] epoch 2/5  sigreg=0.3432  proto=1.4523  min_dist=2.47  mean_dist=6.97
  [sigreg+proto] epoch 3/5  sigreg=0.3811  proto=1.5071  min_dist=2.71  mean_dist=7.32
  [sigreg+proto] epoch 4/5  sigreg=0.4058  proto=1.4475  min_dist=2.93  mean_dist=7.64
  [sigreg+proto] epoch 5/5  sigreg=0.4637  proto=1.5159  min_dist=3.11  mean_dist=7.94
  round 2: pool=2480 purity=0.002 k-hat=4 anchors=8  margin=0.7363  mean-anchor=0.8682  4=0.868
  [cls->resfeat] per-event post f=0.001: power=0.090
  [cls->resfeat] sparker (post)
    post-spk f=0.001: power=0.040 [0.014,0.090] (2/50)
  [cls->resfeat] maha (post)
    post-maha f=0.001: power=0.040 [0.014,0.090] (2/50)
  [cls->resfeat] mmd (post)
    post-mmd f=0.001: power=0.060 [0.028,0.115] (3/50)
  [sigreg+proto] epoch 1/5  sigreg=0.3392  proto=2.7937  min_dist=0.32  mean_dist=2.80
  [sigreg+proto] epoch 2/5  sigreg=0.2893  proto=2.4981  min_dist=0.41  mean_dist=3.08
  [sigreg+proto] epoch 3/5  sigreg=0.2797  proto=2.4154  min_dist=0.47  mean_dist=3.34
  [sigreg+proto] epoch 4/5  sigreg=0.2775  proto=2.3676  min_dist=0.52  mean_dist=3.58
  [sigreg+proto] epoch 5/5  sigreg=0.2805  proto=2.3062  min_dist=0.57  mean_dist=3.80
  round 1: pool=2475 purity=0.000 k-hat=4 anchors=4  margin=0.5336  mean-anchor=0.6793  4=0.679
  [sigreg+proto] epoch 1/5  sigreg=0.2873  proto=2.3600  min_dist=0.82  mean_dist=4.26
  [sigreg+proto] epoch 2/5  sigreg=0.2987  proto=2.2924  min_dist=0.95  mean_dist=4.61
  [sigreg+proto] epoch 3/5  sigreg=0.3130  proto=2.2793  min_dist=1.06  mean_dist=4.92
  [sigreg+proto] epoch 4/5  sigreg=0.3291  proto=2.2503  min_dist=1.16  mean_dist=5.20
  [sigreg+proto] epoch 5/5  sigreg=0.3490  proto=2.2980  min_dist=1.25  mean_dist=5.46
  round 2: pool=2476 purity=0.000 k-hat=4 anchors=8  margin=0.4901  mean-anchor=0.8374  4=0.837
  [feat->rescls] per-event post f=0.001: power=0.020
  [feat->rescls] sparker (post)
    post-spk f=0.001: power=0.080 [0.042,0.138] (4/50)
  [feat->rescls] maha (post)
    post-maha f=0.001: power=0.020 [0.003,0.064] (1/50)
  [feat->rescls] mmd (post)
    post-mmd f=0.001: power=0.100 [0.058,0.162] (5/50)

===== POST scan, f=0.003 (149 injected) =====
  [sigreg+proto] epoch 1/5  sigreg=0.2757  proto=1.6660  min_dist=1.00  mean_dist=4.98
  [sigreg+proto] epoch 2/5  sigreg=0.2557  proto=1.4512  min_dist=1.27  mean_dist=5.32
  [sigreg+proto] epoch 3/5  sigreg=0.2540  proto=1.4017  min_dist=1.50  mean_dist=5.64
  [sigreg+proto] epoch 4/5  sigreg=0.2715  proto=1.3729  min_dist=1.70  mean_dist=5.94
  [sigreg+proto] epoch 5/5  sigreg=0.2834  proto=1.3512  min_dist=1.88  mean_dist=6.22
  round 1: pool=2478 purity=0.001 k-hat=4 anchors=4  margin=0.8147  mean-anchor=0.8977  4=0.898
  [sigreg+proto] epoch 1/5  sigreg=0.3231  proto=1.5379  min_dist=2.22  mean_dist=6.57
  [sigreg+proto] epoch 2/5  sigreg=0.3408  proto=1.4311  min_dist=2.44  mean_dist=6.95
  [sigreg+proto] epoch 3/5  sigreg=0.3823  proto=1.4929  min_dist=2.63  mean_dist=7.30
  [sigreg+proto] epoch 4/5  sigreg=0.4012  proto=1.4259  min_dist=2.80  mean_dist=7.62
  [sigreg+proto] epoch 5/5  sigreg=0.4521  proto=1.4739  min_dist=2.96  mean_dist=7.93
  round 2: pool=2478 purity=0.001 k-hat=4 anchors=8  margin=0.6930  mean-anchor=0.8957  4=0.896
  [cls->resfeat] per-event post f=0.003: power=0.060
  [cls->resfeat] sparker (post)
    post-spk f=0.003: power=0.140 [0.090,0.207] (7/50)
  [cls->resfeat] maha (post)
    post-maha f=0.003: power=0.100 [0.058,0.162] (5/50)
  [cls->resfeat] mmd (post)
    post-mmd f=0.003: power=0.220 [0.159,0.294] (11/50)
  [sigreg+proto] epoch 1/5  sigreg=0.3398  proto=2.8012  min_dist=0.32  mean_dist=2.80
  [sigreg+proto] epoch 2/5  sigreg=0.2867  proto=2.5556  min_dist=0.41  mean_dist=3.08
  [sigreg+proto] epoch 3/5  sigreg=0.2815  proto=2.4261  min_dist=0.47  mean_dist=3.34
  [sigreg+proto] epoch 4/5  sigreg=0.2738  proto=2.3297  min_dist=0.52  mean_dist=3.58
  [sigreg+proto] epoch 5/5  sigreg=0.2808  proto=2.2539  min_dist=0.57  mean_dist=3.80
  round 1: pool=2475 purity=0.000 k-hat=4 anchors=4  margin=0.5660  mean-anchor=0.8231  4=0.823
  [sigreg+proto] epoch 1/5  sigreg=0.2876  proto=2.3630  min_dist=0.82  mean_dist=4.24
  [sigreg+proto] epoch 2/5  sigreg=0.2948  proto=2.2294  min_dist=0.95  mean_dist=4.59
  [sigreg+proto] epoch 3/5  sigreg=0.3129  proto=2.2547  min_dist=1.07  mean_dist=4.90
  [sigreg+proto] epoch 4/5  sigreg=0.3330  proto=2.2773  min_dist=1.16  mean_dist=5.18
  [sigreg+proto] epoch 5/5  sigreg=0.3426  proto=2.2398  min_dist=1.25  mean_dist=5.45
  round 2: pool=2476 purity=0.000 k-hat=4 anchors=8  margin=0.4189  mean-anchor=0.7770  4=0.777
  [feat->rescls] per-event post f=0.003: power=0.020
  [feat->rescls] sparker (post)
    post-spk f=0.003: power=0.020 [0.003,0.064] (1/50)
  [feat->rescls] maha (post)
    post-maha f=0.003: power=0.060 [0.028,0.115] (3/50)
  [feat->rescls] mmd (post)
    post-mmd f=0.003: power=0.100 [0.058,0.162] (5/50)

===== POST scan, f=0.01 (500 injected) =====
  [sigreg+proto] epoch 1/5  sigreg=0.2709  proto=1.6624  min_dist=1.00  mean_dist=4.97
  [sigreg+proto] epoch 2/5  sigreg=0.2539  proto=1.5113  min_dist=1.28  mean_dist=5.31
  [sigreg+proto] epoch 3/5  sigreg=0.2586  proto=1.3820  min_dist=1.50  mean_dist=5.63
  [sigreg+proto] epoch 4/5  sigreg=0.2660  proto=1.3810  min_dist=1.70  mean_dist=5.93
  [sigreg+proto] epoch 5/5  sigreg=0.2655  proto=1.2754  min_dist=1.89  mean_dist=6.22
  round 1: pool=2502 purity=0.011 k-hat=4 anchors=4  margin=0.7827  mean-anchor=0.9253  4=0.925
  [sigreg+proto] epoch 1/5  sigreg=0.3109  proto=1.5267  min_dist=2.34  mean_dist=6.56
  [sigreg+proto] epoch 2/5  sigreg=0.3344  proto=1.4566  min_dist=2.65  mean_dist=6.94
  [sigreg+proto] epoch 3/5  sigreg=0.3622  proto=1.4203  min_dist=2.87  mean_dist=7.29
  [sigreg+proto] epoch 4/5  sigreg=0.4079  proto=1.5283  min_dist=3.08  mean_dist=7.61
  [sigreg+proto] epoch 5/5  sigreg=0.4458  proto=1.4918  min_dist=3.28  mean_dist=7.91
  round 2: pool=2510 purity=0.014 k-hat=4 anchors=8  margin=0.7487  mean-anchor=0.9106  4=0.911
  [cls->resfeat] per-event post f=0.01: power=0.070
  [cls->resfeat] sparker (post)
    post-spk f=0.01: power=0.080 [0.042,0.138] (4/50)
  [cls->resfeat] maha (post)
    post-maha f=0.01: power=0.060 [0.028,0.115] (3/50)
  [cls->resfeat] mmd (post)
    post-mmd f=0.01: power=0.000 [0.000,0.036] (0/50)
  [sigreg+proto] epoch 1/5  sigreg=0.3401  proto=2.7945  min_dist=0.32  mean_dist=2.81
  [sigreg+proto] epoch 2/5  sigreg=0.2922  proto=2.4959  min_dist=0.41  mean_dist=3.09
  [sigreg+proto] epoch 3/5  sigreg=0.2808  proto=2.3628  min_dist=0.47  mean_dist=3.35
  [sigreg+proto] epoch 4/5  sigreg=0.2751  proto=2.3011  min_dist=0.52  mean_dist=3.59
  [sigreg+proto] epoch 5/5  sigreg=0.2769  proto=2.2987  min_dist=0.57  mean_dist=3.81
  round 1: pool=2476 purity=0.000 k-hat=4 anchors=4  margin=0.5609  mean-anchor=0.7249  4=0.725
  [sigreg+proto] epoch 1/5  sigreg=0.2912  proto=2.4009  min_dist=0.82  mean_dist=4.23
  [sigreg+proto] epoch 2/5  sigreg=0.2893  proto=2.2957  min_dist=0.95  mean_dist=4.58
  [sigreg+proto] epoch 3/5  sigreg=0.3085  proto=2.2680  min_dist=1.07  mean_dist=4.89
  [sigreg+proto] epoch 4/5  sigreg=0.3151  proto=2.2651  min_dist=1.16  mean_dist=5.18
  [sigreg+proto] epoch 5/5  sigreg=0.3386  proto=2.2245  min_dist=1.25  mean_dist=5.44
  round 2: pool=2479 purity=0.002 k-hat=4 anchors=8  margin=0.4346  mean-anchor=0.7170  4=0.717
  [feat->rescls] per-event post f=0.01: power=0.000
  [feat->rescls] sparker (post)
    post-spk f=0.01: power=0.000 [0.000,0.036] (0/50)
  [feat->rescls] maha (post)
    post-maha f=0.01: power=0.020 [0.003,0.064] (1/50)
  [feat->rescls] mmd (post)
    post-mmd f=0.01: power=0.000 [0.000,0.036] (0/50)
  NOTE: requested 1010 injected but only 500 available -- fraction clamped

===== POST scan, f=0.02 (500 injected) =====
  [sigreg+proto] epoch 1/5  sigreg=0.2762  proto=1.6782  min_dist=1.00  mean_dist=4.97
  [sigreg+proto] epoch 2/5  sigreg=0.2510  proto=1.4522  min_dist=1.27  mean_dist=5.31
  [sigreg+proto] epoch 3/5  sigreg=0.2578  proto=1.4131  min_dist=1.50  mean_dist=5.63
  [sigreg+proto] epoch 4/5  sigreg=0.2625  proto=1.3393  min_dist=1.70  mean_dist=5.93
  [sigreg+proto] epoch 5/5  sigreg=0.2856  proto=1.3343  min_dist=1.88  mean_dist=6.22
  round 1: pool=2502 purity=0.011 k-hat=4 anchors=4  margin=0.7725  mean-anchor=0.8939  4=0.894
  [sigreg+proto] epoch 1/5  sigreg=0.3204  proto=1.5652  min_dist=2.21  mean_dist=6.54
  [sigreg+proto] epoch 2/5  sigreg=0.3346  proto=1.4800  min_dist=2.43  mean_dist=6.92
  [sigreg+proto] epoch 3/5  sigreg=0.3619  proto=1.4360  min_dist=2.61  mean_dist=7.27
  [sigreg+proto] epoch 4/5  sigreg=0.3895  proto=1.4296  min_dist=2.79  mean_dist=7.60
  [sigreg+proto] epoch 5/5  sigreg=0.4255  proto=1.4460  min_dist=2.97  mean_dist=7.90
  round 2: pool=2519 purity=0.017 k-hat=4 anchors=8  margin=0.7248  mean-anchor=0.8802  4=0.880
  [cls->resfeat] per-event post f=0.02: power=0.110
  [cls->resfeat] sparker (post)
    post-spk f=0.02: power=0.440 [0.362,0.520] (22/50)
  [cls->resfeat] maha (post)
    post-maha f=0.02: power=0.120 [0.074,0.184] (6/50)
  [cls->resfeat] mmd (post)
    post-mmd f=0.02: power=0.740 [0.664,0.806] (37/50)
  [sigreg+proto] epoch 1/5  sigreg=0.3384  proto=2.8102  min_dist=0.32  mean_dist=2.81
  [sigreg+proto] epoch 2/5  sigreg=0.2916  proto=2.5202  min_dist=0.41  mean_dist=3.09
  [sigreg+proto] epoch 3/5  sigreg=0.2794  proto=2.3612  min_dist=0.47  mean_dist=3.35
  [sigreg+proto] epoch 4/5  sigreg=0.2808  proto=2.3238  min_dist=0.52  mean_dist=3.59
  [sigreg+proto] epoch 5/5  sigreg=0.2833  proto=2.2383  min_dist=0.57  mean_dist=3.81
  round 1: pool=2476 purity=0.000 k-hat=4 anchors=4  margin=0.5599  mean-anchor=0.7445  4=0.745
  [sigreg+proto] epoch 1/5  sigreg=0.2844  proto=2.3513  min_dist=0.82  mean_dist=4.26
  [sigreg+proto] epoch 2/5  sigreg=0.2986  proto=2.2870  min_dist=0.95  mean_dist=4.61
  [sigreg+proto] epoch 3/5  sigreg=0.3127  proto=2.2594  min_dist=1.07  mean_dist=4.92
  [sigreg+proto] epoch 4/5  sigreg=0.3318  proto=2.2845  min_dist=1.16  mean_dist=5.20
  [sigreg+proto] epoch 5/5  sigreg=0.3463  proto=2.2575  min_dist=1.25  mean_dist=5.46
  round 2: pool=2477 purity=0.001 k-hat=4 anchors=8  margin=0.3979  mean-anchor=0.7150  4=0.715
  [feat->rescls] per-event post f=0.02: power=0.000
  [feat->rescls] sparker (post)
    post-spk f=0.02: power=0.060 [0.028,0.115] (3/50)
  [feat->rescls] maha (post)
    post-maha f=0.02: power=0.000 [0.000,0.036] (0/50)
  [feat->rescls] mmd (post)
    post-mmd f=0.02: power=0.720 [0.643,0.787] (36/50)
  NOTE: requested 2605 injected but only 500 available -- fraction clamped

===== POST scan, f=0.05 (500 injected) =====
  [sigreg+proto] epoch 1/5  sigreg=0.2690  proto=1.6562  min_dist=1.00  mean_dist=4.97
  [sigreg+proto] epoch 2/5  sigreg=0.2558  proto=1.4743  min_dist=1.27  mean_dist=5.31
  [sigreg+proto] epoch 3/5  sigreg=0.2492  proto=1.3578  min_dist=1.50  mean_dist=5.63
  [sigreg+proto] epoch 4/5  sigreg=0.2735  proto=1.4072  min_dist=1.69  mean_dist=5.93
  [sigreg+proto] epoch 5/5  sigreg=0.2794  proto=1.3272  min_dist=1.88  mean_dist=6.22
  round 1: pool=2502 purity=0.011 k-hat=4 anchors=4  margin=0.7487  mean-anchor=0.9041  4=0.904
  [sigreg+proto] epoch 1/5  sigreg=0.3104  proto=1.5567  min_dist=2.22  mean_dist=6.55
  [sigreg+proto] epoch 2/5  sigreg=0.3370  proto=1.4988  min_dist=2.48  mean_dist=6.94
  [sigreg+proto] epoch 3/5  sigreg=0.3558  proto=1.4692  min_dist=2.71  mean_dist=7.29
  [sigreg+proto] epoch 4/5  sigreg=0.3975  proto=1.4945  min_dist=2.93  mean_dist=7.61
  [sigreg+proto] epoch 5/5  sigreg=0.4399  proto=1.4930  min_dist=3.14  mean_dist=7.91
  round 2: pool=2503 purity=0.011 k-hat=4 anchors=8  margin=0.7275  mean-anchor=0.8953  4=0.895
  [cls->resfeat] per-event post f=0.05: power=0.090
  [cls->resfeat] sparker (post)
    post-spk f=0.05: power=1.000 [0.964,1.000] (50/50)
  [cls->resfeat] maha (post)
    post-maha f=0.05: power=0.160 [0.107,0.229] (8/50)
  [cls->resfeat] mmd (post)
    post-mmd f=0.05: power=1.000 [0.964,1.000] (50/50)
  [sigreg+proto] epoch 1/5  sigreg=0.3440  proto=2.7735  min_dist=0.32  mean_dist=2.81
  [sigreg+proto] epoch 2/5  sigreg=0.2867  proto=2.5131  min_dist=0.41  mean_dist=3.09
  [sigreg+proto] epoch 3/5  sigreg=0.2777  proto=2.4032  min_dist=0.47  mean_dist=3.35
  [sigreg+proto] epoch 4/5  sigreg=0.2799  proto=2.3258  min_dist=0.52  mean_dist=3.59
  [sigreg+proto] epoch 5/5  sigreg=0.2808  proto=2.3048  min_dist=0.57  mean_dist=3.81
  round 1: pool=2476 purity=0.000 k-hat=4 anchors=4  margin=0.5469  mean-anchor=0.7649  4=0.765
  [sigreg+proto] epoch 1/5  sigreg=0.2765  proto=2.3528  min_dist=0.82  mean_dist=4.24
  [sigreg+proto] epoch 2/5  sigreg=0.2977  proto=2.2522  min_dist=0.95  mean_dist=4.59
  [sigreg+proto] epoch 3/5  sigreg=0.3142  proto=2.3110  min_dist=1.07  mean_dist=4.90
  [sigreg+proto] epoch 4/5  sigreg=0.3206  proto=2.2251  min_dist=1.16  mean_dist=5.18
  [sigreg+proto] epoch 5/5  sigreg=0.3399  proto=2.2600  min_dist=1.25  mean_dist=5.45
  round 2: pool=2478 purity=0.001 k-hat=4 anchors=8  margin=0.4976  mean-anchor=0.8209  4=0.821
  [feat->rescls] per-event post f=0.05: power=0.010
  [feat->rescls] sparker (post)
    post-spk f=0.05: power=1.000 [0.964,1.000] (50/50)
  [feat->rescls] maha (post)
    post-maha f=0.05: power=0.000 [0.000,0.036] (0/50)
  [feat->rescls] mmd (post)
    post-mmd f=0.05: power=0.980 [0.936,0.997] (49/50)

===== EXP34H PEREVENT POWER SUMMARY (alpha=0.05) =====
  arm               kind    0.001    0.003     0.01     0.02     0.05
  cls->resfeat       pre    0.040    0.040    0.040    0.040    0.040
  cls->resfeat      post    0.090    0.060    0.070    0.110    0.090
  feat->rescls       pre    0.000    0.000    0.000    0.000    0.000
  feat->rescls      post    0.020    0.020    0.000    0.000    0.010
saved /home/pharris/sigreg/SuperSig/plots/exp34h_perevent_power_cifar100.png

===== EXP34H SPARKER POWER SUMMARY (alpha=0.05) =====
  arm               kind    0.001    0.003     0.01     0.02     0.05
  cls->resfeat       pre    0.060    0.060    0.180    0.500    1.000
  cls->resfeat      post    0.040    0.140    0.080    0.440    1.000
  feat->rescls       pre    0.020    0.000    0.020    0.000    0.980
  feat->rescls      post    0.080    0.020    0.000    0.060    1.000
saved /home/pharris/sigreg/SuperSig/plots/exp34h_sparker_power_cifar100.png

===== EXP34H MAHA POWER SUMMARY (alpha=0.05) =====
  arm               kind    0.001    0.003     0.01     0.02     0.05
  cls->resfeat       pre    0.000    0.060    0.040    0.000    0.020
  cls->resfeat      post    0.040    0.100    0.060    0.120    0.160
  feat->rescls       pre    0.060    0.020    0.000    0.000    0.000
  feat->rescls      post    0.020    0.060    0.020    0.000    0.000
saved /home/pharris/sigreg/SuperSig/plots/exp34h_maha_power_cifar100.png

===== EXP34H MMD POWER SUMMARY (alpha=0.05) =====
  arm               kind    0.001    0.003     0.01     0.02     0.05
  cls->resfeat       pre    0.060    0.180    0.260    0.520    1.000
  cls->resfeat      post    0.060    0.220    0.000    0.740    1.000
  feat->rescls       pre    0.080    0.140    0.140    0.320    1.000
  feat->rescls      post    0.100    0.100    0.000    0.720    0.980
saved /home/pharris/sigreg/SuperSig/plots/exp34h_mmd_power_cifar100.png
saved /home/pharris/sigreg/SuperSig/logs/exp34/power_data_residual_orderings.npz
