/home/pharris/venv/lib64/python3.9/site-packages/networkx/utils/backends.py:135: RuntimeWarning: networkx backend defined more than once: nx-loopback
  backends.update(_get_backends("networkx.backends"))
Using cache found in /home/pharris/.cache/torch/hub/chenyaofo_pytorch-cifar-models_master
exp34f [cifar100] power battery on exp-34e hybrid spaces, holdout=[4], alpha=0.05

----- supcon16 -----
  CIFAR two-view embedding-train images (no {4}): 49500
  [supcon] epoch 1/10  loss=4.4498
  [supcon] epoch 2/10  loss=4.1619
  [supcon] epoch 3/10  loss=4.0630
  [supcon] epoch 4/10  loss=4.0073
  [supcon] epoch 5/10  loss=3.9501
  [supcon] epoch 6/10  loss=3.9250
  [supcon] epoch 7/10  loss=3.8950
  [supcon] epoch 8/10  loss=3.8674
  [supcon] epoch 9/10  loss=3.8380
  [supcon] epoch 10/10  loss=3.8183
Using cache found in /home/pharris/.cache/torch/hub/chenyaofo_pytorch-cifar-models_master

----- hybrid16 simclr+sigreg (lam=1.0) -----
  CIFAR two-view embedding-train images (no {4}): 49500
  [simclr+sigreg] epoch 1/20  nt-xent=4.7306  sigreg=0.0555
  [simclr+sigreg] epoch 2/20  nt-xent=4.5930  sigreg=0.0183
  [simclr+sigreg] epoch 3/20  nt-xent=4.5620  sigreg=0.0150
  [simclr+sigreg] epoch 4/20  nt-xent=4.5436  sigreg=0.0120
  [simclr+sigreg] epoch 5/20  nt-xent=4.5317  sigreg=0.0114
  [simclr+sigreg] epoch 6/20  nt-xent=4.5249  sigreg=0.0112
  [simclr+sigreg] epoch 7/20  nt-xent=4.5181  sigreg=0.0108
  [simclr+sigreg] epoch 8/20  nt-xent=4.5123  sigreg=0.0106
  [simclr+sigreg] epoch 9/20  nt-xent=4.5091  sigreg=0.0107
  [simclr+sigreg] epoch 10/20  nt-xent=4.5056  sigreg=0.0105
  [simclr+sigreg] epoch 11/20  nt-xent=4.5028  sigreg=0.0103
  [simclr+sigreg] epoch 12/20  nt-xent=4.4995  sigreg=0.0103
  [simclr+sigreg] epoch 13/20  nt-xent=4.4971  sigreg=0.0104
  [simclr+sigreg] epoch 14/20  nt-xent=4.4961  sigreg=0.0103
  [simclr+sigreg] epoch 15/20  nt-xent=4.4924  sigreg=0.0101
  [simclr+sigreg] epoch 16/20  nt-xent=4.4915  sigreg=0.0101
  [simclr+sigreg] epoch 17/20  nt-xent=4.4902  sigreg=0.0101
  [simclr+sigreg] epoch 18/20  nt-xent=4.4877  sigreg=0.0102
  [simclr+sigreg] epoch 19/20  nt-xent=4.4866  sigreg=0.0100
  [simclr+sigreg] epoch 20/20  nt-xent=4.4855  sigreg=0.0098
Using cache found in /home/pharris/.cache/torch/hub/chenyaofo_pytorch-cifar-models_master

----- hybrid16 simclr+sigreg (lam=5.0) -----
  CIFAR two-view embedding-train images (no {4}): 49500
  [simclr+sigreg] epoch 1/20  nt-xent=4.7822  sigreg=0.0556
  [simclr+sigreg] epoch 2/20  nt-xent=4.6159  sigreg=0.0161
  [simclr+sigreg] epoch 3/20  nt-xent=4.5773  sigreg=0.0117
  [simclr+sigreg] epoch 4/20  nt-xent=4.5581  sigreg=0.0106
  [simclr+sigreg] epoch 5/20  nt-xent=4.5463  sigreg=0.0104
  [simclr+sigreg] epoch 6/20  nt-xent=4.5382  sigreg=0.0101
  [simclr+sigreg] epoch 7/20  nt-xent=4.5308  sigreg=0.0098
  [simclr+sigreg] epoch 8/20  nt-xent=4.5247  sigreg=0.0097
  [simclr+sigreg] epoch 9/20  nt-xent=4.5210  sigreg=0.0098
  [simclr+sigreg] epoch 10/20  nt-xent=4.5173  sigreg=0.0096
  [simclr+sigreg] epoch 11/20  nt-xent=4.5130  sigreg=0.0094
  [simclr+sigreg] epoch 12/20  nt-xent=4.5105  sigreg=0.0095
  [simclr+sigreg] epoch 13/20  nt-xent=4.5068  sigreg=0.0091
  [simclr+sigreg] epoch 14/20  nt-xent=4.5059  sigreg=0.0093
  [simclr+sigreg] epoch 15/20  nt-xent=4.5026  sigreg=0.0091
  [simclr+sigreg] epoch 16/20  nt-xent=4.5019  sigreg=0.0092
  [simclr+sigreg] epoch 17/20  nt-xent=4.5007  sigreg=0.0094
  [simclr+sigreg] epoch 18/20  nt-xent=4.4982  sigreg=0.0091
  [simclr+sigreg] epoch 19/20  nt-xent=4.4963  sigreg=0.0090
  [simclr+sigreg] epoch 20/20  nt-xent=4.4956  sigreg=0.0087

----- supres16 from hybrid(lam=1) trunk -----
  cifar100 balanced loader (no {4}): 49500 images, 20 batches of 99x24
  [sigreg+proto] epoch 1/10  sigreg=0.1799  proto=2.4804  min_dist=0.75  mean_dist=3.03
  [sigreg+proto] epoch 2/10  sigreg=0.1897  proto=2.1755  min_dist=0.83  mean_dist=3.12
  [sigreg+proto] epoch 3/10  sigreg=0.1935  proto=2.0180  min_dist=0.90  mean_dist=3.20
  [sigreg+proto] epoch 4/10  sigreg=0.1953  proto=1.8841  min_dist=0.96  mean_dist=3.28
  [sigreg+proto] epoch 5/10  sigreg=0.1958  proto=1.7880  min_dist=1.02  mean_dist=3.36
  [sigreg+proto] epoch 6/10  sigreg=0.1987  proto=1.6812  min_dist=1.07  mean_dist=3.44
  [sigreg+proto] epoch 7/10  sigreg=0.1966  proto=1.6140  min_dist=1.12  mean_dist=3.52
  [sigreg+proto] epoch 8/10  sigreg=0.1967  proto=1.5245  min_dist=1.16  mean_dist=3.59
  [sigreg+proto] epoch 9/10  sigreg=0.1945  proto=1.4622  min_dist=1.21  mean_dist=3.67
  [sigreg+proto] epoch 10/10  sigreg=0.1958  proto=1.3873  min_dist=1.26  mean_dist=3.74

===== PRE power batteries =====
  [supcon+hybrid] per-event pre power=0.000
  [supcon+hybrid] sparker
    pre-spk f=0.001: power=0.080 [0.042,0.138] (4/50)
    pre-spk f=0.003: power=0.060 [0.028,0.115] (3/50)
    pre-spk f=0.01: power=0.020 [0.003,0.064] (1/50)
    pre-spk f=0.02: power=0.060 [0.028,0.115] (3/50)
    pre-spk f=0.05: power=1.000 [0.964,1.000] (50/50)
  [supcon+hybrid] maha
    pre-maha f=0.001: power=0.040 [0.014,0.090] (2/50)
    pre-maha f=0.003: power=0.000 [0.000,0.036] (0/50)
    pre-maha f=0.01: power=0.020 [0.003,0.064] (1/50)
    pre-maha f=0.02: power=0.000 [0.000,0.036] (0/50)
    pre-maha f=0.05: power=0.020 [0.003,0.064] (1/50)
  [supcon+hybrid] mmd
    pre-mmd f=0.001: power=0.040 [0.014,0.090] (2/50)
    pre-mmd f=0.003: power=0.100 [0.058,0.162] (5/50)
    pre-mmd f=0.01: power=0.060 [0.028,0.115] (3/50)
    pre-mmd f=0.02: power=0.300 [0.231,0.378] (15/50)
    pre-mmd f=0.05: power=1.000 [0.964,1.000] (50/50)
  [hybrid->supres] per-event pre power=0.000
  [hybrid->supres] sparker
    pre-spk f=0.001: power=0.000 [0.000,0.036] (0/50)
    pre-spk f=0.003: power=0.060 [0.028,0.115] (3/50)
    pre-spk f=0.01: power=0.120 [0.074,0.184] (6/50)
    pre-spk f=0.02: power=0.060 [0.028,0.115] (3/50)
    pre-spk f=0.05: power=1.000 [0.964,1.000] (50/50)
  [hybrid->supres] maha
    pre-maha f=0.001: power=0.040 [0.014,0.090] (2/50)
    pre-maha f=0.003: power=0.000 [0.000,0.036] (0/50)
    pre-maha f=0.01: power=0.020 [0.003,0.064] (1/50)
    pre-maha f=0.02: power=0.040 [0.014,0.090] (2/50)
    pre-maha f=0.05: power=0.060 [0.028,0.115] (3/50)
  [hybrid->supres] mmd
    pre-mmd f=0.001: power=0.060 [0.028,0.115] (3/50)
    pre-mmd f=0.003: power=0.100 [0.058,0.162] (5/50)
    pre-mmd f=0.01: power=0.020 [0.003,0.064] (1/50)
    pre-mmd f=0.02: power=0.200 [0.141,0.273] (10/50)
    pre-mmd f=0.05: power=1.000 [0.964,1.000] (50/50)

===== POST grid, f=0.001 (50 injected) =====
  [sigreg+proto] epoch 1/5  sigreg=0.3188  proto=1.8257  min_dist=0.85  mean_dist=4.72
  [sigreg+proto] epoch 2/5  sigreg=0.2773  proto=1.5283  min_dist=1.09  mean_dist=5.05
  [sigreg+proto] epoch 3/5  sigreg=0.2733  proto=1.5040  min_dist=1.28  mean_dist=5.35
  [sigreg+proto] epoch 4/5  sigreg=0.2761  proto=1.4213  min_dist=1.45  mean_dist=5.64
  [sigreg+proto] epoch 5/5  sigreg=0.2782  proto=1.3637  min_dist=1.60  mean_dist=5.91
  round 1: pool=2475 purity=0.000 k-hat=4 anchors=4  margin=0.7737  mean-anchor=0.8897  4=0.890
  [sigreg+proto] epoch 1/5  sigreg=0.3153  proto=1.5887  min_dist=2.01  mean_dist=6.30
  [sigreg+proto] epoch 2/5  sigreg=0.3302  proto=1.4983  min_dist=2.34  mean_dist=6.68
  [sigreg+proto] epoch 3/5  sigreg=0.3539  proto=1.4744  min_dist=2.60  mean_dist=7.03
  [sigreg+proto] epoch 4/5  sigreg=0.3826  proto=1.4795  min_dist=2.81  mean_dist=7.35
  [sigreg+proto] epoch 5/5  sigreg=0.4186  proto=1.4754  min_dist=2.91  mean_dist=7.64
  round 2: pool=2476 purity=0.000 k-hat=4 anchors=8  margin=0.6602  mean-anchor=0.8634  4=0.863
  [supcon+hybrid] per-event post f=0.001: power=0.000
  [supcon+hybrid] sparker (post)
    post-spk f=0.001: power=0.080 [0.042,0.138] (4/50)
  [supcon+hybrid] maha (post)
    post-maha f=0.001: power=0.020 [0.003,0.064] (1/50)
  [supcon+hybrid] mmd (post)
    post-mmd f=0.001: power=0.100 [0.058,0.162] (5/50)
  [sigreg+proto] epoch 1/5  sigreg=0.2345  proto=1.9091  min_dist=1.56  mean_dist=4.15
  [sigreg+proto] epoch 2/5  sigreg=0.2484  proto=1.8419  min_dist=1.78  mean_dist=4.51
  [sigreg+proto] epoch 3/5  sigreg=0.2615  proto=1.8510  min_dist=1.95  mean_dist=4.83
  [sigreg+proto] epoch 4/5  sigreg=0.2885  proto=1.8445  min_dist=2.09  mean_dist=5.13
  [sigreg+proto] epoch 5/5  sigreg=0.3144  proto=1.8235  min_dist=2.23  mean_dist=5.40
  round 1: pool=2477 purity=0.001 k-hat=4 anchors=4  margin=0.6942  mean-anchor=0.8076  4=0.808
  [sigreg+proto] epoch 1/5  sigreg=0.3645  proto=1.9361  min_dist=2.46  mean_dist=5.84
  [sigreg+proto] epoch 2/5  sigreg=0.4099  proto=1.8928  min_dist=2.66  mean_dist=6.23
  [sigreg+proto] epoch 3/5  sigreg=0.4514  proto=1.8932  min_dist=2.85  mean_dist=6.59
  [sigreg+proto] epoch 4/5  sigreg=0.4999  proto=1.8470  min_dist=3.01  mean_dist=6.91
  [sigreg+proto] epoch 5/5  sigreg=0.5638  proto=1.8625  min_dist=3.17  mean_dist=7.22
  round 2: pool=2476 purity=0.000 k-hat=4 anchors=8  margin=0.6661  mean-anchor=0.8410  4=0.841
  [hybrid->supres] per-event post f=0.001: power=0.040
  [hybrid->supres] sparker (post)
    post-spk f=0.001: power=0.060 [0.028,0.115] (3/50)
  [hybrid->supres] maha (post)
    post-maha f=0.001: power=0.080 [0.042,0.138] (4/50)
  [hybrid->supres] mmd (post)
    post-mmd f=0.001: power=0.080 [0.042,0.138] (4/50)

===== POST grid, f=0.003 (149 injected) =====
  [sigreg+proto] epoch 1/5  sigreg=0.3187  proto=1.8256  min_dist=0.85  mean_dist=4.72
  [sigreg+proto] epoch 2/5  sigreg=0.2772  proto=1.5278  min_dist=1.09  mean_dist=5.05
  [sigreg+proto] epoch 3/5  sigreg=0.2734  proto=1.5043  min_dist=1.28  mean_dist=5.35
  [sigreg+proto] epoch 4/5  sigreg=0.2763  proto=1.4187  min_dist=1.45  mean_dist=5.64
  [sigreg+proto] epoch 5/5  sigreg=0.2788  proto=1.3635  min_dist=1.60  mean_dist=5.91
  round 1: pool=2475 purity=0.000 k-hat=4 anchors=4  margin=0.7643  mean-anchor=0.8911  4=0.891
  [sigreg+proto] epoch 1/5  sigreg=0.3153  proto=1.5787  min_dist=2.01  mean_dist=6.30
  [sigreg+proto] epoch 2/5  sigreg=0.3287  proto=1.5002  min_dist=2.34  mean_dist=6.68
  [sigreg+proto] epoch 3/5  sigreg=0.3529  proto=1.5017  min_dist=2.60  mean_dist=7.02
  [sigreg+proto] epoch 4/5  sigreg=0.3825  proto=1.5018  min_dist=2.80  mean_dist=7.34
  [sigreg+proto] epoch 5/5  sigreg=0.4182  proto=1.4852  min_dist=2.91  mean_dist=7.64
  round 2: pool=2475 purity=0.000 k-hat=4 anchors=8  margin=0.6708  mean-anchor=0.8752  4=0.875
  [supcon+hybrid] per-event post f=0.003: power=0.030
  [supcon+hybrid] sparker (post)
    post-spk f=0.003: power=0.160 [0.107,0.229] (8/50)
  [supcon+hybrid] maha (post)
    post-maha f=0.003: power=0.020 [0.003,0.064] (1/50)
  [supcon+hybrid] mmd (post)
    post-mmd f=0.003: power=0.220 [0.159,0.294] (11/50)
  [sigreg+proto] epoch 1/5  sigreg=0.2414  proto=1.9252  min_dist=1.56  mean_dist=4.15
  [sigreg+proto] epoch 2/5  sigreg=0.2440  proto=1.9099  min_dist=1.78  mean_dist=4.51
  [sigreg+proto] epoch 3/5  sigreg=0.2561  proto=1.8286  min_dist=1.94  mean_dist=4.83
  [sigreg+proto] epoch 4/5  sigreg=0.2817  proto=1.8049  min_dist=2.09  mean_dist=5.13
  [sigreg+proto] epoch 5/5  sigreg=0.2980  proto=1.7323  min_dist=2.23  mean_dist=5.40
  round 1: pool=2480 purity=0.002 k-hat=4 anchors=4  margin=0.7703  mean-anchor=0.8682  4=0.868
  [sigreg+proto] epoch 1/5  sigreg=0.3469  proto=1.9328  min_dist=2.45  mean_dist=5.79
  [sigreg+proto] epoch 2/5  sigreg=0.3742  proto=1.8360  min_dist=2.66  mean_dist=6.18
  [sigreg+proto] epoch 3/5  sigreg=0.4282  proto=1.8454  min_dist=2.84  mean_dist=6.54
  [sigreg+proto] epoch 4/5  sigreg=0.4834  proto=1.8825  min_dist=3.01  mean_dist=6.86
  [sigreg+proto] epoch 5/5  sigreg=0.5277  proto=1.8482  min_dist=3.17  mean_dist=7.17
  round 2: pool=2480 purity=0.002 k-hat=4 anchors=8  margin=0.7311  mean-anchor=0.8549  4=0.855
  [hybrid->supres] per-event post f=0.003: power=0.100
  [hybrid->supres] sparker (post)
    post-spk f=0.003: power=0.020 [0.003,0.064] (1/50)
  [hybrid->supres] maha (post)
    post-maha f=0.003: power=0.080 [0.042,0.138] (4/50)
  [hybrid->supres] mmd (post)
    post-mmd f=0.003: power=0.140 [0.090,0.207] (7/50)

===== POST grid, f=0.01 (500 injected) =====
  [sigreg+proto] epoch 1/5  sigreg=0.3034  proto=1.7887  min_dist=0.85  mean_dist=4.65
  [sigreg+proto] epoch 2/5  sigreg=0.2752  proto=1.5563  min_dist=1.09  mean_dist=4.98
  [sigreg+proto] epoch 3/5  sigreg=0.2643  proto=1.3849  min_dist=1.28  mean_dist=5.29
  [sigreg+proto] epoch 4/5  sigreg=0.2737  proto=1.3712  min_dist=1.45  mean_dist=5.58
  [sigreg+proto] epoch 5/5  sigreg=0.2724  proto=1.2737  min_dist=1.60  mean_dist=5.86
  round 1: pool=2480 purity=0.002 k-hat=4 anchors=4  margin=0.5833  mean-anchor=0.6897  4=0.690
  [sigreg+proto] epoch 1/5  sigreg=0.3040  proto=1.5523  min_dist=1.77  mean_dist=6.22
  [sigreg+proto] epoch 2/5  sigreg=0.3121  proto=1.3956  min_dist=2.02  mean_dist=6.60
  [sigreg+proto] epoch 3/5  sigreg=0.3519  proto=1.4574  min_dist=2.26  mean_dist=6.95
  [sigreg+proto] epoch 4/5  sigreg=0.3908  proto=1.5056  min_dist=2.48  mean_dist=7.27
  [sigreg+proto] epoch 5/5  sigreg=0.4068  proto=1.4119  min_dist=2.68  mean_dist=7.57
  round 2: pool=2493 purity=0.007 k-hat=4 anchors=8  margin=0.7044  mean-anchor=0.8992  4=0.899
  [supcon+hybrid] per-event post f=0.01: power=0.090
  [supcon+hybrid] sparker (post)
    post-spk f=0.01: power=0.100 [0.058,0.162] (5/50)
  [supcon+hybrid] maha (post)
    post-maha f=0.01: power=0.060 [0.028,0.115] (3/50)
  [supcon+hybrid] mmd (post)
    post-mmd f=0.01: power=0.000 [0.000,0.036] (0/50)
  [sigreg+proto] epoch 1/5  sigreg=0.2418  proto=1.9561  min_dist=1.56  mean_dist=4.15
  [sigreg+proto] epoch 2/5  sigreg=0.2394  proto=1.8248  min_dist=1.78  mean_dist=4.51
  [sigreg+proto] epoch 3/5  sigreg=0.2624  proto=1.8347  min_dist=1.95  mean_dist=4.83
  [sigreg+proto] epoch 4/5  sigreg=0.2786  proto=1.8052  min_dist=2.09  mean_dist=5.13
  [sigreg+proto] epoch 5/5  sigreg=0.3071  proto=1.7960  min_dist=2.23  mean_dist=5.40
  round 1: pool=2498 purity=0.009 k-hat=4 anchors=4  margin=0.7957  mean-anchor=0.8164  4=0.816
  [sigreg+proto] epoch 1/5  sigreg=0.3517  proto=1.9435  min_dist=2.46  mean_dist=5.79
  [sigreg+proto] epoch 2/5  sigreg=0.3887  proto=1.8718  min_dist=2.66  mean_dist=6.19
  [sigreg+proto] epoch 3/5  sigreg=0.4400  proto=1.8454  min_dist=2.84  mean_dist=6.54
  [sigreg+proto] epoch 4/5  sigreg=0.4848  proto=1.8406  min_dist=3.01  mean_dist=6.87
  [sigreg+proto] epoch 5/5  sigreg=0.5466  proto=1.8422  min_dist=3.15  mean_dist=7.17
  round 2: pool=2497 purity=0.009 k-hat=4 anchors=8  margin=0.7383  mean-anchor=0.8689  4=0.869
  [hybrid->supres] per-event post f=0.01: power=0.160
  [hybrid->supres] sparker (post)
    post-spk f=0.01: power=0.060 [0.028,0.115] (3/50)
  [hybrid->supres] maha (post)
    post-maha f=0.01: power=0.060 [0.028,0.115] (3/50)
  [hybrid->supres] mmd (post)
    post-mmd f=0.01: power=0.000 [0.000,0.036] (0/50)
  NOTE: requested 1010 injected but only 500 available -- fraction clamped

===== POST grid, f=0.02 (500 injected) =====
  [sigreg+proto] epoch 1/5  sigreg=0.3141  proto=1.8147  min_dist=0.85  mean_dist=4.65
  [sigreg+proto] epoch 2/5  sigreg=0.2697  proto=1.4946  min_dist=1.09  mean_dist=4.98
  [sigreg+proto] epoch 3/5  sigreg=0.2699  proto=1.4481  min_dist=1.28  mean_dist=5.29
  [sigreg+proto] epoch 4/5  sigreg=0.2708  proto=1.3828  min_dist=1.45  mean_dist=5.58
  [sigreg+proto] epoch 5/5  sigreg=0.2804  proto=1.3159  min_dist=1.61  mean_dist=5.86
  round 1: pool=2480 purity=0.002 k-hat=4 anchors=4  margin=0.5476  mean-anchor=0.6819  4=0.682
  [sigreg+proto] epoch 1/5  sigreg=0.3193  proto=1.5745  min_dist=2.01  mean_dist=6.23
  [sigreg+proto] epoch 2/5  sigreg=0.3292  proto=1.4549  min_dist=2.35  mean_dist=6.61
  [sigreg+proto] epoch 3/5  sigreg=0.3537  proto=1.4184  min_dist=2.63  mean_dist=6.96
  [sigreg+proto] epoch 4/5  sigreg=0.3755  proto=1.4201  min_dist=2.80  mean_dist=7.28
  [sigreg+proto] epoch 5/5  sigreg=0.4084  proto=1.3916  min_dist=2.90  mean_dist=7.58
  round 2: pool=2497 purity=0.009 k-hat=4 anchors=8  margin=0.5626  mean-anchor=0.7913  4=0.791
  [supcon+hybrid] per-event post f=0.02: power=0.020
  [supcon+hybrid] sparker (post)
    post-spk f=0.02: power=0.300 [0.231,0.378] (15/50)
  [supcon+hybrid] maha (post)
    post-maha f=0.02: power=0.000 [0.000,0.036] (0/50)
  [supcon+hybrid] mmd (post)
    post-mmd f=0.02: power=0.880 [0.816,0.926] (44/50)
  [sigreg+proto] epoch 1/5  sigreg=0.2376  proto=1.9124  min_dist=1.56  mean_dist=4.15
  [sigreg+proto] epoch 2/5  sigreg=0.2445  proto=1.8525  min_dist=1.74  mean_dist=4.51
  [sigreg+proto] epoch 3/5  sigreg=0.2608  proto=1.8078  min_dist=1.89  mean_dist=4.83
  [sigreg+proto] epoch 4/5  sigreg=0.2845  proto=1.8360  min_dist=2.03  mean_dist=5.13
  [sigreg+proto] epoch 5/5  sigreg=0.3070  proto=1.7714  min_dist=2.17  mean_dist=5.40
  round 1: pool=2498 purity=0.009 k-hat=4 anchors=4  margin=0.7209  mean-anchor=0.8363  4=0.836
  [sigreg+proto] epoch 1/5  sigreg=0.3519  proto=1.9528  min_dist=2.39  mean_dist=5.81
  [sigreg+proto] epoch 2/5  sigreg=0.3928  proto=1.8881  min_dist=2.59  mean_dist=6.21
  [sigreg+proto] epoch 3/5  sigreg=0.4278  proto=1.8330  min_dist=2.78  mean_dist=6.56
  [sigreg+proto] epoch 4/5  sigreg=0.4895  proto=1.8909  min_dist=2.94  mean_dist=6.89
  [sigreg+proto] epoch 5/5  sigreg=0.5199  proto=1.8108  min_dist=3.10  mean_dist=7.19
  round 2: pool=2490 purity=0.006 k-hat=4 anchors=8  margin=0.6235  mean-anchor=0.8161  4=0.816
  [hybrid->supres] per-event post f=0.02: power=0.000
  [hybrid->supres] sparker (post)
    post-spk f=0.02: power=0.120 [0.074,0.184] (6/50)
  [hybrid->supres] maha (post)
    post-maha f=0.02: power=0.000 [0.000,0.036] (0/50)
  [hybrid->supres] mmd (post)
    post-mmd f=0.02: power=0.420 [0.343,0.500] (21/50)
  NOTE: requested 2605 injected but only 500 available -- fraction clamped

===== POST grid, f=0.05 (500 injected) =====
  [sigreg+proto] epoch 1/5  sigreg=0.3061  proto=1.8049  min_dist=0.85  mean_dist=4.65
  [sigreg+proto] epoch 2/5  sigreg=0.2820  proto=1.5170  min_dist=1.09  mean_dist=4.98
  [sigreg+proto] epoch 3/5  sigreg=0.2645  proto=1.3974  min_dist=1.28  mean_dist=5.29
  [sigreg+proto] epoch 4/5  sigreg=0.2764  proto=1.4034  min_dist=1.45  mean_dist=5.58
  [sigreg+proto] epoch 5/5  sigreg=0.2831  proto=1.3314  min_dist=1.60  mean_dist=5.85
  round 1: pool=2480 purity=0.002 k-hat=4 anchors=4  margin=0.7183  mean-anchor=0.8373  4=0.837
  [sigreg+proto] epoch 1/5  sigreg=0.3062  proto=1.5442  min_dist=2.00  mean_dist=6.25
  [sigreg+proto] epoch 2/5  sigreg=0.3386  proto=1.4880  min_dist=2.34  mean_dist=6.63
  [sigreg+proto] epoch 3/5  sigreg=0.3662  proto=1.5025  min_dist=2.61  mean_dist=6.98
  [sigreg+proto] epoch 4/5  sigreg=0.4019  proto=1.5153  min_dist=2.80  mean_dist=7.30
  [sigreg+proto] epoch 5/5  sigreg=0.4225  proto=1.4408  min_dist=2.91  mean_dist=7.60
  round 2: pool=2482 purity=0.003 k-hat=4 anchors=8  margin=0.4483  mean-anchor=0.7125  4=0.713
  [supcon+hybrid] per-event post f=0.05: power=0.010
  [supcon+hybrid] sparker (post)
    post-spk f=0.05: power=1.000 [0.964,1.000] (50/50)
  [supcon+hybrid] maha (post)
    post-maha f=0.05: power=0.080 [0.042,0.138] (4/50)
  [supcon+hybrid] mmd (post)
    post-mmd f=0.05: power=1.000 [0.964,1.000] (50/50)
  [sigreg+proto] epoch 1/5  sigreg=0.2416  proto=1.8891  min_dist=1.56  mean_dist=4.15
  [sigreg+proto] epoch 2/5  sigreg=0.2429  proto=1.8643  min_dist=1.78  mean_dist=4.51
  [sigreg+proto] epoch 3/5  sigreg=0.2634  proto=1.8438  min_dist=1.95  mean_dist=4.83
  [sigreg+proto] epoch 4/5  sigreg=0.2822  proto=1.8011  min_dist=2.09  mean_dist=5.13
  [sigreg+proto] epoch 5/5  sigreg=0.3120  proto=1.8214  min_dist=2.23  mean_dist=5.40
  round 1: pool=2498 purity=0.009 k-hat=4 anchors=4  margin=0.7436  mean-anchor=0.8422  4=0.842
  [sigreg+proto] epoch 1/5  sigreg=0.3508  proto=1.9443  min_dist=2.46  mean_dist=5.81
  [sigreg+proto] epoch 2/5  sigreg=0.3938  proto=1.8757  min_dist=2.66  mean_dist=6.20
  [sigreg+proto] epoch 3/5  sigreg=0.4338  proto=1.8685  min_dist=2.85  mean_dist=6.55
  [sigreg+proto] epoch 4/5  sigreg=0.4888  proto=1.8553  min_dist=3.02  mean_dist=6.88
  [sigreg+proto] epoch 5/5  sigreg=0.5384  proto=1.8698  min_dist=3.15  mean_dist=7.18
  round 2: pool=2496 purity=0.008 k-hat=4 anchors=8  margin=0.6587  mean-anchor=0.7959  4=0.796
  [hybrid->supres] per-event post f=0.05: power=0.030
  [hybrid->supres] sparker (post)
    post-spk f=0.05: power=1.000 [0.964,1.000] (50/50)
  [hybrid->supres] maha (post)
    post-maha f=0.05: power=0.100 [0.058,0.162] (5/50)
  [hybrid->supres] mmd (post)
    post-mmd f=0.05: power=0.980 [0.936,0.997] (49/50)

===== EXP34F PEREVENT POWER SUMMARY (alpha=0.05) =====
  arm               kind    0.001    0.003     0.01     0.02     0.05
  supcon+hybrid      pre    0.000    0.000    0.000    0.000    0.000
  supcon+hybrid     post    0.000    0.030    0.090    0.020    0.010
  hybrid->supres     pre    0.000    0.000    0.000    0.000    0.000
  hybrid->supres    post    0.040    0.100    0.160    0.000    0.030
saved /home/pharris/sigreg/SuperSig/plots/exp34f_perevent_power_cifar100.png

===== EXP34F SPARKER POWER SUMMARY (alpha=0.05) =====
  arm               kind    0.001    0.003     0.01     0.02     0.05
  supcon+hybrid      pre    0.080    0.060    0.020    0.060    1.000
  supcon+hybrid     post    0.080    0.160    0.100    0.300    1.000
  hybrid->supres     pre    0.000    0.060    0.120    0.060    1.000
  hybrid->supres    post    0.060    0.020    0.060    0.120    1.000
saved /home/pharris/sigreg/SuperSig/plots/exp34f_sparker_power_cifar100.png

===== EXP34F MAHA POWER SUMMARY (alpha=0.05) =====
  arm               kind    0.001    0.003     0.01     0.02     0.05
  supcon+hybrid      pre    0.040    0.000    0.020    0.000    0.020
  supcon+hybrid     post    0.020    0.020    0.060    0.000    0.080
  hybrid->supres     pre    0.040    0.000    0.020    0.040    0.060
  hybrid->supres    post    0.080    0.080    0.060    0.000    0.100
saved /home/pharris/sigreg/SuperSig/plots/exp34f_maha_power_cifar100.png

===== EXP34F MMD POWER SUMMARY (alpha=0.05) =====
  arm               kind    0.001    0.003     0.01     0.02     0.05
  supcon+hybrid      pre    0.040    0.100    0.060    0.300    1.000
  supcon+hybrid     post    0.100    0.220    0.000    0.880    1.000
  hybrid->supres     pre    0.060    0.100    0.020    0.200    1.000
  hybrid->supres    post    0.080    0.140    0.000    0.420    0.980
saved /home/pharris/sigreg/SuperSig/plots/exp34f_mmd_power_cifar100.png
saved /home/pharris/sigreg/SuperSig/logs/exp34/power_data_hybrid.npz
