/home/pharris/venv/lib64/python3.9/site-packages/networkx/utils/backends.py:135: RuntimeWarning: networkx backend defined more than once: nx-loopback
  backends.update(_get_backends("networkx.backends"))
Using cache found in /home/pharris/.cache/torch/hub/chenyaofo_pytorch-cifar-models_master
exp34j [cifar100] calibrated-contrastive arc at 50+50d, holdout=[4]

----- supcon50 -----
  CIFAR two-view embedding-train images (no {4}): 49500
  [supcon] epoch 1/10  loss=4.2564
  [supcon] epoch 2/10  loss=3.9940
  [supcon] epoch 3/10  loss=3.9162
  [supcon] epoch 4/10  loss=3.8514
  [supcon] epoch 5/10  loss=3.8224
  [supcon] epoch 6/10  loss=3.7858
  [supcon] epoch 7/10  loss=3.7578
  [supcon] epoch 8/10  loss=3.7296
  [supcon] epoch 9/10  loss=3.7081
  [supcon] epoch 10/10  loss=3.6961
Using cache found in /home/pharris/.cache/torch/hub/chenyaofo_pytorch-cifar-models_master

----- simclr50 -----
  CIFAR two-view embedding-train images (no {4}): 49500
  [simclr] epoch 1/20  loss=4.6793
  [simclr] epoch 2/20  loss=4.5587
  [simclr] epoch 3/20  loss=4.5336
  [simclr] epoch 4/20  loss=4.5184
  [simclr] epoch 5/20  loss=4.5084
  [simclr] epoch 6/20  loss=4.4990
  [simclr] epoch 7/20  loss=4.4918
  [simclr] epoch 8/20  loss=4.4858
  [simclr] epoch 9/20  loss=4.4833
  [simclr] epoch 10/20  loss=4.4775
  [simclr] epoch 11/20  loss=4.4732
  [simclr] epoch 12/20  loss=4.4714
  [simclr] epoch 13/20  loss=4.4674
  [simclr] epoch 14/20  loss=4.4676
  [simclr] epoch 15/20  loss=4.4633
  [simclr] epoch 16/20  loss=4.4613
  [simclr] epoch 17/20  loss=4.4579
  [simclr] epoch 18/20  loss=4.4570
  [simclr] epoch 19/20  loss=4.4546
  [simclr] epoch 20/20  loss=4.4534
Using cache found in /home/pharris/.cache/torch/hub/chenyaofo_pytorch-cifar-models_master

----- hybrid50 simclr+sigreg (lam=1.0) -----
  CIFAR two-view embedding-train images (no {4}): 49500
  [simclr+sigreg] epoch 1/20  nt-xent=4.7072  sigreg=0.0724
  [simclr+sigreg] epoch 2/20  nt-xent=4.5711  sigreg=0.0322
  [simclr+sigreg] epoch 3/20  nt-xent=4.5426  sigreg=0.0279
  [simclr+sigreg] epoch 4/20  nt-xent=4.5259  sigreg=0.0256
  [simclr+sigreg] epoch 5/20  nt-xent=4.5159  sigreg=0.0254
  [simclr+sigreg] epoch 6/20  nt-xent=4.5056  sigreg=0.0237
  [simclr+sigreg] epoch 7/20  nt-xent=4.4975  sigreg=0.0226
  [simclr+sigreg] epoch 8/20  nt-xent=4.4919  sigreg=0.0220
  [simclr+sigreg] epoch 9/20  nt-xent=4.4873  sigreg=0.0212
  [simclr+sigreg] epoch 10/20  nt-xent=4.4827  sigreg=0.0209
  [simclr+sigreg] epoch 11/20  nt-xent=4.4780  sigreg=0.0202
  [simclr+sigreg] epoch 12/20  nt-xent=4.4761  sigreg=0.0198
  [simclr+sigreg] epoch 13/20  nt-xent=4.4713  sigreg=0.0197
  [simclr+sigreg] epoch 14/20  nt-xent=4.4705  sigreg=0.0194
  [simclr+sigreg] epoch 15/20  nt-xent=4.4666  sigreg=0.0193
  [simclr+sigreg] epoch 16/20  nt-xent=4.4644  sigreg=0.0186
  [simclr+sigreg] epoch 17/20  nt-xent=4.4611  sigreg=0.0186
  [simclr+sigreg] epoch 18/20  nt-xent=4.4596  sigreg=0.0185
  [simclr+sigreg] epoch 19/20  nt-xent=4.4579  sigreg=0.0185
  [simclr+sigreg] epoch 20/20  nt-xent=4.4564  sigreg=0.0182
Using cache found in /home/pharris/.cache/torch/hub/chenyaofo_pytorch-cifar-models_master

----- hybrid50 simclr+sigreg (lam=5.0) -----
  CIFAR two-view embedding-train images (no {4}): 49500
  [simclr+sigreg] epoch 1/20  nt-xent=4.7796  sigreg=0.0752
  [simclr+sigreg] epoch 2/20  nt-xent=4.6125  sigreg=0.0344
  [simclr+sigreg] epoch 3/20  nt-xent=4.5751  sigreg=0.0282
  [simclr+sigreg] epoch 4/20  nt-xent=4.5547  sigreg=0.0255
  [simclr+sigreg] epoch 5/20  nt-xent=4.5420  sigreg=0.0242
  [simclr+sigreg] epoch 6/20  nt-xent=4.5314  sigreg=0.0231
  [simclr+sigreg] epoch 7/20  nt-xent=4.5214  sigreg=0.0223
  [simclr+sigreg] epoch 8/20  nt-xent=4.5151  sigreg=0.0216
  [simclr+sigreg] epoch 9/20  nt-xent=4.5109  sigreg=0.0209
  [simclr+sigreg] epoch 10/20  nt-xent=4.5049  sigreg=0.0206
  [simclr+sigreg] epoch 11/20  nt-xent=4.5003  sigreg=0.0200
  [simclr+sigreg] epoch 12/20  nt-xent=4.4983  sigreg=0.0196
  [simclr+sigreg] epoch 13/20  nt-xent=4.4941  sigreg=0.0198
  [simclr+sigreg] epoch 14/20  nt-xent=4.4920  sigreg=0.0189
  [simclr+sigreg] epoch 15/20  nt-xent=4.4884  sigreg=0.0186
  [simclr+sigreg] epoch 16/20  nt-xent=4.4860  sigreg=0.0185
  [simclr+sigreg] epoch 17/20  nt-xent=4.4824  sigreg=0.0180
  [simclr+sigreg] epoch 18/20  nt-xent=4.4794  sigreg=0.0175
  [simclr+sigreg] epoch 19/20  nt-xent=4.4775  sigreg=0.0174
  [simclr+sigreg] epoch 20/20  nt-xent=4.4773  sigreg=0.0173
Using cache found in /home/pharris/.cache/torch/hub/chenyaofo_pytorch-cifar-models_master

----- ss50 supcon+sigreg (lam=1.0) -----
  CIFAR two-view embedding-train images (no {4}): 49500
  [supcon+sigreg] epoch 1/10  supcon=4.3194  sigreg=0.2376
  [supcon+sigreg] epoch 2/10  supcon=4.0792  sigreg=0.1195
  [supcon+sigreg] epoch 3/10  supcon=4.0018  sigreg=0.1065
  [supcon+sigreg] epoch 4/10  supcon=3.9393  sigreg=0.0971
  [supcon+sigreg] epoch 5/10  supcon=3.9035  sigreg=0.0924
  [supcon+sigreg] epoch 6/10  supcon=3.8661  sigreg=0.0882
  [supcon+sigreg] epoch 7/10  supcon=3.8406  sigreg=0.0848
  [supcon+sigreg] epoch 8/10  supcon=3.8105  sigreg=0.0837
  [supcon+sigreg] epoch 9/10  supcon=3.7876  sigreg=0.0813
  [supcon+sigreg] epoch 10/10  supcon=3.7792  sigreg=0.0817
Using cache found in /home/pharris/.cache/torch/hub/chenyaofo_pytorch-cifar-models_master

----- ss50 supcon+sigreg (lam=5.0) -----
  CIFAR two-view embedding-train images (no {4}): 49500
  [supcon+sigreg] epoch 1/10  supcon=4.6366  sigreg=0.0931
  [supcon+sigreg] epoch 2/10  supcon=4.2668  sigreg=0.0367
  [supcon+sigreg] epoch 3/10  supcon=4.1556  sigreg=0.0342
  [supcon+sigreg] epoch 4/10  supcon=4.0766  sigreg=0.0317
  [supcon+sigreg] epoch 5/10  supcon=4.0366  sigreg=0.0318
  [supcon+sigreg] epoch 6/10  supcon=3.9963  sigreg=0.0300
  [supcon+sigreg] epoch 7/10  supcon=3.9634  sigreg=0.0281
  [supcon+sigreg] epoch 8/10  supcon=3.9330  sigreg=0.0284
  [supcon+sigreg] epoch 9/10  supcon=3.9056  sigreg=0.0296
  [supcon+sigreg] epoch 10/10  supcon=3.8939  sigreg=0.0290

----- supres50 from hybrid(lam=1) trunk (w=1, batch 99x24) -----
  cifar100 balanced loader (no {4}): 49500 images, 20 batches of 99x24
  [sigreg+proto] epoch 1/10  sigreg=0.3364  proto=2.9760  min_dist=1.21  mean_dist=5.04
  [sigreg+proto] epoch 2/10  sigreg=0.3701  proto=2.2610  min_dist=1.38  mean_dist=5.19
  [sigreg+proto] epoch 3/10  sigreg=0.3496  proto=2.0402  min_dist=1.54  mean_dist=5.34
  [sigreg+proto] epoch 4/10  sigreg=0.3360  proto=1.8819  min_dist=1.68  mean_dist=5.48
  [sigreg+proto] epoch 5/10  sigreg=0.3270  proto=1.7680  min_dist=1.80  mean_dist=5.63
  [sigreg+proto] epoch 6/10  sigreg=0.3226  proto=1.6428  min_dist=1.90  mean_dist=5.76
  [sigreg+proto] epoch 7/10  sigreg=0.3123  proto=1.5865  min_dist=1.99  mean_dist=5.90
  [sigreg+proto] epoch 8/10  sigreg=0.3059  proto=1.4734  min_dist=2.08  mean_dist=6.03
  [sigreg+proto] epoch 9/10  sigreg=0.2997  proto=1.4114  min_dist=2.17  mean_dist=6.16
  [sigreg+proto] epoch 10/10  sigreg=0.2957  proto=1.3181  min_dist=2.25  mean_dist=6.28

----- res-simclr50 (SimCLR on supcon residual) -----
  CIFAR two-view embedding-train images (no {4}): 49500
  [simclr-residual] epoch 1/20  loss=4.4391
  [simclr-residual] epoch 2/20  loss=4.3813
  [simclr-residual] epoch 3/20  loss=4.3768
  [simclr-residual] epoch 4/20  loss=4.3744
  [simclr-residual] epoch 5/20  loss=4.3720
  [simclr-residual] epoch 6/20  loss=4.3705
  [simclr-residual] epoch 7/20  loss=4.3689
  [simclr-residual] epoch 8/20  loss=4.3689
  [simclr-residual] epoch 9/20  loss=4.3669
  [simclr-residual] epoch 10/20  loss=4.3662
  [simclr-residual] epoch 11/20  loss=4.3655
  [simclr-residual] epoch 12/20  loss=4.3656
  [simclr-residual] epoch 13/20  loss=4.3648
  [simclr-residual] epoch 14/20  loss=4.3641
  [simclr-residual] epoch 15/20  loss=4.3624
  [simclr-residual] epoch 16/20  loss=4.3626
  [simclr-residual] epoch 17/20  loss=4.3621
  [simclr-residual] epoch 18/20  loss=4.3617
  [simclr-residual] epoch 19/20  loss=4.3613
  [simclr-residual] epoch 20/20  loss=4.3607

----- resfeat50 (simclr+sigreg on ss5 residual, lam=5) -----
  CIFAR two-view embedding-train images (no {4}): 49500
  [simclr-residual] epoch 1/20  loss=4.5350  sigreg=0.0300
  [simclr-residual] epoch 2/20  loss=4.4340  sigreg=0.0243
  [simclr-residual] epoch 3/20  loss=4.4212  sigreg=0.0236
  [simclr-residual] epoch 4/20  loss=4.4147  sigreg=0.0232
  [simclr-residual] epoch 5/20  loss=4.4086  sigreg=0.0223
  [simclr-residual] epoch 6/20  loss=4.4049  sigreg=0.0218
  [simclr-residual] epoch 7/20  loss=4.4024  sigreg=0.0212
  [simclr-residual] epoch 8/20  loss=4.4006  sigreg=0.0215
  [simclr-residual] epoch 9/20  loss=4.3974  sigreg=0.0208
  [simclr-residual] epoch 10/20  loss=4.3955  sigreg=0.0204
  [simclr-residual] epoch 11/20  loss=4.3938  sigreg=0.0201
  [simclr-residual] epoch 12/20  loss=4.3919  sigreg=0.0203
  [simclr-residual] epoch 13/20  loss=4.3910  sigreg=0.0198
  [simclr-residual] epoch 14/20  loss=4.3894  sigreg=0.0197
  [simclr-residual] epoch 15/20  loss=4.3871  sigreg=0.0191
  [simclr-residual] epoch 16/20  loss=4.3868  sigreg=0.0191
  [simclr-residual] epoch 17/20  loss=4.3867  sigreg=0.0190
  [simclr-residual] epoch 18/20  loss=4.3857  sigreg=0.0187
  [simclr-residual] epoch 19/20  loss=4.3843  sigreg=0.0186
  [simclr-residual] epoch 20/20  loss=4.3833  sigreg=0.0183

----- rescls50 (supcon+sigreg on hybrid5 residual, lam=5) -----
  CIFAR two-view embedding-train images (no {4}): 49500
  [supcon-sigreg-residual] epoch 1/10  supcon=2.5866  sigreg=0.2285
  [supcon-sigreg-residual] epoch 2/10  supcon=2.3177  sigreg=0.1630
  [supcon-sigreg-residual] epoch 3/10  supcon=2.2946  sigreg=0.1414
  [supcon-sigreg-residual] epoch 4/10  supcon=2.2679  sigreg=0.1259
  [supcon-sigreg-residual] epoch 5/10  supcon=2.2431  sigreg=0.1159
  [supcon-sigreg-residual] epoch 6/10  supcon=2.2246  sigreg=0.1106
  [supcon-sigreg-residual] epoch 7/10  supcon=2.2007  sigreg=0.1064
  [supcon-sigreg-residual] epoch 8/10  supcon=2.1814  sigreg=0.1023
  [supcon-sigreg-residual] epoch 9/10  supcon=2.1708  sigreg=0.0992
  [supcon-sigreg-residual] epoch 10/10  supcon=2.1582  sigreg=0.0977

===== Part A: probe suite =====
  [supcon+simclr       ] probe=0.9547+-0.0001 acc=0.5218 supAUC=0.9688 eucl=0.4475 mahaT=0.3642 mahaPC=0.5050
  [supcon+hybrid[lam1] ] probe=0.9541+-0.0007 acc=0.4847 supAUC=0.9623 eucl=0.4855 mahaT=0.3822 mahaPC=0.5035
  [supcon+hybrid[lam5] ] probe=0.9474+-0.0005 acc=0.4898 supAUC=0.9635 eucl=0.4577 mahaT=0.3630 mahaPC=0.4865
  [ss[lam1]+hybrid     ] probe=0.9306+-0.0017 acc=0.5542 supAUC=0.9752 eucl=0.4438 mahaT=0.3556 mahaPC=0.4990
  [ss[lam5]+hybrid     ] probe=0.9076+-0.0031 acc=0.5606 supAUC=0.9762 eucl=0.5219 mahaT=0.4371 mahaPC=0.5311
  [hybrid->supres      ] probe=0.9234+-0.0028 acc=0.4485 supAUC=0.9620 eucl=0.5013 mahaT=0.3677 mahaPC=0.4948
  [supcon+res-simclr   ] probe=0.9519+-0.0011 acc=0.5575 supAUC=0.9747 eucl=0.4008 mahaT=0.3346 mahaPC=0.5031
  [cls->resfeat        ] probe=0.9228+-0.0011 acc=0.5625 supAUC=0.9752 eucl=0.6265 mahaT=0.5505 mahaPC=0.5509
  [feat->rescls        ] probe=0.8399+-0.0030 acc=0.3539 supAUC=0.9219 eucl=0.3269 mahaT=0.1660 mahaPC=0.2507

===== gaussianity =====
  metric                     supcon+simclrsupcon+hybrid[lam1]supcon+hybrid[lam5]ss[lam1]+hybridss[lam5]+hybridhybrid->supressupcon+res-simclr  cls->resfeat  feat->rescls
  eig min (class cov)               -0.000        -0.000        -0.000        -0.000        -0.000        -0.000        -0.000        -0.000        -0.000
  eig max (class cov)               23.570        18.260        17.047        22.015        20.717        24.076        13.794        17.942        23.082
  eig cond worst            16723923173376.014082453274624.014826844717056.022015033475072.015454997315584.018998114648064.07272080080896.017942318153728.023082366402560.0
  class RMS min                      0.349         0.479         0.428         0.538         0.515         0.577         0.215         0.482         0.470
  class RMS mean                     0.550         0.676         0.655         0.740         0.754         0.775         0.311         0.646         0.654
  class RMS max                      0.774         0.761         0.731         0.809         0.847         0.867         0.455         0.763         0.797
  max |corr| (worst class)           0.975         0.975         0.975         0.947         0.926         0.906         0.995         0.947         0.988
  SW ratio mean                       1.54          1.53          1.47          1.36          1.40          1.38          1.64          1.45          1.46
  SW ratio worst                      3.94          3.92          4.25          2.96          3.53          2.67          3.34          3.12          2.92
  |skew| mean                        0.295         0.288         0.279         0.264         0.273         0.266         0.320         0.286         0.277
  |ex-kurt| mean                     0.494         0.484         0.472         0.449         0.460         0.451         0.560         0.470         0.468
  centroid dist min                   1.20          1.50          1.33          1.53          1.74          1.74          0.70          1.69          1.17
  centroid dist mean                  6.34          6.90          6.53          8.83          8.65          7.44          5.05          8.30          5.70
  separation (min d/RMS)              2.18          2.21          2.03          2.06          2.31          2.25          2.24          2.62          1.79

===== PRE power scan: supcon+hybrid[lam5] =====
  [supcon+hybrid[lam5]] per-event pre power=0.030
  [supcon+hybrid[lam5]] sparker
    pre-spk f=0.001: power=0.000 [0.000,0.036] (0/50)
    pre-spk f=0.003: power=0.040 [0.014,0.090] (2/50)
    pre-spk f=0.01: power=0.020 [0.003,0.064] (1/50)
    pre-spk f=0.02: power=0.000 [0.000,0.036] (0/50)
    pre-spk f=0.05: power=1.000 [0.964,1.000] (50/50)
  [supcon+hybrid[lam5]] maha
    pre-maha f=0.001: power=0.020 [0.003,0.064] (1/50)
    pre-maha f=0.003: power=0.000 [0.000,0.036] (0/50)
    pre-maha f=0.01: power=0.000 [0.000,0.036] (0/50)
    pre-maha f=0.02: power=0.040 [0.014,0.090] (2/50)
    pre-maha f=0.05: power=0.020 [0.003,0.064] (1/50)
  [supcon+hybrid[lam5]] mmd
    pre-mmd f=0.001: power=0.020 [0.003,0.064] (1/50)
    pre-mmd f=0.003: power=0.080 [0.042,0.138] (4/50)
    pre-mmd f=0.01: power=0.100 [0.058,0.162] (5/50)
    pre-mmd f=0.02: power=0.420 [0.343,0.500] (21/50)
    pre-mmd f=0.05: power=1.000 [0.964,1.000] (50/50)

===== PRE power scan: ss[lam5]+hybrid =====
  [ss[lam5]+hybrid] per-event pre power=0.050
  [ss[lam5]+hybrid] sparker
    pre-spk f=0.001: power=0.060 [0.028,0.115] (3/50)
    pre-spk f=0.003: power=0.040 [0.014,0.090] (2/50)
    pre-spk f=0.01: power=0.020 [0.003,0.064] (1/50)
    pre-spk f=0.02: power=0.060 [0.028,0.115] (3/50)
    pre-spk f=0.05: power=1.000 [0.964,1.000] (50/50)
  [ss[lam5]+hybrid] maha
    pre-maha f=0.001: power=0.000 [0.000,0.036] (0/50)
    pre-maha f=0.003: power=0.100 [0.058,0.162] (5/50)
    pre-maha f=0.01: power=0.020 [0.003,0.064] (1/50)
    pre-maha f=0.02: power=0.020 [0.003,0.064] (1/50)
    pre-maha f=0.05: power=0.140 [0.090,0.207] (7/50)
  [ss[lam5]+hybrid] mmd
    pre-mmd f=0.001: power=0.020 [0.003,0.064] (1/50)
    pre-mmd f=0.003: power=0.060 [0.028,0.115] (3/50)
    pre-mmd f=0.01: power=0.100 [0.058,0.162] (5/50)
    pre-mmd f=0.02: power=0.460 [0.382,0.540] (23/50)
    pre-mmd f=0.05: power=1.000 [0.964,1.000] (50/50)

===== PRE power scan: hybrid->supres =====
  [hybrid->supres] per-event pre power=0.020
  [hybrid->supres] sparker
    pre-spk f=0.001: power=0.020 [0.003,0.064] (1/50)
    pre-spk f=0.003: power=0.000 [0.000,0.036] (0/50)
    pre-spk f=0.01: power=0.000 [0.000,0.036] (0/50)
    pre-spk f=0.02: power=0.040 [0.014,0.090] (2/50)
    pre-spk f=0.05: power=1.000 [0.964,1.000] (50/50)
  [hybrid->supres] maha
    pre-maha f=0.001: power=0.020 [0.003,0.064] (1/50)
    pre-maha f=0.003: power=0.040 [0.014,0.090] (2/50)
    pre-maha f=0.01: power=0.040 [0.014,0.090] (2/50)
    pre-maha f=0.02: power=0.040 [0.014,0.090] (2/50)
    pre-maha f=0.05: power=0.020 [0.003,0.064] (1/50)
  [hybrid->supres] mmd
    pre-mmd f=0.001: power=0.100 [0.058,0.162] (5/50)
    pre-mmd f=0.003: power=0.140 [0.090,0.207] (7/50)
    pre-mmd f=0.01: power=0.120 [0.074,0.184] (6/50)
    pre-mmd f=0.02: power=0.200 [0.141,0.273] (10/50)
    pre-mmd f=0.05: power=1.000 [0.964,1.000] (50/50)

===== PRE power scan: cls->resfeat =====
  [cls->resfeat] per-event pre power=0.070
  [cls->resfeat] sparker
    pre-spk f=0.001: power=0.040 [0.014,0.090] (2/50)
    pre-spk f=0.003: power=0.000 [0.000,0.036] (0/50)
    pre-spk f=0.01: power=0.060 [0.028,0.115] (3/50)
    pre-spk f=0.02: power=0.140 [0.090,0.207] (7/50)
    pre-spk f=0.05: power=1.000 [0.964,1.000] (50/50)
  [cls->resfeat] maha
    pre-maha f=0.001: power=0.020 [0.003,0.064] (1/50)
    pre-maha f=0.003: power=0.020 [0.003,0.064] (1/50)
    pre-maha f=0.01: power=0.060 [0.028,0.115] (3/50)
    pre-maha f=0.02: power=0.080 [0.042,0.138] (4/50)
    pre-maha f=0.05: power=0.200 [0.141,0.273] (10/50)
  [cls->resfeat] mmd
    pre-mmd f=0.001: power=0.040 [0.014,0.090] (2/50)
    pre-mmd f=0.003: power=0.040 [0.014,0.090] (2/50)
    pre-mmd f=0.01: power=0.100 [0.058,0.162] (5/50)
    pre-mmd f=0.02: power=0.240 [0.177,0.315] (12/50)
    pre-mmd f=0.05: power=1.000 [0.964,1.000] (50/50)

===== PRE power scan: feat->rescls =====
  [feat->rescls] per-event pre power=0.010
  [feat->rescls] sparker
    pre-spk f=0.001: power=0.060 [0.028,0.115] (3/50)
    pre-spk f=0.003: power=0.020 [0.003,0.064] (1/50)
    pre-spk f=0.01: power=0.000 [0.000,0.036] (0/50)
    pre-spk f=0.02: power=0.020 [0.003,0.064] (1/50)
    pre-spk f=0.05: power=1.000 [0.964,1.000] (50/50)
  [feat->rescls] maha
    pre-maha f=0.001: power=0.000 [0.000,0.036] (0/50)
    pre-maha f=0.003: power=0.020 [0.003,0.064] (1/50)
    pre-maha f=0.01: power=0.020 [0.003,0.064] (1/50)
    pre-maha f=0.02: power=0.000 [0.000,0.036] (0/50)
    pre-maha f=0.05: power=0.000 [0.000,0.036] (0/50)
  [feat->rescls] mmd
    pre-mmd f=0.001: power=0.080 [0.042,0.138] (4/50)
    pre-mmd f=0.003: power=0.040 [0.014,0.090] (2/50)
    pre-mmd f=0.01: power=0.100 [0.058,0.162] (5/50)
    pre-mmd f=0.02: power=0.300 [0.231,0.378] (15/50)
    pre-mmd f=0.05: power=1.000 [0.964,1.000] (50/50)

===== POST scan, f=0.001 (50 injected) =====
  [sigreg+proto] epoch 1/5  sigreg=0.4166  proto=1.8047  min_dist=1.31  mean_dist=5.65
  [sigreg+proto] epoch 2/5  sigreg=0.3697  proto=1.5029  min_dist=1.71  mean_dist=6.20
  [sigreg+proto] epoch 3/5  sigreg=0.3635  proto=1.4982  min_dist=2.03  mean_dist=6.70
  [sigreg+proto] epoch 4/5  sigreg=0.3670  proto=1.3974  min_dist=2.31  mean_dist=7.16
  [sigreg+proto] epoch 5/5  sigreg=0.3787  proto=1.3401  min_dist=2.56  mean_dist=7.58
  round 1: pool=2475 purity=0.000 k-hat=4 anchors=4  margin=0.6482  mean-anchor=0.7260  4=0.726
  [sigreg+proto] epoch 1/5  sigreg=0.3899  proto=1.7221  min_dist=1.80  mean_dist=8.12
  [sigreg+proto] epoch 2/5  sigreg=0.4120  proto=1.6299  min_dist=2.02  mean_dist=8.69
  [sigreg+proto] epoch 3/5  sigreg=0.4403  proto=1.6181  min_dist=2.23  mean_dist=9.19
  [sigreg+proto] epoch 4/5  sigreg=0.4685  proto=1.5356  min_dist=2.40  mean_dist=9.63
  [sigreg+proto] epoch 5/5  sigreg=0.5034  proto=1.5482  min_dist=2.60  mean_dist=10.02
  round 2: pool=2476 purity=0.000 k-hat=4 anchors=8  margin=0.6806  mean-anchor=0.7719  4=0.772
  [supcon+hybrid[lam5]] per-event post f=0.001: power=0.100
  [supcon+hybrid[lam5]] sparker (post)
    post-spk f=0.001: power=0.000 [0.000,0.036] (0/50)
  [supcon+hybrid[lam5]] maha (post)
    post-maha f=0.001: power=0.060 [0.028,0.115] (3/50)
  [supcon+hybrid[lam5]] mmd (post)
    post-mmd f=0.001: power=0.000 [0.000,0.036] (0/50)
  [sigreg+proto] epoch 1/5  sigreg=0.3762  proto=2.3181  min_dist=1.71  mean_dist=8.19
  [sigreg+proto] epoch 2/5  sigreg=0.3970  proto=1.8861  min_dist=2.16  mean_dist=8.67
  [sigreg+proto] epoch 3/5  sigreg=0.4217  proto=1.8562  min_dist=2.52  mean_dist=9.10
  [sigreg+proto] epoch 4/5  sigreg=0.4468  proto=1.7473  min_dist=2.83  mean_dist=9.49
  [sigreg+proto] epoch 5/5  sigreg=0.4611  proto=1.5873  min_dist=3.09  mean_dist=9.84
  round 1: pool=2475 purity=0.000 k-hat=4 anchors=4  margin=0.7709  mean-anchor=0.8860  4=0.886
  [sigreg+proto] epoch 1/5  sigreg=0.4387  proto=2.2499  min_dist=1.73  mean_dist=10.07
  [sigreg+proto] epoch 2/5  sigreg=0.4390  proto=1.9715  min_dist=1.82  mean_dist=10.45
  [sigreg+proto] epoch 3/5  sigreg=0.4610  proto=1.9263  min_dist=1.92  mean_dist=10.78
  [sigreg+proto] epoch 4/5  sigreg=0.4631  proto=1.7130  min_dist=2.01  mean_dist=11.09
  [sigreg+proto] epoch 5/5  sigreg=0.4997  proto=1.6790  min_dist=2.08  mean_dist=11.37
  round 2: pool=2476 purity=0.000 k-hat=4 anchors=8  margin=0.6767  mean-anchor=0.7323  4=0.732
  [ss[lam5]+hybrid] per-event post f=0.001: power=0.040
  [ss[lam5]+hybrid] sparker (post)
    post-spk f=0.001: power=0.020 [0.003,0.064] (1/50)
  [ss[lam5]+hybrid] maha (post)
    post-maha f=0.001: power=0.040 [0.014,0.090] (2/50)
  [ss[lam5]+hybrid] mmd (post)
    post-mmd f=0.001: power=0.040 [0.014,0.090] (2/50)
  [sigreg+proto] epoch 1/5  sigreg=0.3881  proto=2.1995  min_dist=2.80  mean_dist=6.93
  [sigreg+proto] epoch 2/5  sigreg=0.4550  proto=2.0769  min_dist=3.21  mean_dist=7.49
  [sigreg+proto] epoch 3/5  sigreg=0.5028  proto=2.0438  min_dist=3.58  mean_dist=7.98
  [sigreg+proto] epoch 4/5  sigreg=0.5520  proto=1.9945  min_dist=3.88  mean_dist=8.42
  [sigreg+proto] epoch 5/5  sigreg=0.5962  proto=1.9365  min_dist=4.16  mean_dist=8.81
  round 1: pool=2477 purity=0.001 k-hat=4 anchors=4  margin=0.6713  mean-anchor=0.8466  4=0.847
  [sigreg+proto] epoch 1/5  sigreg=0.5851  proto=2.8122  min_dist=2.58  mean_dist=9.11
  [sigreg+proto] epoch 2/5  sigreg=0.6181  proto=2.3554  min_dist=2.76  mean_dist=9.53
  [sigreg+proto] epoch 3/5  sigreg=0.6535  proto=2.2637  min_dist=2.94  mean_dist=9.90
  [sigreg+proto] epoch 4/5  sigreg=0.6956  proto=2.0654  min_dist=3.14  mean_dist=10.23
  [sigreg+proto] epoch 5/5  sigreg=0.7358  proto=2.0648  min_dist=3.31  mean_dist=10.52
  round 2: pool=2475 purity=0.000 k-hat=4 anchors=8  margin=0.6496  mean-anchor=0.6575  4=0.657
  [hybrid->supres] per-event post f=0.001: power=0.030
  [hybrid->supres] sparker (post)
    post-spk f=0.001: power=0.000 [0.000,0.036] (0/50)
  [hybrid->supres] maha (post)
    post-maha f=0.001: power=0.060 [0.028,0.115] (3/50)
  [hybrid->supres] mmd (post)
    post-mmd f=0.001: power=0.020 [0.003,0.064] (1/50)
  [sigreg+proto] epoch 1/5  sigreg=0.3968  proto=2.3971  min_dist=1.72  mean_dist=8.15
  [sigreg+proto] epoch 2/5  sigreg=0.4167  proto=1.9366  min_dist=2.17  mean_dist=8.63
  [sigreg+proto] epoch 3/5  sigreg=0.4311  proto=1.8256  min_dist=2.53  mean_dist=9.06
  [sigreg+proto] epoch 4/5  sigreg=0.4592  proto=1.7451  min_dist=2.83  mean_dist=9.45
  [sigreg+proto] epoch 5/5  sigreg=0.4815  proto=1.6190  min_dist=3.10  mean_dist=9.81
  round 1: pool=2478 purity=0.001 k-hat=4 anchors=4  margin=0.7946  mean-anchor=0.8364  4=0.836
  [sigreg+proto] epoch 1/5  sigreg=0.4379  proto=2.1879  min_dist=2.10  mean_dist=10.05
  [sigreg+proto] epoch 2/5  sigreg=0.4326  proto=1.9847  min_dist=2.25  mean_dist=10.43
  [sigreg+proto] epoch 3/5  sigreg=0.4609  proto=1.9857  min_dist=2.38  mean_dist=10.77
  [sigreg+proto] epoch 4/5  sigreg=0.4670  proto=1.7607  min_dist=2.53  mean_dist=11.08
  [sigreg+proto] epoch 5/5  sigreg=0.4993  proto=1.7428  min_dist=2.68  mean_dist=11.36
  round 2: pool=2477 purity=0.001 k-hat=4 anchors=8  margin=0.7721  mean-anchor=0.7611  4=0.761
  [cls->resfeat] per-event post f=0.001: power=0.160
  [cls->resfeat] sparker (post)
    post-spk f=0.001: power=0.040 [0.014,0.090] (2/50)
  [cls->resfeat] maha (post)
    post-maha f=0.001: power=0.040 [0.014,0.090] (2/50)
  [cls->resfeat] mmd (post)
    post-mmd f=0.001: power=0.000 [0.000,0.036] (0/50)
  [sigreg+proto] epoch 1/5  sigreg=0.4499  proto=3.3864  min_dist=0.44  mean_dist=4.30
  [sigreg+proto] epoch 2/5  sigreg=0.4022  proto=2.8831  min_dist=0.59  mean_dist=4.76
  [sigreg+proto] epoch 3/5  sigreg=0.3986  proto=2.8608  min_dist=0.71  mean_dist=5.16
  [sigreg+proto] epoch 4/5  sigreg=0.4014  proto=2.7945  min_dist=0.80  mean_dist=5.53
  [sigreg+proto] epoch 5/5  sigreg=0.4006  proto=2.6764  min_dist=0.89  mean_dist=5.86
  round 1: pool=2475 purity=0.000 k-hat=4 anchors=4  margin=0.3445  mean-anchor=0.6269  4=0.627
  [sigreg+proto] epoch 1/5  sigreg=0.4182  proto=2.9105  min_dist=1.33  mean_dist=6.51
  [sigreg+proto] epoch 2/5  sigreg=0.4421  proto=2.8677  min_dist=1.62  mean_dist=7.04
  [sigreg+proto] epoch 3/5  sigreg=0.4618  proto=2.8674  min_dist=1.85  mean_dist=7.49
  [sigreg+proto] epoch 4/5  sigreg=0.4879  proto=2.8469  min_dist=2.04  mean_dist=7.88
  [sigreg+proto] epoch 5/5  sigreg=0.5208  proto=2.9129  min_dist=2.22  mean_dist=8.24
  round 2: pool=2475 purity=0.000 k-hat=4 anchors=8  margin=0.3491  mean-anchor=0.6765  4=0.677
  [feat->rescls] per-event post f=0.001: power=0.000
  [feat->rescls] sparker (post)
    post-spk f=0.001: power=0.020 [0.003,0.064] (1/50)
  [feat->rescls] maha (post)
    post-maha f=0.001: power=0.060 [0.028,0.115] (3/50)
  [feat->rescls] mmd (post)
    post-mmd f=0.001: power=0.000 [0.000,0.036] (0/50)

===== POST scan, f=0.003 (149 injected) =====
  [sigreg+proto] epoch 1/5  sigreg=0.4167  proto=1.8051  min_dist=1.31  mean_dist=5.65
  [sigreg+proto] epoch 2/5  sigreg=0.3691  proto=1.5030  min_dist=1.71  mean_dist=6.20
  [sigreg+proto] epoch 3/5  sigreg=0.3634  proto=1.4999  min_dist=2.03  mean_dist=6.70
  [sigreg+proto] epoch 4/5  sigreg=0.3662  proto=1.3981  min_dist=2.31  mean_dist=7.16
  [sigreg+proto] epoch 5/5  sigreg=0.3775  proto=1.3423  min_dist=2.56  mean_dist=7.58
  round 1: pool=2475 purity=0.000 k-hat=4 anchors=4  margin=0.6449  mean-anchor=0.7317  4=0.732
  [sigreg+proto] epoch 1/5  sigreg=0.3896  proto=1.7247  min_dist=1.95  mean_dist=8.12
  [sigreg+proto] epoch 2/5  sigreg=0.4120  proto=1.6487  min_dist=2.18  mean_dist=8.69
  [sigreg+proto] epoch 3/5  sigreg=0.4359  proto=1.6141  min_dist=2.38  mean_dist=9.19
  [sigreg+proto] epoch 4/5  sigreg=0.4689  proto=1.5684  min_dist=2.58  mean_dist=9.63
  [sigreg+proto] epoch 5/5  sigreg=0.4992  proto=1.5459  min_dist=2.76  mean_dist=10.01
  round 2: pool=2477 purity=0.001 k-hat=4 anchors=8  margin=0.6530  mean-anchor=0.6790  4=0.679
  [supcon+hybrid[lam5]] per-event post f=0.003: power=0.100
  [supcon+hybrid[lam5]] sparker (post)
    post-spk f=0.003: power=0.080 [0.042,0.138] (4/50)
  [supcon+hybrid[lam5]] maha (post)
    post-maha f=0.003: power=0.060 [0.028,0.115] (3/50)
  [supcon+hybrid[lam5]] mmd (post)
    post-mmd f=0.003: power=0.160 [0.107,0.229] (8/50)
  [sigreg+proto] epoch 1/5  sigreg=0.3905  proto=2.3867  min_dist=1.72  mean_dist=8.17
  [sigreg+proto] epoch 2/5  sigreg=0.4261  proto=1.9723  min_dist=2.17  mean_dist=8.64
  [sigreg+proto] epoch 3/5  sigreg=0.4397  proto=1.7688  min_dist=2.51  mean_dist=9.08
  [sigreg+proto] epoch 4/5  sigreg=0.4459  proto=1.6924  min_dist=2.82  mean_dist=9.47
  [sigreg+proto] epoch 5/5  sigreg=0.4663  proto=1.5341  min_dist=3.08  mean_dist=9.83
  round 1: pool=2478 purity=0.001 k-hat=4 anchors=4  margin=0.7065  mean-anchor=0.7566  4=0.757
  [sigreg+proto] epoch 1/5  sigreg=0.4422  proto=2.2035  min_dist=2.11  mean_dist=10.06
  [sigreg+proto] epoch 2/5  sigreg=0.4400  proto=1.8698  min_dist=2.25  mean_dist=10.45
  [sigreg+proto] epoch 3/5  sigreg=0.4643  proto=1.8121  min_dist=2.37  mean_dist=10.80
  [sigreg+proto] epoch 4/5  sigreg=0.4789  proto=1.8094  min_dist=2.49  mean_dist=11.11
  [sigreg+proto] epoch 5/5  sigreg=0.5192  proto=1.7207  min_dist=2.59  mean_dist=11.38
  round 2: pool=2477 purity=0.001 k-hat=4 anchors=8  margin=0.7394  mean-anchor=0.8145  4=0.815
  [ss[lam5]+hybrid] per-event post f=0.003: power=0.100
  [ss[lam5]+hybrid] sparker (post)
    post-spk f=0.003: power=0.060 [0.028,0.115] (3/50)
  [ss[lam5]+hybrid] maha (post)
    post-maha f=0.003: power=0.080 [0.042,0.138] (4/50)
  [ss[lam5]+hybrid] mmd (post)
    post-mmd f=0.003: power=0.180 [0.124,0.251] (9/50)
  [sigreg+proto] epoch 1/5  sigreg=0.3898  proto=2.2125  min_dist=2.80  mean_dist=6.93
  [sigreg+proto] epoch 2/5  sigreg=0.4512  proto=2.0834  min_dist=3.23  mean_dist=7.49
  [sigreg+proto] epoch 3/5  sigreg=0.4998  proto=1.9861  min_dist=3.58  mean_dist=7.99
  [sigreg+proto] epoch 4/5  sigreg=0.5454  proto=1.9810  min_dist=3.90  mean_dist=8.42
  [sigreg+proto] epoch 5/5  sigreg=0.5847  proto=1.8751  min_dist=4.14  mean_dist=8.81
  round 1: pool=2481 purity=0.002 k-hat=4 anchors=4  margin=0.6555  mean-anchor=0.6009  4=0.601
  [sigreg+proto] epoch 1/5  sigreg=0.5766  proto=2.8113  min_dist=2.56  mean_dist=9.12
  [sigreg+proto] epoch 2/5  sigreg=0.6096  proto=2.4098  min_dist=2.75  mean_dist=9.53
  [sigreg+proto] epoch 3/5  sigreg=0.6614  proto=2.3116  min_dist=2.92  mean_dist=9.90
  [sigreg+proto] epoch 4/5  sigreg=0.6936  proto=2.2482  min_dist=3.08  mean_dist=10.23
  [sigreg+proto] epoch 5/5  sigreg=0.7351  proto=2.1224  min_dist=3.22  mean_dist=10.52
  round 2: pool=2480 purity=0.002 k-hat=4 anchors=8  margin=0.6787  mean-anchor=0.7080  4=0.708
  [hybrid->supres] per-event post f=0.003: power=0.040
  [hybrid->supres] sparker (post)
    post-spk f=0.003: power=0.060 [0.028,0.115] (3/50)
  [hybrid->supres] maha (post)
    post-maha f=0.003: power=0.080 [0.042,0.138] (4/50)
  [hybrid->supres] mmd (post)
    post-mmd f=0.003: power=0.040 [0.014,0.090] (2/50)
  [sigreg+proto] epoch 1/5  sigreg=0.3894  proto=2.3683  min_dist=1.72  mean_dist=8.16
  [sigreg+proto] epoch 2/5  sigreg=0.4230  proto=1.9745  min_dist=2.17  mean_dist=8.64
  [sigreg+proto] epoch 3/5  sigreg=0.4376  proto=1.7512  min_dist=2.51  mean_dist=9.07
  [sigreg+proto] epoch 4/5  sigreg=0.4447  proto=1.6699  min_dist=2.82  mean_dist=9.47
  [sigreg+proto] epoch 5/5  sigreg=0.4638  proto=1.5218  min_dist=3.08  mean_dist=9.83
  round 1: pool=2486 purity=0.004 k-hat=4 anchors=4  margin=0.7679  mean-anchor=0.8188  4=0.819
  [sigreg+proto] epoch 1/5  sigreg=0.4324  proto=2.2161  min_dist=2.37  mean_dist=10.06
  [sigreg+proto] epoch 2/5  sigreg=0.4363  proto=1.9153  min_dist=2.55  mean_dist=10.45
  [sigreg+proto] epoch 3/5  sigreg=0.4596  proto=1.8398  min_dist=2.74  mean_dist=10.79
  [sigreg+proto] epoch 4/5  sigreg=0.4773  proto=1.8480  min_dist=2.89  mean_dist=11.10
  [sigreg+proto] epoch 5/5  sigreg=0.5107  proto=1.7346  min_dist=3.04  mean_dist=11.38
  round 2: pool=2483 purity=0.003 k-hat=4 anchors=8  margin=0.7795  mean-anchor=0.7826  4=0.783
  [cls->resfeat] per-event post f=0.003: power=0.150
  [cls->resfeat] sparker (post)
    post-spk f=0.003: power=0.080 [0.042,0.138] (4/50)
  [cls->resfeat] maha (post)
    post-maha f=0.003: power=0.060 [0.028,0.115] (3/50)
  [cls->resfeat] mmd (post)
    post-mmd f=0.003: power=0.100 [0.058,0.162] (5/50)
  [sigreg+proto] epoch 1/5  sigreg=0.4501  proto=3.3468  min_dist=0.44  mean_dist=4.30
  [sigreg+proto] epoch 2/5  sigreg=0.4077  proto=2.9317  min_dist=0.59  mean_dist=4.76
  [sigreg+proto] epoch 3/5  sigreg=0.3994  proto=2.7896  min_dist=0.71  mean_dist=5.17
  [sigreg+proto] epoch 4/5  sigreg=0.3988  proto=2.7703  min_dist=0.80  mean_dist=5.53
  [sigreg+proto] epoch 5/5  sigreg=0.4096  proto=2.6631  min_dist=0.89  mean_dist=5.87
  round 1: pool=2475 purity=0.000 k-hat=4 anchors=4  margin=0.2906  mean-anchor=0.5397  4=0.540
  [sigreg+proto] epoch 1/5  sigreg=0.4124  proto=2.9244  min_dist=1.33  mean_dist=6.52
  [sigreg+proto] epoch 2/5  sigreg=0.4303  proto=2.8083  min_dist=1.62  mean_dist=7.05
  [sigreg+proto] epoch 3/5  sigreg=0.4607  proto=2.8962  min_dist=1.85  mean_dist=7.50
  [sigreg+proto] epoch 4/5  sigreg=0.4897  proto=2.9214  min_dist=2.05  mean_dist=7.90
  [sigreg+proto] epoch 5/5  sigreg=0.5079  proto=2.8561  min_dist=2.22  mean_dist=8.25
  round 2: pool=2476 purity=0.000 k-hat=4 anchors=8  margin=0.3457  mean-anchor=0.6811  4=0.681
  [feat->rescls] per-event post f=0.003: power=0.010
  [feat->rescls] sparker (post)
    post-spk f=0.003: power=0.120 [0.074,0.184] (6/50)
  [feat->rescls] maha (post)
    post-maha f=0.003: power=0.040 [0.014,0.090] (2/50)
  [feat->rescls] mmd (post)
    post-mmd f=0.003: power=0.120 [0.074,0.184] (6/50)

===== POST scan, f=0.01 (500 injected) =====
  [sigreg+proto] epoch 1/5  sigreg=0.4090  proto=1.7881  min_dist=1.32  mean_dist=5.63
  [sigreg+proto] epoch 2/5  sigreg=0.3716  proto=1.5863  min_dist=1.71  mean_dist=6.18
  [sigreg+proto] epoch 3/5  sigreg=0.3627  proto=1.4135  min_dist=2.03  mean_dist=6.69
  [sigreg+proto] epoch 4/5  sigreg=0.3668  proto=1.3920  min_dist=2.32  mean_dist=7.14
  [sigreg+proto] epoch 5/5  sigreg=0.3743  proto=1.2916  min_dist=2.57  mean_dist=7.56
  round 1: pool=2479 purity=0.002 k-hat=4 anchors=4  margin=0.6577  mean-anchor=0.8022  4=0.802
  [sigreg+proto] epoch 1/5  sigreg=0.3980  proto=1.7174  min_dist=3.15  mean_dist=8.13
  [sigreg+proto] epoch 2/5  sigreg=0.4171  proto=1.5504  min_dist=3.45  mean_dist=8.71
  [sigreg+proto] epoch 3/5  sigreg=0.4541  proto=1.5448  min_dist=3.72  mean_dist=9.20
  [sigreg+proto] epoch 4/5  sigreg=0.4778  proto=1.5667  min_dist=3.98  mean_dist=9.64
  [sigreg+proto] epoch 5/5  sigreg=0.5133  proto=1.5097  min_dist=4.17  mean_dist=10.03
  round 2: pool=2495 purity=0.008 k-hat=4 anchors=8  margin=0.7114  mean-anchor=0.8689  4=0.869
  [supcon+hybrid[lam5]] per-event post f=0.01: power=0.060
  [supcon+hybrid[lam5]] sparker (post)
    post-spk f=0.01: power=0.120 [0.074,0.184] (6/50)
  [supcon+hybrid[lam5]] maha (post)
    post-maha f=0.01: power=0.060 [0.028,0.115] (3/50)
  [supcon+hybrid[lam5]] mmd (post)
    post-mmd f=0.01: power=0.020 [0.003,0.064] (1/50)
  [sigreg+proto] epoch 1/5  sigreg=0.3836  proto=2.3940  min_dist=1.72  mean_dist=8.18
  [sigreg+proto] epoch 2/5  sigreg=0.4048  proto=1.9059  min_dist=2.18  mean_dist=8.66
  [sigreg+proto] epoch 3/5  sigreg=0.4183  proto=1.7944  min_dist=2.54  mean_dist=9.09
  [sigreg+proto] epoch 4/5  sigreg=0.4369  proto=1.6557  min_dist=2.84  mean_dist=9.49
  [sigreg+proto] epoch 5/5  sigreg=0.4646  proto=1.6103  min_dist=3.11  mean_dist=9.84
  round 1: pool=2488 purity=0.005 k-hat=4 anchors=4  margin=0.7193  mean-anchor=0.8479  4=0.848
  [sigreg+proto] epoch 1/5  sigreg=0.4492  proto=2.2995  min_dist=1.69  mean_dist=10.07
  [sigreg+proto] epoch 2/5  sigreg=0.4364  proto=1.9095  min_dist=1.76  mean_dist=10.44
  [sigreg+proto] epoch 3/5  sigreg=0.4592  proto=1.8165  min_dist=1.84  mean_dist=10.78
  [sigreg+proto] epoch 4/5  sigreg=0.4740  proto=1.7516  min_dist=1.94  mean_dist=11.09
  [sigreg+proto] epoch 5/5  sigreg=0.4880  proto=1.6252  min_dist=2.04  mean_dist=11.37
  round 2: pool=2493 purity=0.007 k-hat=4 anchors=8  margin=0.7057  mean-anchor=0.7995  4=0.800
  [ss[lam5]+hybrid] per-event post f=0.01: power=0.140
  [ss[lam5]+hybrid] sparker (post)
    post-spk f=0.01: power=0.060 [0.028,0.115] (3/50)
  [ss[lam5]+hybrid] maha (post)
    post-maha f=0.01: power=0.060 [0.028,0.115] (3/50)
  [ss[lam5]+hybrid] mmd (post)
    post-mmd f=0.01: power=0.000 [0.000,0.036] (0/50)
  [sigreg+proto] epoch 1/5  sigreg=0.3928  proto=2.2038  min_dist=2.81  mean_dist=6.92
  [sigreg+proto] epoch 2/5  sigreg=0.4576  proto=2.0344  min_dist=3.23  mean_dist=7.49
  [sigreg+proto] epoch 3/5  sigreg=0.5053  proto=2.0461  min_dist=3.59  mean_dist=7.98
  [sigreg+proto] epoch 4/5  sigreg=0.5532  proto=1.9186  min_dist=3.90  mean_dist=8.41
  [sigreg+proto] epoch 5/5  sigreg=0.5961  proto=1.9085  min_dist=4.16  mean_dist=8.80
  round 1: pool=2494 purity=0.008 k-hat=4 anchors=4  margin=0.7172  mean-anchor=0.8023  4=0.802
  [sigreg+proto] epoch 1/5  sigreg=0.5618  proto=2.8833  min_dist=3.17  mean_dist=9.11
  [sigreg+proto] epoch 2/5  sigreg=0.5965  proto=2.4882  min_dist=3.44  mean_dist=9.53
  [sigreg+proto] epoch 3/5  sigreg=0.6369  proto=2.3268  min_dist=3.64  mean_dist=9.89
  [sigreg+proto] epoch 4/5  sigreg=0.6741  proto=2.1853  min_dist=3.78  mean_dist=10.22
  [sigreg+proto] epoch 5/5  sigreg=0.7073  proto=2.0520  min_dist=3.91  mean_dist=10.52
  round 2: pool=2485 purity=0.004 k-hat=4 anchors=8  margin=0.6921  mean-anchor=0.8435  4=0.844
  [hybrid->supres] per-event post f=0.01: power=0.090
  [hybrid->supres] sparker (post)
    post-spk f=0.01: power=0.000 [0.000,0.036] (0/50)
  [hybrid->supres] maha (post)
    post-maha f=0.01: power=0.020 [0.003,0.064] (1/50)
  [hybrid->supres] mmd (post)
    post-mmd f=0.01: power=0.020 [0.003,0.064] (1/50)
  [sigreg+proto] epoch 1/5  sigreg=0.3925  proto=2.4447  min_dist=1.72  mean_dist=8.15
  [sigreg+proto] epoch 2/5  sigreg=0.4192  proto=1.9451  min_dist=2.17  mean_dist=8.63
  [sigreg+proto] epoch 3/5  sigreg=0.4312  proto=1.7986  min_dist=2.53  mean_dist=9.06
  [sigreg+proto] epoch 4/5  sigreg=0.4540  proto=1.6904  min_dist=2.84  mean_dist=9.46
  [sigreg+proto] epoch 5/5  sigreg=0.4786  proto=1.6185  min_dist=3.11  mean_dist=9.81
  round 1: pool=2517 purity=0.017 k-hat=4 anchors=4  margin=0.7652  mean-anchor=0.8224  4=0.822
  [sigreg+proto] epoch 1/5  sigreg=0.4530  proto=2.2459  min_dist=2.13  mean_dist=10.06
  [sigreg+proto] epoch 2/5  sigreg=0.4431  proto=1.9031  min_dist=2.26  mean_dist=10.44
  [sigreg+proto] epoch 3/5  sigreg=0.4586  proto=1.7997  min_dist=2.38  mean_dist=10.78
  [sigreg+proto] epoch 4/5  sigreg=0.4793  proto=1.7275  min_dist=2.48  mean_dist=11.09
  [sigreg+proto] epoch 5/5  sigreg=0.4991  proto=1.6363  min_dist=2.57  mean_dist=11.38
  round 2: pool=2526 purity=0.020 k-hat=4 anchors=8  margin=0.7061  mean-anchor=0.7701  4=0.770
  [cls->resfeat] per-event post f=0.01: power=0.110
  [cls->resfeat] sparker (post)
    post-spk f=0.01: power=0.040 [0.014,0.090] (2/50)
  [cls->resfeat] maha (post)
    post-maha f=0.01: power=0.040 [0.014,0.090] (2/50)
  [cls->resfeat] mmd (post)
    post-mmd f=0.01: power=0.000 [0.000,0.036] (0/50)
  [sigreg+proto] epoch 1/5  sigreg=0.4478  proto=3.3407  min_dist=0.44  mean_dist=4.30
  [sigreg+proto] epoch 2/5  sigreg=0.4082  proto=2.9078  min_dist=0.59  mean_dist=4.76
  [sigreg+proto] epoch 3/5  sigreg=0.4048  proto=2.8187  min_dist=0.71  mean_dist=5.17
  [sigreg+proto] epoch 4/5  sigreg=0.4022  proto=2.7264  min_dist=0.80  mean_dist=5.53
  [sigreg+proto] epoch 5/5  sigreg=0.4029  proto=2.6655  min_dist=0.89  mean_dist=5.87
  round 1: pool=2475 purity=0.000 k-hat=4 anchors=4  margin=0.3372  mean-anchor=0.6694  4=0.669
  [sigreg+proto] epoch 1/5  sigreg=0.4053  proto=2.9875  min_dist=1.33  mean_dist=6.53
  [sigreg+proto] epoch 2/5  sigreg=0.4268  proto=2.9095  min_dist=1.62  mean_dist=7.06
  [sigreg+proto] epoch 3/5  sigreg=0.4544  proto=2.8720  min_dist=1.85  mean_dist=7.51
  [sigreg+proto] epoch 4/5  sigreg=0.4785  proto=2.8369  min_dist=2.04  mean_dist=7.91
  [sigreg+proto] epoch 5/5  sigreg=0.5002  proto=2.8079  min_dist=2.22  mean_dist=8.27
  round 2: pool=2478 purity=0.001 k-hat=4 anchors=8  margin=0.3195  mean-anchor=0.6879  4=0.688
  [feat->rescls] per-event post f=0.01: power=0.000
  [feat->rescls] sparker (post)
    post-spk f=0.01: power=0.020 [0.003,0.064] (1/50)
  [feat->rescls] maha (post)
    post-maha f=0.01: power=0.020 [0.003,0.064] (1/50)
  [feat->rescls] mmd (post)
    post-mmd f=0.01: power=0.020 [0.003,0.064] (1/50)
  NOTE: requested 1010 injected but only 500 available -- fraction clamped

===== POST scan, f=0.02 (500 injected) =====
  [sigreg+proto] epoch 1/5  sigreg=0.4130  proto=1.8130  min_dist=1.33  mean_dist=5.63
  [sigreg+proto] epoch 2/5  sigreg=0.3680  proto=1.5199  min_dist=1.73  mean_dist=6.18
  [sigreg+proto] epoch 3/5  sigreg=0.3664  proto=1.4937  min_dist=2.07  mean_dist=6.68
  [sigreg+proto] epoch 4/5  sigreg=0.3673  proto=1.3916  min_dist=2.36  mean_dist=7.14
  [sigreg+proto] epoch 5/5  sigreg=0.3822  proto=1.3606  min_dist=2.63  mean_dist=7.56
  round 1: pool=2479 purity=0.002 k-hat=4 anchors=4  margin=0.6768  mean-anchor=0.8244  4=0.824
  [sigreg+proto] epoch 1/5  sigreg=0.3934  proto=1.7602  min_dist=1.91  mean_dist=8.09
  [sigreg+proto] epoch 2/5  sigreg=0.4137  proto=1.6115  min_dist=2.14  mean_dist=8.67
  [sigreg+proto] epoch 3/5  sigreg=0.4426  proto=1.5751  min_dist=2.36  mean_dist=9.17
  [sigreg+proto] epoch 4/5  sigreg=0.4699  proto=1.5306  min_dist=2.58  mean_dist=9.61
  [sigreg+proto] epoch 5/5  sigreg=0.4885  proto=1.4458  min_dist=2.78  mean_dist=10.00
  round 2: pool=2491 purity=0.006 k-hat=4 anchors=8  margin=0.6889  mean-anchor=0.8216  4=0.822
  [supcon+hybrid[lam5]] per-event post f=0.02: power=0.100
  [supcon+hybrid[lam5]] sparker (post)
    post-spk f=0.02: power=0.160 [0.107,0.229] (8/50)
  [supcon+hybrid[lam5]] maha (post)
    post-maha f=0.02: power=0.020 [0.003,0.064] (1/50)
  [supcon+hybrid[lam5]] mmd (post)
    post-mmd f=0.02: power=0.820 [0.749,0.876] (41/50)
  [sigreg+proto] epoch 1/5  sigreg=0.3817  proto=2.3355  min_dist=1.71  mean_dist=8.19
  [sigreg+proto] epoch 2/5  sigreg=0.4034  proto=1.9491  min_dist=2.16  mean_dist=8.66
  [sigreg+proto] epoch 3/5  sigreg=0.4099  proto=1.6936  min_dist=2.51  mean_dist=9.10
  [sigreg+proto] epoch 4/5  sigreg=0.4423  proto=1.7402  min_dist=2.81  mean_dist=9.49
  [sigreg+proto] epoch 5/5  sigreg=0.4558  proto=1.5924  min_dist=3.07  mean_dist=9.85
  round 1: pool=2488 purity=0.005 k-hat=4 anchors=4  margin=0.7311  mean-anchor=0.8162  4=0.816
  [sigreg+proto] epoch 1/5  sigreg=0.4558  proto=2.1980  min_dist=1.68  mean_dist=10.09
  [sigreg+proto] epoch 2/5  sigreg=0.4678  proto=1.8921  min_dist=1.79  mean_dist=10.47
  [sigreg+proto] epoch 3/5  sigreg=0.4873  proto=1.7706  min_dist=1.88  mean_dist=10.80
  [sigreg+proto] epoch 4/5  sigreg=0.5099  proto=1.7409  min_dist=1.98  mean_dist=11.10
  [sigreg+proto] epoch 5/5  sigreg=0.5167  proto=1.5532  min_dist=2.08  mean_dist=11.38
  round 2: pool=2490 purity=0.006 k-hat=4 anchors=8  margin=0.7061  mean-anchor=0.8744  4=0.874
  [ss[lam5]+hybrid] per-event post f=0.02: power=0.050
  [ss[lam5]+hybrid] sparker (post)
    post-spk f=0.02: power=0.100 [0.058,0.162] (5/50)
  [ss[lam5]+hybrid] maha (post)
    post-maha f=0.02: power=0.000 [0.000,0.036] (0/50)
  [ss[lam5]+hybrid] mmd (post)
    post-mmd f=0.02: power=0.840 [0.771,0.893] (42/50)
  [sigreg+proto] epoch 1/5  sigreg=0.3988  proto=2.1751  min_dist=2.80  mean_dist=6.92
  [sigreg+proto] epoch 2/5  sigreg=0.4554  proto=2.0803  min_dist=3.22  mean_dist=7.49
  [sigreg+proto] epoch 3/5  sigreg=0.5103  proto=2.0026  min_dist=3.58  mean_dist=7.98
  [sigreg+proto] epoch 4/5  sigreg=0.5554  proto=1.9589  min_dist=3.88  mean_dist=8.41
  [sigreg+proto] epoch 5/5  sigreg=0.6016  proto=1.9324  min_dist=4.15  mean_dist=8.80
  round 1: pool=2494 purity=0.008 k-hat=4 anchors=4  margin=0.6953  mean-anchor=0.8172  4=0.817
  [sigreg+proto] epoch 1/5  sigreg=0.5864  proto=2.7162  min_dist=2.48  mean_dist=9.11
  [sigreg+proto] epoch 2/5  sigreg=0.6207  proto=2.3476  min_dist=2.65  mean_dist=9.53
  [sigreg+proto] epoch 3/5  sigreg=0.6524  proto=2.1507  min_dist=2.81  mean_dist=9.90
  [sigreg+proto] epoch 4/5  sigreg=0.7035  proto=2.1299  min_dist=2.96  mean_dist=10.23
  [sigreg+proto] epoch 5/5  sigreg=0.7364  proto=1.9757  min_dist=3.11  mean_dist=10.52
  round 2: pool=2484 purity=0.004 k-hat=4 anchors=8  margin=0.6807  mean-anchor=0.7851  4=0.785
  [hybrid->supres] per-event post f=0.02: power=0.060
  [hybrid->supres] sparker (post)
    post-spk f=0.02: power=0.040 [0.014,0.090] (2/50)
  [hybrid->supres] maha (post)
    post-maha f=0.02: power=0.000 [0.000,0.036] (0/50)
  [hybrid->supres] mmd (post)
    post-mmd f=0.02: power=0.560 [0.480,0.638] (28/50)
  [sigreg+proto] epoch 1/5  sigreg=0.3907  proto=2.4025  min_dist=1.72  mean_dist=8.15
  [sigreg+proto] epoch 2/5  sigreg=0.4219  proto=1.9703  min_dist=2.17  mean_dist=8.63
  [sigreg+proto] epoch 3/5  sigreg=0.4304  proto=1.7432  min_dist=2.52  mean_dist=9.07
  [sigreg+proto] epoch 4/5  sigreg=0.4650  proto=1.7618  min_dist=2.82  mean_dist=9.46
  [sigreg+proto] epoch 5/5  sigreg=0.4774  proto=1.5996  min_dist=3.09  mean_dist=9.81
  round 1: pool=2517 purity=0.017 k-hat=4 anchors=4  margin=0.7971  mean-anchor=0.7920  4=0.792
  [sigreg+proto] epoch 1/5  sigreg=0.4420  proto=2.1991  min_dist=2.11  mean_dist=10.06
  [sigreg+proto] epoch 2/5  sigreg=0.4543  proto=1.9133  min_dist=2.22  mean_dist=10.44
  [sigreg+proto] epoch 3/5  sigreg=0.4736  proto=1.8278  min_dist=2.29  mean_dist=10.78
  [sigreg+proto] epoch 4/5  sigreg=0.4919  proto=1.7603  min_dist=2.37  mean_dist=11.09
  [sigreg+proto] epoch 5/5  sigreg=0.5067  proto=1.6257  min_dist=2.45  mean_dist=11.38
  round 2: pool=2523 purity=0.019 k-hat=4 anchors=8  margin=0.7777  mean-anchor=0.7447  4=0.745
  [cls->resfeat] per-event post f=0.02: power=0.130
  [cls->resfeat] sparker (post)
    post-spk f=0.02: power=0.380 [0.305,0.460] (19/50)
  [cls->resfeat] maha (post)
    post-maha f=0.02: power=0.060 [0.028,0.115] (3/50)
  [cls->resfeat] mmd (post)
    post-mmd f=0.02: power=0.780 [0.706,0.841] (39/50)
  [sigreg+proto] epoch 1/5  sigreg=0.4525  proto=3.3370  min_dist=0.44  mean_dist=4.30
  [sigreg+proto] epoch 2/5  sigreg=0.4082  proto=2.9552  min_dist=0.59  mean_dist=4.76
  [sigreg+proto] epoch 3/5  sigreg=0.3904  proto=2.7175  min_dist=0.71  mean_dist=5.17
  [sigreg+proto] epoch 4/5  sigreg=0.4000  proto=2.7815  min_dist=0.80  mean_dist=5.53
  [sigreg+proto] epoch 5/5  sigreg=0.4073  proto=2.6964  min_dist=0.89  mean_dist=5.86
  round 1: pool=2475 purity=0.000 k-hat=4 anchors=4  margin=0.3144  mean-anchor=0.6875  4=0.688
  [sigreg+proto] epoch 1/5  sigreg=0.3983  proto=2.9604  min_dist=1.33  mean_dist=6.56
  [sigreg+proto] epoch 2/5  sigreg=0.4287  proto=2.9457  min_dist=1.62  mean_dist=7.08
  [sigreg+proto] epoch 3/5  sigreg=0.4542  proto=2.9537  min_dist=1.85  mean_dist=7.53
  [sigreg+proto] epoch 4/5  sigreg=0.4829  proto=2.9346  min_dist=2.04  mean_dist=7.93
  [sigreg+proto] epoch 5/5  sigreg=0.5000  proto=2.8511  min_dist=2.21  mean_dist=8.28
  round 2: pool=2476 purity=0.000 k-hat=4 anchors=8  margin=0.3317  mean-anchor=0.7186  4=0.719
  [feat->rescls] per-event post f=0.02: power=0.010
  [feat->rescls] sparker (post)
    post-spk f=0.02: power=0.020 [0.003,0.064] (1/50)
  [feat->rescls] maha (post)
    post-maha f=0.02: power=0.020 [0.003,0.064] (1/50)
  [feat->rescls] mmd (post)
    post-mmd f=0.02: power=0.400 [0.324,0.480] (20/50)
  NOTE: requested 2605 injected but only 500 available -- fraction clamped

===== POST scan, f=0.05 (500 injected) =====
  [sigreg+proto] epoch 1/5  sigreg=0.4104  proto=1.7909  min_dist=1.33  mean_dist=5.63
  [sigreg+proto] epoch 2/5  sigreg=0.3691  proto=1.5336  min_dist=1.74  mean_dist=6.18
  [sigreg+proto] epoch 3/5  sigreg=0.3592  proto=1.4023  min_dist=2.07  mean_dist=6.69
  [sigreg+proto] epoch 4/5  sigreg=0.3681  proto=1.4277  min_dist=2.36  mean_dist=7.14
  [sigreg+proto] epoch 5/5  sigreg=0.3776  proto=1.3383  min_dist=2.62  mean_dist=7.56
  round 1: pool=2479 purity=0.002 k-hat=4 anchors=4  margin=0.6996  mean-anchor=0.8324  4=0.832
  [sigreg+proto] epoch 1/5  sigreg=0.3921  proto=1.6965  min_dist=2.31  mean_dist=8.11
  [sigreg+proto] epoch 2/5  sigreg=0.4186  proto=1.6033  min_dist=2.49  mean_dist=8.69
  [sigreg+proto] epoch 3/5  sigreg=0.4514  proto=1.5812  min_dist=2.65  mean_dist=9.19
  [sigreg+proto] epoch 4/5  sigreg=0.4865  proto=1.5806  min_dist=2.79  mean_dist=9.62
  [sigreg+proto] epoch 5/5  sigreg=0.5095  proto=1.4728  min_dist=2.94  mean_dist=10.02
  round 2: pool=2482 purity=0.003 k-hat=4 anchors=8  margin=0.6411  mean-anchor=0.8292  4=0.829
  [supcon+hybrid[lam5]] per-event post f=0.05: power=0.040
  [supcon+hybrid[lam5]] sparker (post)
    post-spk f=0.05: power=1.000 [0.964,1.000] (50/50)
  [supcon+hybrid[lam5]] maha (post)
    post-maha f=0.05: power=0.060 [0.028,0.115] (3/50)
  [supcon+hybrid[lam5]] mmd (post)
    post-mmd f=0.05: power=1.000 [0.964,1.000] (50/50)
  [sigreg+proto] epoch 1/5  sigreg=0.3860  proto=2.3064  min_dist=1.71  mean_dist=8.18
  [sigreg+proto] epoch 2/5  sigreg=0.4069  proto=1.9307  min_dist=2.16  mean_dist=8.66
  [sigreg+proto] epoch 3/5  sigreg=0.4233  proto=1.8063  min_dist=2.51  mean_dist=9.09
  [sigreg+proto] epoch 4/5  sigreg=0.4329  proto=1.6928  min_dist=2.81  mean_dist=9.49
  [sigreg+proto] epoch 5/5  sigreg=0.4677  proto=1.6247  min_dist=3.08  mean_dist=9.84
  round 1: pool=2488 purity=0.005 k-hat=4 anchors=4  margin=0.7101  mean-anchor=0.8645  4=0.865
  [sigreg+proto] epoch 1/5  sigreg=0.4236  proto=2.2739  min_dist=1.80  mean_dist=10.07
  [sigreg+proto] epoch 2/5  sigreg=0.4294  proto=1.9797  min_dist=1.93  mean_dist=10.44
  [sigreg+proto] epoch 3/5  sigreg=0.4506  proto=1.9740  min_dist=2.07  mean_dist=10.78
  [sigreg+proto] epoch 4/5  sigreg=0.4658  proto=1.8195  min_dist=2.20  mean_dist=11.08
  [sigreg+proto] epoch 5/5  sigreg=0.4785  proto=1.6928  min_dist=2.33  mean_dist=11.36
  round 2: pool=2489 purity=0.006 k-hat=4 anchors=8  margin=0.6900  mean-anchor=0.7463  4=0.746
  [ss[lam5]+hybrid] per-event post f=0.05: power=0.050
  [ss[lam5]+hybrid] sparker (post)
    post-spk f=0.05: power=1.000 [0.964,1.000] (50/50)
  [ss[lam5]+hybrid] maha (post)
    post-maha f=0.05: power=0.220 [0.159,0.294] (11/50)
  [ss[lam5]+hybrid] mmd (post)
    post-mmd f=0.05: power=1.000 [0.964,1.000] (50/50)
  [sigreg+proto] epoch 1/5  sigreg=0.3956  proto=2.1466  min_dist=2.81  mean_dist=6.92
  [sigreg+proto] epoch 2/5  sigreg=0.4562  proto=2.0826  min_dist=3.24  mean_dist=7.49
  [sigreg+proto] epoch 3/5  sigreg=0.5090  proto=2.0392  min_dist=3.60  mean_dist=7.98
  [sigreg+proto] epoch 4/5  sigreg=0.5560  proto=1.9497  min_dist=3.90  mean_dist=8.41
  [sigreg+proto] epoch 5/5  sigreg=0.6023  proto=1.9578  min_dist=4.16  mean_dist=8.80
  round 1: pool=2494 purity=0.008 k-hat=4 anchors=4  margin=0.6794  mean-anchor=0.7724  4=0.772
  [sigreg+proto] epoch 1/5  sigreg=0.5773  proto=2.8244  min_dist=2.98  mean_dist=9.11
  [sigreg+proto] epoch 2/5  sigreg=0.6135  proto=2.3913  min_dist=3.28  mean_dist=9.52
  [sigreg+proto] epoch 3/5  sigreg=0.6618  proto=2.2875  min_dist=3.58  mean_dist=9.89
  [sigreg+proto] epoch 4/5  sigreg=0.7018  proto=2.1131  min_dist=3.88  mean_dist=10.22
  [sigreg+proto] epoch 5/5  sigreg=0.7325  proto=2.0507  min_dist=4.16  mean_dist=10.51
  round 2: pool=2492 purity=0.007 k-hat=4 anchors=8  margin=0.6552  mean-anchor=0.7194  4=0.719
  [hybrid->supres] per-event post f=0.05: power=0.080
  [hybrid->supres] sparker (post)
    post-spk f=0.05: power=1.000 [0.964,1.000] (50/50)
  [hybrid->supres] maha (post)
    post-maha f=0.05: power=0.020 [0.003,0.064] (1/50)
  [hybrid->supres] mmd (post)
    post-mmd f=0.05: power=1.000 [0.964,1.000] (50/50)
  [sigreg+proto] epoch 1/5  sigreg=0.3955  proto=2.3558  min_dist=1.72  mean_dist=8.15
  [sigreg+proto] epoch 2/5  sigreg=0.4219  proto=1.9647  min_dist=2.17  mean_dist=8.63
  [sigreg+proto] epoch 3/5  sigreg=0.4408  proto=1.8537  min_dist=2.52  mean_dist=9.06
  [sigreg+proto] epoch 4/5  sigreg=0.4588  proto=1.7127  min_dist=2.83  mean_dist=9.45
  [sigreg+proto] epoch 5/5  sigreg=0.4871  proto=1.6422  min_dist=3.10  mean_dist=9.81
  round 1: pool=2517 purity=0.017 k-hat=4 anchors=4  margin=0.8033  mean-anchor=0.8346  4=0.835
  [sigreg+proto] epoch 1/5  sigreg=0.4407  proto=2.2522  min_dist=2.09  mean_dist=10.04
  [sigreg+proto] epoch 2/5  sigreg=0.4527  proto=1.9881  min_dist=2.19  mean_dist=10.42
  [sigreg+proto] epoch 3/5  sigreg=0.4690  proto=1.9148  min_dist=2.29  mean_dist=10.76
  [sigreg+proto] epoch 4/5  sigreg=0.4930  proto=1.8302  min_dist=2.36  mean_dist=11.07
  [sigreg+proto] epoch 5/5  sigreg=0.5050  proto=1.6895  min_dist=2.44  mean_dist=11.35
  round 2: pool=2510 purity=0.014 k-hat=4 anchors=8  margin=0.7745  mean-anchor=0.7601  4=0.760
  [cls->resfeat] per-event post f=0.05: power=0.160
  [cls->resfeat] sparker (post)
    post-spk f=0.05: power=1.000 [0.964,1.000] (50/50)
  [cls->resfeat] maha (post)
    post-maha f=0.05: power=0.140 [0.090,0.207] (7/50)
  [cls->resfeat] mmd (post)
    post-mmd f=0.05: power=1.000 [0.964,1.000] (50/50)
  [sigreg+proto] epoch 1/5  sigreg=0.4418  proto=3.3083  min_dist=0.44  mean_dist=4.30
  [sigreg+proto] epoch 2/5  sigreg=0.4088  proto=2.9562  min_dist=0.59  mean_dist=4.76
  [sigreg+proto] epoch 3/5  sigreg=0.4000  proto=2.8105  min_dist=0.71  mean_dist=5.17
  [sigreg+proto] epoch 4/5  sigreg=0.4029  proto=2.7390  min_dist=0.80  mean_dist=5.53
  [sigreg+proto] epoch 5/5  sigreg=0.4071  proto=2.7590  min_dist=0.89  mean_dist=5.87
  round 1: pool=2475 purity=0.000 k-hat=4 anchors=4  margin=0.3529  mean-anchor=0.6758  4=0.676
  [sigreg+proto] epoch 1/5  sigreg=0.4086  proto=3.0181  min_dist=1.33  mean_dist=6.57
  [sigreg+proto] epoch 2/5  sigreg=0.4400  proto=2.9215  min_dist=1.62  mean_dist=7.10
  [sigreg+proto] epoch 3/5  sigreg=0.4587  proto=2.9636  min_dist=1.85  mean_dist=7.54
  [sigreg+proto] epoch 4/5  sigreg=0.4806  proto=2.8458  min_dist=2.04  mean_dist=7.94
  [sigreg+proto] epoch 5/5  sigreg=0.5044  proto=2.9249  min_dist=2.22  mean_dist=8.29
  round 2: pool=2483 purity=0.003 k-hat=4 anchors=8  margin=0.3060  mean-anchor=0.6522  4=0.652
  [feat->rescls] per-event post f=0.05: power=0.010
  [feat->rescls] sparker (post)
    post-spk f=0.05: power=1.000 [0.964,1.000] (50/50)
  [feat->rescls] maha (post)
    post-maha f=0.05: power=0.020 [0.003,0.064] (1/50)
  [feat->rescls] mmd (post)
    post-mmd f=0.05: power=1.000 [0.964,1.000] (50/50)

===== EXP34J PEREVENT POWER SUMMARY (alpha=0.05, 50+50d) =====
  arm                     kind    0.001    0.003     0.01     0.02     0.05
  supcon+hybrid[lam5]      pre    0.030    0.030    0.030    0.030    0.030
  supcon+hybrid[lam5]     post    0.100    0.100    0.060    0.100    0.040
  ss[lam5]+hybrid          pre    0.050    0.050    0.050    0.050    0.050
  ss[lam5]+hybrid         post    0.040    0.100    0.140    0.050    0.050
  hybrid->supres           pre    0.020    0.020    0.020    0.020    0.020
  hybrid->supres          post    0.030    0.040    0.090    0.060    0.080
  cls->resfeat             pre    0.070    0.070    0.070    0.070    0.070
  cls->resfeat            post    0.160    0.150    0.110    0.130    0.160
  feat->rescls             pre    0.010    0.010    0.010    0.010    0.010
  feat->rescls            post    0.000    0.010    0.000    0.010    0.010
saved /home/pharris/sigreg/SuperSig/plots/exp34j_perevent_power_cifar100_50p50.png

===== EXP34J SPARKER POWER SUMMARY (alpha=0.05, 50+50d) =====
  arm                     kind    0.001    0.003     0.01     0.02     0.05
  supcon+hybrid[lam5]      pre    0.000    0.040    0.020    0.000    1.000
  supcon+hybrid[lam5]     post    0.000    0.080    0.120    0.160    1.000
  ss[lam5]+hybrid          pre    0.060    0.040    0.020    0.060    1.000
  ss[lam5]+hybrid         post    0.020    0.060    0.060    0.100    1.000
  hybrid->supres           pre    0.020    0.000    0.000    0.040    1.000
  hybrid->supres          post    0.000    0.060    0.000    0.040    1.000
  cls->resfeat             pre    0.040    0.000    0.060    0.140    1.000
  cls->resfeat            post    0.040    0.080    0.040    0.380    1.000
  feat->rescls             pre    0.060    0.020    0.000    0.020    1.000
  feat->rescls            post    0.020    0.120    0.020    0.020    1.000
saved /home/pharris/sigreg/SuperSig/plots/exp34j_sparker_power_cifar100_50p50.png

===== EXP34J MAHA POWER SUMMARY (alpha=0.05, 50+50d) =====
  arm                     kind    0.001    0.003     0.01     0.02     0.05
  supcon+hybrid[lam5]      pre    0.020    0.000    0.000    0.040    0.020
  supcon+hybrid[lam5]     post    0.060    0.060    0.060    0.020    0.060
  ss[lam5]+hybrid          pre    0.000    0.100    0.020    0.020    0.140
  ss[lam5]+hybrid         post    0.040    0.080    0.060    0.000    0.220
  hybrid->supres           pre    0.020    0.040    0.040    0.040    0.020
  hybrid->supres          post    0.060    0.080    0.020    0.000    0.020
  cls->resfeat             pre    0.020    0.020    0.060    0.080    0.200
  cls->resfeat            post    0.040    0.060    0.040    0.060    0.140
  feat->rescls             pre    0.000    0.020    0.020    0.000    0.000
  feat->rescls            post    0.060    0.040    0.020    0.020    0.020
saved /home/pharris/sigreg/SuperSig/plots/exp34j_maha_power_cifar100_50p50.png

===== EXP34J MMD POWER SUMMARY (alpha=0.05, 50+50d) =====
  arm                     kind    0.001    0.003     0.01     0.02     0.05
  supcon+hybrid[lam5]      pre    0.020    0.080    0.100    0.420    1.000
  supcon+hybrid[lam5]     post    0.000    0.160    0.020    0.820    1.000
  ss[lam5]+hybrid          pre    0.020    0.060    0.100    0.460    1.000
  ss[lam5]+hybrid         post    0.040    0.180    0.000    0.840    1.000
  hybrid->supres           pre    0.100    0.140    0.120    0.200    1.000
  hybrid->supres          post    0.020    0.040    0.020    0.560    1.000
  cls->resfeat             pre    0.040    0.040    0.100    0.240    1.000
  cls->resfeat            post    0.000    0.100    0.000    0.780    1.000
  feat->rescls             pre    0.080    0.040    0.100    0.300    1.000
  feat->rescls            post    0.000    0.120    0.020    0.400    1.000
saved /home/pharris/sigreg/SuperSig/plots/exp34j_mmd_power_cifar100_50p50.png
saved /home/pharris/sigreg/SuperSig/logs/exp34/arc_cifar100_50p50.npz
