/home/pharris/venv/lib64/python3.9/site-packages/networkx/utils/backends.py:135: RuntimeWarning: networkx backend defined more than once: nx-loopback
  backends.update(_get_backends("networkx.backends"))
Using cache found in /home/pharris/.cache/torch/hub/chenyaofo_pytorch-cifar-models_master
exp34e [cifar100] hybrid contrastive halves, holdout=[4]
  refs: ssl->supres [40ep] (r2)=0.9213, supcon (r1)=0.9268, supcon+simclr (r1)=0.9394

----- supcon16 (baseline half, settled defaults) -----
  CIFAR two-view embedding-train images (no {4}): 49500
  [supcon] epoch 1/10  loss=4.4496
  [supcon] epoch 2/10  loss=4.1629
  [supcon] epoch 3/10  loss=4.0634
  [supcon] epoch 4/10  loss=4.0075
  [supcon] epoch 5/10  loss=3.9496
  [supcon] epoch 6/10  loss=3.9272
  [supcon] epoch 7/10  loss=3.8981
  [supcon] epoch 8/10  loss=3.8706
  [supcon] epoch 9/10  loss=3.8389
  [supcon] epoch 10/10  loss=3.8172
Using cache found in /home/pharris/.cache/torch/hub/chenyaofo_pytorch-cifar-models_master

----- hybrid16 simclr+sigreg (lam=1.0) -----
  CIFAR two-view embedding-train images (no {4}): 49500
  [simclr+sigreg] epoch 1/20  nt-xent=4.7299  sigreg=0.0555
  [simclr+sigreg] epoch 2/20  nt-xent=4.5924  sigreg=0.0183
  [simclr+sigreg] epoch 3/20  nt-xent=4.5608  sigreg=0.0144
  [simclr+sigreg] epoch 4/20  nt-xent=4.5419  sigreg=0.0117
  [simclr+sigreg] epoch 5/20  nt-xent=4.5308  sigreg=0.0112
  [simclr+sigreg] epoch 6/20  nt-xent=4.5244  sigreg=0.0110
  [simclr+sigreg] epoch 7/20  nt-xent=4.5181  sigreg=0.0108
  [simclr+sigreg] epoch 8/20  nt-xent=4.5120  sigreg=0.0105
  [simclr+sigreg] epoch 9/20  nt-xent=4.5088  sigreg=0.0105
  [simclr+sigreg] epoch 10/20  nt-xent=4.5056  sigreg=0.0105
  [simclr+sigreg] epoch 11/20  nt-xent=4.5027  sigreg=0.0103
  [simclr+sigreg] epoch 12/20  nt-xent=4.4993  sigreg=0.0102
  [simclr+sigreg] epoch 13/20  nt-xent=4.4971  sigreg=0.0104
  [simclr+sigreg] epoch 14/20  nt-xent=4.4960  sigreg=0.0103
  [simclr+sigreg] epoch 15/20  nt-xent=4.4927  sigreg=0.0101
  [simclr+sigreg] epoch 16/20  nt-xent=4.4919  sigreg=0.0103
  [simclr+sigreg] epoch 17/20  nt-xent=4.4905  sigreg=0.0101
  [simclr+sigreg] epoch 18/20  nt-xent=4.4876  sigreg=0.0101
  [simclr+sigreg] epoch 19/20  nt-xent=4.4870  sigreg=0.0100
  [simclr+sigreg] epoch 20/20  nt-xent=4.4855  sigreg=0.0097
Using cache found in /home/pharris/.cache/torch/hub/chenyaofo_pytorch-cifar-models_master

----- hybrid16 simclr+sigreg (lam=5.0) -----
  CIFAR two-view embedding-train images (no {4}): 49500
  [simclr+sigreg] epoch 1/20  nt-xent=4.7821  sigreg=0.0556
  [simclr+sigreg] epoch 2/20  nt-xent=4.6164  sigreg=0.0162
  [simclr+sigreg] epoch 3/20  nt-xent=4.5769  sigreg=0.0117
  [simclr+sigreg] epoch 4/20  nt-xent=4.5572  sigreg=0.0105
  [simclr+sigreg] epoch 5/20  nt-xent=4.5459  sigreg=0.0105
  [simclr+sigreg] epoch 6/20  nt-xent=4.5375  sigreg=0.0099
  [simclr+sigreg] epoch 7/20  nt-xent=4.5305  sigreg=0.0098
  [simclr+sigreg] epoch 8/20  nt-xent=4.5241  sigreg=0.0096
  [simclr+sigreg] epoch 9/20  nt-xent=4.5209  sigreg=0.0099
  [simclr+sigreg] epoch 10/20  nt-xent=4.5176  sigreg=0.0096
  [simclr+sigreg] epoch 11/20  nt-xent=4.5126  sigreg=0.0093
  [simclr+sigreg] epoch 12/20  nt-xent=4.5101  sigreg=0.0094
  [simclr+sigreg] epoch 13/20  nt-xent=4.5067  sigreg=0.0092
  [simclr+sigreg] epoch 14/20  nt-xent=4.5057  sigreg=0.0092
  [simclr+sigreg] epoch 15/20  nt-xent=4.5023  sigreg=0.0092
  [simclr+sigreg] epoch 16/20  nt-xent=4.5014  sigreg=0.0092
  [simclr+sigreg] epoch 17/20  nt-xent=4.5000  sigreg=0.0093
  [simclr+sigreg] epoch 18/20  nt-xent=4.4982  sigreg=0.0090
  [simclr+sigreg] epoch 19/20  nt-xent=4.4961  sigreg=0.0091
  [simclr+sigreg] epoch 20/20  nt-xent=4.4958  sigreg=0.0089

----- res-simclr16 (SimCLR on SupCon residuals) -----
  CIFAR two-view embedding-train images (no {4}): 49500
  [simclr-residual] epoch 1/20  loss=4.4817
  [simclr-residual] epoch 2/20  loss=4.4267
  [simclr-residual] epoch 3/20  loss=4.4230
  [simclr-residual] epoch 4/20  loss=4.4219
  [simclr-residual] epoch 5/20  loss=4.4200
  [simclr-residual] epoch 6/20  loss=4.4193
  [simclr-residual] epoch 7/20  loss=4.4177
  [simclr-residual] epoch 8/20  loss=4.4177
  [simclr-residual] epoch 9/20  loss=4.4164
  [simclr-residual] epoch 10/20  loss=4.4157
  [simclr-residual] epoch 11/20  loss=4.4149
  [simclr-residual] epoch 12/20  loss=4.4151
  [simclr-residual] epoch 13/20  loss=4.4147
  [simclr-residual] epoch 14/20  loss=4.4135
  [simclr-residual] epoch 15/20  loss=4.4130
  [simclr-residual] epoch 16/20  loss=4.4131
  [simclr-residual] epoch 17/20  loss=4.4122
  [simclr-residual] epoch 18/20  loss=4.4120
  [simclr-residual] epoch 19/20  loss=4.4117
  [simclr-residual] epoch 20/20  loss=4.4113

----- supres16 warm-started from hybrid(lam=1) trunk -----
  cifar100 balanced loader (no {4}): 49500 images, 20 batches of 99x24
  [sigreg+proto] epoch 1/10  sigreg=0.1819  proto=2.4862  min_dist=0.73  mean_dist=2.94
  [sigreg+proto] epoch 2/10  sigreg=0.1942  proto=2.1817  min_dist=0.80  mean_dist=3.02
  [sigreg+proto] epoch 3/10  sigreg=0.1977  proto=2.0257  min_dist=0.87  mean_dist=3.11
  [sigreg+proto] epoch 4/10  sigreg=0.2003  proto=1.8910  min_dist=0.93  mean_dist=3.19
  [sigreg+proto] epoch 5/10  sigreg=0.2009  proto=1.7995  min_dist=0.99  mean_dist=3.27
  [sigreg+proto] epoch 6/10  sigreg=0.2038  proto=1.6945  min_dist=1.05  mean_dist=3.35
  [sigreg+proto] epoch 7/10  sigreg=0.2008  proto=1.6247  min_dist=1.11  mean_dist=3.43
  [sigreg+proto] epoch 8/10  sigreg=0.2013  proto=1.5348  min_dist=1.16  mean_dist=3.50
  [sigreg+proto] epoch 9/10  sigreg=0.2013  proto=1.4739  min_dist=1.21  mean_dist=3.57
  [sigreg+proto] epoch 10/10  sigreg=0.2008  proto=1.3926  min_dist=1.26  mean_dist=3.65

===== performance / novelty / probe table =====
  [supcon+hybrid[lam1] ] probe=0.9409+-0.0004 acc=0.5230 supAUC=0.9719 eucl=0.5098 mahaT=0.4222 mahaPC=0.4696
  [supcon+hybrid[lam5] ] probe=0.9423+-0.0003 acc=0.5271 supAUC=0.9729 eucl=0.4605 mahaT=0.4073 mahaPC=0.4678
  [hybrid->supres      ] probe=0.9263+-0.0038 acc=0.4752 supAUC=0.9654 eucl=0.5162 mahaT=0.4820 mahaPC=0.4729
  [supcon+res-simclr   ] probe=0.9281+-0.0025 acc=0.5386 supAUC=0.9748 eucl=0.3834 mahaT=0.2541 mahaPC=0.4132

===== gaussianity across arms (seen classes, test) =====
  metric                    supcon+hybrid[lam1]supcon+hybrid[lam5]hybrid->supressupcon+res-simclr
  eig min (class cov)                0.002         0.003         0.006         0.000
  eig max (class cov)               14.388        13.660         6.345        12.713
  eig cond worst                    1310.8        1263.8         828.7      622038.2
  class RMS min                      0.469         0.475         0.633         0.275
  class RMS mean                     0.695         0.684         0.827         0.427
  class RMS max                      0.906         0.862         0.934         0.696
  max |corr| (worst class)           0.962         0.962         0.866         0.985
  SW ratio mean                       1.49          1.44          1.30          1.80
  SW ratio worst                      3.28          3.09          2.19          4.14
  |skew| mean                        0.281         0.275         0.251         0.344
  |ex-kurt| mean                     0.483         0.470         0.431         0.630
  centroid dist min                   0.87          0.84          1.12          0.54
  centroid dist mean                  4.99          4.90          5.25          4.23
  separation (min d/RMS)              1.25          1.23          1.35          1.25

===== summary =====
  ssl->supres [40ep] (r2)    probe=0.9213  (reference)
  supcon (r1)                probe=0.9268  (reference)
  supcon+simclr (r1)         probe=0.9394  (reference)
  supcon+hybrid[lam1]        probe=0.9409+-0.0004  acc=0.5230  mahaT=0.4222
  supcon+hybrid[lam5]        probe=0.9423+-0.0003  acc=0.5271  mahaT=0.4073
  hybrid->supres             probe=0.9263+-0.0038  acc=0.4752  mahaT=0.4820
  supcon+res-simclr          probe=0.9281+-0.0025  acc=0.5386  mahaT=0.2541
saved /home/pharris/sigreg/SuperSig/plots/exp34e_hybrid_probe_cifar100.png
saved /home/pharris/sigreg/SuperSig/logs/exp34/probe_hybrid.npz
