/home/pharris/venv/lib64/python3.9/site-packages/networkx/utils/backends.py:135: RuntimeWarning: networkx backend defined more than once: nx-loopback
  backends.update(_get_backends("networkx.backends"))
Using cache found in /home/pharris/.cache/torch/hub/chenyaofo_pytorch-cifar-models_master
exp34 [cifar100] probe-AUC tuning, holdout=[4], single=32d halves=16d
  references (exp33): supcon=0.9232, supcon+simclr=0.9368, sup (exp33)=0.9039, ssl->supres (exp33)=0.9178

===== stage 1: coordinate scan (sup, 32-D) =====

----- base: batch=25x24=600 w=1.0 slices=64 ep=10 -----
  cifar100 balanced loader (no {4}): 49500 images, 82 batches of 25x24
  [sigreg+proto] epoch 1/10  sigreg=0.9171  proto=3.6507  min_dist=3.74  mean_dist=5.46
  [sigreg+proto] epoch 2/10  sigreg=0.7829  proto=2.5107  min_dist=4.05  mean_dist=5.90
  [sigreg+proto] epoch 3/10  sigreg=0.7657  proto=2.0568  min_dist=4.30  mean_dist=6.30
  [sigreg+proto] epoch 4/10  sigreg=0.7730  proto=1.7664  min_dist=4.53  mean_dist=6.68
  [sigreg+proto] epoch 5/10  sigreg=0.7903  proto=1.6325  min_dist=4.74  mean_dist=7.03
  [sigreg+proto] epoch 6/10  sigreg=0.7990  proto=1.4610  min_dist=4.94  mean_dist=7.35
  [sigreg+proto] epoch 7/10  sigreg=0.8032  proto=1.2881  min_dist=5.14  mean_dist=7.66
  [sigreg+proto] epoch 8/10  sigreg=0.8337  proto=1.2905  min_dist=5.30  mean_dist=7.95
  [sigreg+proto] epoch 9/10  sigreg=0.8448  proto=1.1733  min_dist=5.45  mean_dist=8.22
  [sigreg+proto] epoch 10/10  sigreg=0.8574  proto=1.1491  min_dist=5.59  mean_dist=8.49
Using cache found in /home/pharris/.cache/torch/hub/chenyaofo_pytorch-cifar-models_master
  [base              ] probe=0.8878+-0.0023 acc=0.4901 supAUC=0.9532 eucl=0.5626

----- w5: batch=25x24=600 w=5.0 slices=64 ep=10 -----
  cifar100 balanced loader (no {4}): 49500 images, 82 batches of 25x24
  [sigreg+proto] epoch 1/10  sigreg=0.7634  proto=4.1340  min_dist=3.71  mean_dist=5.43
  [sigreg+proto] epoch 2/10  sigreg=0.6262  proto=3.0801  min_dist=4.02  mean_dist=5.85
  [sigreg+proto] epoch 3/10  sigreg=0.5891  proto=2.5875  min_dist=4.24  mean_dist=6.22
  [sigreg+proto] epoch 4/10  sigreg=0.5752  proto=2.3674  min_dist=4.44  mean_dist=6.56
  [sigreg+proto] epoch 5/10  sigreg=0.5677  proto=2.2286  min_dist=4.61  mean_dist=6.87
  [sigreg+proto] epoch 6/10  sigreg=0.5510  proto=2.0380  min_dist=4.77  mean_dist=7.16
  [sigreg+proto] epoch 7/10  sigreg=0.5385  proto=1.8995  min_dist=4.91  mean_dist=7.44
  [sigreg+proto] epoch 8/10  sigreg=0.5436  proto=1.8758  min_dist=5.03  mean_dist=7.69
  [sigreg+proto] epoch 9/10  sigreg=0.5290  proto=1.7900  min_dist=5.13  mean_dist=7.93
  [sigreg+proto] epoch 10/10  sigreg=0.5372  proto=1.7776  min_dist=5.21  mean_dist=8.15
Using cache found in /home/pharris/.cache/torch/hub/chenyaofo_pytorch-cifar-models_master
  [w5                ] probe=0.8263+-0.0051 acc=0.4862 supAUC=0.9414 eucl=0.4965

----- w20: batch=25x24=600 w=20.0 slices=64 ep=10 -----
  cifar100 balanced loader (no {4}): 49500 images, 82 batches of 25x24
  [sigreg+proto] epoch 1/10  sigreg=0.6521  proto=5.4564  min_dist=3.58  mean_dist=5.32
  [sigreg+proto] epoch 2/10  sigreg=0.5265  proto=4.7738  min_dist=3.79  mean_dist=5.63
  [sigreg+proto] epoch 3/10  sigreg=0.4940  proto=4.1981  min_dist=4.00  mean_dist=5.90
  [sigreg+proto] epoch 4/10  sigreg=0.4609  proto=3.8536  min_dist=4.14  mean_dist=6.15
  [sigreg+proto] epoch 5/10  sigreg=0.4419  proto=3.6626  min_dist=4.22  mean_dist=6.37
  [sigreg+proto] epoch 6/10  sigreg=0.4159  proto=3.3450  min_dist=4.31  mean_dist=6.58
  [sigreg+proto] epoch 7/10  sigreg=0.3947  proto=3.2069  min_dist=4.38  mean_dist=6.78
  [sigreg+proto] epoch 8/10  sigreg=0.3871  proto=3.0711  min_dist=4.43  mean_dist=6.96
  [sigreg+proto] epoch 9/10  sigreg=0.3715  proto=2.8995  min_dist=4.46  mean_dist=7.13
  [sigreg+proto] epoch 10/10  sigreg=0.3635  proto=2.8277  min_dist=4.47  mean_dist=7.29
Using cache found in /home/pharris/.cache/torch/hub/chenyaofo_pytorch-cifar-models_master
  [w20               ] probe=0.8481+-0.0027 acc=0.4335 supAUC=0.9281 eucl=0.5373

----- s256: batch=25x24=600 w=1.0 slices=256 ep=10 -----
  cifar100 balanced loader (no {4}): 49500 images, 82 batches of 25x24
  [sigreg+proto] epoch 1/10  sigreg=0.9151  proto=3.6518  min_dist=3.74  mean_dist=5.46
  [sigreg+proto] epoch 2/10  sigreg=0.7862  proto=2.5122  min_dist=4.05  mean_dist=5.90
  [sigreg+proto] epoch 3/10  sigreg=0.7642  proto=2.0554  min_dist=4.30  mean_dist=6.30
  [sigreg+proto] epoch 4/10  sigreg=0.7755  proto=1.7611  min_dist=4.53  mean_dist=6.68
  [sigreg+proto] epoch 5/10  sigreg=0.7883  proto=1.6347  min_dist=4.73  mean_dist=7.03
  [sigreg+proto] epoch 6/10  sigreg=0.8009  proto=1.4580  min_dist=4.94  mean_dist=7.35
  [sigreg+proto] epoch 7/10  sigreg=0.8021  proto=1.2930  min_dist=5.13  mean_dist=7.66
  [sigreg+proto] epoch 8/10  sigreg=0.8319  proto=1.2866  min_dist=5.30  mean_dist=7.95
  [sigreg+proto] epoch 9/10  sigreg=0.8445  proto=1.1612  min_dist=5.45  mean_dist=8.23
  [sigreg+proto] epoch 10/10  sigreg=0.8587  proto=1.1499  min_dist=5.59  mean_dist=8.49
Using cache found in /home/pharris/.cache/torch/hub/chenyaofo_pytorch-cifar-models_master
  [s256              ] probe=0.8828+-0.0022 acc=0.4795 supAUC=0.9486 eucl=0.5876

----- b1200: batch=50x24=1200 w=1.0 slices=64 ep=10 -----
  cifar100 balanced loader (no {4}): 49500 images, 41 batches of 50x24
  [sigreg+proto] epoch 1/10  sigreg=0.9183  proto=3.6566  min_dist=3.57  mean_dist=5.23
  [sigreg+proto] epoch 2/10  sigreg=0.7456  proto=2.3347  min_dist=3.77  mean_dist=5.48
  [sigreg+proto] epoch 3/10  sigreg=0.6870  proto=1.7822  min_dist=3.96  mean_dist=5.72
  [sigreg+proto] epoch 4/10  sigreg=0.6578  proto=1.5141  min_dist=4.10  mean_dist=5.94
  [sigreg+proto] epoch 5/10  sigreg=0.6427  proto=1.3387  min_dist=4.24  mean_dist=6.16
  [sigreg+proto] epoch 6/10  sigreg=0.6330  proto=1.1764  min_dist=4.36  mean_dist=6.38
  [sigreg+proto] epoch 7/10  sigreg=0.6156  proto=1.0309  min_dist=4.49  mean_dist=6.58
  [sigreg+proto] epoch 8/10  sigreg=0.6155  proto=0.9772  min_dist=4.61  mean_dist=6.78
  [sigreg+proto] epoch 9/10  sigreg=0.6119  proto=0.8822  min_dist=4.74  mean_dist=6.97
  [sigreg+proto] epoch 10/10  sigreg=0.6079  proto=0.8224  min_dist=4.86  mean_dist=7.16
Using cache found in /home/pharris/.cache/torch/hub/chenyaofo_pytorch-cifar-models_master
  [b1200             ] probe=0.8917+-0.0029 acc=0.5239 supAUC=0.9498 eucl=0.5434

----- b2376: batch=99x24=2376 w=1.0 slices=64 ep=10 -----
  cifar100 balanced loader (no {4}): 49500 images, 20 batches of 99x24
  [sigreg+proto] epoch 1/10  sigreg=0.9526  proto=3.8514  min_dist=3.46  mean_dist=5.11
  [sigreg+proto] epoch 2/10  sigreg=0.7442  proto=2.3964  min_dist=3.56  mean_dist=5.23
  [sigreg+proto] epoch 3/10  sigreg=0.6349  proto=1.6812  min_dist=3.67  mean_dist=5.36
  [sigreg+proto] epoch 4/10  sigreg=0.5795  proto=1.3134  min_dist=3.78  mean_dist=5.48
  [sigreg+proto] epoch 5/10  sigreg=0.5415  proto=1.0925  min_dist=3.89  mean_dist=5.60
  [sigreg+proto] epoch 6/10  sigreg=0.5118  proto=0.9432  min_dist=3.96  mean_dist=5.72
  [sigreg+proto] epoch 7/10  sigreg=0.4887  proto=0.8112  min_dist=4.02  mean_dist=5.84
  [sigreg+proto] epoch 8/10  sigreg=0.4676  proto=0.7150  min_dist=4.09  mean_dist=5.95
  [sigreg+proto] epoch 9/10  sigreg=0.4531  proto=0.6315  min_dist=4.15  mean_dist=6.07
  [sigreg+proto] epoch 10/10  sigreg=0.4385  proto=0.5427  min_dist=4.21  mean_dist=6.18
Using cache found in /home/pharris/.cache/torch/hub/chenyaofo_pytorch-cifar-models_master
  [b2376             ] probe=0.8968+-0.0030 acc=0.5393 supAUC=0.9482 eucl=0.5999

----- ep20: batch=25x24=600 w=1.0 slices=64 ep=20 -----
  cifar100 balanced loader (no {4}): 49500 images, 82 batches of 25x24
  [sigreg+proto] epoch 1/20  sigreg=0.9167  proto=3.6496  min_dist=3.74  mean_dist=5.46
  [sigreg+proto] epoch 2/20  sigreg=0.7828  proto=2.5085  min_dist=4.05  mean_dist=5.90
  [sigreg+proto] epoch 3/20  sigreg=0.7653  proto=2.0561  min_dist=4.30  mean_dist=6.30
  [sigreg+proto] epoch 4/20  sigreg=0.7726  proto=1.7653  min_dist=4.53  mean_dist=6.68
  [sigreg+proto] epoch 5/20  sigreg=0.7906  proto=1.6378  min_dist=4.74  mean_dist=7.03
  [sigreg+proto] epoch 6/20  sigreg=0.7989  proto=1.4590  min_dist=4.95  mean_dist=7.35
  [sigreg+proto] epoch 7/20  sigreg=0.8025  proto=1.2910  min_dist=5.14  mean_dist=7.66
  [sigreg+proto] epoch 8/20  sigreg=0.8307  proto=1.2784  min_dist=5.31  mean_dist=7.95
  [sigreg+proto] epoch 9/20  sigreg=0.8427  proto=1.1772  min_dist=5.46  mean_dist=8.22
  [sigreg+proto] epoch 10/20  sigreg=0.8573  proto=1.1455  min_dist=5.60  mean_dist=8.49
  [sigreg+proto] epoch 11/20  sigreg=0.8762  proto=1.0617  min_dist=5.75  mean_dist=8.73
  [sigreg+proto] epoch 12/20  sigreg=0.8895  proto=1.0691  min_dist=5.88  mean_dist=8.97
  [sigreg+proto] epoch 13/20  sigreg=0.9136  proto=1.0237  min_dist=6.01  mean_dist=9.20
  [sigreg+proto] epoch 14/20  sigreg=0.9216  proto=0.9631  min_dist=6.13  mean_dist=9.41
  [sigreg+proto] epoch 15/20  sigreg=0.9357  proto=0.9614  min_dist=6.22  mean_dist=9.62
  [sigreg+proto] epoch 16/20  sigreg=0.9376  proto=0.8606  min_dist=6.32  mean_dist=9.82
  [sigreg+proto] epoch 17/20  sigreg=0.9417  proto=0.8441  min_dist=6.42  mean_dist=10.01
  [sigreg+proto] epoch 18/20  sigreg=0.9530  proto=0.8116  min_dist=6.51  mean_dist=10.19
  [sigreg+proto] epoch 19/20  sigreg=0.9450  proto=0.8172  min_dist=6.61  mean_dist=10.37
  [sigreg+proto] epoch 20/20  sigreg=0.9640  proto=0.8148  min_dist=6.68  mean_dist=10.54
Using cache found in /home/pharris/.cache/torch/hub/chenyaofo_pytorch-cifar-models_master
  [ep20              ] probe=0.8611+-0.0054 acc=0.5481 supAUC=0.9574 eucl=0.5811

----- ep30: batch=25x24=600 w=1.0 slices=64 ep=30 -----
  cifar100 balanced loader (no {4}): 49500 images, 82 batches of 25x24
  [sigreg+proto] epoch 1/30  sigreg=0.9167  proto=3.6513  min_dist=3.74  mean_dist=5.46
  [sigreg+proto] epoch 2/30  sigreg=0.7836  proto=2.5132  min_dist=4.05  mean_dist=5.90
  [sigreg+proto] epoch 3/30  sigreg=0.7659  proto=2.0586  min_dist=4.30  mean_dist=6.30
  [sigreg+proto] epoch 4/30  sigreg=0.7739  proto=1.7646  min_dist=4.53  mean_dist=6.68
  [sigreg+proto] epoch 5/30  sigreg=0.7904  proto=1.6314  min_dist=4.74  mean_dist=7.03
  [sigreg+proto] epoch 6/30  sigreg=0.7967  proto=1.4446  min_dist=4.95  mean_dist=7.35
  [sigreg+proto] epoch 7/30  sigreg=0.8007  proto=1.2860  min_dist=5.14  mean_dist=7.66
  [sigreg+proto] epoch 8/30  sigreg=0.8317  proto=1.2887  min_dist=5.31  mean_dist=7.95
  [sigreg+proto] epoch 9/30  sigreg=0.8419  proto=1.1716  min_dist=5.46  mean_dist=8.23
  [sigreg+proto] epoch 10/30  sigreg=0.8554  proto=1.1432  min_dist=5.60  mean_dist=8.49
  [sigreg+proto] epoch 11/30  sigreg=0.8764  proto=1.0624  min_dist=5.75  mean_dist=8.73
  [sigreg+proto] epoch 12/30  sigreg=0.8885  proto=1.0628  min_dist=5.88  mean_dist=8.97
  [sigreg+proto] epoch 13/30  sigreg=0.9098  proto=1.0167  min_dist=6.00  mean_dist=9.20
  [sigreg+proto] epoch 14/30  sigreg=0.9215  proto=0.9743  min_dist=6.12  mean_dist=9.41
  [sigreg+proto] epoch 15/30  sigreg=0.9392  proto=0.9811  min_dist=6.21  mean_dist=9.62
  [sigreg+proto] epoch 16/30  sigreg=0.9414  proto=0.8672  min_dist=6.31  mean_dist=9.82
  [sigreg+proto] epoch 17/30  sigreg=0.9381  proto=0.8223  min_dist=6.41  mean_dist=10.01
  [sigreg+proto] epoch 18/30  sigreg=0.9477  proto=0.8125  min_dist=6.50  mean_dist=10.19
  [sigreg+proto] epoch 19/30  sigreg=0.9433  proto=0.8181  min_dist=6.59  mean_dist=10.37
  [sigreg+proto] epoch 20/30  sigreg=0.9718  proto=0.8406  min_dist=6.67  mean_dist=10.54
  [sigreg+proto] epoch 21/30  sigreg=0.9637  proto=0.7549  min_dist=6.76  mean_dist=10.70
  [sigreg+proto] epoch 22/30  sigreg=0.9727  proto=0.7553  min_dist=6.83  mean_dist=10.86
  [sigreg+proto] epoch 23/30  sigreg=0.9670  proto=0.7312  min_dist=6.91  mean_dist=11.01
  [sigreg+proto] epoch 24/30  sigreg=0.9776  proto=0.6968  min_dist=6.98  mean_dist=11.16
  [sigreg+proto] epoch 25/30  sigreg=0.9764  proto=0.7111  min_dist=7.04  mean_dist=11.31
  [sigreg+proto] epoch 26/30  sigreg=0.9894  proto=0.7381  min_dist=7.11  mean_dist=11.44
  [sigreg+proto] epoch 27/30  sigreg=0.9972  proto=0.7005  min_dist=7.18  mean_dist=11.58
  [sigreg+proto] epoch 28/30  sigreg=0.9773  proto=0.6299  min_dist=7.24  mean_dist=11.71
  [sigreg+proto] epoch 29/30  sigreg=0.9953  proto=0.6835  min_dist=7.31  mean_dist=11.84
  [sigreg+proto] epoch 30/30  sigreg=0.9962  proto=0.6769  min_dist=7.36  mean_dist=11.96
Using cache found in /home/pharris/.cache/torch/hub/chenyaofo_pytorch-cifar-models_master
  [ep30              ] probe=0.8603+-0.0051 acc=0.5339 supAUC=0.9550 eucl=0.6031

===== stage 2: combined winners =====
  comb: duplicates a stage-1 config, skipped

----- comb+steps: batch=99x24=2376 w=1.0 slices=64 ep=40 -----
  cifar100 balanced loader (no {4}): 49500 images, 20 batches of 99x24
  [sigreg+proto] epoch 1/40  sigreg=0.9526  proto=3.8521  min_dist=3.46  mean_dist=5.11
  [sigreg+proto] epoch 2/40  sigreg=0.7445  proto=2.3970  min_dist=3.56  mean_dist=5.23
  [sigreg+proto] epoch 3/40  sigreg=0.6350  proto=1.6822  min_dist=3.67  mean_dist=5.36
  [sigreg+proto] epoch 4/40  sigreg=0.5797  proto=1.3130  min_dist=3.78  mean_dist=5.48
  [sigreg+proto] epoch 5/40  sigreg=0.5417  proto=1.0909  min_dist=3.89  mean_dist=5.60
  [sigreg+proto] epoch 6/40  sigreg=0.5119  proto=0.9401  min_dist=3.96  mean_dist=5.72
  [sigreg+proto] epoch 7/40  sigreg=0.4887  proto=0.8107  min_dist=4.02  mean_dist=5.84
  [sigreg+proto] epoch 8/40  sigreg=0.4677  proto=0.7128  min_dist=4.09  mean_dist=5.95
  [sigreg+proto] epoch 9/40  sigreg=0.4524  proto=0.6284  min_dist=4.15  mean_dist=6.07
  [sigreg+proto] epoch 10/40  sigreg=0.4381  proto=0.5469  min_dist=4.21  mean_dist=6.18
  [sigreg+proto] epoch 11/40  sigreg=0.4235  proto=0.4701  min_dist=4.27  mean_dist=6.29
  [sigreg+proto] epoch 12/40  sigreg=0.4084  proto=0.4144  min_dist=4.33  mean_dist=6.40
  [sigreg+proto] epoch 13/40  sigreg=0.3965  proto=0.3672  min_dist=4.39  mean_dist=6.50
  [sigreg+proto] epoch 14/40  sigreg=0.3857  proto=0.3185  min_dist=4.45  mean_dist=6.61
  [sigreg+proto] epoch 15/40  sigreg=0.3770  proto=0.2893  min_dist=4.51  mean_dist=6.71
  [sigreg+proto] epoch 16/40  sigreg=0.3698  proto=0.2678  min_dist=4.57  mean_dist=6.81
  [sigreg+proto] epoch 17/40  sigreg=0.3606  proto=0.2332  min_dist=4.63  mean_dist=6.91
  [sigreg+proto] epoch 18/40  sigreg=0.3515  proto=0.2017  min_dist=4.69  mean_dist=7.01
  [sigreg+proto] epoch 19/40  sigreg=0.3445  proto=0.1803  min_dist=4.75  mean_dist=7.11
  [sigreg+proto] epoch 20/40  sigreg=0.3363  proto=0.1698  min_dist=4.81  mean_dist=7.20
  [sigreg+proto] epoch 21/40  sigreg=0.3312  proto=0.1552  min_dist=4.86  mean_dist=7.30
  [sigreg+proto] epoch 22/40  sigreg=0.3278  proto=0.1462  min_dist=4.92  mean_dist=7.39
  [sigreg+proto] epoch 23/40  sigreg=0.3218  proto=0.1342  min_dist=4.98  mean_dist=7.48
  [sigreg+proto] epoch 24/40  sigreg=0.3176  proto=0.1299  min_dist=5.04  mean_dist=7.57
  [sigreg+proto] epoch 25/40  sigreg=0.3133  proto=0.1284  min_dist=5.09  mean_dist=7.66
  [sigreg+proto] epoch 26/40  sigreg=0.3121  proto=0.1207  min_dist=5.15  mean_dist=7.75
  [sigreg+proto] epoch 27/40  sigreg=0.3100  proto=0.1181  min_dist=5.20  mean_dist=7.83
  [sigreg+proto] epoch 28/40  sigreg=0.3059  proto=0.1117  min_dist=5.26  mean_dist=7.92
  [sigreg+proto] epoch 29/40  sigreg=0.3063  proto=0.1110  min_dist=5.31  mean_dist=8.00
  [sigreg+proto] epoch 30/40  sigreg=0.3035  proto=0.1072  min_dist=5.37  mean_dist=8.09
  [sigreg+proto] epoch 31/40  sigreg=0.2992  proto=0.1034  min_dist=5.42  mean_dist=8.17
  [sigreg+proto] epoch 32/40  sigreg=0.2983  proto=0.1060  min_dist=5.47  mean_dist=8.25
  [sigreg+proto] epoch 33/40  sigreg=0.3013  proto=0.1149  min_dist=5.53  mean_dist=8.33
  [sigreg+proto] epoch 34/40  sigreg=0.2980  proto=0.1145  min_dist=5.58  mean_dist=8.41
  [sigreg+proto] epoch 35/40  sigreg=0.2988  proto=0.1108  min_dist=5.63  mean_dist=8.49
  [sigreg+proto] epoch 36/40  sigreg=0.2983  proto=0.1155  min_dist=5.68  mean_dist=8.57
  [sigreg+proto] epoch 37/40  sigreg=0.3012  proto=0.1193  min_dist=5.73  mean_dist=8.64
  [sigreg+proto] epoch 38/40  sigreg=0.2994  proto=0.1155  min_dist=5.78  mean_dist=8.72
  [sigreg+proto] epoch 39/40  sigreg=0.2992  proto=0.1218  min_dist=5.83  mean_dist=8.79
  [sigreg+proto] epoch 40/40  sigreg=0.2974  proto=0.1142  min_dist=5.88  mean_dist=8.87
Using cache found in /home/pharris/.cache/torch/hub/chenyaofo_pytorch-cifar-models_master
  [comb+steps        ] probe=0.8752+-0.0054 acc=0.5339 supAUC=0.9361 eucl=0.5746

===== scan summary (winner: b2376) =====
  config         batch     w  slices   ep           probe     acc    eucl
  base             600     1      64   10   0.8878+-0.0023  0.4901  0.5626
  w5               600     5      64   10   0.8263+-0.0051  0.4862  0.4965
  w20              600    20      64   10   0.8481+-0.0027  0.4335  0.5373
  s256             600     1     256   10   0.8828+-0.0022  0.4795  0.5876
  b1200           1200     1      64   10   0.8917+-0.0029  0.5239  0.5434
  b2376           2376     1      64   10   0.8968+-0.0030  0.5393  0.5999
  ep20             600     1      64   20   0.8611+-0.0054  0.5481  0.5811
  ep30             600     1      64   30   0.8603+-0.0051  0.5339  0.6031
  comb+steps      2376     1      64   40   0.8752+-0.0054  0.5339  0.5746

===== gaussianity across scan configs (seen classes, test) =====
  metric                              base            w5           w20          s256         b1200         b2376          ep20          ep30    comb+steps
  eig min (class cov)                0.001         0.002         0.004         0.001         0.001         0.002         0.002         0.004         0.010
  eig max (class cov)                6.964        14.264         9.910         8.831         6.283         8.875        12.655        19.608        15.053
  eig cond worst                    3449.8        3549.9        2002.9        5256.3        3976.2        1599.2        2049.5        1754.1         872.9
  class RMS min                      0.411         0.696         0.817         0.450         0.447         0.572         0.573         0.672         0.919
  class RMS mean                     0.615         0.863         0.929         0.629         0.639         0.738         0.771         0.927         1.033
  class RMS max                      0.755         1.012         1.026         0.822         0.764         0.869         0.988         1.146         1.127
  max |corr| (worst class)           0.877         0.868         0.856         0.891         0.864         0.861         0.852         0.886         0.820
  SW ratio mean                       1.42          1.40          1.18          1.41          1.31          1.24          1.50          1.55          1.18
  SW ratio worst                      2.64          2.46          1.58          2.45          2.13          1.73          2.78          3.24          1.44
  |skew| mean                        0.277         0.274         0.229         0.272         0.256         0.242         0.293         0.302         0.230
  |ex-kurt| mean                     0.495         0.481         0.406         0.487         0.457         0.431         0.522         0.546         0.408
  centroid dist min                   0.81          0.96          1.23          0.79          0.76          0.92          0.82          1.00          1.31
  centroid dist mean                  4.71          5.23          4.93          4.81          4.50          4.83          5.50          6.62          5.87
  separation (min d/RMS)              1.31          1.11          1.33          1.26          1.19          1.24          1.06          1.08          1.27
saved /home/pharris/sigreg/SuperSig/plots/exp34_probe_scan_cifar100.png

===== stage 3: arms with winner recipe (batch=99x24 w=1.0 s=64 ep=10) =====

--- sup (winner, reused from scan) ---

--- sup-half (winner recipe) ---
  cifar100 balanced loader (no {4}): 49500 images, 20 batches of 99x24
  [sigreg+proto] epoch 1/10  sigreg=1.2305  proto=3.9031  min_dist=2.59  mean_dist=5.04
  [sigreg+proto] epoch 2/10  sigreg=0.8628  proto=2.7668  min_dist=2.66  mean_dist=5.13
  [sigreg+proto] epoch 3/10  sigreg=0.6582  proto=2.1393  min_dist=2.71  mean_dist=5.22
  [sigreg+proto] epoch 4/10  sigreg=0.5501  proto=1.7675  min_dist=2.74  mean_dist=5.31
  [sigreg+proto] epoch 5/10  sigreg=0.4905  proto=1.5198  min_dist=2.78  mean_dist=5.39
  [sigreg+proto] epoch 6/10  sigreg=0.4457  proto=1.3396  min_dist=2.81  mean_dist=5.48
  [sigreg+proto] epoch 7/10  sigreg=0.4110  proto=1.1917  min_dist=2.85  mean_dist=5.57
  [sigreg+proto] epoch 8/10  sigreg=0.3817  proto=1.0583  min_dist=2.88  mean_dist=5.65
  [sigreg+proto] epoch 9/10  sigreg=0.3605  proto=0.9534  min_dist=2.92  mean_dist=5.73
  [sigreg+proto] epoch 10/10  sigreg=0.3409  proto=0.8424  min_dist=2.95  mean_dist=5.81

--- res-half (classwise residual post sup-half) ---
  cifar100 balanced two-view loader (no {4}): 49500 images, 20 batches of 99x24
  [sigreg-residual-cw] epoch 1/10  inv=0.4083  res-sigreg=0.7210
  [sigreg-residual-cw] epoch 2/10  inv=0.3006  res-sigreg=0.6220
  [sigreg-residual-cw] epoch 3/10  inv=0.2978  res-sigreg=0.5653
  [sigreg-residual-cw] epoch 4/10  inv=0.2897  res-sigreg=0.5377
  [sigreg-residual-cw] epoch 5/10  inv=0.2860  res-sigreg=0.5176
  [sigreg-residual-cw] epoch 6/10  inv=0.2844  res-sigreg=0.5008
  [sigreg-residual-cw] epoch 7/10  inv=0.2796  res-sigreg=0.4837
  [sigreg-residual-cw] epoch 8/10  inv=0.2788  res-sigreg=0.4746
  [sigreg-residual-cw] epoch 9/10  inv=0.2769  res-sigreg=0.4644
Using cache found in /home/pharris/.cache/torch/hub/chenyaofo_pytorch-cifar-models_master
  [sigreg-residual-cw] epoch 10/10  inv=0.2760  res-sigreg=0.4507

--- ssl-half (settled two-view SIGReg) ---
  CIFAR two-view embedding-train images (no {4}): 49500
  [sigreg-ssl] epoch 1/20  inv=0.1031  sigreg=0.0964
  [sigreg-ssl] epoch 2/20  inv=0.0899  sigreg=0.0627
  [sigreg-ssl] epoch 3/20  inv=0.0856  sigreg=0.0568
  [sigreg-ssl] epoch 4/20  inv=0.0822  sigreg=0.0518
  [sigreg-ssl] epoch 5/20  inv=0.0801  sigreg=0.0479
  [sigreg-ssl] epoch 6/20  inv=0.0787  sigreg=0.0448
  [sigreg-ssl] epoch 7/20  inv=0.0776  sigreg=0.0434
  [sigreg-ssl] epoch 8/20  inv=0.0753  sigreg=0.0418
  [sigreg-ssl] epoch 9/20  inv=0.0745  sigreg=0.0407
  [sigreg-ssl] epoch 10/20  inv=0.0733  sigreg=0.0396
  [sigreg-ssl] epoch 11/20  inv=0.0716  sigreg=0.0387
  [sigreg-ssl] epoch 12/20  inv=0.0719  sigreg=0.0381
  [sigreg-ssl] epoch 13/20  inv=0.0710  sigreg=0.0366
  [sigreg-ssl] epoch 14/20  inv=0.0708  sigreg=0.0361
  [sigreg-ssl] epoch 15/20  inv=0.0704  sigreg=0.0351
  [sigreg-ssl] epoch 16/20  inv=0.0694  sigreg=0.0347
  [sigreg-ssl] epoch 17/20  inv=0.0688  sigreg=0.0341
  [sigreg-ssl] epoch 18/20  inv=0.0684  sigreg=0.0337
  [sigreg-ssl] epoch 19/20  inv=0.0682  sigreg=0.0336
  [sigreg-ssl] epoch 20/20  inv=0.0676  sigreg=0.0328

--- supres-half (winner recipe post ssl trunk) ---
  cifar100 balanced loader (no {4}): 49500 images, 20 batches of 99x24
  [sigreg+proto] epoch 1/10  sigreg=0.2477  proto=2.6745  min_dist=0.53  mean_dist=3.19
  [sigreg+proto] epoch 2/10  sigreg=0.2448  proto=2.3383  min_dist=0.63  mean_dist=3.27
  [sigreg+proto] epoch 3/10  sigreg=0.2376  proto=2.1788  min_dist=0.71  mean_dist=3.35
  [sigreg+proto] epoch 4/10  sigreg=0.2338  proto=2.0575  min_dist=0.78  mean_dist=3.42
  [sigreg+proto] epoch 5/10  sigreg=0.2331  proto=1.9609  min_dist=0.85  mean_dist=3.50
  [sigreg+proto] epoch 6/10  sigreg=0.2325  proto=1.8644  min_dist=0.91  mean_dist=3.57
  [sigreg+proto] epoch 7/10  sigreg=0.2302  proto=1.8029  min_dist=0.96  mean_dist=3.64
  [sigreg+proto] epoch 8/10  sigreg=0.2308  proto=1.7188  min_dist=1.01  mean_dist=3.71
  [sigreg+proto] epoch 9/10  sigreg=0.2268  proto=1.6475  min_dist=1.06  mean_dist=3.78
Using cache found in /home/pharris/.cache/torch/hub/chenyaofo_pytorch-cifar-models_master
  [sigreg+proto] epoch 10/10  sigreg=0.2272  proto=1.5720  min_dist=1.10  mean_dist=3.85

--- joint (winner recipe, parallel sup x aug) ---
  cifar100 balanced two-view loader (no {4}): 49500 images, 20 batches of 99x24
  [sigreg+proto+aug] epoch 1/10  sigreg=0.9657  proto=4.1104  inv=0.0461  min_dist=3.46  mean_dist=5.11
  [sigreg+proto+aug] epoch 2/10  sigreg=0.7910  proto=3.0908  inv=0.0817  min_dist=3.56  mean_dist=5.23
  [sigreg+proto+aug] epoch 3/10  sigreg=0.6984  proto=2.5533  inv=0.1231  min_dist=3.67  mean_dist=5.36
  [sigreg+proto+aug] epoch 4/10  sigreg=0.6639  proto=2.2797  inv=0.1400  min_dist=3.78  mean_dist=5.48
  [sigreg+proto+aug] epoch 5/10  sigreg=0.6473  proto=2.0910  inv=0.1474  min_dist=3.85  mean_dist=5.60
  [sigreg+proto+aug] epoch 6/10  sigreg=0.6403  proto=1.9734  inv=0.1549  min_dist=3.92  mean_dist=5.72
  [sigreg+proto+aug] epoch 7/10  sigreg=0.6409  proto=1.8804  inv=0.1557  min_dist=3.99  mean_dist=5.84
  [sigreg+proto+aug] epoch 8/10  sigreg=0.6433  proto=1.8230  inv=0.1573  min_dist=4.06  mean_dist=5.95
  [sigreg+proto+aug] epoch 9/10  sigreg=0.6482  proto=1.7761  inv=0.1565  min_dist=4.13  mean_dist=6.07
Using cache found in /home/pharris/.cache/torch/hub/chenyaofo_pytorch-cifar-models_master
  [sigreg+proto+aug] epoch 10/10  sigreg=0.6499  proto=1.6996  inv=0.1594  min_dist=4.19  mean_dist=6.18

--- supcon (baseline, settled defaults) ---
  CIFAR two-view embedding-train images (no {4}): 49500
  [supcon] epoch 1/10  loss=4.2958
  [supcon] epoch 2/10  loss=4.0176
  [supcon] epoch 3/10  loss=3.9409
  [supcon] epoch 4/10  loss=3.8802
  [supcon] epoch 5/10  loss=3.8348
  [supcon] epoch 6/10  loss=3.8046
  [supcon] epoch 7/10  loss=3.7766
  [supcon] epoch 8/10  loss=3.7481
  [supcon] epoch 9/10  loss=3.7328
  [supcon] epoch 10/10  loss=3.7100
Using cache found in /home/pharris/.cache/torch/hub/chenyaofo_pytorch-cifar-models_master

--- supcon-half + simclr-half (baseline, settled defaults) ---
  CIFAR two-view embedding-train images (no {4}): 49500
  [supcon] epoch 1/10  loss=4.4501
  [supcon] epoch 2/10  loss=4.1582
  [supcon] epoch 3/10  loss=4.0607
  [supcon] epoch 4/10  loss=4.0047
  [supcon] epoch 5/10  loss=3.9454
  [supcon] epoch 6/10  loss=3.9255
  [supcon] epoch 7/10  loss=3.8955
  [supcon] epoch 8/10  loss=3.8696
  [supcon] epoch 9/10  loss=3.8357
  [supcon] epoch 10/10  loss=3.8143
Using cache found in /home/pharris/.cache/torch/hub/chenyaofo_pytorch-cifar-models_master
  CIFAR two-view embedding-train images (no {4}): 49500
  [simclr] epoch 1/20  loss=4.7129
  [simclr] epoch 2/20  loss=4.5806
  [simclr] epoch 3/20  loss=4.5539
  [simclr] epoch 4/20  loss=4.5390
  [simclr] epoch 5/20  loss=4.5288
  [simclr] epoch 6/20  loss=4.5228
  [simclr] epoch 7/20  loss=4.5160
  [simclr] epoch 8/20  loss=4.5105
  [simclr] epoch 9/20  loss=4.5081
  [simclr] epoch 10/20  loss=4.5039
  [simclr] epoch 11/20  loss=4.5018
  [simclr] epoch 12/20  loss=4.4982
  [simclr] epoch 13/20  loss=4.4964
  [simclr] epoch 14/20  loss=4.4952
  [simclr] epoch 15/20  loss=4.4917
  [simclr] epoch 16/20  loss=4.4914
  [simclr] epoch 17/20  loss=4.4901
  [simclr] epoch 18/20  loss=4.4874
  [simclr] epoch 19/20  loss=4.4864
  [simclr] epoch 20/20  loss=4.4857

===== stage-3 table (*, winner recipe; baselines settled) =====
  [sup->res*         ] probe=0.8649+-0.0049 acc=0.5435 supAUC=0.9396 eucl=0.4853
  [ssl->supres*      ] probe=0.9123+-0.0019 acc=0.4185 supAUC=0.9576 eucl=0.4626
  [joint*            ] probe=0.9078+-0.0021 acc=0.5549 supAUC=0.9613 eucl=0.6250
  [sup*              ] probe=0.8968+-0.0030 acc=0.5393 supAUC=0.9482 eucl=0.5999
  [supcon            ] probe=0.9268+-0.0010 acc=0.5641 supAUC=0.9797 eucl=0.4403
  [supcon+simclr     ] probe=0.9394+-0.0007 acc=0.5030 supAUC=0.9688 eucl=0.4323

===== gaussianity across stage-3 arms =====
  metric                         sup->res*  ssl->supres*        joint*          sup*        supcon supcon+simclr
  eig min (class cov)                0.008         0.000         0.001         0.002         0.001         0.003
  eig max (class cov)               12.428         8.866         6.626         8.875        11.307        13.886
  eig cond worst                     854.9       49999.6        3466.6        1599.2        4314.6        1461.9
  class RMS min                      0.750         0.597         0.383         0.572         0.296         0.459
  class RMS mean                     0.854         0.759         0.519         0.738         0.432         0.739
  class RMS max                      0.970         0.981         0.621         0.869         0.673         0.953
  max |corr| (worst class)           0.883         0.926         0.900         0.861         0.965         0.966
  SW ratio mean                       1.25          1.47          1.41          1.24          1.70          1.51
  SW ratio worst                      1.95          2.75          2.34          1.73          3.84          3.84
  |skew| mean                        0.243         0.286         0.276         0.242         0.326         0.286
  |ex-kurt| mean                     0.432         0.467         0.478         0.431         0.606         0.482
  centroid dist min                   1.06          0.91          0.77          0.92          0.56          0.97
  centroid dist mean                  5.54          5.50          4.26          4.83          4.25          5.24
  separation (min d/RMS)              1.24          1.20          1.48          1.24          1.30          1.31
saved /home/pharris/sigreg/SuperSig/plots/exp34_probe_arms_cifar100.png
saved /home/pharris/sigreg/SuperSig/logs/exp34/probe_scan.npz, embeddings_stage3.npz

WINNER: b2376  batch=2376 w=1.0 slices=64 ep=10  probe=0.8968
