/home/pharris/venv/lib64/python3.9/site-packages/networkx/utils/backends.py:135: RuntimeWarning: networkx backend defined more than once: nx-loopback
  backends.update(_get_backends("networkx.backends"))
exp33 [dim-matched] [cifar100] single=32d halves=16+16d holdout=[4] alpha=0.05

===== training: sup16 =====
Using cache found in /home/pharris/.cache/torch/hub/chenyaofo_pytorch-cifar-models_master
  cifar100 balanced loader (no {4}): 49500 images, 82 batches of 25x24
  [sigreg+proto] epoch 1/10  sigreg=0.9166  proto=3.6510  min_dist=3.74  mean_dist=5.46
  [sigreg+proto] epoch 2/10  sigreg=0.7827  proto=2.5101  min_dist=4.05  mean_dist=5.90
  [sigreg+proto] epoch 3/10  sigreg=0.7650  proto=2.0554  min_dist=4.30  mean_dist=6.30
  [sigreg+proto] epoch 4/10  sigreg=0.7725  proto=1.7642  min_dist=4.53  mean_dist=6.68
  [sigreg+proto] epoch 5/10  sigreg=0.7890  proto=1.6346  min_dist=4.74  mean_dist=7.03
  [sigreg+proto] epoch 6/10  sigreg=0.7976  proto=1.4583  min_dist=4.95  mean_dist=7.35
  [sigreg+proto] epoch 7/10  sigreg=0.8005  proto=1.2884  min_dist=5.14  mean_dist=7.66
  [sigreg+proto] epoch 8/10  sigreg=0.8301  proto=1.2872  min_dist=5.31  mean_dist=7.95
  [sigreg+proto] epoch 9/10  sigreg=0.8433  proto=1.1796  min_dist=5.47  mean_dist=8.22
  [sigreg+proto] epoch 10/10  sigreg=0.8578  proto=1.1565  min_dist=5.61  mean_dist=8.49

===== training: sup8 =====
Using cache found in /home/pharris/.cache/torch/hub/chenyaofo_pytorch-cifar-models_master
  cifar100 balanced loader (no {4}): 49500 images, 82 batches of 25x24
  [sigreg+proto] epoch 1/10  sigreg=1.1900  proto=3.8365  min_dist=2.75  mean_dist=5.30
  [sigreg+proto] epoch 2/10  sigreg=0.9789  proto=3.0384  min_dist=2.89  mean_dist=5.62
  [sigreg+proto] epoch 3/10  sigreg=0.9109  proto=2.5970  min_dist=3.04  mean_dist=5.92
  [sigreg+proto] epoch 4/10  sigreg=0.9006  proto=2.3707  min_dist=3.18  mean_dist=6.21
  [sigreg+proto] epoch 5/10  sigreg=0.8886  proto=2.1592  min_dist=3.33  mean_dist=6.48
  [sigreg+proto] epoch 6/10  sigreg=0.8892  proto=1.9879  min_dist=3.47  mean_dist=6.74
  [sigreg+proto] epoch 7/10  sigreg=0.9115  proto=1.9274  min_dist=3.62  mean_dist=6.99
  [sigreg+proto] epoch 8/10  sigreg=0.9183  proto=1.7947  min_dist=3.76  mean_dist=7.22
  [sigreg+proto] epoch 9/10  sigreg=0.9143  proto=1.6563  min_dist=3.90  mean_dist=7.45
  [sigreg+proto] epoch 10/10  sigreg=0.9226  proto=1.6130  min_dist=4.03  mean_dist=7.67

===== training: res8 (classwise residual post sup8) =====
  cifar100 balanced two-view loader (no {4}): 49500 images, 82 batches of 25x24
  [sigreg-residual-cw] epoch 1/10  inv=0.3686  res-sigreg=1.2336
  [sigreg-residual-cw] epoch 2/10  inv=0.3406  res-sigreg=1.1017
  [sigreg-residual-cw] epoch 3/10  inv=0.3341  res-sigreg=1.0493
  [sigreg-residual-cw] epoch 4/10  inv=0.3333  res-sigreg=1.0166
  [sigreg-residual-cw] epoch 5/10  inv=0.3261  res-sigreg=0.9864
  [sigreg-residual-cw] epoch 6/10  inv=0.3321  res-sigreg=0.9815
  [sigreg-residual-cw] epoch 7/10  inv=0.3268  res-sigreg=0.9485
  [sigreg-residual-cw] epoch 8/10  inv=0.3272  res-sigreg=0.9379
  [sigreg-residual-cw] epoch 9/10  inv=0.3266  res-sigreg=0.9059
  [sigreg-residual-cw] epoch 10/10  inv=0.3260  res-sigreg=0.9008

===== training: ssl8 =====
Using cache found in /home/pharris/.cache/torch/hub/chenyaofo_pytorch-cifar-models_master
  CIFAR two-view embedding-train images (no {4}): 49500
  [sigreg-ssl] epoch 1/20  inv=0.1030  sigreg=0.0966
  [sigreg-ssl] epoch 2/20  inv=0.0900  sigreg=0.0625
  [sigreg-ssl] epoch 3/20  inv=0.0857  sigreg=0.0569
  [sigreg-ssl] epoch 4/20  inv=0.0823  sigreg=0.0518
  [sigreg-ssl] epoch 5/20  inv=0.0799  sigreg=0.0486
  [sigreg-ssl] epoch 6/20  inv=0.0783  sigreg=0.0454
  [sigreg-ssl] epoch 7/20  inv=0.0773  sigreg=0.0441
  [sigreg-ssl] epoch 8/20  inv=0.0751  sigreg=0.0419
  [sigreg-ssl] epoch 9/20  inv=0.0743  sigreg=0.0410
  [sigreg-ssl] epoch 10/20  inv=0.0733  sigreg=0.0399
  [sigreg-ssl] epoch 11/20  inv=0.0719  sigreg=0.0385
  [sigreg-ssl] epoch 12/20  inv=0.0721  sigreg=0.0378
  [sigreg-ssl] epoch 13/20  inv=0.0714  sigreg=0.0364
  [sigreg-ssl] epoch 14/20  inv=0.0710  sigreg=0.0356
  [sigreg-ssl] epoch 15/20  inv=0.0708  sigreg=0.0353
  [sigreg-ssl] epoch 16/20  inv=0.0697  sigreg=0.0345
  [sigreg-ssl] epoch 17/20  inv=0.0690  sigreg=0.0336
  [sigreg-ssl] epoch 18/20  inv=0.0687  sigreg=0.0335
  [sigreg-ssl] epoch 19/20  inv=0.0682  sigreg=0.0333
  [sigreg-ssl] epoch 20/20  inv=0.0677  sigreg=0.0327

===== training: supres8 (supervised post ssl8) =====
  cifar100 balanced loader (no {4}): 49500 images, 82 batches of 25x24
  [sigreg+proto] epoch 1/10  sigreg=0.2752  proto=2.8078  min_dist=0.76  mean_dist=3.43
  [sigreg+proto] epoch 2/10  sigreg=0.2753  proto=2.4720  min_dist=0.98  mean_dist=3.72
  [sigreg+proto] epoch 3/10  sigreg=0.2810  proto=2.3803  min_dist=1.16  mean_dist=3.99
  [sigreg+proto] epoch 4/10  sigreg=0.2986  proto=2.3027  min_dist=1.32  mean_dist=4.24
  [sigreg+proto] epoch 5/10  sigreg=0.2983  proto=2.1677  min_dist=1.46  mean_dist=4.48
  [sigreg+proto] epoch 6/10  sigreg=0.3074  proto=2.0974  min_dist=1.55  mean_dist=4.69
  [sigreg+proto] epoch 7/10  sigreg=0.3125  proto=2.0220  min_dist=1.64  mean_dist=4.90
  [sigreg+proto] epoch 8/10  sigreg=0.3234  proto=1.9735  min_dist=1.72  mean_dist=5.10
  [sigreg+proto] epoch 9/10  sigreg=0.3294  proto=1.8901  min_dist=1.80  mean_dist=5.29
  [sigreg+proto] epoch 10/10  sigreg=0.3301  proto=1.8463  min_dist=1.88  mean_dist=5.47

===== training: joint16 =====
Using cache found in /home/pharris/.cache/torch/hub/chenyaofo_pytorch-cifar-models_master
  cifar100 balanced two-view loader (no {4}): 49500 images, 82 batches of 25x24
  [sigreg+proto+aug] epoch 1/10  sigreg=0.9460  proto=3.9533  inv=0.0514  min_dist=3.76  mean_dist=5.46
  [sigreg+proto+aug] epoch 2/10  sigreg=0.8575  proto=3.1800  inv=0.0810  min_dist=4.06  mean_dist=5.90
  [sigreg+proto+aug] epoch 3/10  sigreg=0.8743  proto=2.8637  inv=0.0901  min_dist=4.31  mean_dist=6.30
  [sigreg+proto+aug] epoch 4/10  sigreg=0.9045  proto=2.6897  inv=0.0952  min_dist=4.55  mean_dist=6.67
  [sigreg+proto+aug] epoch 5/10  sigreg=0.9460  proto=2.5100  inv=0.0966  min_dist=4.76  mean_dist=7.02
  [sigreg+proto+aug] epoch 6/10  sigreg=0.9939  proto=2.4462  inv=0.0971  min_dist=4.96  mean_dist=7.34
  [sigreg+proto+aug] epoch 7/10  sigreg=1.0508  proto=2.4206  inv=0.0938  min_dist=5.15  mean_dist=7.63
  [sigreg+proto+aug] epoch 8/10  sigreg=1.0878  proto=2.2992  inv=0.0950  min_dist=5.31  mean_dist=7.91
  [sigreg+proto+aug] epoch 9/10  sigreg=1.1298  proto=2.2172  inv=0.0953  min_dist=5.46  mean_dist=8.17
  [sigreg+proto+aug] epoch 10/10  sigreg=1.1763  proto=2.1816  inv=0.0958  min_dist=5.61  mean_dist=8.41

===== training: supcon16 =====
Using cache found in /home/pharris/.cache/torch/hub/chenyaofo_pytorch-cifar-models_master
  CIFAR two-view embedding-train images (no {4}): 49500
  [supcon] epoch 1/10  loss=4.2951
  [supcon] epoch 2/10  loss=4.0153
  [supcon] epoch 3/10  loss=3.9397
  [supcon] epoch 4/10  loss=3.8786
  [supcon] epoch 5/10  loss=3.8358
  [supcon] epoch 6/10  loss=3.8028
  [supcon] epoch 7/10  loss=3.7781
  [supcon] epoch 8/10  loss=3.7450
  [supcon] epoch 9/10  loss=3.7300
  [supcon] epoch 10/10  loss=3.7118

===== training: supcon8 =====
Using cache found in /home/pharris/.cache/torch/hub/chenyaofo_pytorch-cifar-models_master
  CIFAR two-view embedding-train images (no {4}): 49500
  [supcon] epoch 1/10  loss=4.4499
  [supcon] epoch 2/10  loss=4.1612
  [supcon] epoch 3/10  loss=4.0606
  [supcon] epoch 4/10  loss=4.0079
  [supcon] epoch 5/10  loss=3.9512
  [supcon] epoch 6/10  loss=3.9242
  [supcon] epoch 7/10  loss=3.8975
  [supcon] epoch 8/10  loss=3.8729
  [supcon] epoch 9/10  loss=3.8402
  [supcon] epoch 10/10  loss=3.8192

===== training: simclr8 =====
Using cache found in /home/pharris/.cache/torch/hub/chenyaofo_pytorch-cifar-models_master
  CIFAR two-view embedding-train images (no {4}): 49500
  [simclr] epoch 1/20  loss=4.7134
  [simclr] epoch 2/20  loss=4.5801
  [simclr] epoch 3/20  loss=4.5546
  [simclr] epoch 4/20  loss=4.5396
  [simclr] epoch 5/20  loss=4.5298
  [simclr] epoch 6/20  loss=4.5235
  [simclr] epoch 7/20  loss=4.5166
  [simclr] epoch 8/20  loss=4.5116
  [simclr] epoch 9/20  loss=4.5088
  [simclr] epoch 10/20  loss=4.5044
  [simclr] epoch 11/20  loss=4.5021
  [simclr] epoch 12/20  loss=4.4988
  [simclr] epoch 13/20  loss=4.4967
  [simclr] epoch 14/20  loss=4.4955
  [simclr] epoch 15/20  loss=4.4923
  [simclr] epoch 16/20  loss=4.4915
  [simclr] epoch 17/20  loss=4.4901
  [simclr] epoch 18/20  loss=4.4875
  [simclr] epoch 19/20  loss=4.4862
  [simclr] epoch 20/20  loss=4.4856

===== performance / novelty table =====
  space                acc  supAUC    eucl   mahaT  mahaPC
  sup->res          0.5236  0.9432  0.5201  0.3915  0.4469
  ssl->supres       0.4204  0.9585  0.3558  0.3303  0.4558
  joint             0.4895  0.9574  0.6184  0.3006  0.4005
  sup               0.4911  0.9524  0.5745  0.3416  0.4260
  supcon            0.5629  0.9790  0.4579  0.4500  0.5213
  supcon+simclr     0.5008  0.9689  0.4320  0.3669  0.4501

===== gaussianity (seen classes, test set) =====
  metric                          sup->res   ssl->supres         joint           sup        supcon supcon+simclr
  eig min (class cov)                0.008         0.000         0.000         0.001         0.001         0.003
  eig max (class cov)               20.368        10.341         5.985         9.205        12.877        16.276
  eig cond worst                    1245.5       29383.6        5850.3        3294.0        3355.1        1935.2
  class RMS min                      0.703         0.598         0.325         0.428         0.294         0.465
  class RMS mean                     0.821         0.736         0.429         0.616         0.427         0.754
  class RMS max                      1.048         0.984         0.584         0.825         0.713         0.986
  max |corr| (worst class)           0.933         0.949         0.936         0.880         0.962         0.966
  SW ratio mean                       1.43          1.53          1.55          1.41          1.70          1.52
  SW ratio worst                      1.89          2.73          2.77          2.08          3.41          4.23
  |skew| mean                        0.278         0.296         0.302         0.274         0.325         0.284
  |ex-kurt| mean                     0.486         0.484         0.517         0.493         0.598         0.490
  centroid dist min                   0.94          0.85          0.48          0.84          0.60          0.94
  centroid dist mean                  5.87          5.70          3.86          4.66          4.16          5.35
  separation (min d/RMS)              1.14          1.15          1.13          1.36          1.40          1.25
  saved /home/pharris/sigreg/SuperSig/plots/latent_cifar100_exp33_16p16.png

===== natural-fraction discovery + probe =====

----- discovery: sup->res -----
  [sigreg+proto] epoch 1/5  sigreg=0.8951  proto=2.5951  min_dist=3.38  mean_dist=7.91
  [sigreg+proto] epoch 2/5  sigreg=0.9051  proto=2.3273  min_dist=3.53  mean_dist=8.20
  [sigreg+proto] epoch 3/5  sigreg=0.9438  proto=2.1506  min_dist=3.68  mean_dist=8.46
  [sigreg+proto] epoch 4/5  sigreg=0.9968  proto=2.1364  min_dist=3.82  mean_dist=8.71
  [sigreg+proto] epoch 5/5  sigreg=1.0290  proto=2.0117  min_dist=3.96  mean_dist=8.94
  round 1: pool=2482 purity=0.003 k-hat=4 anchors=4  margin=0.6273  mean-anchor=0.6418  4=0.642
  [sigreg+proto] epoch 1/5  sigreg=0.9747  proto=3.2481  min_dist=4.09  mean_dist=9.06
  [sigreg+proto] epoch 2/5  sigreg=0.9527  proto=2.8530  min_dist=4.20  mean_dist=9.28
  [sigreg+proto] epoch 3/5  sigreg=0.9960  proto=2.7102  min_dist=4.31  mean_dist=9.49
  [sigreg+proto] epoch 4/5  sigreg=0.9854  proto=2.3949  min_dist=4.42  mean_dist=9.69
  [sigreg+proto] epoch 5/5  sigreg=1.0183  proto=2.3086  min_dist=4.52  mean_dist=9.88
  round 2: pool=2490 purity=0.006 k-hat=4 anchors=8  margin=0.6563  mean-anchor=0.6962  4=0.696
  probe pre=0.8361 post=0.8305

----- discovery: ssl->supres -----
  [sigreg+proto] epoch 1/5  sigreg=0.3635  proto=2.0282  min_dist=1.96  mean_dist=5.89
  [sigreg+proto] epoch 2/5  sigreg=0.3895  proto=1.9466  min_dist=2.00  mean_dist=6.26
  [sigreg+proto] epoch 3/5  sigreg=0.4466  proto=2.0308  min_dist=2.06  mean_dist=6.60
  [sigreg+proto] epoch 4/5  sigreg=0.4736  proto=1.9640  min_dist=2.11  mean_dist=6.91
  [sigreg+proto] epoch 5/5  sigreg=0.4950  proto=1.9003  min_dist=2.16  mean_dist=7.20
  round 1: pool=2476 purity=0.000 k-hat=4 anchors=4  margin=0.5384  mean-anchor=0.8278  4=0.828
  [sigreg+proto] epoch 1/5  sigreg=0.5299  proto=2.1570  min_dist=2.24  mean_dist=7.53
  [sigreg+proto] epoch 2/5  sigreg=0.5811  proto=2.0873  min_dist=2.33  mean_dist=7.89
  [sigreg+proto] epoch 3/5  sigreg=0.6249  proto=2.0475  min_dist=2.42  mean_dist=8.22
  [sigreg+proto] epoch 4/5  sigreg=0.6730  proto=2.0918  min_dist=2.57  mean_dist=8.52
  [sigreg+proto] epoch 5/5  sigreg=0.7165  proto=2.0557  min_dist=2.67  mean_dist=8.79
  round 2: pool=2483 purity=0.003 k-hat=4 anchors=8  margin=0.6181  mean-anchor=0.8360  4=0.836
  probe pre=0.9178 post=0.9174

----- discovery: joint -----
  [sigreg+proto] epoch 1/5  sigreg=1.1848  proto=3.2147  min_dist=5.46  mean_dist=8.58
  [sigreg+proto] epoch 2/5  sigreg=1.1301  proto=2.3099  min_dist=5.69  mean_dist=8.87
  [sigreg+proto] epoch 3/5  sigreg=1.1415  proto=2.0148  min_dist=5.94  mean_dist=9.15
  [sigreg+proto] epoch 4/5  sigreg=1.1543  proto=1.8957  min_dist=6.16  mean_dist=9.41
  [sigreg+proto] epoch 5/5  sigreg=1.1762  proto=1.7552  min_dist=6.38  mean_dist=9.66
  round 1: pool=2485 purity=0.004 k-hat=4 anchors=4  margin=0.6986  mean-anchor=0.7417  4=0.742
  [sigreg+proto] epoch 1/5  sigreg=1.1967  proto=3.4100  min_dist=4.19  mean_dist=9.73
  [sigreg+proto] epoch 2/5  sigreg=1.1407  proto=2.4475  min_dist=4.41  mean_dist=9.96
  [sigreg+proto] epoch 3/5  sigreg=1.1155  proto=2.1726  min_dist=4.64  mean_dist=10.19
  [sigreg+proto] epoch 4/5  sigreg=1.1399  proto=1.9372  min_dist=4.87  mean_dist=10.41
  [sigreg+proto] epoch 5/5  sigreg=1.1286  proto=1.8108  min_dist=5.01  mean_dist=10.62
  round 2: pool=2487 purity=0.005 k-hat=4 anchors=8  margin=0.6785  mean-anchor=0.7022  4=0.702
  probe pre=0.8985 post=0.8551

----- discovery: sup -----
  [sigreg+proto] epoch 1/5  sigreg=0.9363  proto=2.1223  min_dist=5.33  mean_dist=8.79
  [sigreg+proto] epoch 2/5  sigreg=0.9403  proto=1.6739  min_dist=5.50  mean_dist=9.12
  [sigreg+proto] epoch 3/5  sigreg=0.9414  proto=1.5128  min_dist=5.66  mean_dist=9.44
  [sigreg+proto] epoch 4/5  sigreg=0.9717  proto=1.4944  min_dist=5.78  mean_dist=9.73
  [sigreg+proto] epoch 5/5  sigreg=0.9970  proto=1.3481  min_dist=5.92  mean_dist=9.99
  round 1: pool=2494 purity=0.008 k-hat=4 anchors=4  margin=0.5875  mean-anchor=0.7288  4=0.729
  [sigreg+proto] epoch 1/5  sigreg=1.0632  proto=2.9434  min_dist=4.34  mean_dist=10.07
  [sigreg+proto] epoch 2/5  sigreg=1.0209  proto=2.2251  min_dist=4.53  mean_dist=10.30
  [sigreg+proto] epoch 3/5  sigreg=1.0176  proto=1.9750  min_dist=4.72  mean_dist=10.52
  [sigreg+proto] epoch 4/5  sigreg=1.0148  proto=1.7619  min_dist=4.90  mean_dist=10.74
  [sigreg+proto] epoch 5/5  sigreg=1.0366  proto=1.7088  min_dist=5.08  mean_dist=10.94
  round 2: pool=2487 purity=0.005 k-hat=4 anchors=8  margin=0.6493  mean-anchor=0.6759  4=0.676
  probe pre=0.9039 post=0.8720

----- discovery: supcon -----
  [sigreg+proto] epoch 1/5  sigreg=0.3728  proto=1.7568  min_dist=1.04  mean_dist=4.92
  [sigreg+proto] epoch 2/5  sigreg=0.3216  proto=1.4564  min_dist=1.38  mean_dist=5.38
  [sigreg+proto] epoch 3/5  sigreg=0.3136  proto=1.3509  min_dist=1.68  mean_dist=5.79
  [sigreg+proto] epoch 4/5  sigreg=0.3195  proto=1.3198  min_dist=1.91  mean_dist=6.18
  [sigreg+proto] epoch 5/5  sigreg=0.3232  proto=1.2428  min_dist=2.12  mean_dist=6.53
  round 1: pool=2476 purity=0.000 k-hat=4 anchors=4  margin=0.7189  mean-anchor=0.8620  4=0.862
  [sigreg+proto] epoch 1/5  sigreg=0.3591  proto=1.5186  min_dist=2.73  mean_dist=7.12
  [sigreg+proto] epoch 2/5  sigreg=0.3967  proto=1.4490  min_dist=3.18  mean_dist=7.63
  [sigreg+proto] epoch 3/5  sigreg=0.4292  proto=1.3985  min_dist=3.52  mean_dist=8.09
  [sigreg+proto] epoch 4/5  sigreg=0.4534  proto=1.3213  min_dist=3.81  mean_dist=8.50
  [sigreg+proto] epoch 5/5  sigreg=0.4963  proto=1.3461  min_dist=4.09  mean_dist=8.88
  round 2: pool=2511 purity=0.014 k-hat=4 anchors=8  margin=0.7239  mean-anchor=0.8671  4=0.867
  probe pre=0.9232 post=0.9471

----- discovery: supcon+simclr -----
  [sigreg+proto] epoch 1/5  sigreg=0.3121  proto=1.8482  min_dist=0.90  mean_dist=4.76
  [sigreg+proto] epoch 2/5  sigreg=0.2767  proto=1.5451  min_dist=1.13  mean_dist=5.09
  [sigreg+proto] epoch 3/5  sigreg=0.2633  proto=1.3922  min_dist=1.31  mean_dist=5.40
  [sigreg+proto] epoch 4/5  sigreg=0.2758  proto=1.4218  min_dist=1.48  mean_dist=5.69
  [sigreg+proto] epoch 5/5  sigreg=0.2756  proto=1.3272  min_dist=1.63  mean_dist=5.96
  round 1: pool=2477 purity=0.001 k-hat=4 anchors=4  margin=0.6017  mean-anchor=0.7503  4=0.750
  [sigreg+proto] epoch 1/5  sigreg=0.3030  proto=1.5393  min_dist=1.95  mean_dist=6.32
  [sigreg+proto] epoch 2/5  sigreg=0.3261  proto=1.4485  min_dist=2.04  mean_dist=6.70
  [sigreg+proto] epoch 3/5  sigreg=0.3456  proto=1.4639  min_dist=2.14  mean_dist=7.04
  [sigreg+proto] epoch 4/5  sigreg=0.3674  proto=1.4227  min_dist=2.24  mean_dist=7.36
  [sigreg+proto] epoch 5/5  sigreg=0.3929  proto=1.3620  min_dist=2.34  mean_dist=7.66
  round 2: pool=2485 purity=0.004 k-hat=4 anchors=8  margin=0.5994  mean-anchor=0.8460  4=0.846
  probe pre=0.9368 post=0.9221

===== PRE power batteries (all statistics) =====
  [sup->res] per-event pre power=0.010
  [sup->res] sparker
    pre-spk f=0.001: power=0.060 [0.028,0.115] (3/50)
    pre-spk f=0.003: power=0.040 [0.014,0.090] (2/50)
    pre-spk f=0.01: power=0.020 [0.003,0.064] (1/50)
    pre-spk f=0.02: power=0.080 [0.042,0.138] (4/50)
    pre-spk f=0.05: power=0.440 [0.362,0.520] (22/50)
  [sup->res] maha
    pre-maha f=0.001: power=0.080 [0.042,0.138] (4/50)
    pre-maha f=0.003: power=0.120 [0.074,0.184] (6/50)
    pre-maha f=0.01: power=0.080 [0.042,0.138] (4/50)
    pre-maha f=0.02: power=0.000 [0.000,0.036] (0/50)
    pre-maha f=0.05: power=0.040 [0.014,0.090] (2/50)
  [sup->res] mmd
    pre-mmd f=0.001: power=0.040 [0.014,0.090] (2/50)
    pre-mmd f=0.003: power=0.080 [0.042,0.138] (4/50)
    pre-mmd f=0.01: power=0.020 [0.003,0.064] (1/50)
    pre-mmd f=0.02: power=0.140 [0.090,0.207] (7/50)
    pre-mmd f=0.05: power=0.860 [0.793,0.910] (43/50)
  [ssl->supres] per-event pre power=0.000
  [ssl->supres] sparker
    pre-spk f=0.001: power=0.040 [0.014,0.090] (2/50)
    pre-spk f=0.003: power=0.040 [0.014,0.090] (2/50)
    pre-spk f=0.01: power=0.080 [0.042,0.138] (4/50)
    pre-spk f=0.02: power=0.020 [0.003,0.064] (1/50)
    pre-spk f=0.05: power=0.160 [0.107,0.229] (8/50)
  [ssl->supres] maha
    pre-maha f=0.001: power=0.020 [0.003,0.064] (1/50)
    pre-maha f=0.003: power=0.060 [0.028,0.115] (3/50)
    pre-maha f=0.01: power=0.040 [0.014,0.090] (2/50)
    pre-maha f=0.02: power=0.020 [0.003,0.064] (1/50)
    pre-maha f=0.05: power=0.000 [0.000,0.036] (0/50)
  [ssl->supres] mmd
    pre-mmd f=0.001: power=0.100 [0.058,0.162] (5/50)
    pre-mmd f=0.003: power=0.040 [0.014,0.090] (2/50)
    pre-mmd f=0.01: power=0.040 [0.014,0.090] (2/50)
    pre-mmd f=0.02: power=0.140 [0.090,0.207] (7/50)
    pre-mmd f=0.05: power=1.000 [0.964,1.000] (50/50)
  [joint] per-event pre power=0.040
  [joint] sparker
    pre-spk f=0.001: power=0.060 [0.028,0.115] (3/50)
    pre-spk f=0.003: power=0.080 [0.042,0.138] (4/50)
    pre-spk f=0.01: power=0.020 [0.003,0.064] (1/50)
    pre-spk f=0.02: power=0.040 [0.014,0.090] (2/50)
    pre-spk f=0.05: power=0.420 [0.343,0.500] (21/50)
  [joint] maha
    pre-maha f=0.001: power=0.000 [0.000,0.036] (0/50)
    pre-maha f=0.003: power=0.060 [0.028,0.115] (3/50)
    pre-maha f=0.01: power=0.100 [0.058,0.162] (5/50)
    pre-maha f=0.02: power=0.040 [0.014,0.090] (2/50)
    pre-maha f=0.05: power=0.000 [0.000,0.036] (0/50)
  [joint] mmd
    pre-mmd f=0.001: power=0.140 [0.090,0.207] (7/50)
    pre-mmd f=0.003: power=0.060 [0.028,0.115] (3/50)
    pre-mmd f=0.01: power=0.060 [0.028,0.115] (3/50)
    pre-mmd f=0.02: power=0.080 [0.042,0.138] (4/50)
    pre-mmd f=0.05: power=0.760 [0.685,0.823] (38/50)
  [sup] per-event pre power=0.020
  [sup] sparker
    pre-spk f=0.001: power=0.020 [0.003,0.064] (1/50)
    pre-spk f=0.003: power=0.080 [0.042,0.138] (4/50)
    pre-spk f=0.01: power=0.040 [0.014,0.090] (2/50)
    pre-spk f=0.02: power=0.120 [0.074,0.184] (6/50)
    pre-spk f=0.05: power=0.500 [0.421,0.579] (25/50)
  [sup] maha
    pre-maha f=0.001: power=0.040 [0.014,0.090] (2/50)
    pre-maha f=0.003: power=0.040 [0.014,0.090] (2/50)
    pre-maha f=0.01: power=0.100 [0.058,0.162] (5/50)
    pre-maha f=0.02: power=0.040 [0.014,0.090] (2/50)
    pre-maha f=0.05: power=0.000 [0.000,0.036] (0/50)
  [sup] mmd
    pre-mmd f=0.001: power=0.060 [0.028,0.115] (3/50)
    pre-mmd f=0.003: power=0.020 [0.003,0.064] (1/50)
    pre-mmd f=0.01: power=0.020 [0.003,0.064] (1/50)
    pre-mmd f=0.02: power=0.080 [0.042,0.138] (4/50)
    pre-mmd f=0.05: power=0.840 [0.771,0.893] (42/50)
  [supcon] per-event pre power=0.000
  [supcon] sparker
    pre-spk f=0.001: power=0.020 [0.003,0.064] (1/50)
    pre-spk f=0.003: power=0.020 [0.003,0.064] (1/50)
    pre-spk f=0.01: power=0.100 [0.058,0.162] (5/50)
    pre-spk f=0.02: power=0.040 [0.014,0.090] (2/50)
    pre-spk f=0.05: power=0.320 [0.249,0.399] (16/50)
  [supcon] maha
    pre-maha f=0.001: power=0.040 [0.014,0.090] (2/50)
    pre-maha f=0.003: power=0.040 [0.014,0.090] (2/50)
    pre-maha f=0.01: power=0.060 [0.028,0.115] (3/50)
    pre-maha f=0.02: power=0.040 [0.014,0.090] (2/50)
    pre-maha f=0.05: power=0.020 [0.003,0.064] (1/50)
  [supcon] mmd
    pre-mmd f=0.001: power=0.060 [0.028,0.115] (3/50)
    pre-mmd f=0.003: power=0.040 [0.014,0.090] (2/50)
    pre-mmd f=0.01: power=0.040 [0.014,0.090] (2/50)
    pre-mmd f=0.02: power=0.140 [0.090,0.207] (7/50)
    pre-mmd f=0.05: power=0.920 [0.862,0.958] (46/50)
  [supcon+simclr] per-event pre power=0.010
  [supcon+simclr] sparker
    pre-spk f=0.001: power=0.020 [0.003,0.064] (1/50)
    pre-spk f=0.003: power=0.080 [0.042,0.138] (4/50)
    pre-spk f=0.01: power=0.080 [0.042,0.138] (4/50)
    pre-spk f=0.02: power=0.060 [0.028,0.115] (3/50)
    pre-spk f=0.05: power=0.240 [0.177,0.315] (12/50)
  [supcon+simclr] maha
    pre-maha f=0.001: power=0.040 [0.014,0.090] (2/50)
    pre-maha f=0.003: power=0.020 [0.003,0.064] (1/50)
    pre-maha f=0.01: power=0.040 [0.014,0.090] (2/50)
    pre-maha f=0.02: power=0.040 [0.014,0.090] (2/50)
    pre-maha f=0.05: power=0.020 [0.003,0.064] (1/50)
  [supcon+simclr] mmd
    pre-mmd f=0.001: power=0.060 [0.028,0.115] (3/50)
    pre-mmd f=0.003: power=0.060 [0.028,0.115] (3/50)
    pre-mmd f=0.01: power=0.100 [0.058,0.162] (5/50)
    pre-mmd f=0.02: power=0.140 [0.090,0.207] (7/50)
    pre-mmd f=0.05: power=0.940 [0.885,0.972] (47/50)

===== POST grid, f=0.001 (50 injected) =====
  [sigreg+proto] epoch 1/5  sigreg=0.9109  proto=2.5897  min_dist=4.20  mean_dist=7.88
  [sigreg+proto] epoch 2/5  sigreg=0.9160  proto=2.2829  min_dist=4.30  mean_dist=8.17
  [sigreg+proto] epoch 3/5  sigreg=0.9339  proto=2.1898  min_dist=4.39  mean_dist=8.44
  [sigreg+proto] epoch 4/5  sigreg=0.9753  proto=2.0722  min_dist=4.49  mean_dist=8.69
  [sigreg+proto] epoch 5/5  sigreg=1.0105  proto=2.0036  min_dist=4.57  mean_dist=8.92
  round 1: pool=2475 purity=0.000 k-hat=4 anchors=4  margin=0.6824  mean-anchor=0.6853  4=0.685
  [sigreg+proto] epoch 1/5  sigreg=0.9600  proto=3.4112  min_dist=3.01  mean_dist=8.99
  [sigreg+proto] epoch 2/5  sigreg=0.9302  proto=2.9784  min_dist=3.21  mean_dist=9.22
  [sigreg+proto] epoch 3/5  sigreg=0.9404  proto=2.7875  min_dist=3.44  mean_dist=9.44
  [sigreg+proto] epoch 4/5  sigreg=0.9532  proto=2.6093  min_dist=3.66  mean_dist=9.65
  [sigreg+proto] epoch 5/5  sigreg=0.9936  proto=2.5544  min_dist=3.89  mean_dist=9.84
  round 2: pool=2476 purity=0.000 k-hat=4 anchors=8  margin=0.6146  mean-anchor=0.6319  4=0.632
  [sup->res] per-event post f=0.001: power=0.090
  [sup->res] sparker (post)
    post-spk f=0.001: power=0.080 [0.042,0.138] (4/50)
  [sup->res] maha (post)
    post-maha f=0.001: power=0.060 [0.028,0.115] (3/50)
  [sup->res] mmd (post)
    post-mmd f=0.001: power=0.060 [0.028,0.115] (3/50)
  [sigreg+proto] epoch 1/5  sigreg=0.3628  proto=2.0261  min_dist=1.96  mean_dist=5.89
  [sigreg+proto] epoch 2/5  sigreg=0.3945  proto=1.9412  min_dist=1.99  mean_dist=6.27
  [sigreg+proto] epoch 3/5  sigreg=0.4358  proto=1.9984  min_dist=2.04  mean_dist=6.61
  [sigreg+proto] epoch 4/5  sigreg=0.4603  proto=1.9215  min_dist=2.10  mean_dist=6.92
  [sigreg+proto] epoch 5/5  sigreg=0.5009  proto=1.9094  min_dist=2.16  mean_dist=7.21
  round 1: pool=2475 purity=0.000 k-hat=4 anchors=4  margin=0.5582  mean-anchor=0.8235  4=0.824
  [sigreg+proto] epoch 1/5  sigreg=0.5525  proto=2.2112  min_dist=2.21  mean_dist=7.55
  [sigreg+proto] epoch 2/5  sigreg=0.5862  proto=2.1454  min_dist=2.31  mean_dist=7.91
  [sigreg+proto] epoch 3/5  sigreg=0.6359  proto=2.1385  min_dist=2.40  mean_dist=8.24
  [sigreg+proto] epoch 4/5  sigreg=0.6769  proto=2.0885  min_dist=2.50  mean_dist=8.53
  [sigreg+proto] epoch 5/5  sigreg=0.7396  proto=2.1230  min_dist=2.63  mean_dist=8.80
  round 2: pool=2475 purity=0.000 k-hat=4 anchors=8  margin=0.6087  mean-anchor=0.7695  4=0.769
  [ssl->supres] per-event post f=0.001: power=0.050
  [ssl->supres] sparker (post)
    post-spk f=0.001: power=0.140 [0.090,0.207] (7/50)
  [ssl->supres] maha (post)
    post-maha f=0.001: power=0.020 [0.003,0.064] (1/50)
  [ssl->supres] mmd (post)
    post-mmd f=0.001: power=0.040 [0.014,0.090] (2/50)
  [sigreg+proto] epoch 1/5  sigreg=1.2088  proto=3.1249  min_dist=5.07  mean_dist=8.60
  [sigreg+proto] epoch 2/5  sigreg=1.1669  proto=2.2391  min_dist=5.29  mean_dist=8.90
  [sigreg+proto] epoch 3/5  sigreg=1.1481  proto=1.9488  min_dist=5.52  mean_dist=9.18
  [sigreg+proto] epoch 4/5  sigreg=1.1724  proto=1.8089  min_dist=5.73  mean_dist=9.45
  [sigreg+proto] epoch 5/5  sigreg=1.1847  proto=1.7097  min_dist=5.94  mean_dist=9.69
  round 1: pool=2477 purity=0.001 k-hat=4 anchors=4  margin=0.6041  mean-anchor=0.5748  4=0.575
  [sigreg+proto] epoch 1/5  sigreg=1.2156  proto=3.5447  min_dist=4.00  mean_dist=9.76
  [sigreg+proto] epoch 2/5  sigreg=1.1553  proto=2.4033  min_dist=4.13  mean_dist=9.99
  [sigreg+proto] epoch 3/5  sigreg=1.1255  proto=2.1444  min_dist=4.26  mean_dist=10.21
  [sigreg+proto] epoch 4/5  sigreg=1.1375  proto=1.9641  min_dist=4.39  mean_dist=10.43
  [sigreg+proto] epoch 5/5  sigreg=1.1512  proto=1.7384  min_dist=4.52  mean_dist=10.64
  round 2: pool=2479 purity=0.002 k-hat=4 anchors=8  margin=0.7767  mean-anchor=0.8198  4=0.820
  [joint] per-event post f=0.001: power=0.220
  [joint] sparker (post)
    post-spk f=0.001: power=0.080 [0.042,0.138] (4/50)
  [joint] maha (post)
    post-maha f=0.001: power=0.020 [0.003,0.064] (1/50)
  [joint] mmd (post)
    post-mmd f=0.001: power=0.040 [0.014,0.090] (2/50)
  [sigreg+proto] epoch 1/5  sigreg=0.9458  proto=2.0718  min_dist=5.32  mean_dist=8.79
  [sigreg+proto] epoch 2/5  sigreg=0.9325  proto=1.6736  min_dist=5.48  mean_dist=9.13
  [sigreg+proto] epoch 3/5  sigreg=0.9473  proto=1.4940  min_dist=5.63  mean_dist=9.44
  [sigreg+proto] epoch 4/5  sigreg=0.9716  proto=1.4642  min_dist=5.78  mean_dist=9.73
  [sigreg+proto] epoch 5/5  sigreg=1.0021  proto=1.4166  min_dist=5.90  mean_dist=9.99
  round 1: pool=2475 purity=0.000 k-hat=4 anchors=4  margin=0.5887  mean-anchor=0.5979  4=0.598
  [sigreg+proto] epoch 1/5  sigreg=1.0694  proto=2.6548  min_dist=5.22  mean_dist=10.09
  [sigreg+proto] epoch 2/5  sigreg=1.0247  proto=1.8775  min_dist=5.43  mean_dist=10.33
  [sigreg+proto] epoch 3/5  sigreg=1.0066  proto=1.6774  min_dist=5.66  mean_dist=10.57
  [sigreg+proto] epoch 4/5  sigreg=1.0275  proto=1.6634  min_dist=5.88  mean_dist=10.79
  [sigreg+proto] epoch 5/5  sigreg=1.0494  proto=1.4705  min_dist=6.09  mean_dist=11.01
  round 2: pool=2475 purity=0.000 k-hat=4 anchors=8  margin=0.5755  mean-anchor=0.6938  4=0.694
  [sup] per-event post f=0.001: power=0.020
  [sup] sparker (post)
    post-spk f=0.001: power=0.020 [0.003,0.064] (1/50)
  [sup] maha (post)
    post-maha f=0.001: power=0.060 [0.028,0.115] (3/50)
  [sup] mmd (post)
    post-mmd f=0.001: power=0.100 [0.058,0.162] (5/50)
  [sigreg+proto] epoch 1/5  sigreg=0.3716  proto=1.7097  min_dist=1.04  mean_dist=4.97
  [sigreg+proto] epoch 2/5  sigreg=0.3257  proto=1.4310  min_dist=1.39  mean_dist=5.43
  [sigreg+proto] epoch 3/5  sigreg=0.3105  proto=1.3422  min_dist=1.67  mean_dist=5.84
  [sigreg+proto] epoch 4/5  sigreg=0.3096  proto=1.2794  min_dist=1.91  mean_dist=6.22
  [sigreg+proto] epoch 5/5  sigreg=0.3267  proto=1.2756  min_dist=2.12  mean_dist=6.58
  round 1: pool=2475 purity=0.000 k-hat=4 anchors=4  margin=0.6035  mean-anchor=0.6731  4=0.673
  [sigreg+proto] epoch 1/5  sigreg=0.3627  proto=1.5445  min_dist=2.74  mean_dist=7.13
  [sigreg+proto] epoch 2/5  sigreg=0.3850  proto=1.3691  min_dist=3.19  mean_dist=7.64
  [sigreg+proto] epoch 3/5  sigreg=0.4228  proto=1.3986  min_dist=3.53  mean_dist=8.10
  [sigreg+proto] epoch 4/5  sigreg=0.4632  proto=1.4020  min_dist=3.83  mean_dist=8.51
  [sigreg+proto] epoch 5/5  sigreg=0.4947  proto=1.3424  min_dist=4.10  mean_dist=8.88
  round 2: pool=2478 purity=0.001 k-hat=4 anchors=8  margin=0.6443  mean-anchor=0.8652  4=0.865
  [supcon] per-event post f=0.001: power=0.060
  [supcon] sparker (post)
    post-spk f=0.001: power=0.060 [0.028,0.115] (3/50)
  [supcon] maha (post)
    post-maha f=0.001: power=0.020 [0.003,0.064] (1/50)
  [supcon] mmd (post)
    post-mmd f=0.001: power=0.060 [0.028,0.115] (3/50)
  [sigreg+proto] epoch 1/5  sigreg=0.3084  proto=1.8177  min_dist=0.90  mean_dist=4.68
  [sigreg+proto] epoch 2/5  sigreg=0.2736  proto=1.5282  min_dist=1.13  mean_dist=5.01
  [sigreg+proto] epoch 3/5  sigreg=0.2663  proto=1.4520  min_dist=1.31  mean_dist=5.32
  [sigreg+proto] epoch 4/5  sigreg=0.2728  proto=1.4189  min_dist=1.48  mean_dist=5.61
  [sigreg+proto] epoch 5/5  sigreg=0.2767  proto=1.3839  min_dist=1.63  mean_dist=5.88
  round 1: pool=2475 purity=0.000 k-hat=4 anchors=4  margin=0.6891  mean-anchor=0.8896  4=0.890
  [sigreg+proto] epoch 1/5  sigreg=0.3028  proto=1.5533  min_dist=2.02  mean_dist=6.24
  [sigreg+proto] epoch 2/5  sigreg=0.3207  proto=1.4842  min_dist=2.27  mean_dist=6.62
  [sigreg+proto] epoch 3/5  sigreg=0.3452  proto=1.5040  min_dist=2.45  mean_dist=6.96
  [sigreg+proto] epoch 4/5  sigreg=0.3705  proto=1.4457  min_dist=2.62  mean_dist=7.28
  [sigreg+proto] epoch 5/5  sigreg=0.4043  proto=1.4827  min_dist=2.79  mean_dist=7.58
  round 2: pool=2475 purity=0.000 k-hat=4 anchors=8  margin=0.5396  mean-anchor=0.8460  4=0.846
  [supcon+simclr] per-event post f=0.001: power=0.000
  [supcon+simclr] sparker (post)
    post-spk f=0.001: power=0.060 [0.028,0.115] (3/50)
  [supcon+simclr] maha (post)
    post-maha f=0.001: power=0.020 [0.003,0.064] (1/50)
  [supcon+simclr] mmd (post)
    post-mmd f=0.001: power=0.040 [0.014,0.090] (2/50)

===== POST grid, f=0.003 (149 injected) =====
  [sigreg+proto] epoch 1/5  sigreg=0.8913  proto=2.8498  min_dist=4.11  mean_dist=7.92
  [sigreg+proto] epoch 2/5  sigreg=0.8818  proto=2.4446  min_dist=4.15  mean_dist=8.20
  [sigreg+proto] epoch 3/5  sigreg=0.8979  proto=2.2922  min_dist=4.19  mean_dist=8.47
  [sigreg+proto] epoch 4/5  sigreg=0.9335  proto=2.1853  min_dist=4.23  mean_dist=8.72
  [sigreg+proto] epoch 5/5  sigreg=0.9630  proto=2.1149  min_dist=4.28  mean_dist=8.95
  round 1: pool=2477 purity=0.001 k-hat=4 anchors=4  margin=0.6584  mean-anchor=0.7217  4=0.722
  [sigreg+proto] epoch 1/5  sigreg=0.9594  proto=3.2057  min_dist=3.61  mean_dist=9.06
  [sigreg+proto] epoch 2/5  sigreg=0.9417  proto=2.8500  min_dist=3.77  mean_dist=9.28
  [sigreg+proto] epoch 3/5  sigreg=0.9646  proto=2.7032  min_dist=3.94  mean_dist=9.50
  [sigreg+proto] epoch 4/5  sigreg=0.9735  proto=2.4665  min_dist=4.11  mean_dist=9.70
  [sigreg+proto] epoch 5/5  sigreg=1.0042  proto=2.4106  min_dist=4.29  mean_dist=9.89
  round 2: pool=2480 purity=0.002 k-hat=4 anchors=8  margin=0.6236  mean-anchor=0.6876  4=0.688
  [sup->res] per-event post f=0.003: power=0.020
  [sup->res] sparker (post)
    post-spk f=0.003: power=0.100 [0.058,0.162] (5/50)
  [sup->res] maha (post)
    post-maha f=0.003: power=0.060 [0.028,0.115] (3/50)
  [sup->res] mmd (post)
    post-mmd f=0.003: power=0.040 [0.014,0.090] (2/50)
  [sigreg+proto] epoch 1/5  sigreg=0.3655  proto=2.0257  min_dist=1.97  mean_dist=5.89
  [sigreg+proto] epoch 2/5  sigreg=0.3913  proto=1.9827  min_dist=2.00  mean_dist=6.27
  [sigreg+proto] epoch 3/5  sigreg=0.4234  proto=1.9138  min_dist=2.04  mean_dist=6.61
  [sigreg+proto] epoch 4/5  sigreg=0.4600  proto=1.9321  min_dist=2.10  mean_dist=6.92
  [sigreg+proto] epoch 5/5  sigreg=0.4935  proto=1.8792  min_dist=2.17  mean_dist=7.21
  round 1: pool=2475 purity=0.000 k-hat=4 anchors=4  margin=0.5281  mean-anchor=0.8118  4=0.812
  [sigreg+proto] epoch 1/5  sigreg=0.5352  proto=2.2415  min_dist=2.24  mean_dist=7.51
  [sigreg+proto] epoch 2/5  sigreg=0.5673  proto=2.1233  min_dist=2.31  mean_dist=7.88
  [sigreg+proto] epoch 3/5  sigreg=0.6200  proto=2.1490  min_dist=2.41  mean_dist=8.20
  [sigreg+proto] epoch 4/5  sigreg=0.6747  proto=2.1512  min_dist=2.51  mean_dist=8.50
  [sigreg+proto] epoch 5/5  sigreg=0.6997  proto=2.0508  min_dist=2.61  mean_dist=8.78
  round 2: pool=2475 purity=0.000 k-hat=4 anchors=8  margin=0.5864  mean-anchor=0.7599  4=0.760
  [ssl->supres] per-event post f=0.003: power=0.030
  [ssl->supres] sparker (post)
    post-spk f=0.003: power=0.040 [0.014,0.090] (2/50)
  [ssl->supres] maha (post)
    post-maha f=0.003: power=0.060 [0.028,0.115] (3/50)
  [ssl->supres] mmd (post)
    post-mmd f=0.003: power=0.040 [0.014,0.090] (2/50)
  [sigreg+proto] epoch 1/5  sigreg=1.2196  proto=3.1710  min_dist=5.07  mean_dist=8.60
  [sigreg+proto] epoch 2/5  sigreg=1.1643  proto=2.2769  min_dist=5.28  mean_dist=8.89
  [sigreg+proto] epoch 3/5  sigreg=1.1648  proto=1.9515  min_dist=5.50  mean_dist=9.18
  [sigreg+proto] epoch 4/5  sigreg=1.1755  proto=1.7741  min_dist=5.71  mean_dist=9.44
  [sigreg+proto] epoch 5/5  sigreg=1.1632  proto=1.6960  min_dist=5.91  mean_dist=9.69
  round 1: pool=2477 purity=0.001 k-hat=4 anchors=4  margin=0.6437  mean-anchor=0.6863  4=0.686
  [sigreg+proto] epoch 1/5  sigreg=1.1895  proto=3.9558  min_dist=4.31  mean_dist=9.76
  [sigreg+proto] epoch 2/5  sigreg=1.1224  proto=2.7706  min_dist=4.58  mean_dist=9.97
  [sigreg+proto] epoch 3/5  sigreg=1.1065  proto=2.4723  min_dist=4.85  mean_dist=10.19
  [sigreg+proto] epoch 4/5  sigreg=1.0967  proto=2.1596  min_dist=5.13  mean_dist=10.40
  [sigreg+proto] epoch 5/5  sigreg=1.1075  proto=1.9063  min_dist=5.39  mean_dist=10.61
  round 2: pool=2484 purity=0.004 k-hat=4 anchors=8  margin=0.6426  mean-anchor=0.6218  4=0.622
  [joint] per-event post f=0.003: power=0.070
  [joint] sparker (post)
    post-spk f=0.003: power=0.160 [0.107,0.229] (8/50)
  [joint] maha (post)
    post-maha f=0.003: power=0.040 [0.014,0.090] (2/50)
  [joint] mmd (post)
    post-mmd f=0.003: power=0.080 [0.042,0.138] (4/50)
  [sigreg+proto] epoch 1/5  sigreg=0.9248  proto=2.0008  min_dist=5.34  mean_dist=8.80
  [sigreg+proto] epoch 2/5  sigreg=0.9287  proto=1.6210  min_dist=5.49  mean_dist=9.14
  [sigreg+proto] epoch 3/5  sigreg=0.9531  proto=1.5110  min_dist=5.64  mean_dist=9.45
  [sigreg+proto] epoch 4/5  sigreg=0.9712  proto=1.4143  min_dist=5.78  mean_dist=9.74
  [sigreg+proto] epoch 5/5  sigreg=0.9917  proto=1.3551  min_dist=5.93  mean_dist=10.01
  round 1: pool=2483 purity=0.003 k-hat=4 anchors=4  margin=0.6771  mean-anchor=0.7653  4=0.765
  [sigreg+proto] epoch 1/5  sigreg=1.0751  proto=2.8756  min_dist=5.08  mean_dist=10.08
  [sigreg+proto] epoch 2/5  sigreg=1.0164  proto=2.0727  min_dist=5.28  mean_dist=10.31
  [sigreg+proto] epoch 3/5  sigreg=1.0162  proto=1.9473  min_dist=5.49  mean_dist=10.53
  [sigreg+proto] epoch 4/5  sigreg=1.0133  proto=1.6913  min_dist=5.69  mean_dist=10.75
  [sigreg+proto] epoch 5/5  sigreg=1.0241  proto=1.5067  min_dist=5.89  mean_dist=10.96
  round 2: pool=2476 purity=0.000 k-hat=4 anchors=8  margin=0.6544  mean-anchor=0.6837  4=0.684
  [sup] per-event post f=0.003: power=0.050
  [sup] sparker (post)
    post-spk f=0.003: power=0.060 [0.028,0.115] (3/50)
  [sup] maha (post)
    post-maha f=0.003: power=0.120 [0.074,0.184] (6/50)
  [sup] mmd (post)
    post-mmd f=0.003: power=0.000 [0.000,0.036] (0/50)
  [sigreg+proto] epoch 1/5  sigreg=0.3714  proto=1.7368  min_dist=1.04  mean_dist=4.97
  [sigreg+proto] epoch 2/5  sigreg=0.3195  proto=1.4224  min_dist=1.39  mean_dist=5.43
  [sigreg+proto] epoch 3/5  sigreg=0.3084  proto=1.3328  min_dist=1.67  mean_dist=5.84
  [sigreg+proto] epoch 4/5  sigreg=0.3181  proto=1.2802  min_dist=1.91  mean_dist=6.22
  [sigreg+proto] epoch 5/5  sigreg=0.3189  proto=1.2817  min_dist=2.12  mean_dist=6.58
  round 1: pool=2475 purity=0.000 k-hat=4 anchors=4  margin=0.5781  mean-anchor=0.7667  4=0.767
  [sigreg+proto] epoch 1/5  sigreg=0.3585  proto=1.5557  min_dist=2.73  mean_dist=7.12
  [sigreg+proto] epoch 2/5  sigreg=0.3963  proto=1.4863  min_dist=3.18  mean_dist=7.63
  [sigreg+proto] epoch 3/5  sigreg=0.4320  proto=1.4916  min_dist=3.52  mean_dist=8.08
  [sigreg+proto] epoch 4/5  sigreg=0.4562  proto=1.4199  min_dist=3.81  mean_dist=8.49
  [sigreg+proto] epoch 5/5  sigreg=0.4955  proto=1.3623  min_dist=4.08  mean_dist=8.86
  round 2: pool=2476 purity=0.000 k-hat=4 anchors=8  margin=0.5346  mean-anchor=0.7537  4=0.754
  [supcon] per-event post f=0.003: power=0.010
  [supcon] sparker (post)
    post-spk f=0.003: power=0.040 [0.014,0.090] (2/50)
  [supcon] maha (post)
    post-maha f=0.003: power=0.100 [0.058,0.162] (5/50)
  [supcon] mmd (post)
    post-mmd f=0.003: power=0.060 [0.028,0.115] (3/50)
  [sigreg+proto] epoch 1/5  sigreg=0.2989  proto=1.7950  min_dist=0.90  mean_dist=4.68
  [sigreg+proto] epoch 2/5  sigreg=0.2739  proto=1.5833  min_dist=1.13  mean_dist=5.01
  [sigreg+proto] epoch 3/5  sigreg=0.2649  proto=1.4196  min_dist=1.31  mean_dist=5.32
  [sigreg+proto] epoch 4/5  sigreg=0.2702  proto=1.4010  min_dist=1.48  mean_dist=5.61
  [sigreg+proto] epoch 5/5  sigreg=0.2718  proto=1.3158  min_dist=1.63  mean_dist=5.89
  round 1: pool=2475 purity=0.000 k-hat=4 anchors=4  margin=0.6674  mean-anchor=0.8642  4=0.864
  [sigreg+proto] epoch 1/5  sigreg=0.3021  proto=1.5511  min_dist=2.01  mean_dist=6.23
  [sigreg+proto] epoch 2/5  sigreg=0.3140  proto=1.4454  min_dist=2.22  mean_dist=6.61
  [sigreg+proto] epoch 3/5  sigreg=0.3408  proto=1.4555  min_dist=2.39  mean_dist=6.95
  [sigreg+proto] epoch 4/5  sigreg=0.3736  proto=1.5195  min_dist=2.55  mean_dist=7.27
  [sigreg+proto] epoch 5/5  sigreg=0.4090  proto=1.4985  min_dist=2.71  mean_dist=7.57
  round 2: pool=2476 purity=0.000 k-hat=4 anchors=8  margin=0.5804  mean-anchor=0.8745  4=0.875
  [supcon+simclr] per-event post f=0.003: power=0.010
  [supcon+simclr] sparker (post)
    post-spk f=0.003: power=0.100 [0.058,0.162] (5/50)
  [supcon+simclr] maha (post)
    post-maha f=0.003: power=0.140 [0.090,0.207] (7/50)
  [supcon+simclr] mmd (post)
    post-mmd f=0.003: power=0.040 [0.014,0.090] (2/50)

===== POST grid, f=0.01 (500 injected) =====
  [sigreg+proto] epoch 1/5  sigreg=0.8890  proto=2.7645  min_dist=3.20  mean_dist=7.89
  [sigreg+proto] epoch 2/5  sigreg=0.8759  proto=2.4323  min_dist=3.36  mean_dist=8.18
  [sigreg+proto] epoch 3/5  sigreg=0.9151  proto=2.2723  min_dist=3.50  mean_dist=8.45
  [sigreg+proto] epoch 4/5  sigreg=0.9398  proto=2.1646  min_dist=3.64  mean_dist=8.70
  [sigreg+proto] epoch 5/5  sigreg=0.9744  proto=2.0194  min_dist=3.77  mean_dist=8.93
  round 1: pool=2482 purity=0.003 k-hat=4 anchors=4  margin=0.6947  mean-anchor=0.6871  4=0.687
  [sigreg+proto] epoch 1/5  sigreg=0.9830  proto=3.1563  min_dist=3.89  mean_dist=9.04
  [sigreg+proto] epoch 2/5  sigreg=0.9513  proto=2.5744  min_dist=3.99  mean_dist=9.27
  [sigreg+proto] epoch 3/5  sigreg=0.9966  proto=2.4974  min_dist=4.10  mean_dist=9.48
  [sigreg+proto] epoch 4/5  sigreg=1.0283  proto=2.4526  min_dist=4.20  mean_dist=9.68
  [sigreg+proto] epoch 5/5  sigreg=1.0456  proto=2.2840  min_dist=4.27  mean_dist=9.87
  round 2: pool=2492 purity=0.007 k-hat=4 anchors=8  margin=0.7005  mean-anchor=0.7945  4=0.794
  [sup->res] per-event post f=0.01: power=0.080
  [sup->res] sparker (post)
    post-spk f=0.01: power=0.080 [0.042,0.138] (4/50)
  [sup->res] maha (post)
    post-maha f=0.01: power=0.060 [0.028,0.115] (3/50)
  [sup->res] mmd (post)
    post-mmd f=0.01: power=0.140 [0.090,0.207] (7/50)
  [sigreg+proto] epoch 1/5  sigreg=0.3668  proto=2.0570  min_dist=1.97  mean_dist=5.89
  [sigreg+proto] epoch 2/5  sigreg=0.3948  proto=1.9502  min_dist=2.01  mean_dist=6.26
  [sigreg+proto] epoch 3/5  sigreg=0.4291  proto=1.9446  min_dist=2.05  mean_dist=6.60
  [sigreg+proto] epoch 4/5  sigreg=0.4651  proto=1.9453  min_dist=2.11  mean_dist=6.91
  [sigreg+proto] epoch 5/5  sigreg=0.5090  proto=1.9542  min_dist=2.18  mean_dist=7.20
  round 1: pool=2476 purity=0.000 k-hat=4 anchors=4  margin=0.6444  mean-anchor=0.8060  4=0.806
  [sigreg+proto] epoch 1/5  sigreg=0.5375  proto=2.2292  min_dist=2.26  mean_dist=7.53
  [sigreg+proto] epoch 2/5  sigreg=0.5617  proto=2.1752  min_dist=2.36  mean_dist=7.89
  [sigreg+proto] epoch 3/5  sigreg=0.6129  proto=2.0971  min_dist=2.46  mean_dist=8.22
  [sigreg+proto] epoch 4/5  sigreg=0.6646  proto=2.1622  min_dist=2.58  mean_dist=8.52
  [sigreg+proto] epoch 5/5  sigreg=0.7067  proto=2.0346  min_dist=2.69  mean_dist=8.80
  round 2: pool=2482 purity=0.003 k-hat=4 anchors=8  margin=0.6227  mean-anchor=0.8165  4=0.817
  [ssl->supres] per-event post f=0.01: power=0.040
  [ssl->supres] sparker (post)
    post-spk f=0.01: power=0.020 [0.003,0.064] (1/50)
  [ssl->supres] maha (post)
    post-maha f=0.01: power=0.120 [0.074,0.184] (6/50)
  [ssl->supres] mmd (post)
    post-mmd f=0.01: power=0.080 [0.042,0.138] (4/50)
  [sigreg+proto] epoch 1/5  sigreg=1.2455  proto=3.0760  min_dist=5.21  mean_dist=8.64
  [sigreg+proto] epoch 2/5  sigreg=1.1867  proto=2.1986  min_dist=5.45  mean_dist=8.94
  [sigreg+proto] epoch 3/5  sigreg=1.1835  proto=1.9852  min_dist=5.69  mean_dist=9.22
  [sigreg+proto] epoch 4/5  sigreg=1.1935  proto=1.8034  min_dist=5.92  mean_dist=9.48
  [sigreg+proto] epoch 5/5  sigreg=1.1807  proto=1.6672  min_dist=6.14  mean_dist=9.73
  round 1: pool=2485 purity=0.004 k-hat=4 anchors=4  margin=0.5902  mean-anchor=0.5900  4=0.590
  [sigreg+proto] epoch 1/5  sigreg=1.1856  proto=3.2196  min_dist=5.56  mean_dist=9.84
  [sigreg+proto] epoch 2/5  sigreg=1.1561  proto=2.3670  min_dist=5.98  mean_dist=10.06
  [sigreg+proto] epoch 3/5  sigreg=1.1459  proto=2.0357  min_dist=6.36  mean_dist=10.29
  [sigreg+proto] epoch 4/5  sigreg=1.1545  proto=1.8914  min_dist=6.57  mean_dist=10.50
  [sigreg+proto] epoch 5/5  sigreg=1.1709  proto=1.7632  min_dist=6.70  mean_dist=10.71
  round 2: pool=2513 purity=0.015 k-hat=4 anchors=8  margin=0.6381  mean-anchor=0.7073  4=0.707
  [joint] per-event post f=0.01: power=0.040
  [joint] sparker (post)
    post-spk f=0.01: power=0.060 [0.028,0.115] (3/50)
  [joint] maha (post)
    post-maha f=0.01: power=0.060 [0.028,0.115] (3/50)
  [joint] mmd (post)
    post-mmd f=0.01: power=0.140 [0.090,0.207] (7/50)
  [sigreg+proto] epoch 1/5  sigreg=0.9337  proto=2.0009  min_dist=5.36  mean_dist=8.79
  [sigreg+proto] epoch 2/5  sigreg=0.9261  proto=1.5912  min_dist=5.52  mean_dist=9.14
  [sigreg+proto] epoch 3/5  sigreg=0.9504  proto=1.4961  min_dist=5.67  mean_dist=9.45
  [sigreg+proto] epoch 4/5  sigreg=0.9765  proto=1.3952  min_dist=5.83  mean_dist=9.74
  [sigreg+proto] epoch 5/5  sigreg=0.9957  proto=1.3867  min_dist=5.97  mean_dist=10.01
  round 1: pool=2494 purity=0.008 k-hat=4 anchors=4  margin=0.6583  mean-anchor=0.7879  4=0.788
  [sigreg+proto] epoch 1/5  sigreg=1.0565  proto=2.4909  min_dist=4.77  mean_dist=10.13
  [sigreg+proto] epoch 2/5  sigreg=1.0248  proto=1.8899  min_dist=5.01  mean_dist=10.37
  [sigreg+proto] epoch 3/5  sigreg=1.0308  proto=1.7024  min_dist=5.25  mean_dist=10.61
  [sigreg+proto] epoch 4/5  sigreg=1.0426  proto=1.5648  min_dist=5.50  mean_dist=10.83
  [sigreg+proto] epoch 5/5  sigreg=1.0566  proto=1.5101  min_dist=5.72  mean_dist=11.04
  round 2: pool=2479 purity=0.002 k-hat=4 anchors=8  margin=0.6419  mean-anchor=0.6019  4=0.602
  [sup] per-event post f=0.01: power=0.030
  [sup] sparker (post)
    post-spk f=0.01: power=0.140 [0.090,0.207] (7/50)
  [sup] maha (post)
    post-maha f=0.01: power=0.080 [0.042,0.138] (4/50)
  [sup] mmd (post)
    post-mmd f=0.01: power=0.120 [0.074,0.184] (6/50)
  [sigreg+proto] epoch 1/5  sigreg=0.3688  proto=1.7279  min_dist=1.04  mean_dist=4.92
  [sigreg+proto] epoch 2/5  sigreg=0.3138  proto=1.4076  min_dist=1.39  mean_dist=5.38
  [sigreg+proto] epoch 3/5  sigreg=0.3124  proto=1.3833  min_dist=1.67  mean_dist=5.79
  [sigreg+proto] epoch 4/5  sigreg=0.3124  proto=1.2562  min_dist=1.91  mean_dist=6.18
  [sigreg+proto] epoch 5/5  sigreg=0.3155  proto=1.2469  min_dist=2.12  mean_dist=6.53
  round 1: pool=2476 purity=0.000 k-hat=4 anchors=4  margin=0.7587  mean-anchor=0.8602  4=0.860
    merged 8 -> 7 anchors
  [sigreg+proto] epoch 1/5  sigreg=0.3498  proto=1.4364  min_dist=2.73  mean_dist=7.07
  [sigreg+proto] epoch 2/5  sigreg=0.3803  proto=1.4312  min_dist=3.19  mean_dist=7.59
  [sigreg+proto] epoch 3/5  sigreg=0.4162  proto=1.3737  min_dist=3.54  mean_dist=8.05
  [sigreg+proto] epoch 4/5  sigreg=0.4499  proto=1.3972  min_dist=3.83  mean_dist=8.46
  [sigreg+proto] epoch 5/5  sigreg=0.4896  proto=1.3570  min_dist=4.10  mean_dist=8.83
  round 2: pool=2484 purity=0.004 k-hat=4 anchors=7  margin=0.5348  mean-anchor=0.8501  4=0.850
  [supcon] per-event post f=0.01: power=0.030
  [supcon] sparker (post)
    post-spk f=0.01: power=0.080 [0.042,0.138] (4/50)
  [supcon] maha (post)
    post-maha f=0.01: power=0.080 [0.042,0.138] (4/50)
  [supcon] mmd (post)
    post-mmd f=0.01: power=0.040 [0.014,0.090] (2/50)
  [sigreg+proto] epoch 1/5  sigreg=0.3111  proto=1.8137  min_dist=0.90  mean_dist=4.75
  [sigreg+proto] epoch 2/5  sigreg=0.2684  proto=1.5107  min_dist=1.13  mean_dist=5.08
  [sigreg+proto] epoch 3/5  sigreg=0.2628  proto=1.4270  min_dist=1.31  mean_dist=5.39
  [sigreg+proto] epoch 4/5  sigreg=0.2644  proto=1.3652  min_dist=1.48  mean_dist=5.68
  [sigreg+proto] epoch 5/5  sigreg=0.2756  proto=1.3516  min_dist=1.63  mean_dist=5.95
  round 1: pool=2477 purity=0.001 k-hat=4 anchors=4  margin=0.5099  mean-anchor=0.5799  4=0.580
  [sigreg+proto] epoch 1/5  sigreg=0.3042  proto=1.5547  min_dist=2.02  mean_dist=6.30
  [sigreg+proto] epoch 2/5  sigreg=0.3192  proto=1.4628  min_dist=2.29  mean_dist=6.68
  [sigreg+proto] epoch 3/5  sigreg=0.3401  proto=1.4307  min_dist=2.49  mean_dist=7.02
  [sigreg+proto] epoch 4/5  sigreg=0.3575  proto=1.4050  min_dist=2.67  mean_dist=7.34
  [sigreg+proto] epoch 5/5  sigreg=0.3867  proto=1.3717  min_dist=2.83  mean_dist=7.64
  round 2: pool=2483 purity=0.003 k-hat=4 anchors=8  margin=0.5066  mean-anchor=0.8342  4=0.834
  [supcon+simclr] per-event post f=0.01: power=0.000
  [supcon+simclr] sparker (post)
    post-spk f=0.01: power=0.060 [0.028,0.115] (3/50)
  [supcon+simclr] maha (post)
    post-maha f=0.01: power=0.040 [0.014,0.090] (2/50)
  [supcon+simclr] mmd (post)
    post-mmd f=0.01: power=0.040 [0.014,0.090] (2/50)
  NOTE: requested 1010 injected but only 500 available -- fraction clamped

===== POST grid, f=0.02 (500 injected) =====
  [sigreg+proto] epoch 1/5  sigreg=0.8891  proto=2.7698  min_dist=3.21  mean_dist=7.89
  [sigreg+proto] epoch 2/5  sigreg=0.8762  proto=2.4233  min_dist=3.36  mean_dist=8.18
  [sigreg+proto] epoch 3/5  sigreg=0.9325  proto=2.3582  min_dist=3.51  mean_dist=8.45
  [sigreg+proto] epoch 4/5  sigreg=0.9509  proto=2.1844  min_dist=3.65  mean_dist=8.69
  [sigreg+proto] epoch 5/5  sigreg=0.9868  proto=2.0549  min_dist=3.78  mean_dist=8.92
  round 1: pool=2482 purity=0.003 k-hat=4 anchors=4  margin=0.6143  mean-anchor=0.6056  4=0.606
  [sigreg+proto] epoch 1/5  sigreg=0.9654  proto=3.3295  min_dist=3.87  mean_dist=9.04
  [sigreg+proto] epoch 2/5  sigreg=0.9239  proto=2.7852  min_dist=3.99  mean_dist=9.26
  [sigreg+proto] epoch 3/5  sigreg=0.9689  proto=2.6071  min_dist=4.10  mean_dist=9.48
  [sigreg+proto] epoch 4/5  sigreg=0.9863  proto=2.5029  min_dist=4.20  mean_dist=9.68
  [sigreg+proto] epoch 5/5  sigreg=0.9961  proto=2.2905  min_dist=4.30  mean_dist=9.87
  round 2: pool=2498 purity=0.009 k-hat=4 anchors=8  margin=0.6408  mean-anchor=0.6131  4=0.613
  [sup->res] per-event post f=0.02: power=0.070
  [sup->res] sparker (post)
    post-spk f=0.02: power=0.080 [0.042,0.138] (4/50)
  [sup->res] maha (post)
    post-maha f=0.02: power=0.140 [0.090,0.207] (7/50)
  [sup->res] mmd (post)
    post-mmd f=0.02: power=0.220 [0.159,0.294] (11/50)
  [sigreg+proto] epoch 1/5  sigreg=0.3601  proto=2.0144  min_dist=1.96  mean_dist=5.89
  [sigreg+proto] epoch 2/5  sigreg=0.4016  proto=2.0040  min_dist=2.00  mean_dist=6.26
  [sigreg+proto] epoch 3/5  sigreg=0.4314  proto=1.9512  min_dist=2.05  mean_dist=6.60
  [sigreg+proto] epoch 4/5  sigreg=0.4675  proto=1.9653  min_dist=2.11  mean_dist=6.91
  [sigreg+proto] epoch 5/5  sigreg=0.5041  proto=1.9665  min_dist=2.18  mean_dist=7.20
  round 1: pool=2476 purity=0.000 k-hat=4 anchors=4  margin=0.6048  mean-anchor=0.7498  4=0.750
  [sigreg+proto] epoch 1/5  sigreg=0.5257  proto=2.1858  min_dist=2.27  mean_dist=7.53
  [sigreg+proto] epoch 2/5  sigreg=0.5726  proto=2.1589  min_dist=2.36  mean_dist=7.90
  [sigreg+proto] epoch 3/5  sigreg=0.6010  proto=2.0899  min_dist=2.49  mean_dist=8.23
  [sigreg+proto] epoch 4/5  sigreg=0.6727  proto=2.1653  min_dist=2.58  mean_dist=8.53
  [sigreg+proto] epoch 5/5  sigreg=0.7027  proto=2.0641  min_dist=2.69  mean_dist=8.80
  round 2: pool=2482 purity=0.003 k-hat=4 anchors=8  margin=0.5721  mean-anchor=0.7865  4=0.787
  [ssl->supres] per-event post f=0.02: power=0.010
  [ssl->supres] sparker (post)
    post-spk f=0.02: power=0.080 [0.042,0.138] (4/50)
  [ssl->supres] maha (post)
    post-maha f=0.02: power=0.040 [0.014,0.090] (2/50)
  [ssl->supres] mmd (post)
    post-mmd f=0.02: power=0.380 [0.305,0.460] (19/50)
  [sigreg+proto] epoch 1/5  sigreg=1.2323  proto=3.0297  min_dist=5.21  mean_dist=8.64
  [sigreg+proto] epoch 2/5  sigreg=1.1796  proto=2.1954  min_dist=5.45  mean_dist=8.94
  [sigreg+proto] epoch 3/5  sigreg=1.1876  proto=1.9688  min_dist=5.68  mean_dist=9.22
  [sigreg+proto] epoch 4/5  sigreg=1.1727  proto=1.7392  min_dist=5.89  mean_dist=9.49
  [sigreg+proto] epoch 5/5  sigreg=1.1780  proto=1.6018  min_dist=6.09  mean_dist=9.75
  round 1: pool=2485 purity=0.004 k-hat=4 anchors=4  margin=0.5660  mean-anchor=0.5498  4=0.550
  [sigreg+proto] epoch 1/5  sigreg=1.1450  proto=3.7862  min_dist=4.42  mean_dist=9.81
  [sigreg+proto] epoch 2/5  sigreg=1.0978  proto=2.6981  min_dist=4.70  mean_dist=10.03
  [sigreg+proto] epoch 3/5  sigreg=1.0919  proto=2.4236  min_dist=4.98  mean_dist=10.24
  [sigreg+proto] epoch 4/5  sigreg=1.0895  proto=2.0500  min_dist=5.25  mean_dist=10.45
  [sigreg+proto] epoch 5/5  sigreg=1.1244  proto=1.8914  min_dist=5.52  mean_dist=10.65
  round 2: pool=2517 purity=0.017 k-hat=4 anchors=8  margin=0.6856  mean-anchor=0.7706  4=0.771
  [joint] per-event post f=0.02: power=0.050
  [joint] sparker (post)
    post-spk f=0.02: power=0.120 [0.074,0.184] (6/50)
  [joint] maha (post)
    post-maha f=0.02: power=0.120 [0.074,0.184] (6/50)
  [joint] mmd (post)
    post-mmd f=0.02: power=0.180 [0.124,0.251] (9/50)
  [sigreg+proto] epoch 1/5  sigreg=0.9328  proto=1.9617  min_dist=5.37  mean_dist=8.80
  [sigreg+proto] epoch 2/5  sigreg=0.9276  proto=1.6457  min_dist=5.52  mean_dist=9.14
  [sigreg+proto] epoch 3/5  sigreg=0.9542  proto=1.4917  min_dist=5.68  mean_dist=9.45
  [sigreg+proto] epoch 4/5  sigreg=0.9661  proto=1.3814  min_dist=5.83  mean_dist=9.75
  [sigreg+proto] epoch 5/5  sigreg=0.9857  proto=1.3030  min_dist=5.95  mean_dist=10.02
  round 1: pool=2494 purity=0.008 k-hat=4 anchors=4  margin=0.6322  mean-anchor=0.7367  4=0.737
  [sigreg+proto] epoch 1/5  sigreg=1.0636  proto=2.9612  min_dist=4.13  mean_dist=10.08
  [sigreg+proto] epoch 2/5  sigreg=0.9987  proto=2.2409  min_dist=4.33  mean_dist=10.31
  [sigreg+proto] epoch 3/5  sigreg=0.9998  proto=1.9926  min_dist=4.57  mean_dist=10.54
  [sigreg+proto] epoch 4/5  sigreg=0.9956  proto=1.7641  min_dist=4.82  mean_dist=10.76
  [sigreg+proto] epoch 5/5  sigreg=1.0153  proto=1.5773  min_dist=5.06  mean_dist=10.97
  round 2: pool=2498 purity=0.009 k-hat=4 anchors=8  margin=0.6721  mean-anchor=0.6866  4=0.687
  [sup] per-event post f=0.02: power=0.090
  [sup] sparker (post)
    post-spk f=0.02: power=0.120 [0.074,0.184] (6/50)
  [sup] maha (post)
    post-maha f=0.02: power=0.160 [0.107,0.229] (8/50)
  [sup] mmd (post)
    post-mmd f=0.02: power=0.260 [0.194,0.336] (13/50)
  [sigreg+proto] epoch 1/5  sigreg=0.3772  proto=1.7315  min_dist=1.04  mean_dist=4.92
  [sigreg+proto] epoch 2/5  sigreg=0.3181  proto=1.4072  min_dist=1.38  mean_dist=5.38
  [sigreg+proto] epoch 3/5  sigreg=0.3122  proto=1.3832  min_dist=1.67  mean_dist=5.79
  [sigreg+proto] epoch 4/5  sigreg=0.3058  proto=1.2523  min_dist=1.91  mean_dist=6.18
  [sigreg+proto] epoch 5/5  sigreg=0.3203  proto=1.2384  min_dist=2.12  mean_dist=6.53
  round 1: pool=2476 purity=0.000 k-hat=4 anchors=4  margin=0.6653  mean-anchor=0.8585  4=0.859
    merged 8 -> 7 anchors
  [sigreg+proto] epoch 1/5  sigreg=0.3537  proto=1.4659  min_dist=2.73  mean_dist=7.09
  [sigreg+proto] epoch 2/5  sigreg=0.3812  proto=1.3788  min_dist=3.19  mean_dist=7.61
  [sigreg+proto] epoch 3/5  sigreg=0.4188  proto=1.4144  min_dist=3.54  mean_dist=8.06
  [sigreg+proto] epoch 4/5  sigreg=0.4490  proto=1.3479  min_dist=3.83  mean_dist=8.48
  [sigreg+proto] epoch 5/5  sigreg=0.4716  proto=1.3347  min_dist=4.09  mean_dist=8.85
  round 2: pool=2488 purity=0.005 k-hat=4 anchors=7  margin=0.7168  mean-anchor=0.8774  4=0.877
  [supcon] per-event post f=0.02: power=0.030
  [supcon] sparker (post)
    post-spk f=0.02: power=0.160 [0.107,0.229] (8/50)
  [supcon] maha (post)
    post-maha f=0.02: power=0.140 [0.090,0.207] (7/50)
  [supcon] mmd (post)
    post-mmd f=0.02: power=0.260 [0.194,0.336] (13/50)
  [sigreg+proto] epoch 1/5  sigreg=0.3011  proto=1.7756  min_dist=0.90  mean_dist=4.75
  [sigreg+proto] epoch 2/5  sigreg=0.2795  proto=1.5426  min_dist=1.13  mean_dist=5.08
  [sigreg+proto] epoch 3/5  sigreg=0.2637  proto=1.4100  min_dist=1.31  mean_dist=5.39
  [sigreg+proto] epoch 4/5  sigreg=0.2681  proto=1.3697  min_dist=1.48  mean_dist=5.68
  [sigreg+proto] epoch 5/5  sigreg=0.2792  proto=1.3454  min_dist=1.63  mean_dist=5.95
  round 1: pool=2477 purity=0.001 k-hat=4 anchors=4  margin=0.5555  mean-anchor=0.6738  4=0.674
  [sigreg+proto] epoch 1/5  sigreg=0.2949  proto=1.5273  min_dist=2.02  mean_dist=6.32
  [sigreg+proto] epoch 2/5  sigreg=0.3190  proto=1.4932  min_dist=2.25  mean_dist=6.70
  [sigreg+proto] epoch 3/5  sigreg=0.3400  proto=1.4561  min_dist=2.39  mean_dist=7.04
  [sigreg+proto] epoch 4/5  sigreg=0.3787  proto=1.4909  min_dist=2.53  mean_dist=7.36
  [sigreg+proto] epoch 5/5  sigreg=0.3966  proto=1.4069  min_dist=2.66  mean_dist=7.66
  round 2: pool=2479 purity=0.002 k-hat=4 anchors=8  margin=0.4354  mean-anchor=0.8604  4=0.860
  [supcon+simclr] per-event post f=0.02: power=0.000
  [supcon+simclr] sparker (post)
    post-spk f=0.02: power=0.220 [0.159,0.294] (11/50)
  [supcon+simclr] maha (post)
    post-maha f=0.02: power=0.080 [0.042,0.138] (4/50)
  [supcon+simclr] mmd (post)
    post-mmd f=0.02: power=0.340 [0.268,0.419] (17/50)
  NOTE: requested 2605 injected but only 500 available -- fraction clamped

===== POST grid, f=0.05 (500 injected) =====
  [sigreg+proto] epoch 1/5  sigreg=0.8971  proto=2.7618  min_dist=3.20  mean_dist=7.89
  [sigreg+proto] epoch 2/5  sigreg=0.8754  proto=2.4103  min_dist=3.35  mean_dist=8.18
  [sigreg+proto] epoch 3/5  sigreg=0.8977  proto=2.2138  min_dist=3.50  mean_dist=8.45
  [sigreg+proto] epoch 4/5  sigreg=0.9495  proto=2.2441  min_dist=3.64  mean_dist=8.69
  [sigreg+proto] epoch 5/5  sigreg=0.9730  proto=2.0632  min_dist=3.78  mean_dist=8.93
  round 1: pool=2482 purity=0.003 k-hat=4 anchors=4  margin=0.7352  mean-anchor=0.7145  4=0.714
  [sigreg+proto] epoch 1/5  sigreg=0.9475  proto=3.2854  min_dist=3.33  mean_dist=9.03
  [sigreg+proto] epoch 2/5  sigreg=0.9250  proto=2.8661  min_dist=3.58  mean_dist=9.26
  [sigreg+proto] epoch 3/5  sigreg=0.9362  proto=2.6948  min_dist=3.82  mean_dist=9.48
  [sigreg+proto] epoch 4/5  sigreg=0.9644  proto=2.6183  min_dist=4.07  mean_dist=9.68
  [sigreg+proto] epoch 5/5  sigreg=0.9644  proto=2.3635  min_dist=4.32  mean_dist=9.88
  round 2: pool=2493 purity=0.007 k-hat=4 anchors=8  margin=0.6390  mean-anchor=0.7097  4=0.710
  [sup->res] per-event post f=0.05: power=0.100
  [sup->res] sparker (post)
    post-spk f=0.05: power=0.360 [0.286,0.440] (18/50)
  [sup->res] maha (post)
    post-maha f=0.05: power=0.020 [0.003,0.064] (1/50)
  [sup->res] mmd (post)
    post-mmd f=0.05: power=0.780 [0.706,0.841] (39/50)
  [sigreg+proto] epoch 1/5  sigreg=0.3591  proto=1.9852  min_dist=1.96  mean_dist=5.89
  [sigreg+proto] epoch 2/5  sigreg=0.3839  proto=1.9550  min_dist=2.00  mean_dist=6.26
  [sigreg+proto] epoch 3/5  sigreg=0.4329  proto=1.9596  min_dist=2.05  mean_dist=6.60
  [sigreg+proto] epoch 4/5  sigreg=0.4719  proto=1.9407  min_dist=2.10  mean_dist=6.91
  [sigreg+proto] epoch 5/5  sigreg=0.5099  proto=1.9465  min_dist=2.17  mean_dist=7.20
  round 1: pool=2476 purity=0.000 k-hat=4 anchors=4  margin=0.5858  mean-anchor=0.7666  4=0.767
  [sigreg+proto] epoch 1/5  sigreg=0.5360  proto=2.2172  min_dist=2.25  mean_dist=7.52
  [sigreg+proto] epoch 2/5  sigreg=0.5675  proto=2.0695  min_dist=2.36  mean_dist=7.88
  [sigreg+proto] epoch 3/5  sigreg=0.6127  proto=2.0963  min_dist=2.49  mean_dist=8.21
  [sigreg+proto] epoch 4/5  sigreg=0.6591  proto=2.0519  min_dist=2.60  mean_dist=8.51
  [sigreg+proto] epoch 5/5  sigreg=0.7044  proto=2.0430  min_dist=2.74  mean_dist=8.79
  round 2: pool=2484 purity=0.004 k-hat=4 anchors=8  margin=0.6655  mean-anchor=0.8501  4=0.850
  [ssl->supres] per-event post f=0.05: power=0.030
  [ssl->supres] sparker (post)
    post-spk f=0.05: power=0.100 [0.058,0.162] (5/50)
  [ssl->supres] maha (post)
    post-maha f=0.05: power=0.040 [0.014,0.090] (2/50)
  [ssl->supres] mmd (post)
    post-mmd f=0.05: power=0.740 [0.664,0.806] (37/50)
  [sigreg+proto] epoch 1/5  sigreg=1.2390  proto=3.0717  min_dist=5.23  mean_dist=8.64
  [sigreg+proto] epoch 2/5  sigreg=1.1700  proto=2.2177  min_dist=5.48  mean_dist=8.94
  [sigreg+proto] epoch 3/5  sigreg=1.1654  proto=1.9822  min_dist=5.72  mean_dist=9.22
  [sigreg+proto] epoch 4/5  sigreg=1.1779  proto=1.8116  min_dist=5.94  mean_dist=9.49
  [sigreg+proto] epoch 5/5  sigreg=1.1783  proto=1.6635  min_dist=6.14  mean_dist=9.74
  round 1: pool=2485 purity=0.004 k-hat=4 anchors=4  margin=0.5867  mean-anchor=0.5461  4=0.546
  [sigreg+proto] epoch 1/5  sigreg=1.1941  proto=3.8239  min_dist=5.81  mean_dist=9.82
  [sigreg+proto] epoch 2/5  sigreg=1.1224  proto=2.7144  min_dist=5.99  mean_dist=10.04
  [sigreg+proto] epoch 3/5  sigreg=1.1251  proto=2.3369  min_dist=6.12  mean_dist=10.26
  [sigreg+proto] epoch 4/5  sigreg=1.1157  proto=2.1310  min_dist=6.28  mean_dist=10.47
  [sigreg+proto] epoch 5/5  sigreg=1.1248  proto=1.8896  min_dist=6.44  mean_dist=10.67
  round 2: pool=2497 purity=0.009 k-hat=4 anchors=8  margin=0.6060  mean-anchor=0.6026  4=0.603
  [joint] per-event post f=0.05: power=0.020
  [joint] sparker (post)
    post-spk f=0.05: power=0.520 [0.440,0.599] (26/50)
  [joint] maha (post)
    post-maha f=0.05: power=0.100 [0.058,0.162] (5/50)
  [joint] mmd (post)
    post-mmd f=0.05: power=0.880 [0.816,0.926] (44/50)
  [sigreg+proto] epoch 1/5  sigreg=0.9372  proto=2.0284  min_dist=5.38  mean_dist=8.80
  [sigreg+proto] epoch 2/5  sigreg=0.9188  proto=1.5971  min_dist=5.54  mean_dist=9.14
  [sigreg+proto] epoch 3/5  sigreg=0.9517  proto=1.5490  min_dist=5.67  mean_dist=9.45
  [sigreg+proto] epoch 4/5  sigreg=0.9786  proto=1.4459  min_dist=5.82  mean_dist=9.74
  [sigreg+proto] epoch 5/5  sigreg=1.0031  proto=1.3786  min_dist=5.96  mean_dist=10.01
  round 1: pool=2494 purity=0.008 k-hat=4 anchors=4  margin=0.6513  mean-anchor=0.7627  4=0.763
  [sigreg+proto] epoch 1/5  sigreg=1.0222  proto=3.1733  min_dist=5.11  mean_dist=10.06
  [sigreg+proto] epoch 2/5  sigreg=0.9649  proto=2.2342  min_dist=5.36  mean_dist=10.29
  [sigreg+proto] epoch 3/5  sigreg=0.9657  proto=2.0152  min_dist=5.60  mean_dist=10.52
  [sigreg+proto] epoch 4/5  sigreg=0.9785  proto=1.8895  min_dist=5.85  mean_dist=10.73
  [sigreg+proto] epoch 5/5  sigreg=0.9829  proto=1.7144  min_dist=6.08  mean_dist=10.94
  round 2: pool=2487 purity=0.005 k-hat=4 anchors=8  margin=0.6482  mean-anchor=0.6878  4=0.688
  [sup] per-event post f=0.05: power=0.090
  [sup] sparker (post)
    post-spk f=0.05: power=0.260 [0.194,0.336] (13/50)
  [sup] maha (post)
    post-maha f=0.05: power=0.060 [0.028,0.115] (3/50)
  [sup] mmd (post)
    post-mmd f=0.05: power=0.600 [0.520,0.676] (30/50)
  [sigreg+proto] epoch 1/5  sigreg=0.3663  proto=1.7097  min_dist=1.04  mean_dist=4.92
  [sigreg+proto] epoch 2/5  sigreg=0.3161  proto=1.4419  min_dist=1.39  mean_dist=5.38
  [sigreg+proto] epoch 3/5  sigreg=0.3177  proto=1.4075  min_dist=1.67  mean_dist=5.79
  [sigreg+proto] epoch 4/5  sigreg=0.3093  proto=1.2902  min_dist=1.91  mean_dist=6.18
  [sigreg+proto] epoch 5/5  sigreg=0.3210  proto=1.2605  min_dist=2.12  mean_dist=6.53
  round 1: pool=2476 purity=0.000 k-hat=4 anchors=4  margin=0.6371  mean-anchor=0.8549  4=0.855
  [sigreg+proto] epoch 1/5  sigreg=0.3602  proto=1.5118  min_dist=2.74  mean_dist=7.09
  [sigreg+proto] epoch 2/5  sigreg=0.3889  proto=1.4120  min_dist=3.19  mean_dist=7.60
  [sigreg+proto] epoch 3/5  sigreg=0.4274  proto=1.4580  min_dist=3.52  mean_dist=8.06
  [sigreg+proto] epoch 4/5  sigreg=0.4713  proto=1.4343  min_dist=3.82  mean_dist=8.47
  [sigreg+proto] epoch 5/5  sigreg=0.4954  proto=1.4233  min_dist=4.09  mean_dist=8.84
  round 2: pool=2493 purity=0.007 k-hat=4 anchors=8  margin=0.5982  mean-anchor=0.8631  4=0.863
  [supcon] per-event post f=0.05: power=0.010
  [supcon] sparker (post)
    post-spk f=0.05: power=0.400 [0.324,0.480] (20/50)
  [supcon] maha (post)
    post-maha f=0.05: power=0.180 [0.124,0.251] (9/50)
  [supcon] mmd (post)
    post-mmd f=0.05: power=0.720 [0.643,0.787] (36/50)
  [sigreg+proto] epoch 1/5  sigreg=0.3033  proto=1.7474  min_dist=0.90  mean_dist=4.75
  [sigreg+proto] epoch 2/5  sigreg=0.2729  proto=1.5575  min_dist=1.13  mean_dist=5.08
  [sigreg+proto] epoch 3/5  sigreg=0.2648  proto=1.4556  min_dist=1.31  mean_dist=5.39
  [sigreg+proto] epoch 4/5  sigreg=0.2659  proto=1.3640  min_dist=1.48  mean_dist=5.68
  [sigreg+proto] epoch 5/5  sigreg=0.2814  proto=1.3780  min_dist=1.63  mean_dist=5.95
  round 1: pool=2477 purity=0.001 k-hat=4 anchors=4  margin=0.5103  mean-anchor=0.5498  4=0.550
  [sigreg+proto] epoch 1/5  sigreg=0.2993  proto=1.5786  min_dist=1.36  mean_dist=6.31
  [sigreg+proto] epoch 2/5  sigreg=0.3194  proto=1.4718  min_dist=1.38  mean_dist=6.68
  [sigreg+proto] epoch 3/5  sigreg=0.3398  proto=1.4870  min_dist=1.39  mean_dist=7.03
  [sigreg+proto] epoch 4/5  sigreg=0.3693  proto=1.4448  min_dist=1.41  mean_dist=7.35
  [sigreg+proto] epoch 5/5  sigreg=0.3945  proto=1.4571  min_dist=1.44  mean_dist=7.64
  round 2: pool=2486 purity=0.004 k-hat=4 anchors=8  margin=0.5739  mean-anchor=0.8555  4=0.855
  [supcon+simclr] per-event post f=0.05: power=0.000
  [supcon+simclr] sparker (post)
    post-spk f=0.05: power=0.440 [0.362,0.520] (22/50)
  [supcon+simclr] maha (post)
    post-maha f=0.05: power=0.020 [0.003,0.064] (1/50)
  [supcon+simclr] mmd (post)
    post-mmd f=0.05: power=0.860 [0.793,0.910] (43/50)

===== EXP33 PEREVENT POWER SUMMARY (alpha=0.05, 16p16) =====
  arm               kind    0.001    0.003     0.01     0.02     0.05
  sup->res           pre    0.010    0.010    0.010    0.010    0.010
  sup->res          post    0.090    0.020    0.080    0.070    0.100
  ssl->supres        pre    0.000    0.000    0.000    0.000    0.000
  ssl->supres       post    0.050    0.030    0.040    0.010    0.030
  joint              pre    0.040    0.040    0.040    0.040    0.040
  joint             post    0.220    0.070    0.040    0.050    0.020
  sup                pre    0.020    0.020    0.020    0.020    0.020
  sup               post    0.020    0.050    0.030    0.090    0.090
  supcon             pre    0.000    0.000    0.000    0.000    0.000
  supcon            post    0.060    0.010    0.030    0.030    0.010
  supcon+simclr      pre    0.010    0.010    0.010    0.010    0.010
  supcon+simclr     post    0.000    0.010    0.000    0.000    0.000
  saved /home/pharris/sigreg/SuperSig/plots/exp33_perevent_power_cifar100_16p16.png

===== EXP33 SPARKER POWER SUMMARY (alpha=0.05, 16p16) =====
  arm               kind    0.001    0.003     0.01     0.02     0.05
  sup->res           pre    0.060    0.040    0.020    0.080    0.440
  sup->res          post    0.080    0.100    0.080    0.080    0.360
  ssl->supres        pre    0.040    0.040    0.080    0.020    0.160
  ssl->supres       post    0.140    0.040    0.020    0.080    0.100
  joint              pre    0.060    0.080    0.020    0.040    0.420
  joint             post    0.080    0.160    0.060    0.120    0.520
  sup                pre    0.020    0.080    0.040    0.120    0.500
  sup               post    0.020    0.060    0.140    0.120    0.260
  supcon             pre    0.020    0.020    0.100    0.040    0.320
  supcon            post    0.060    0.040    0.080    0.160    0.400
  supcon+simclr      pre    0.020    0.080    0.080    0.060    0.240
  supcon+simclr     post    0.060    0.100    0.060    0.220    0.440
  saved /home/pharris/sigreg/SuperSig/plots/exp33_sparker_power_cifar100_16p16.png

===== EXP33 MAHA POWER SUMMARY (alpha=0.05, 16p16) =====
  arm               kind    0.001    0.003     0.01     0.02     0.05
  sup->res           pre    0.080    0.120    0.080    0.000    0.040
  sup->res          post    0.060    0.060    0.060    0.140    0.020
  ssl->supres        pre    0.020    0.060    0.040    0.020    0.000
  ssl->supres       post    0.020    0.060    0.120    0.040    0.040
  joint              pre    0.000    0.060    0.100    0.040    0.000
  joint             post    0.020    0.040    0.060    0.120    0.100
  sup                pre    0.040    0.040    0.100    0.040    0.000
  sup               post    0.060    0.120    0.080    0.160    0.060
  supcon             pre    0.040    0.040    0.060    0.040    0.020
  supcon            post    0.020    0.100    0.080    0.140    0.180
  supcon+simclr      pre    0.040    0.020    0.040    0.040    0.020
  supcon+simclr     post    0.020    0.140    0.040    0.080    0.020
  saved /home/pharris/sigreg/SuperSig/plots/exp33_maha_power_cifar100_16p16.png

===== EXP33 MMD POWER SUMMARY (alpha=0.05, 16p16) =====
  arm               kind    0.001    0.003     0.01     0.02     0.05
  sup->res           pre    0.040    0.080    0.020    0.140    0.860
  sup->res          post    0.060    0.040    0.140    0.220    0.780
  ssl->supres        pre    0.100    0.040    0.040    0.140    1.000
  ssl->supres       post    0.040    0.040    0.080    0.380    0.740
  joint              pre    0.140    0.060    0.060    0.080    0.760
  joint             post    0.040    0.080    0.140    0.180    0.880
  sup                pre    0.060    0.020    0.020    0.080    0.840
  sup               post    0.100    0.000    0.120    0.260    0.600
  supcon             pre    0.060    0.040    0.040    0.140    0.920
  supcon            post    0.060    0.060    0.040    0.260    0.720
  supcon+simclr      pre    0.060    0.060    0.100    0.140    0.940
  supcon+simclr     post    0.040    0.040    0.040    0.340    0.860
  saved /home/pharris/sigreg/SuperSig/plots/exp33_mmd_power_cifar100_16p16.png

===== EXP33 SUMMARY (part A, 16p16) =====
  [sup->res      ] acc=0.5236 supAUC=0.9432 eucl=0.5201 mahaT=0.3915 mahaPC=0.4469 probe=0.8361/0.8305
          round 1: purity=0.003 anchors=4  margin=0.6273  mean-anchor=0.6418
          round 2: purity=0.006 anchors=8  margin=0.6563  mean-anchor=0.6962
  [ssl->supres   ] acc=0.4204 supAUC=0.9585 eucl=0.3558 mahaT=0.3303 mahaPC=0.4558 probe=0.9178/0.9174
          round 1: purity=0.000 anchors=4  margin=0.5384  mean-anchor=0.8278
          round 2: purity=0.003 anchors=8  margin=0.6181  mean-anchor=0.8360
  [joint         ] acc=0.4895 supAUC=0.9574 eucl=0.6184 mahaT=0.3006 mahaPC=0.4005 probe=0.8985/0.8551
          round 1: purity=0.004 anchors=4  margin=0.6986  mean-anchor=0.7417
          round 2: purity=0.005 anchors=8  margin=0.6785  mean-anchor=0.7022
  [sup           ] acc=0.4911 supAUC=0.9524 eucl=0.5745 mahaT=0.3416 mahaPC=0.4260 probe=0.9039/0.8720
          round 1: purity=0.008 anchors=4  margin=0.5875  mean-anchor=0.7288
          round 2: purity=0.005 anchors=8  margin=0.6493  mean-anchor=0.6759
  [supcon        ] acc=0.5629 supAUC=0.9790 eucl=0.4579 mahaT=0.4500 mahaPC=0.5213 probe=0.9232/0.9471
          round 1: purity=0.000 anchors=4  margin=0.7189  mean-anchor=0.8620
          round 2: purity=0.014 anchors=8  margin=0.7239  mean-anchor=0.8671
  [supcon+simclr ] acc=0.5008 supAUC=0.9689 eucl=0.4320 mahaT=0.3669 mahaPC=0.4501 probe=0.9368/0.9221
          round 1: purity=0.001 anchors=4  margin=0.6017  mean-anchor=0.7503
          round 2: purity=0.004 anchors=8  margin=0.5994  mean-anchor=0.8460
Done.
