/home/pharris/venv/lib64/python3.9/site-packages/networkx/utils/backends.py:135: RuntimeWarning: networkx backend defined more than once: nx-loopback
  backends.update(_get_backends("networkx.backends"))
exp29 [cifar10] emb_dim=16 holdout=[4] residual=classwise

===== training: sup (supervised SIGReg) =====
Using cache found in /home/pharris/.cache/torch/hub/chenyaofo_pytorch-cifar-models_master
  cifar10 balanced loader (no {4}): 45000 images, 208 batches of 9x24
  [sigreg+proto] epoch 1/10  sigreg=0.2949  proto=0.7567  min_dist=5.51  mean_dist=5.59
  [sigreg+proto] epoch 2/10  sigreg=0.1334  proto=0.3491  min_dist=6.00  mean_dist=6.19
  [sigreg+proto] epoch 3/10  sigreg=0.1279  proto=0.2618  min_dist=6.42  mean_dist=6.83
  [sigreg+proto] epoch 4/10  sigreg=0.1266  proto=0.2241  min_dist=6.81  mean_dist=7.44
  [sigreg+proto] epoch 5/10  sigreg=0.1277  proto=0.2124  min_dist=7.16  mean_dist=8.01
  [sigreg+proto] epoch 6/10  sigreg=0.1278  proto=0.1838  min_dist=7.49  mean_dist=8.53
  [sigreg+proto] epoch 7/10  sigreg=0.1293  proto=0.1732  min_dist=7.80  mean_dist=9.01
  [sigreg+proto] epoch 8/10  sigreg=0.1311  proto=0.1671  min_dist=8.07  mean_dist=9.45
  [sigreg+proto] epoch 9/10  sigreg=0.1303  proto=0.1391  min_dist=8.33  mean_dist=9.87
  [sigreg+proto] epoch 10/10  sigreg=0.1320  proto=0.1378  min_dist=8.57  mean_dist=10.25

===== training: res (residual-SSL on augmentations, post sup) =====
  cifar10 balanced two-view loader (no {4}): 45000 images, 208 batches of 9x24
  [sigreg-residual-cw] epoch 1/10  inv=0.4119  res-sigreg=0.3625
  [sigreg-residual-cw] epoch 2/10  inv=0.3191  res-sigreg=0.3083
  [sigreg-residual-cw] epoch 3/10  inv=0.2899  res-sigreg=0.2897
  [sigreg-residual-cw] epoch 4/10  inv=0.2752  res-sigreg=0.2799
  [sigreg-residual-cw] epoch 5/10  inv=0.2690  res-sigreg=0.2738
  [sigreg-residual-cw] epoch 6/10  inv=0.2563  res-sigreg=0.2659
  [sigreg-residual-cw] epoch 7/10  inv=0.2530  res-sigreg=0.2621
  [sigreg-residual-cw] epoch 8/10  inv=0.2471  res-sigreg=0.2566
  [sigreg-residual-cw] epoch 9/10  inv=0.2430  res-sigreg=0.2540
  [sigreg-residual-cw] epoch 10/10  inv=0.2361  res-sigreg=0.2490

===== training: ssl (SIGReg on augmentations) =====
Using cache found in /home/pharris/.cache/torch/hub/chenyaofo_pytorch-cifar-models_master
  CIFAR two-view embedding-train images (no {4}): 45000
  [sigreg-ssl] epoch 1/20  inv=0.0744  sigreg=0.1399
  [sigreg-ssl] epoch 2/20  inv=0.0702  sigreg=0.0790
  [sigreg-ssl] epoch 3/20  inv=0.0674  sigreg=0.0702
  [sigreg-ssl] epoch 4/20  inv=0.0653  sigreg=0.0641
  [sigreg-ssl] epoch 5/20  inv=0.0630  sigreg=0.0605
  [sigreg-ssl] epoch 6/20  inv=0.0623  sigreg=0.0571
  [sigreg-ssl] epoch 7/20  inv=0.0606  sigreg=0.0555
  [sigreg-ssl] epoch 8/20  inv=0.0605  sigreg=0.0526
  [sigreg-ssl] epoch 9/20  inv=0.0588  sigreg=0.0514
  [sigreg-ssl] epoch 10/20  inv=0.0578  sigreg=0.0497
  [sigreg-ssl] epoch 11/20  inv=0.0567  sigreg=0.0493
  [sigreg-ssl] epoch 12/20  inv=0.0553  sigreg=0.0489
  [sigreg-ssl] epoch 13/20  inv=0.0544  sigreg=0.0480
  [sigreg-ssl] epoch 14/20  inv=0.0548  sigreg=0.0467
  [sigreg-ssl] epoch 15/20  inv=0.0547  sigreg=0.0448
  [sigreg-ssl] epoch 16/20  inv=0.0545  sigreg=0.0433
  [sigreg-ssl] epoch 17/20  inv=0.0540  sigreg=0.0425
  [sigreg-ssl] epoch 18/20  inv=0.0536  sigreg=0.0420
  [sigreg-ssl] epoch 19/20  inv=0.0527  sigreg=0.0404
  [sigreg-ssl] epoch 20/20  inv=0.0525  sigreg=0.0393

===== training: supres (supervised SIGReg post ssl) =====
  cifar10 balanced loader (no {4}): 45000 images, 208 batches of 9x24
  [sigreg+proto] epoch 1/10  sigreg=0.1337  proto=0.7595  min_dist=2.09  mean_dist=4.27
  [sigreg+proto] epoch 2/10  sigreg=0.1167  proto=0.5395  min_dist=2.71  mean_dist=4.97
  [sigreg+proto] epoch 3/10  sigreg=0.1127  proto=0.4324  min_dist=3.21  mean_dist=5.59
  [sigreg+proto] epoch 4/10  sigreg=0.1121  proto=0.3664  min_dist=3.64  mean_dist=6.14
  [sigreg+proto] epoch 5/10  sigreg=0.1124  proto=0.3389  min_dist=4.02  mean_dist=6.64
  [sigreg+proto] epoch 6/10  sigreg=0.1123  proto=0.2788  min_dist=4.37  mean_dist=7.10
  [sigreg+proto] epoch 7/10  sigreg=0.1126  proto=0.2436  min_dist=4.69  mean_dist=7.54
  [sigreg+proto] epoch 8/10  sigreg=0.1125  proto=0.2216  min_dist=4.99  mean_dist=7.95
  [sigreg+proto] epoch 9/10  sigreg=0.1137  proto=0.2004  min_dist=5.28  mean_dist=8.34
  [sigreg+proto] epoch 10/10  sigreg=0.1148  proto=0.1784  min_dist=5.56  mean_dist=8.72

===== training: joint (supervised SIGReg + augmentations in parallel) =====
Using cache found in /home/pharris/.cache/torch/hub/chenyaofo_pytorch-cifar-models_master
  cifar10 balanced two-view loader (no {4}): 45000 images, 208 batches of 9x24
  [sigreg+proto+aug] epoch 1/10  sigreg=0.3156  proto=1.1819  inv=0.3954  min_dist=5.41  mean_dist=5.59
  [sigreg+proto+aug] epoch 2/10  sigreg=0.1404  proto=0.7262  inv=0.4513  min_dist=5.87  mean_dist=6.18
  [sigreg+proto+aug] epoch 3/10  sigreg=0.1403  proto=0.7044  inv=0.4620  min_dist=6.28  mean_dist=6.80
  [sigreg+proto+aug] epoch 4/10  sigreg=0.1434  proto=0.7322  inv=0.4792  min_dist=6.63  mean_dist=7.39
  [sigreg+proto+aug] epoch 5/10  sigreg=0.1502  proto=0.7950  inv=0.5037  min_dist=6.89  mean_dist=7.92
  [sigreg+proto+aug] epoch 6/10  sigreg=0.1525  proto=0.8068  inv=0.5158  min_dist=7.10  mean_dist=8.39
  [sigreg+proto+aug] epoch 7/10  sigreg=0.1592  proto=0.8548  inv=0.5339  min_dist=7.24  mean_dist=8.81
  [sigreg+proto+aug] epoch 8/10  sigreg=0.1643  proto=0.8924  inv=0.5431  min_dist=7.35  mean_dist=9.19
  [sigreg+proto+aug] epoch 9/10  sigreg=0.1644  proto=0.8723  inv=0.5508  min_dist=7.41  mean_dist=9.54
  [sigreg+proto+aug] epoch 10/10  sigreg=0.1669  proto=0.8635  inv=0.5578  min_dist=7.44  mean_dist=9.85

===== training: supcon (supervised SimCLR) =====
Using cache found in /home/pharris/.cache/torch/hub/chenyaofo_pytorch-cifar-models_master
  CIFAR two-view embedding-train images (no {4}): 45000
  [supcon] epoch 1/10  loss=4.7555
  [supcon] epoch 2/10  loss=4.6663
  [supcon] epoch 3/10  loss=4.6465
  [supcon] epoch 4/10  loss=4.6195
  [supcon] epoch 5/10  loss=4.5983
  [supcon] epoch 6/10  loss=4.5934
  [supcon] epoch 7/10  loss=4.5752
  [supcon] epoch 8/10  loss=4.5650
  [supcon] epoch 9/10  loss=4.5577
  [supcon] epoch 10/10  loss=4.5416

===== training: simclr (unsupervised SimCLR on augmentations) =====
Using cache found in /home/pharris/.cache/torch/hub/chenyaofo_pytorch-cifar-models_master
  CIFAR two-view embedding-train images (no {4}): 45000
  [simclr] epoch 1/20  loss=4.7165
  [simclr] epoch 2/20  loss=4.5866
  [simclr] epoch 3/20  loss=4.5572
  [simclr] epoch 4/20  loss=4.5393
  [simclr] epoch 5/20  loss=4.5266
  [simclr] epoch 6/20  loss=4.5207
  [simclr] epoch 7/20  loss=4.5130
  [simclr] epoch 8/20  loss=4.5082
  [simclr] epoch 9/20  loss=4.5015
  [simclr] epoch 10/20  loss=4.4975
  [simclr] epoch 11/20  loss=4.4966
  [simclr] epoch 12/20  loss=4.4935
  [simclr] epoch 13/20  loss=4.4905
  [simclr] epoch 14/20  loss=4.4868
  [simclr] epoch 15/20  loss=4.4860
  [simclr] epoch 16/20  loss=4.4844
  [simclr] epoch 17/20  loss=4.4834
  [simclr] epoch 18/20  loss=4.4814
  [simclr] epoch 19/20  loss=4.4791
  [simclr] epoch 20/20  loss=4.4778

===== performance / novelty table =====
  space                acc  supAUC    eucl   mahaT  mahaPC    tied eig min/med/max
  sup->res          0.9076  0.9920  0.8292  0.7464  0.8093    0.002/ 0.457/ 3.575
  ssl->supres       0.8687  0.9891  0.6479  0.5708  0.7231    0.002/ 0.439/ 2.183
  joint             0.8940  0.9911  0.7365  0.6350  0.7291    0.003/ 0.879/ 2.817
  sup               0.8866  0.9895  0.7860  0.7145  0.7582    0.004/ 1.063/ 2.331
  supcon            0.8689  0.9911  0.7337  0.7103  0.6941    0.001/ 0.085/ 0.678
  supcon+simclr     0.8676  0.9915  0.6501  0.5219  0.5255    0.001/ 0.087/ 0.716

===== gaussianity (seen classes, test set) =====
  metric                          sup->res   ssl->supres         joint           sup        supcon supcon+simclr
  eig min (class cov)                0.000         0.000         0.001         0.001         0.000         0.000
  eig max (class cov)               15.977         6.701         9.513         8.934         3.077         3.378
  eig cond worst                   39002.5       23783.3        9233.0        7611.4       25574.1       28944.0
  class RMS min                      0.926         0.809         0.940         0.989         0.278         0.244
  class RMS mean                     1.007         0.867         1.027         1.070         0.352         0.328
  class RMS max                      1.110         0.888         1.158         1.205         0.459         0.408
  max |corr| (worst class)           0.962         0.928         0.914         0.795         0.989         0.989
  SW ratio mean                       8.92          4.22          9.76          8.23         26.22          7.93
  SW ratio worst                     10.41          4.89         12.80          9.80         29.56         10.32
  |skew| mean                        0.404         0.224         0.426         0.397         0.658         0.336
  |ex-kurt| mean                     0.468         0.262         0.453         0.357         2.027         0.409
  centroid dist min                   9.42          4.49          7.04          6.66          2.05          2.16
  centroid dist mean                 13.01          8.31          9.70          9.24          3.06          3.24
  separation (min d/RMS)              9.36          5.18          6.86          6.22          5.84          6.59
  saved /home/pharris/sigreg/SuperSig/plots/latent_cifar10_exp29_16d.png

----- discovery: sup->res (ft sup branch) -----
  [sigreg+proto] epoch 1/5  sigreg=0.1590  proto=1.1674  min_dist=2.80  mean_dist=9.10
  [sigreg+proto] epoch 2/5  sigreg=0.1497  proto=0.9374  min_dist=2.97  mean_dist=9.60
  [sigreg+proto] epoch 3/5  sigreg=0.1528  proto=0.9021  min_dist=3.15  mean_dist=10.07
  [sigreg+proto] epoch 4/5  sigreg=0.1571  proto=0.9177  min_dist=3.28  mean_dist=10.50
  [sigreg+proto] epoch 5/5  sigreg=0.1614  proto=0.9551  min_dist=3.42  mean_dist=10.88
  round 1: pool=4271 purity=0.473 k-hat=4 anchors=4  margin=0.9355  mean-anchor=0.9326  deer=0.933
  [sigreg+proto] epoch 1/5  sigreg=0.2180  proto=1.9924  min_dist=3.27  mean_dist=10.74
  [sigreg+proto] epoch 2/5  sigreg=0.1907  proto=1.5718  min_dist=3.42  mean_dist=11.10
  [sigreg+proto] epoch 3/5  sigreg=0.1884  proto=1.4449  min_dist=3.54  mean_dist=11.44
  [sigreg+proto] epoch 4/5  sigreg=0.1906  proto=1.4737  min_dist=3.64  mean_dist=11.76
  [sigreg+proto] epoch 5/5  sigreg=0.1961  proto=1.5165  min_dist=3.72  mean_dist=12.05
  round 2: pool=2373 purity=0.052 k-hat=4 anchors=8  margin=0.9330  mean-anchor=0.9527  deer=0.953

----- discovery: ssl->supres (ft supres branch) -----
  [sigreg+proto] epoch 1/5  sigreg=0.1406  proto=0.9818  min_dist=3.62  mean_dist=8.42
  [sigreg+proto] epoch 2/5  sigreg=0.1331  proto=0.7728  min_dist=4.18  mean_dist=9.00
  [sigreg+proto] epoch 3/5  sigreg=0.1393  proto=0.7613  min_dist=4.64  mean_dist=9.53
  [sigreg+proto] epoch 4/5  sigreg=0.1421  proto=0.7672  min_dist=5.03  mean_dist=10.01
  [sigreg+proto] epoch 5/5  sigreg=0.1442  proto=0.7282  min_dist=5.39  mean_dist=10.46
  round 1: pool=2651 purity=0.151 k-hat=4 anchors=4  margin=0.8014  mean-anchor=0.9042  deer=0.904
  [sigreg+proto] epoch 1/5  sigreg=0.1732  proto=1.3784  min_dist=3.60  mean_dist=9.92
  [sigreg+proto] epoch 2/5  sigreg=0.1676  proto=1.2330  min_dist=4.19  mean_dist=10.34
  [sigreg+proto] epoch 3/5  sigreg=0.1729  proto=1.2333  min_dist=4.38  mean_dist=10.73
  [sigreg+proto] epoch 4/5  sigreg=0.1750  proto=1.2272  min_dist=4.54  mean_dist=11.09
  [sigreg+proto] epoch 5/5  sigreg=0.1808  proto=1.3052  min_dist=4.67  mean_dist=11.43
  round 2: pool=2746 purity=0.181 k-hat=4 anchors=8  margin=0.8383  mean-anchor=0.8869  deer=0.887

----- discovery: joint -----
  [sigreg+proto] epoch 1/5  sigreg=0.1964  proto=1.5606  min_dist=5.32  mean_dist=9.92
  [sigreg+proto] epoch 2/5  sigreg=0.1709  proto=1.1362  min_dist=5.61  mean_dist=10.42
  [sigreg+proto] epoch 3/5  sigreg=0.1665  proto=1.0203  min_dist=5.91  mean_dist=10.87
  [sigreg+proto] epoch 4/5  sigreg=0.1691  proto=0.9436  min_dist=6.18  mean_dist=11.28
  [sigreg+proto] epoch 5/5  sigreg=0.1677  proto=0.9172  min_dist=6.44  mean_dist=11.66
  round 1: pool=3143 purity=0.284 k-hat=4 anchors=4  margin=0.9276  mean-anchor=0.9565  deer=0.956
  [sigreg+proto] epoch 1/5  sigreg=0.2023  proto=1.7151  min_dist=3.54  mean_dist=10.93
  [sigreg+proto] epoch 2/5  sigreg=0.1917  proto=1.4991  min_dist=3.74  mean_dist=11.30
  [sigreg+proto] epoch 3/5  sigreg=0.1869  proto=1.4130  min_dist=3.94  mean_dist=11.65
  [sigreg+proto] epoch 4/5  sigreg=0.1941  proto=1.4863  min_dist=4.11  mean_dist=11.97
  [sigreg+proto] epoch 5/5  sigreg=0.1963  proto=1.4969  min_dist=4.23  mean_dist=12.27
  round 2: pool=2537 purity=0.113 k-hat=4 anchors=8  margin=0.9062  mean-anchor=0.9485  deer=0.948

----- discovery: sup -----
  [sigreg+proto] epoch 1/5  sigreg=0.1619  proto=1.1147  min_dist=4.32  mean_dist=9.27
  [sigreg+proto] epoch 2/5  sigreg=0.1541  proto=0.9403  min_dist=4.52  mean_dist=9.78
  [sigreg+proto] epoch 3/5  sigreg=0.1565  proto=0.8896  min_dist=4.71  mean_dist=10.24
  [sigreg+proto] epoch 4/5  sigreg=0.1575  proto=0.8818  min_dist=4.86  mean_dist=10.67
  [sigreg+proto] epoch 5/5  sigreg=0.1604  proto=0.8857  min_dist=5.03  mean_dist=11.06
  round 1: pool=4284 purity=0.475 k-hat=4 anchors=4  margin=0.9355  mean-anchor=0.9430  deer=0.943
  [sigreg+proto] epoch 1/5  sigreg=0.2352  proto=2.0252  min_dist=3.49  mean_dist=10.78
  [sigreg+proto] epoch 2/5  sigreg=0.1984  proto=1.5649  min_dist=4.05  mean_dist=11.16
  [sigreg+proto] epoch 3/5  sigreg=0.1906  proto=1.3862  min_dist=4.53  mean_dist=11.51
  [sigreg+proto] epoch 4/5  sigreg=0.1974  proto=1.4426  min_dist=4.92  mean_dist=11.83
  [sigreg+proto] epoch 5/5  sigreg=0.1957  proto=1.3819  min_dist=5.29  mean_dist=12.14
  round 2: pool=2380 purity=0.055 k-hat=4 anchors=8  margin=0.9224  mean-anchor=0.9440  deer=0.944

----- discovery: supcon -----
  [sigreg+proto] epoch 1/5  sigreg=0.2179  proto=1.3487  min_dist=2.72  mean_dist=4.86
  [sigreg+proto] epoch 2/5  sigreg=0.1407  proto=0.7939  min_dist=3.24  mean_dist=5.42
  [sigreg+proto] epoch 3/5  sigreg=0.1378  proto=0.6457  min_dist=3.72  mean_dist=5.92
  [sigreg+proto] epoch 4/5  sigreg=0.1367  proto=0.5929  min_dist=4.16  mean_dist=6.37
  [sigreg+proto] epoch 5/5  sigreg=0.1366  proto=0.5796  min_dist=4.53  mean_dist=6.78
  round 1: pool=2250 purity=0.000 k-hat=4 anchors=4  margin=0.4069  mean-anchor=0.4945  deer=0.495
  [sigreg+proto] epoch 1/5  sigreg=0.1480  proto=1.0475  min_dist=2.75  mean_dist=6.89
  [sigreg+proto] epoch 2/5  sigreg=0.1458  proto=0.9255  min_dist=3.23  mean_dist=7.39
  [sigreg+proto] epoch 3/5  sigreg=0.1496  proto=0.9332  min_dist=3.63  mean_dist=7.85
  [sigreg+proto] epoch 4/5  sigreg=0.1557  proto=0.9430  min_dist=4.00  mean_dist=8.26
  [sigreg+proto] epoch 5/5  sigreg=0.1579  proto=0.9603  min_dist=4.33  mean_dist=8.65
  round 2: pool=2980 purity=0.245 k-hat=4 anchors=8  margin=0.8424  mean-anchor=0.9092  deer=0.909

----- discovery: supcon+simclr (ft supcon branch) -----
  [sigreg+proto] epoch 1/5  sigreg=0.2172  proto=1.2862  min_dist=2.62  mean_dist=4.84
  [sigreg+proto] epoch 2/5  sigreg=0.1402  proto=0.7646  min_dist=2.98  mean_dist=5.40
  [sigreg+proto] epoch 3/5  sigreg=0.1384  proto=0.6231  min_dist=3.33  mean_dist=5.90
  [sigreg+proto] epoch 4/5  sigreg=0.1366  proto=0.5709  min_dist=3.65  mean_dist=6.35
  [sigreg+proto] epoch 5/5  sigreg=0.1348  proto=0.5466  min_dist=3.96  mean_dist=6.77
  round 1: pool=2251 purity=0.000 k-hat=4 anchors=4  margin=0.4513  mean-anchor=0.5696  deer=0.570
  [sigreg+proto] epoch 1/5  sigreg=0.1454  proto=1.0034  min_dist=2.37  mean_dist=6.97
  [sigreg+proto] epoch 2/5  sigreg=0.1433  proto=0.9091  min_dist=2.49  mean_dist=7.47
  [sigreg+proto] epoch 3/5  sigreg=0.1473  proto=0.9330  min_dist=2.50  mean_dist=7.92
  [sigreg+proto] epoch 4/5  sigreg=0.1522  proto=0.9397  min_dist=2.51  mean_dist=8.34
  [sigreg+proto] epoch 5/5  sigreg=0.1562  proto=0.9601  min_dist=2.53  mean_dist=8.72
  round 2: pool=2573 purity=0.126 k-hat=4 anchors=8  margin=0.7409  mean-anchor=0.8723  deer=0.872

===== EXP29 SUMMARY [cifar10, 16d] =====
  [sup->res      ] acc=0.9076 supAUC=0.9920 eucl=0.8292 mahaT=0.7464 mahaPC=0.8093
          round 1: purity=0.473 anchors=4  margin=0.9355  mean-anchor=0.9326
          round 2: purity=0.052 anchors=8  margin=0.9330  mean-anchor=0.9527
  [ssl->supres   ] acc=0.8687 supAUC=0.9891 eucl=0.6479 mahaT=0.5708 mahaPC=0.7231
          round 1: purity=0.151 anchors=4  margin=0.8014  mean-anchor=0.9042
          round 2: purity=0.181 anchors=8  margin=0.8383  mean-anchor=0.8869
  [joint         ] acc=0.8940 supAUC=0.9911 eucl=0.7365 mahaT=0.6350 mahaPC=0.7291
          round 1: purity=0.284 anchors=4  margin=0.9276  mean-anchor=0.9565
          round 2: purity=0.113 anchors=8  margin=0.9062  mean-anchor=0.9485
  [sup           ] acc=0.8866 supAUC=0.9895 eucl=0.7860 mahaT=0.7145 mahaPC=0.7582
          round 1: purity=0.475 anchors=4  margin=0.9355  mean-anchor=0.9430
          round 2: purity=0.055 anchors=8  margin=0.9224  mean-anchor=0.9440
  [supcon        ] acc=0.8689 supAUC=0.9911 eucl=0.7337 mahaT=0.7103 mahaPC=0.6941
          round 1: purity=0.000 anchors=4  margin=0.4069  mean-anchor=0.4945
          round 2: purity=0.245 anchors=8  margin=0.8424  mean-anchor=0.9092
  [supcon+simclr ] acc=0.8676 supAUC=0.9915 eucl=0.6501 mahaT=0.5219 mahaPC=0.5255
          round 1: purity=0.000 anchors=4  margin=0.4513  mean-anchor=0.5696
          round 2: purity=0.126 anchors=8  margin=0.7409  mean-anchor=0.8723
Done.
