/home/pharris/venv/lib64/python3.9/site-packages/networkx/utils/backends.py:135: RuntimeWarning: networkx backend defined more than once: nx-loopback
  backends.update(_get_backends("networkx.backends"))
settled recipe [cifar10]: n_classes=10  emb_dim=16  sigreg_weight=20.0  n_slices=256  pair_dist=5.0  ssl_epochs=10  ft_epochs=5  arch=resnet20  rep_weight=20.0

===== k=1 (deer) =====
Using cache found in /home/pharris/.cache/torch/hub/chenyaofo_pytorch-cifar-models_master
  cifar10 balanced loader (no {4}): 45000 images, 208 batches of 9x24
  [sigreg+proto] epoch 1/10  sigreg=0.2944  proto=0.7514  min_dist=5.51  mean_dist=5.59
  [sigreg+proto] epoch 2/10  sigreg=0.1327  proto=0.3509  min_dist=6.00  mean_dist=6.19
  [sigreg+proto] epoch 3/10  sigreg=0.1282  proto=0.2665  min_dist=6.42  mean_dist=6.83
  [sigreg+proto] epoch 4/10  sigreg=0.1269  proto=0.2296  min_dist=6.81  mean_dist=7.44
  [sigreg+proto] epoch 5/10  sigreg=0.1271  proto=0.2089  min_dist=7.16  mean_dist=8.01
  [sigreg+proto] epoch 6/10  sigreg=0.1262  proto=0.1913  min_dist=7.49  mean_dist=8.53
  [sigreg+proto] epoch 7/10  sigreg=0.1303  proto=0.1762  min_dist=7.79  mean_dist=9.01
  [sigreg+proto] epoch 8/10  sigreg=0.1318  proto=0.1663  min_dist=8.05  mean_dist=9.45
  [sigreg+proto] epoch 9/10  sigreg=0.1301  proto=0.1297  min_dist=8.32  mean_dist=9.87
  [sigreg+proto] epoch 10/10  sigreg=0.1319  proto=0.1362  min_dist=8.55  mean_dist=10.25
  [sigreg+proto] epoch 1/5  sigreg=0.1657  proto=1.1439  min_dist=3.18  mean_dist=9.39
  [sigreg+proto] epoch 2/5  sigreg=0.1557  proto=0.9774  min_dist=3.87  mean_dist=9.86
  [sigreg+proto] epoch 3/5  sigreg=0.1562  proto=0.9140  min_dist=4.44  mean_dist=10.31
  [sigreg+proto] epoch 4/5  sigreg=0.1590  proto=0.9055  min_dist=4.63  mean_dist=10.71
  [sigreg+proto] epoch 5/5  sigreg=0.1592  proto=0.9115  min_dist=4.79  mean_dist=11.10
  round 1: pool=4211 purity=0.466 k-hat=4 anchors=4  margin=0.9318  mean-anchor=0.9534  deer=0.953
  [sigreg+proto] epoch 1/5  sigreg=0.2233  proto=1.9213  min_dist=3.20  mean_dist=11.11
  [sigreg+proto] epoch 2/5  sigreg=0.1936  proto=1.5075  min_dist=3.75  mean_dist=11.44
  [sigreg+proto] epoch 3/5  sigreg=0.1910  proto=1.4165  min_dist=4.19  mean_dist=11.75
  [sigreg+proto] epoch 4/5  sigreg=0.1953  proto=1.4564  min_dist=4.55  mean_dist=12.05
  [sigreg+proto] epoch 5/5  sigreg=0.1992  proto=1.4409  min_dist=4.88  mean_dist=12.33
  round 2: pool=2407 purity=0.065 k-hat=4 anchors=8  margin=0.9150  mean-anchor=0.9153  deer=0.915

===== DEFAULT-PIPELINE SUMMARY =====
  k=1 round 1: purity=0.466 anchors=4  margin=0.9318  mean-anchor=0.9534
  k=1 round 2: purity=0.065 anchors=8  margin=0.9150  mean-anchor=0.9153
Done.
