/home/pharris/venv/lib64/python3.9/site-packages/networkx/utils/backends.py:135: RuntimeWarning: networkx backend defined more than once: nx-loopback
  backends.update(_get_backends("networkx.backends"))
  two-view embedding-train images (no 4): 54158
  two-view embedding-train images (no 4): 54158
exp28 [mnist] emb_dim=64 holdout=[4] ssl_ep=20 res_ep=10

----- space: sup (supervised SIGReg, exp-26 recipe) -----
  mnist balanced loader (no {4}): 54158 images, 250 batches of 9x24
  [sigreg+proto] epoch 1/10  sigreg=0.2344  proto=0.4537  min_dist=5.93  mean_dist=6.12
  [sigreg+proto] epoch 2/10  sigreg=0.1397  proto=0.1592  min_dist=7.43  mean_dist=7.94
  [sigreg+proto] epoch 3/10  sigreg=0.1320  proto=0.1071  min_dist=8.70  mean_dist=9.48
  [sigreg+proto] epoch 4/10  sigreg=0.1289  proto=0.0910  min_dist=9.75  mean_dist=10.72
  [sigreg+proto] epoch 5/10  sigreg=0.1256  proto=0.0673  min_dist=10.62  mean_dist=11.74
  [sigreg+proto] epoch 6/10  sigreg=0.1245  proto=0.0660  min_dist=11.37  mean_dist=12.61
  [sigreg+proto] epoch 7/10  sigreg=0.1234  proto=0.0401  min_dist=12.01  mean_dist=13.36
  [sigreg+proto] epoch 8/10  sigreg=0.1238  proto=0.0324  min_dist=12.58  mean_dist=14.00
  [sigreg+proto] epoch 9/10  sigreg=0.1217  proto=0.0247  min_dist=13.06  mean_dist=14.55
  [sigreg+proto] epoch 10/10  sigreg=0.1207  proto=0.0146  min_dist=13.50  mean_dist=15.02

----- space: ssl (unlabeled SIGReg + augmentations) -----
  [sigreg-ssl] epoch 1/20  inv=0.0939  sigreg=0.2064
  [sigreg-ssl] epoch 2/20  inv=0.0533  sigreg=0.1230
  [sigreg-ssl] epoch 3/20  inv=0.0444  sigreg=0.1024
  [sigreg-ssl] epoch 4/20  inv=0.0391  sigreg=0.0899
  [sigreg-ssl] epoch 5/20  inv=0.0363  sigreg=0.0823
  [sigreg-ssl] epoch 6/20  inv=0.0344  sigreg=0.0769
  [sigreg-ssl] epoch 7/20  inv=0.0320  sigreg=0.0735
  [sigreg-ssl] epoch 8/20  inv=0.0308  sigreg=0.0698
  [sigreg-ssl] epoch 9/20  inv=0.0296  sigreg=0.0688
  [sigreg-ssl] epoch 10/20  inv=0.0293  sigreg=0.0654
  [sigreg-ssl] epoch 11/20  inv=0.0284  sigreg=0.0650
  [sigreg-ssl] epoch 12/20  inv=0.0280  sigreg=0.0626
  [sigreg-ssl] epoch 13/20  inv=0.0271  sigreg=0.0603
  [sigreg-ssl] epoch 14/20  inv=0.0270  sigreg=0.0589
  [sigreg-ssl] epoch 15/20  inv=0.0266  sigreg=0.0578
  [sigreg-ssl] epoch 16/20  inv=0.0262  sigreg=0.0563
  [sigreg-ssl] epoch 17/20  inv=0.0259  sigreg=0.0561
  [sigreg-ssl] epoch 18/20  inv=0.0256  sigreg=0.0540
  [sigreg-ssl] epoch 19/20  inv=0.0255  sigreg=0.0533
  [sigreg-ssl] epoch 20/20  inv=0.0252  sigreg=0.0527

----- space: res (SSL on the supervised residual) -----
  [sigreg-residual] epoch 1/10  inv=0.0457  res-sigreg=0.1305
  [sigreg-residual] epoch 2/10  inv=0.0264  res-sigreg=0.0870
  [sigreg-residual] epoch 3/10  inv=0.0228  res-sigreg=0.0800
  [sigreg-residual] epoch 4/10  inv=0.0209  res-sigreg=0.0765
  [sigreg-residual] epoch 5/10  inv=0.0203  res-sigreg=0.0729
  [sigreg-residual] epoch 6/10  inv=0.0195  res-sigreg=0.0704
  [sigreg-residual] epoch 7/10  inv=0.0191  res-sigreg=0.0686
  [sigreg-residual] epoch 8/10  inv=0.0186  res-sigreg=0.0662
  [sigreg-residual] epoch 9/10  inv=0.0182  res-sigreg=0.0657
  [sigreg-residual] epoch 10/10  inv=0.0180  res-sigreg=0.0643

----- space: supres (supervised on the ssl residual) -----
  mnist balanced loader (no {4}): 54158 images, 250 batches of 9x24
  [sigreg+proto] epoch 1/10  sigreg=0.1878  proto=0.1583  min_dist=7.58  mean_dist=9.32
  [sigreg+proto] epoch 2/10  sigreg=0.1462  proto=0.0839  min_dist=9.01  mean_dist=10.84
  [sigreg+proto] epoch 3/10  sigreg=0.1363  proto=0.0577  min_dist=10.29  mean_dist=12.05
  [sigreg+proto] epoch 4/10  sigreg=0.1336  proto=0.0415  min_dist=11.40  mean_dist=13.04
  [sigreg+proto] epoch 5/10  sigreg=0.1306  proto=0.0360  min_dist=12.35  mean_dist=13.85
  [sigreg+proto] epoch 6/10  sigreg=0.1286  proto=0.0260  min_dist=13.17  mean_dist=14.52
  [sigreg+proto] epoch 7/10  sigreg=0.1260  proto=0.0204  min_dist=13.87  mean_dist=15.09
  [sigreg+proto] epoch 8/10  sigreg=0.1250  proto=0.0180  min_dist=14.46  mean_dist=15.55
  [sigreg+proto] epoch 9/10  sigreg=0.1233  proto=0.0111  min_dist=14.97  mean_dist=15.94
  [sigreg+proto] epoch 10/10  sigreg=0.1220  proto=0.0082  min_dist=15.39  mean_dist=16.26

----- pre-discovery metrics -----
  [sup   ] seen nearest-anchor acc=0.9862  novelty AUC=0.8332
  [ssl   ] seen nearest-anchor acc=0.9688  novelty AUC=0.4935
  [concat] seen nearest-anchor acc=0.9901  novelty AUC=0.7498
  [res   ] seen nearest-anchor acc=0.8799  novelty AUC=0.5401
  [supres] seen nearest-anchor acc=0.9926  novelty AUC=0.8703

----- gaussianity (seen classes, test set) -----
  metric                               sup           ssl        concat           res        supres
  eig min (class cov)                0.000        -0.000        -0.000        -0.000        -0.000
  eig max (class cov)                7.406        22.862        26.704        18.617         7.022
  eig cond worst                   58225.622861672611840.026704433119232.018084138057728.07022128922624.0
  class RMS min                      0.883         0.559         0.766         0.483         0.892
  class RMS mean                     0.910         0.668         0.799         0.549         0.909
  class RMS max                      0.929         0.778         0.852         0.634         0.924
  max |corr| (worst class)           0.706         0.992         0.992         0.998         0.738
  SW ratio mean                       3.14         18.88          3.93         20.09          3.69
  SW ratio worst                      5.32         38.77          6.22         42.72          6.60
  |skew| mean                        0.179         0.429         0.198         0.521         0.194
  |ex-kurt| mean                     0.229         1.039         0.286         1.203         0.253
  centroid dist min                  13.02          7.22         15.10          5.49         15.04
  centroid dist mean                 14.55          7.74         16.48          8.43         16.08
  separation (min d/RMS)             14.31         10.82         18.90          9.99         16.54
  saved /home/pharris/sigreg/SuperSig/plots/latent_mnist_exp28_64d.png

----- discovery: sup -----
  [sigreg+proto] epoch 1/5  sigreg=0.1389  proto=1.5967  min_dist=6.04  mean_dist=14.00
  [sigreg+proto] epoch 2/5  sigreg=0.1329  proto=1.1178  min_dist=6.43  mean_dist=14.94
  [sigreg+proto] epoch 3/5  sigreg=0.1328  proto=0.9676  min_dist=6.76  mean_dist=15.68
  [sigreg+proto] epoch 4/5  sigreg=0.1325  proto=0.9140  min_dist=7.00  mean_dist=16.27
  [sigreg+proto] epoch 5/5  sigreg=0.1341  proto=0.8901  min_dist=7.20  mean_dist=16.73
  round 1: pool=5454 purity=0.503 k-hat=4 anchors=4  margin=0.9890  mean-anchor=0.9884  4=0.988
  [sigreg+proto] epoch 1/5  sigreg=0.1884  proto=2.6770  min_dist=3.96  mean_dist=16.96
  [sigreg+proto] epoch 2/5  sigreg=0.1625  proto=1.6717  min_dist=4.26  mean_dist=17.40
  [sigreg+proto] epoch 3/5  sigreg=0.1544  proto=1.4293  min_dist=4.52  mean_dist=17.81
  [sigreg+proto] epoch 4/5  sigreg=0.1496  proto=1.3057  min_dist=4.74  mean_dist=18.18
  [sigreg+proto] epoch 5/5  sigreg=0.1488  proto=1.2602  min_dist=4.97  mean_dist=18.49
  round 2: pool=2823 purity=0.041 k-hat=4 anchors=8  margin=0.9844  mean-anchor=0.9872  4=0.987

----- discovery: ssl (centroid anchors) -----
  [sigreg+proto] epoch 1/5  sigreg=0.2086  proto=0.8651  min_dist=6.92  mean_dist=9.37
  [sigreg+proto] epoch 2/5  sigreg=0.1660  proto=0.6584  min_dist=8.35  mean_dist=10.60
  [sigreg+proto] epoch 3/5  sigreg=0.1560  proto=0.6424  min_dist=9.27  mean_dist=11.62
  [sigreg+proto] epoch 4/5  sigreg=0.1542  proto=0.6627  min_dist=10.05  mean_dist=12.50
  [sigreg+proto] epoch 5/5  sigreg=0.1548  proto=0.6844  min_dist=10.68  mean_dist=13.25
  round 1: pool=2742 purity=0.012 k-hat=4 anchors=4  margin=0.8731  mean-anchor=0.8593  4=0.859
  [sigreg+proto] epoch 1/5  sigreg=0.1682  proto=1.6754  min_dist=6.47  mean_dist=13.01
  [sigreg+proto] epoch 2/5  sigreg=0.1655  proto=1.4182  min_dist=7.31  mean_dist=13.87
  [sigreg+proto] epoch 3/5  sigreg=0.1681  proto=1.3896  min_dist=7.92  mean_dist=14.56
  [sigreg+proto] epoch 4/5  sigreg=0.1680  proto=1.3441  min_dist=8.45  mean_dist=15.14
  [sigreg+proto] epoch 5/5  sigreg=0.1676  proto=1.2988  min_dist=8.88  mean_dist=15.64
  round 2: pool=4147 purity=0.347 k-hat=4 anchors=8  margin=0.9607  mean-anchor=0.9853  4=0.985

----- discovery: concat (ft sup branch only) -----
  [sigreg+proto] epoch 1/5  sigreg=0.1328  proto=1.3091  min_dist=4.52  mean_dist=14.05
  [sigreg+proto] epoch 2/5  sigreg=0.1303  proto=0.8560  min_dist=5.70  mean_dist=14.91
  [sigreg+proto] epoch 3/5  sigreg=0.1311  proto=0.7390  min_dist=6.51  mean_dist=15.62
  [sigreg+proto] epoch 4/5  sigreg=0.1312  proto=0.7523  min_dist=6.83  mean_dist=16.18
  [sigreg+proto] epoch 5/5  sigreg=0.1324  proto=0.7341  min_dist=7.08  mean_dist=16.64
  round 1: pool=3609 purity=0.250 k-hat=4 anchors=4  margin=0.9800  mean-anchor=0.9937  4=0.994
  [sigreg+proto] epoch 1/5  sigreg=0.1512  proto=1.6180  min_dist=4.24  mean_dist=15.79
  [sigreg+proto] epoch 2/5  sigreg=0.1458  proto=1.2653  min_dist=4.63  mean_dist=16.33
  [sigreg+proto] epoch 3/5  sigreg=0.1449  proto=1.2099  min_dist=4.97  mean_dist=16.79
  [sigreg+proto] epoch 4/5  sigreg=0.1470  proto=1.1974  min_dist=5.19  mean_dist=17.18
  [sigreg+proto] epoch 5/5  sigreg=0.1475  proto=1.1779  min_dist=5.20  mean_dist=17.50
  round 2: pool=2727 purity=0.007 k-hat=4 anchors=8  margin=0.9704  mean-anchor=0.9955  4=0.995

----- discovery: res (centroid anchors) -----
  [sigreg+proto] epoch 1/5  sigreg=0.2171  proto=1.2050  min_dist=6.88  mean_dist=11.65
  [sigreg+proto] epoch 2/5  sigreg=0.1655  proto=0.7969  min_dist=7.56  mean_dist=12.73
  [sigreg+proto] epoch 3/5  sigreg=0.1564  proto=0.7235  min_dist=7.79  mean_dist=13.63
  [sigreg+proto] epoch 4/5  sigreg=0.1517  proto=0.7433  min_dist=8.02  mean_dist=14.39
  [sigreg+proto] epoch 5/5  sigreg=0.1517  proto=0.7402  min_dist=8.24  mean_dist=15.04
  round 1: pool=2762 purity=0.020 k-hat=4 anchors=4  margin=0.6893  mean-anchor=0.8550  4=0.855
  [sigreg+proto] epoch 1/5  sigreg=0.1647  proto=1.7641  min_dist=6.43  mean_dist=14.64
  [sigreg+proto] epoch 2/5  sigreg=0.1583  proto=1.3431  min_dist=7.24  mean_dist=15.43
  [sigreg+proto] epoch 3/5  sigreg=0.1578  proto=1.2862  min_dist=7.87  mean_dist=16.07
  [sigreg+proto] epoch 4/5  sigreg=0.1580  proto=1.2550  min_dist=8.42  mean_dist=16.61
  [sigreg+proto] epoch 5/5  sigreg=0.1588  proto=1.2194  min_dist=8.77  mean_dist=17.06
  round 2: pool=3802 purity=0.288 k-hat=4 anchors=8  margin=0.9662  mean-anchor=0.9708  4=0.971

----- discovery: supres -----
  [sigreg+proto] epoch 1/5  sigreg=0.1509  proto=1.7527  min_dist=5.96  mean_dist=14.57
  [sigreg+proto] epoch 2/5  sigreg=0.1418  proto=1.3374  min_dist=6.35  mean_dist=15.38
  [sigreg+proto] epoch 3/5  sigreg=0.1366  proto=1.0739  min_dist=6.61  mean_dist=16.04
  [sigreg+proto] epoch 4/5  sigreg=0.1364  proto=0.9572  min_dist=6.83  mean_dist=16.58
  [sigreg+proto] epoch 5/5  sigreg=0.1363  proto=0.9418  min_dist=7.02  mean_dist=16.98
  round 1: pool=6615 purity=0.591 k-hat=4 anchors=4  margin=0.9871  mean-anchor=0.9663  4=0.966
  [sigreg+proto] epoch 1/5  sigreg=0.1814  proto=2.5470  min_dist=3.98  mean_dist=17.19
  [sigreg+proto] epoch 2/5  sigreg=0.1645  proto=1.7732  min_dist=4.99  mean_dist=17.58
  [sigreg+proto] epoch 3/5  sigreg=0.1565  proto=1.5054  min_dist=5.75  mean_dist=17.95
  [sigreg+proto] epoch 4/5  sigreg=0.1541  proto=1.3823  min_dist=6.35  mean_dist=18.27
  [sigreg+proto] epoch 5/5  sigreg=0.1500  proto=1.2443  min_dist=6.56  mean_dist=18.56
  round 2: pool=2801 purity=0.033 k-hat=4 anchors=8  margin=0.9784  mean-anchor=0.9633  4=0.963

===== EXP28 SUMMARY [mnist, 64d] =====
  [sup   ] pre: acc=0.9862 novelty-AUC=0.8332
          round 1: purity=0.503 anchors=4  margin=0.9890  mean-anchor=0.9884
          round 2: purity=0.041 anchors=8  margin=0.9844  mean-anchor=0.9872
  [ssl   ] pre: acc=0.9688 novelty-AUC=0.4935
          round 1: purity=0.012 anchors=4  margin=0.8731  mean-anchor=0.8593
          round 2: purity=0.347 anchors=8  margin=0.9607  mean-anchor=0.9853
  [concat] pre: acc=0.9901 novelty-AUC=0.7498
          round 1: purity=0.250 anchors=4  margin=0.9800  mean-anchor=0.9937
          round 2: purity=0.007 anchors=8  margin=0.9704  mean-anchor=0.9955
  [res   ] pre: acc=0.8799 novelty-AUC=0.5401
          round 1: purity=0.020 anchors=4  margin=0.6893  mean-anchor=0.8550
          round 2: purity=0.288 anchors=8  margin=0.9662  mean-anchor=0.9708
  [supres] pre: acc=0.9926 novelty-AUC=0.8703
          round 1: purity=0.591 anchors=4  margin=0.9871  mean-anchor=0.9663
          round 2: purity=0.033 anchors=8  margin=0.9784  mean-anchor=0.9633
Done.
