/home/pharris/venv/lib64/python3.9/site-packages/networkx/utils/backends.py:135: RuntimeWarning: networkx backend defined more than once: nx-loopback
  backends.update(_get_backends("networkx.backends"))
  CIFAR two-view embedding-train images (no {4}): 49500
  CIFAR two-view embedding-train images (no {4}): 49500
exp28 [cifar100] emb_dim=64 holdout=[4] ssl_ep=20 res_ep=10 arms=res res-classwise

----- space: sup (supervised SIGReg, exp-26 recipe) -----
Using cache found in /home/pharris/.cache/torch/hub/chenyaofo_pytorch-cifar-models_master
  cifar100 balanced loader (no {4}): 49500 images, 82 batches of 25x24
  [sigreg+proto] epoch 1/10  sigreg=0.7838  proto=3.3883  min_dist=4.12  mean_dist=5.65
  [sigreg+proto] epoch 2/10  sigreg=0.6982  proto=2.0693  min_dist=4.57  mean_dist=6.23
  [sigreg+proto] epoch 3/10  sigreg=0.6929  proto=1.6486  min_dist=4.96  mean_dist=6.75
  [sigreg+proto] epoch 4/10  sigreg=0.6974  proto=1.4416  min_dist=5.31  mean_dist=7.22
  [sigreg+proto] epoch 5/10  sigreg=0.7092  proto=1.2659  min_dist=5.65  mean_dist=7.65
  [sigreg+proto] epoch 6/10  sigreg=0.7317  proto=1.1841  min_dist=5.97  mean_dist=8.05
  [sigreg+proto] epoch 7/10  sigreg=0.7455  proto=1.0798  min_dist=6.27  mean_dist=8.42
  [sigreg+proto] epoch 8/10  sigreg=0.7504  proto=1.0044  min_dist=6.55  mean_dist=8.76
  [sigreg+proto] epoch 9/10  sigreg=0.7662  proto=0.9633  min_dist=6.83  mean_dist=9.08
  [sigreg+proto] epoch 10/10  sigreg=0.7741  proto=0.8768  min_dist=7.08  mean_dist=9.39

----- space: res (SSL on the supervised residual, classwise) -----
  cifar100 balanced two-view loader (no {4}): 49500 images, 82 batches of 25x24
  [sigreg-residual-cw] epoch 1/10  inv=0.1892  res-sigreg=0.7203
  [sigreg-residual-cw] epoch 2/10  inv=0.1712  res-sigreg=0.6403
  [sigreg-residual-cw] epoch 3/10  inv=0.1685  res-sigreg=0.6073
  [sigreg-residual-cw] epoch 4/10  inv=0.1675  res-sigreg=0.5809
  [sigreg-residual-cw] epoch 5/10  inv=0.1673  res-sigreg=0.5671
  [sigreg-residual-cw] epoch 6/10  inv=0.1678  res-sigreg=0.5548
  [sigreg-residual-cw] epoch 7/10  inv=0.1674  res-sigreg=0.5320
  [sigreg-residual-cw] epoch 8/10  inv=0.1667  res-sigreg=0.5247
  [sigreg-residual-cw] epoch 9/10  inv=0.1667  res-sigreg=0.5211
  [sigreg-residual-cw] epoch 10/10  inv=0.1669  res-sigreg=0.5124

----- pre-discovery metrics -----
  [res   ] seen nearest-anchor acc=0.4000  novelty AUC=0.3932

----- gaussianity (seen classes, test set) -----
  metric                               res
  eig min (class cov)                0.000
  eig max (class cov)               27.502
  eig cond worst                  220661.2
  class RMS min                      0.618
  class RMS mean                     0.762
  class RMS max                      0.956
  max |corr| (worst class)           0.945
  SW ratio mean                       1.55
  SW ratio worst                      3.05
  |skew| mean                        0.302
  |ex-kurt| mean                     0.513
  centroid dist min                   1.55
  centroid dist mean                  5.80
  separation (min d/RMS)              2.03
  saved /home/pharris/sigreg/SuperSig/plots/latent_cifar100_exp28_64d_resc.png

----- discovery: res (centroid anchors) -----
  [sigreg+proto] epoch 1/5  sigreg=0.4748  proto=3.2960  min_dist=2.02  mean_dist=6.67
  [sigreg+proto] epoch 2/5  sigreg=0.5276  proto=2.4240  min_dist=2.52  mean_dist=7.26
  [sigreg+proto] epoch 3/5  sigreg=0.5504  proto=2.1478  min_dist=2.92  mean_dist=7.78
  [sigreg+proto] epoch 4/5  sigreg=0.5570  proto=1.9642  min_dist=3.28  mean_dist=8.25
  [sigreg+proto] epoch 5/5  sigreg=0.5835  proto=1.7837  min_dist=3.61  mean_dist=8.67
  round 1: pool=2483 purity=0.003 k-hat=4 anchors=4  margin=0.4520  mean-anchor=0.6302  beaver=0.630
  [sigreg+proto] epoch 1/5  sigreg=0.5517  proto=2.3444  min_dist=4.09  mean_dist=9.15
  [sigreg+proto] epoch 2/5  sigreg=0.5807  proto=1.9490  min_dist=4.49  mean_dist=9.64
  [sigreg+proto] epoch 3/5  sigreg=0.6026  proto=1.7787  min_dist=4.83  mean_dist=10.07
  [sigreg+proto] epoch 4/5  sigreg=0.6341  proto=1.6861  min_dist=5.10  mean_dist=10.46
  [sigreg+proto] epoch 5/5  sigreg=0.6609  proto=1.5899  min_dist=5.36  mean_dist=10.80
  round 2: pool=2489 purity=0.006 k-hat=4 anchors=8  margin=0.6558  mean-anchor=0.7684  beaver=0.768

===== EXP28 SUMMARY [cifar100, 64d] =====
  [res   ] pre: acc=0.4000 novelty-AUC=0.3932
          round 1: purity=0.003 anchors=4  margin=0.4520  mean-anchor=0.6302
          round 2: purity=0.006 anchors=8  margin=0.6558  mean-anchor=0.7684
Done.
