/home/pharris/venv/lib64/python3.9/site-packages/networkx/utils/backends.py:135: RuntimeWarning: networkx backend defined more than once: nx-loopback
  backends.update(_get_backends("networkx.backends"))
  CIFAR two-view embedding-train images (no {4}): 49500
  CIFAR two-view embedding-train images (no {4}): 49500
exp28 [cifar100] emb_dim=8 holdout=[4] ssl_ep=20 res_ep=10

----- space: sup (supervised SIGReg, exp-26 recipe) -----
Using cache found in /home/pharris/.cache/torch/hub/chenyaofo_pytorch-cifar-models_master
  cifar100 balanced loader (no {4}): 49500 images, 82 batches of 25x24
  [sigreg+proto] epoch 1/10  sigreg=1.7781  proto=4.1996  min_dist=1.46  mean_dist=5.12
  [sigreg+proto] epoch 2/10  sigreg=1.4268  proto=3.6200  min_dist=1.66  mean_dist=5.35
  [sigreg+proto] epoch 3/10  sigreg=1.3039  proto=3.3808  min_dist=1.83  mean_dist=5.57
  [sigreg+proto] epoch 4/10  sigreg=1.2492  proto=3.1485  min_dist=2.00  mean_dist=5.78
  [sigreg+proto] epoch 5/10  sigreg=1.2013  proto=2.9503  min_dist=2.15  mean_dist=5.98
  [sigreg+proto] epoch 6/10  sigreg=1.1863  proto=2.8151  min_dist=2.29  mean_dist=6.18
  [sigreg+proto] epoch 7/10  sigreg=1.1804  proto=2.6933  min_dist=2.43  mean_dist=6.36
  [sigreg+proto] epoch 8/10  sigreg=1.1533  proto=2.5341  min_dist=2.57  mean_dist=6.54
  [sigreg+proto] epoch 9/10  sigreg=1.1898  proto=2.5226  min_dist=2.70  mean_dist=6.72
  [sigreg+proto] epoch 10/10  sigreg=1.1826  proto=2.3831  min_dist=2.82  mean_dist=6.88

----- space: ssl (unlabeled SIGReg + augmentations) -----
Using cache found in /home/pharris/.cache/torch/hub/chenyaofo_pytorch-cifar-models_master
  [sigreg-ssl] epoch 1/20  inv=0.1044  sigreg=0.0782
  [sigreg-ssl] epoch 2/20  inv=0.0895  sigreg=0.0393
  [sigreg-ssl] epoch 3/20  inv=0.0836  sigreg=0.0333
  [sigreg-ssl] epoch 4/20  inv=0.0794  sigreg=0.0308
  [sigreg-ssl] epoch 5/20  inv=0.0769  sigreg=0.0291
  [sigreg-ssl] epoch 6/20  inv=0.0743  sigreg=0.0282
  [sigreg-ssl] epoch 7/20  inv=0.0716  sigreg=0.0271
  [sigreg-ssl] epoch 8/20  inv=0.0709  sigreg=0.0263
  [sigreg-ssl] epoch 9/20  inv=0.0694  sigreg=0.0258
  [sigreg-ssl] epoch 10/20  inv=0.0680  sigreg=0.0250
  [sigreg-ssl] epoch 11/20  inv=0.0668  sigreg=0.0246
  [sigreg-ssl] epoch 12/20  inv=0.0656  sigreg=0.0243
  [sigreg-ssl] epoch 13/20  inv=0.0650  sigreg=0.0234
  [sigreg-ssl] epoch 14/20  inv=0.0637  sigreg=0.0233
  [sigreg-ssl] epoch 15/20  inv=0.0634  sigreg=0.0231
  [sigreg-ssl] epoch 16/20  inv=0.0630  sigreg=0.0227
  [sigreg-ssl] epoch 17/20  inv=0.0619  sigreg=0.0225
  [sigreg-ssl] epoch 18/20  inv=0.0622  sigreg=0.0223
  [sigreg-ssl] epoch 19/20  inv=0.0614  sigreg=0.0220
  [sigreg-ssl] epoch 20/20  inv=0.0606  sigreg=0.0215

----- space: res (SSL on the supervised residual) -----
  [sigreg-residual] epoch 1/10  inv=0.0989  res-sigreg=0.3672
  [sigreg-residual] epoch 2/10  inv=0.0829  res-sigreg=0.3012
  [sigreg-residual] epoch 3/10  inv=0.0835  res-sigreg=0.2817
  [sigreg-residual] epoch 4/10  inv=0.0816  res-sigreg=0.2702
  [sigreg-residual] epoch 5/10  inv=0.0828  res-sigreg=0.2582
  [sigreg-residual] epoch 6/10  inv=0.0834  res-sigreg=0.2477
  [sigreg-residual] epoch 7/10  inv=0.0832  res-sigreg=0.2429
  [sigreg-residual] epoch 8/10  inv=0.0832  res-sigreg=0.2384
  [sigreg-residual] epoch 9/10  inv=0.0838  res-sigreg=0.2310
  [sigreg-residual] epoch 10/10  inv=0.0835  res-sigreg=0.2268

----- space: supres (supervised on the ssl residual) -----
  cifar100 balanced loader (no {4}): 49500 images, 82 batches of 25x24
  [sigreg+proto] epoch 1/10  sigreg=0.2309  proto=2.9934  min_dist=0.47  mean_dist=2.46
  [sigreg+proto] epoch 2/10  sigreg=0.2431  proto=2.7277  min_dist=0.62  mean_dist=2.66
  [sigreg+proto] epoch 3/10  sigreg=0.2483  proto=2.6264  min_dist=0.74  mean_dist=2.86
  [sigreg+proto] epoch 4/10  sigreg=0.2510  proto=2.5245  min_dist=0.80  mean_dist=3.03
  [sigreg+proto] epoch 5/10  sigreg=0.2497  proto=2.4232  min_dist=0.84  mean_dist=3.20
  [sigreg+proto] epoch 6/10  sigreg=0.2560  proto=2.3436  min_dist=0.88  mean_dist=3.36
  [sigreg+proto] epoch 7/10  sigreg=0.2557  proto=2.2582  min_dist=0.93  mean_dist=3.51
  [sigreg+proto] epoch 8/10  sigreg=0.2570  proto=2.1934  min_dist=0.97  mean_dist=3.65
  [sigreg+proto] epoch 9/10  sigreg=0.2589  proto=2.0909  min_dist=1.01  mean_dist=3.78
  [sigreg+proto] epoch 10/10  sigreg=0.2612  proto=2.0776  min_dist=1.05  mean_dist=3.91

----- pre-discovery metrics -----
  [sup   ] seen nearest-anchor acc=0.3829  novelty AUC=0.5490
  [ssl   ] seen nearest-anchor acc=0.1965  novelty AUC=0.4678
  [concat] seen nearest-anchor acc=0.4503  novelty AUC=0.5506
  [res   ] seen nearest-anchor acc=0.4411  novelty AUC=0.2939
  [supres] seen nearest-anchor acc=0.3810  novelty AUC=0.2996

----- gaussianity (seen classes, test set) -----
  metric                               sup           ssl        concat           res        supres
  eig min (class cov)                0.063         0.006         0.005         0.003         0.077
  eig max (class cov)               11.465         3.437        11.744         3.862         3.762
  eig cond worst                      89.5         155.7         529.2         541.3          18.9
  class RMS min                      0.660         0.443         0.562         0.294         0.718
  class RMS mean                     1.024         0.704         0.883         0.442         0.863
  class RMS max                      1.449         0.994         1.146         0.741         1.001
  max |corr| (worst class)           0.886         0.813         0.886         0.970         0.777
  SW ratio mean                       2.39          2.37          1.66          2.79          1.47
  SW ratio worst                      5.52          6.44          3.35          8.05          2.55
  |skew| mean                        0.433         0.406         0.326         0.464         0.300
  |ex-kurt| mean                     0.867         0.673         0.565         1.054         0.449
  centroid dist min                   0.59          0.29          0.75          0.18          0.54
  centroid dist mean                  3.70          2.20          4.36          2.00          3.82
  separation (min d/RMS)              0.57          0.41          0.85          0.41          0.63
  saved /home/pharris/sigreg/SuperSig/plots/latent_cifar100_exp28_8d.png

----- discovery: sup -----
  [sigreg+proto] epoch 1/5  sigreg=1.2072  proto=2.8819  min_dist=2.89  mean_dist=7.17
  [sigreg+proto] epoch 2/5  sigreg=1.2010  proto=2.6495  min_dist=2.94  mean_dist=7.39
  [sigreg+proto] epoch 3/5  sigreg=1.2218  proto=2.5632  min_dist=2.97  mean_dist=7.60
  [sigreg+proto] epoch 4/5  sigreg=1.2826  proto=2.5049  min_dist=3.05  mean_dist=7.80
  [sigreg+proto] epoch 5/5  sigreg=1.2653  proto=2.3822  min_dist=3.11  mean_dist=7.99
  round 1: pool=2483 purity=0.003 k-hat=4 anchors=4  margin=0.6929  mean-anchor=0.7148  beaver=0.715
  [sigreg+proto] epoch 1/5  sigreg=1.1277  proto=3.6918  min_dist=2.93  mean_dist=8.19
  [sigreg+proto] epoch 2/5  sigreg=1.0957  proto=3.3759  min_dist=3.03  mean_dist=8.39
  [sigreg+proto] epoch 3/5  sigreg=1.0889  proto=3.1691  min_dist=3.12  mean_dist=8.58
  [sigreg+proto] epoch 4/5  sigreg=1.1324  proto=3.0702  min_dist=3.21  mean_dist=8.75
  [sigreg+proto] epoch 5/5  sigreg=1.1398  proto=2.9282  min_dist=3.30  mean_dist=8.92
  round 2: pool=2516 purity=0.016 k-hat=4 anchors=8  margin=0.6072  mean-anchor=0.6782  beaver=0.678

----- discovery: ssl (centroid anchors) -----
  [sigreg+proto] epoch 1/5  sigreg=0.2311  proto=3.0710  min_dist=0.48  mean_dist=2.53
  [sigreg+proto] epoch 2/5  sigreg=0.2396  proto=2.8383  min_dist=0.63  mean_dist=2.75
  [sigreg+proto] epoch 3/5  sigreg=0.2423  proto=2.6632  min_dist=0.76  mean_dist=2.95
  [sigreg+proto] epoch 4/5  sigreg=0.2410  proto=2.6317  min_dist=0.81  mean_dist=3.13
  [sigreg+proto] epoch 5/5  sigreg=0.2578  proto=2.5616  min_dist=0.85  mean_dist=3.31
  round 1: pool=2484 purity=0.004 k-hat=4 anchors=4  margin=0.5775  mean-anchor=0.7618  beaver=0.762
  [sigreg+proto] epoch 1/5  sigreg=0.2596  proto=2.5150  min_dist=0.96  mean_dist=3.67
  [sigreg+proto] epoch 2/5  sigreg=0.2749  proto=2.4633  min_dist=1.11  mean_dist=3.94
  [sigreg+proto] epoch 3/5  sigreg=0.2906  proto=2.4220  min_dist=1.26  mean_dist=4.18
  [sigreg+proto] epoch 4/5  sigreg=0.3028  proto=2.3799  min_dist=1.38  mean_dist=4.40
  [sigreg+proto] epoch 5/5  sigreg=0.3205  proto=2.3453  min_dist=1.46  mean_dist=4.61
  round 2: pool=2477 purity=0.001 k-hat=4 anchors=8  margin=0.3905  mean-anchor=0.7612  beaver=0.761

----- discovery: concat (ft sup branch only) -----
  [sigreg+proto] epoch 1/5  sigreg=1.0576  proto=3.3806  min_dist=2.87  mean_dist=7.17
  [sigreg+proto] epoch 2/5  sigreg=1.0178  proto=3.0821  min_dist=2.91  mean_dist=7.39
  [sigreg+proto] epoch 3/5  sigreg=1.0576  proto=2.9391  min_dist=2.96  mean_dist=7.60
  [sigreg+proto] epoch 4/5  sigreg=1.0841  proto=2.8458  min_dist=3.01  mean_dist=7.80
  [sigreg+proto] epoch 5/5  sigreg=1.1175  proto=2.7493  min_dist=3.05  mean_dist=7.99
  round 1: pool=2483 purity=0.003 k-hat=4 anchors=4  margin=0.6401  mean-anchor=0.7024  beaver=0.702
  [sigreg+proto] epoch 1/5  sigreg=1.2150  proto=2.9891  min_dist=2.62  mean_dist=8.25
  [sigreg+proto] epoch 2/5  sigreg=1.2667  proto=2.8864  min_dist=2.72  mean_dist=8.44
  [sigreg+proto] epoch 3/5  sigreg=1.2550  proto=2.6485  min_dist=2.83  mean_dist=8.63
  [sigreg+proto] epoch 4/5  sigreg=1.2934  proto=2.6279  min_dist=2.94  mean_dist=8.80
  [sigreg+proto] epoch 5/5  sigreg=1.3361  proto=2.5176  min_dist=3.04  mean_dist=8.96
  round 2: pool=2476 purity=0.000 k-hat=4 anchors=8  margin=0.5576  mean-anchor=0.6128  beaver=0.613

----- discovery: res (centroid anchors) -----
  [sigreg+proto] epoch 1/5  sigreg=0.3516  proto=2.7324  min_dist=0.45  mean_dist=2.47
  [sigreg+proto] epoch 2/5  sigreg=0.3285  proto=2.4430  min_dist=0.61  mean_dist=2.70
  [sigreg+proto] epoch 3/5  sigreg=0.3162  proto=2.3230  min_dist=0.68  mean_dist=2.91
  [sigreg+proto] epoch 4/5  sigreg=0.3096  proto=2.2306  min_dist=0.74  mean_dist=3.10
  [sigreg+proto] epoch 5/5  sigreg=0.3045  proto=2.0919  min_dist=0.80  mean_dist=3.27
  round 1: pool=2475 purity=0.000 k-hat=4 anchors=4  margin=0.6749  mean-anchor=0.8094  beaver=0.809
    merged 8 -> 6 anchors
  [sigreg+proto] epoch 1/5  sigreg=0.3047  proto=2.0530  min_dist=0.92  mean_dist=3.64
  [sigreg+proto] epoch 2/5  sigreg=0.2967  proto=1.9513  min_dist=1.03  mean_dist=3.91
  [sigreg+proto] epoch 3/5  sigreg=0.2991  proto=1.8773  min_dist=1.14  mean_dist=4.15
  [sigreg+proto] epoch 4/5  sigreg=0.2979  proto=1.8521  min_dist=1.23  mean_dist=4.38
  [sigreg+proto] epoch 5/5  sigreg=0.3001  proto=1.7795  min_dist=1.31  mean_dist=4.59
  round 2: pool=2482 purity=0.003 k-hat=4 anchors=6  margin=0.5898  mean-anchor=0.8216  beaver=0.822

----- discovery: supres -----
  [sigreg+proto] epoch 1/5  sigreg=0.2824  proto=2.1760  min_dist=1.19  mean_dist=4.26
  [sigreg+proto] epoch 2/5  sigreg=0.2790  proto=2.0700  min_dist=1.32  mean_dist=4.52
  [sigreg+proto] epoch 3/5  sigreg=0.2965  proto=2.0562  min_dist=1.44  mean_dist=4.77
  [sigreg+proto] epoch 4/5  sigreg=0.3089  proto=2.0232  min_dist=1.54  mean_dist=5.00
  [sigreg+proto] epoch 5/5  sigreg=0.3409  proto=2.0474  min_dist=1.61  mean_dist=5.21
  round 1: pool=2475 purity=0.000 k-hat=4 anchors=4  margin=0.4768  mean-anchor=0.7100  beaver=0.710
    merged 8 -> 5 anchors
  [sigreg+proto] epoch 1/5  sigreg=0.3802  proto=2.1102  min_dist=1.63  mean_dist=5.50
  [sigreg+proto] epoch 2/5  sigreg=0.3979  proto=2.0009  min_dist=1.68  mean_dist=5.79
  [sigreg+proto] epoch 3/5  sigreg=0.4318  proto=2.0283  min_dist=1.75  mean_dist=6.06
  [sigreg+proto] epoch 4/5  sigreg=0.4748  proto=2.0126  min_dist=1.81  mean_dist=6.31
  [sigreg+proto] epoch 5/5  sigreg=0.5152  proto=2.0327  min_dist=1.89  mean_dist=6.54
  round 2: pool=2475 purity=0.000 k-hat=4 anchors=5  margin=0.4530  mean-anchor=0.6835  beaver=0.683

===== EXP28 SUMMARY [cifar100, 8d] =====
  [sup   ] pre: acc=0.3829 novelty-AUC=0.5490
          round 1: purity=0.003 anchors=4  margin=0.6929  mean-anchor=0.7148
          round 2: purity=0.016 anchors=8  margin=0.6072  mean-anchor=0.6782
  [ssl   ] pre: acc=0.1965 novelty-AUC=0.4678
          round 1: purity=0.004 anchors=4  margin=0.5775  mean-anchor=0.7618
          round 2: purity=0.001 anchors=8  margin=0.3905  mean-anchor=0.7612
  [concat] pre: acc=0.4503 novelty-AUC=0.5506
          round 1: purity=0.003 anchors=4  margin=0.6401  mean-anchor=0.7024
          round 2: purity=0.000 anchors=8  margin=0.5576  mean-anchor=0.6128
  [res   ] pre: acc=0.4411 novelty-AUC=0.2939
          round 1: purity=0.000 anchors=4  margin=0.6749  mean-anchor=0.8094
          round 2: purity=0.003 anchors=6  margin=0.5898  mean-anchor=0.8216
  [supres] pre: acc=0.3810 novelty-AUC=0.2996
          round 1: purity=0.000 anchors=4  margin=0.4768  mean-anchor=0.7100
          round 2: purity=0.000 anchors=5  margin=0.4530  mean-anchor=0.6835
Done.
