/home/pharris/venv/lib64/python3.9/site-packages/networkx/utils/backends.py:135: RuntimeWarning: networkx backend defined more than once: nx-loopback
  backends.update(_get_backends("networkx.backends"))
  CIFAR two-view embedding-train images (no {64, 34, 4, 74, 44, 14, 84, 54, 24, 94}): 45000
  CIFAR two-view embedding-train images (no {64, 34, 4, 74, 44, 14, 84, 54, 24, 94}): 45000
exp28 [cifar100] emb_dim=64 holdout=[4, 14, 24, 34, 44, 54, 64, 74, 84, 94] ssl_ep=20 res_ep=10 arms=sup,ssl,concat,res,supres

----- space: sup (supervised SIGReg, exp-26 recipe) -----
Using cache found in /home/pharris/.cache/torch/hub/chenyaofo_pytorch-cifar-models_master
  cifar100 balanced loader (no {64, 34, 4, 74, 44, 14, 84, 54, 24, 94}): 45000 images, 75 batches of 25x24
  [sigreg+proto] epoch 1/10  sigreg=0.7804  proto=3.3429  min_dist=4.07  mean_dist=5.60
  [sigreg+proto] epoch 2/10  sigreg=0.6938  proto=1.9735  min_dist=4.50  mean_dist=6.14
  [sigreg+proto] epoch 3/10  sigreg=0.6789  proto=1.5075  min_dist=4.85  mean_dist=6.63
  [sigreg+proto] epoch 4/10  sigreg=0.6809  proto=1.2762  min_dist=5.18  mean_dist=7.08
  [sigreg+proto] epoch 5/10  sigreg=0.6825  proto=1.1335  min_dist=5.50  mean_dist=7.50
  [sigreg+proto] epoch 6/10  sigreg=0.6917  proto=1.0372  min_dist=5.79  mean_dist=7.88
  [sigreg+proto] epoch 7/10  sigreg=0.7061  proto=0.9703  min_dist=6.07  mean_dist=8.24
  [sigreg+proto] epoch 8/10  sigreg=0.7098  proto=0.8444  min_dist=6.34  mean_dist=8.57
  [sigreg+proto] epoch 9/10  sigreg=0.7174  proto=0.8164  min_dist=6.59  mean_dist=8.89
  [sigreg+proto] epoch 10/10  sigreg=0.7255  proto=0.7550  min_dist=6.83  mean_dist=9.19

----- space: ssl (unlabeled SIGReg + augmentations) -----
Using cache found in /home/pharris/.cache/torch/hub/chenyaofo_pytorch-cifar-models_master
  [sigreg-ssl] epoch 1/20  inv=0.0979  sigreg=0.1316
  [sigreg-ssl] epoch 2/20  inv=0.0889  sigreg=0.0874
  [sigreg-ssl] epoch 3/20  inv=0.0847  sigreg=0.0791
  [sigreg-ssl] epoch 4/20  inv=0.0826  sigreg=0.0741
  [sigreg-ssl] epoch 5/20  inv=0.0802  sigreg=0.0715
  [sigreg-ssl] epoch 6/20  inv=0.0780  sigreg=0.0684
  [sigreg-ssl] epoch 7/20  inv=0.0760  sigreg=0.0669
  [sigreg-ssl] epoch 8/20  inv=0.0756  sigreg=0.0649
  [sigreg-ssl] epoch 9/20  inv=0.0744  sigreg=0.0635
  [sigreg-ssl] epoch 10/20  inv=0.0730  sigreg=0.0619
  [sigreg-ssl] epoch 11/20  inv=0.0729  sigreg=0.0608
  [sigreg-ssl] epoch 12/20  inv=0.0718  sigreg=0.0599
  [sigreg-ssl] epoch 13/20  inv=0.0712  sigreg=0.0604
  [sigreg-ssl] epoch 14/20  inv=0.0705  sigreg=0.0585
  [sigreg-ssl] epoch 15/20  inv=0.0699  sigreg=0.0582
  [sigreg-ssl] epoch 16/20  inv=0.0698  sigreg=0.0578
  [sigreg-ssl] epoch 17/20  inv=0.0683  sigreg=0.0572
  [sigreg-ssl] epoch 18/20  inv=0.0674  sigreg=0.0556
  [sigreg-ssl] epoch 19/20  inv=0.0675  sigreg=0.0560
  [sigreg-ssl] epoch 20/20  inv=0.0671  sigreg=0.0549

----- space: res (SSL on the supervised residual) -----
  [sigreg-residual] epoch 1/10  inv=0.0180  res-sigreg=0.0503
  [sigreg-residual] epoch 2/10  inv=0.0086  res-sigreg=0.0387
  [sigreg-residual] epoch 3/10  inv=0.0087  res-sigreg=0.0362
  [sigreg-residual] epoch 4/10  inv=0.0086  res-sigreg=0.0344
  [sigreg-residual] epoch 5/10  inv=0.0087  res-sigreg=0.0332
  [sigreg-residual] epoch 6/10  inv=0.0087  res-sigreg=0.0322
  [sigreg-residual] epoch 7/10  inv=0.0084  res-sigreg=0.0318
  [sigreg-residual] epoch 8/10  inv=0.0085  res-sigreg=0.0312
  [sigreg-residual] epoch 9/10  inv=0.0085  res-sigreg=0.0309
  [sigreg-residual] epoch 10/10  inv=0.0085  res-sigreg=0.0301

----- space: supres (supervised on the ssl residual) -----
  cifar100 balanced loader (no {64, 34, 4, 74, 44, 14, 84, 54, 24, 94}): 45000 images, 75 batches of 25x24
  [sigreg+proto] epoch 1/10  sigreg=0.5258  proto=4.0781  min_dist=1.58  mean_dist=6.61
  [sigreg+proto] epoch 2/10  sigreg=0.5658  proto=3.3248  min_dist=2.01  mean_dist=7.09
  [sigreg+proto] epoch 3/10  sigreg=0.5772  proto=2.9559  min_dist=2.36  mean_dist=7.52
  [sigreg+proto] epoch 4/10  sigreg=0.6028  proto=2.8506  min_dist=2.68  mean_dist=7.92
  [sigreg+proto] epoch 5/10  sigreg=0.6257  proto=2.5573  min_dist=2.96  mean_dist=8.28
  [sigreg+proto] epoch 6/10  sigreg=0.6389  proto=2.4423  min_dist=3.20  mean_dist=8.62
  [sigreg+proto] epoch 7/10  sigreg=0.6521  proto=2.2091  min_dist=3.42  mean_dist=8.93
  [sigreg+proto] epoch 8/10  sigreg=0.6641  proto=2.1151  min_dist=3.61  mean_dist=9.22
  [sigreg+proto] epoch 9/10  sigreg=0.6753  proto=2.0019  min_dist=3.81  mean_dist=9.49
  [sigreg+proto] epoch 10/10  sigreg=0.6882  proto=1.9428  min_dist=3.99  mean_dist=9.75

----- pre-discovery metrics -----
  [sup   ] seen nearest-anchor acc=0.5648  novelty AUC=0.5451
  [ssl   ] seen nearest-anchor acc=0.2267  novelty AUC=0.5185
  [concat] seen nearest-anchor acc=0.4920  novelty AUC=0.5632
  [res   ] seen nearest-anchor acc=0.1631  novelty AUC=0.4307
  [supres] seen nearest-anchor acc=0.4732  novelty AUC=0.5026

----- gaussianity (seen classes, test set) -----
  metric                               sup           ssl        concat           res        supres
  eig min (class cov)                0.000         0.000        -0.000        -0.000         0.000
  eig max (class cov)                8.069        22.588        24.748         6.254         9.920
  eig cond worst                   77071.1    24127712.024748262162432.06253638057984.0     1396582.4
  class RMS min                      0.386         0.443         0.433         0.157         0.371
  class RMS mean                     0.521         0.707         0.622         0.225         0.487
  class RMS max                      0.625         0.931         0.793         0.381         0.640
  max |corr| (worst class)           0.903         0.989         0.989         0.994         0.945
  SW ratio mean                       1.31          2.42          1.57          3.72          1.53
  SW ratio worst                      2.57          6.72          3.61          8.84          2.80
  |skew| mean                        0.260         0.408         0.302         0.568         0.312
  |ex-kurt| mean                     0.465         0.676         0.506         1.268         0.506
  centroid dist min                   1.02          0.81          1.58          0.12          0.59
  centroid dist mean                  5.42          6.21          8.31          2.43          6.07
  separation (min d/RMS)              1.96          1.15          2.54          0.54          1.22
  saved /home/pharris/sigreg/SuperSig/plots/latent_cifar100_exp28_64d_k10.png

----- discovery: sup -----
  [sigreg+proto] epoch 1/5  sigreg=0.8262  proto=1.9369  min_dist=6.18  mean_dist=9.53
  [sigreg+proto] epoch 2/5  sigreg=0.8252  proto=1.3279  min_dist=6.38  mean_dist=9.94
  [sigreg+proto] epoch 3/5  sigreg=0.8342  proto=1.2057  min_dist=6.57  mean_dist=10.31
  [sigreg+proto] epoch 4/5  sigreg=0.8480  proto=1.1305  min_dist=6.76  mean_dist=10.66
  [sigreg+proto] epoch 5/5  sigreg=0.8568  proto=1.0619  min_dist=6.91  mean_dist=10.98
  round 1: pool=2498 purity=0.099 k-hat=12 anchors=12  margin=0.6260  mean-anchor=0.7730  
  [sigreg+proto] epoch 1/5  sigreg=0.9990  proto=3.6739  min_dist=3.41  mean_dist=10.90
  [sigreg+proto] epoch 2/5  sigreg=0.9572  proto=2.1414  min_dist=3.48  mean_dist=11.19
  [sigreg+proto] epoch 3/5  sigreg=0.9377  proto=1.7813  min_dist=3.55  mean_dist=11.47
  [sigreg+proto] epoch 4/5  sigreg=0.9464  proto=1.6976  min_dist=3.63  mean_dist=11.75
  [sigreg+proto] epoch 5/5  sigreg=0.9433  proto=1.4470  min_dist=3.69  mean_dist=12.01
  round 2: pool=2550 purity=0.118 k-hat=12 anchors=24  margin=0.6495  mean-anchor=0.7442  

----- discovery: ssl (centroid anchors) -----
  [sigreg+proto] epoch 1/5  sigreg=0.4865  proto=5.1888  min_dist=1.61  mean_dist=7.37
  [sigreg+proto] epoch 2/5  sigreg=0.5175  proto=4.3467  min_dist=2.06  mean_dist=7.83
  [sigreg+proto] epoch 3/5  sigreg=0.5460  proto=4.0111  min_dist=2.44  mean_dist=8.24
  [sigreg+proto] epoch 4/5  sigreg=0.5801  proto=3.8486  min_dist=2.77  mean_dist=8.61
  [sigreg+proto] epoch 5/5  sigreg=0.6067  proto=3.5376  min_dist=3.06  mean_dist=8.96
  round 1: pool=2516 purity=0.106 k-hat=12 anchors=12  margin=0.5359  mean-anchor=0.7815  
  [sigreg+proto] epoch 1/5  sigreg=0.6500  proto=3.6555  min_dist=3.50  mean_dist=9.56
  [sigreg+proto] epoch 2/5  sigreg=0.7039  proto=3.1829  min_dist=3.79  mean_dist=9.99
  [sigreg+proto] epoch 3/5  sigreg=0.7619  proto=2.8850  min_dist=4.04  mean_dist=10.36
  [sigreg+proto] epoch 4/5  sigreg=0.8125  proto=2.6881  min_dist=4.27  mean_dist=10.71
  [sigreg+proto] epoch 5/5  sigreg=0.8566  proto=2.5468  min_dist=4.46  mean_dist=11.02
  round 2: pool=2455 purity=0.084 k-hat=12 anchors=24  margin=0.5304  mean-anchor=0.7416  

----- discovery: concat (ft sup branch only) -----
  [sigreg+proto] epoch 1/5  sigreg=0.9450  proto=2.8885  min_dist=2.23  mean_dist=9.24
  [sigreg+proto] epoch 2/5  sigreg=0.9076  proto=1.8780  min_dist=2.38  mean_dist=9.64
  [sigreg+proto] epoch 3/5  sigreg=0.8844  proto=1.6389  min_dist=2.46  mean_dist=10.01
  [sigreg+proto] epoch 4/5  sigreg=0.8970  proto=1.4141  min_dist=2.51  mean_dist=10.36
  [sigreg+proto] epoch 5/5  sigreg=0.8812  proto=1.3581  min_dist=2.57  mean_dist=10.69
  round 1: pool=2513 purity=0.105 k-hat=12 anchors=12  margin=0.6943  mean-anchor=0.7748  
  [sigreg+proto] epoch 1/5  sigreg=0.8946  proto=4.1897  min_dist=1.86  mean_dist=10.60
  [sigreg+proto] epoch 2/5  sigreg=0.8552  proto=2.6957  min_dist=1.86  mean_dist=10.90
  [sigreg+proto] epoch 3/5  sigreg=0.8610  proto=2.3936  min_dist=1.88  mean_dist=11.19
  [sigreg+proto] epoch 4/5  sigreg=0.8736  proto=2.1039  min_dist=1.91  mean_dist=11.47
  [sigreg+proto] epoch 5/5  sigreg=0.8947  proto=1.9752  min_dist=1.94  mean_dist=11.73
  round 2: pool=2436 purity=0.076 k-hat=12 anchors=24  margin=0.6605  mean-anchor=0.7888  

----- discovery: res (centroid anchors) -----
  [sigreg+proto] epoch 1/5  sigreg=0.5979  proto=3.2022  min_dist=0.56  mean_dist=3.64
  [sigreg+proto] epoch 2/5  sigreg=0.5383  proto=2.8693  min_dist=0.77  mean_dist=4.08
  [sigreg+proto] epoch 3/5  sigreg=0.4994  proto=2.6500  min_dist=0.95  mean_dist=4.46
  [sigreg+proto] epoch 4/5  sigreg=0.4802  proto=2.5110  min_dist=1.10  mean_dist=4.80
  [sigreg+proto] epoch 5/5  sigreg=0.4719  proto=2.4481  min_dist=1.23  mean_dist=5.11
  round 1: pool=2367 purity=0.049 k-hat=10 anchors=10  margin=0.4393  mean-anchor=0.7369  
  [sigreg+proto] epoch 1/5  sigreg=0.5027  proto=2.8654  min_dist=1.79  mean_dist=6.52
  [sigreg+proto] epoch 2/5  sigreg=0.5113  proto=2.5534  min_dist=2.21  mean_dist=7.09
  [sigreg+proto] epoch 3/5  sigreg=0.5251  proto=2.4693  min_dist=2.55  mean_dist=7.58
  [sigreg+proto] epoch 4/5  sigreg=0.5374  proto=2.4926  min_dist=2.85  mean_dist=8.01
  [sigreg+proto] epoch 5/5  sigreg=0.5593  proto=2.5195  min_dist=3.11  mean_dist=8.40
  round 2: pool=2363 purity=0.048 k-hat=12 anchors=22  margin=0.4049  mean-anchor=0.8231  

----- discovery: supres -----
  [sigreg+proto] epoch 1/5  sigreg=0.6814  proto=2.7540  min_dist=3.58  mean_dist=10.16
  [sigreg+proto] epoch 2/5  sigreg=0.7155  proto=2.2703  min_dist=3.68  mean_dist=10.52
  [sigreg+proto] epoch 3/5  sigreg=0.7438  proto=2.1000  min_dist=3.77  mean_dist=10.84
  [sigreg+proto] epoch 4/5  sigreg=0.7757  proto=2.0086  min_dist=3.86  mean_dist=11.14
  [sigreg+proto] epoch 5/5  sigreg=0.8011  proto=1.8746  min_dist=3.93  mean_dist=11.41
  round 1: pool=2508 purity=0.103 k-hat=12 anchors=12  margin=0.6122  mean-anchor=0.8014  
  [sigreg+proto] epoch 1/5  sigreg=0.6822  proto=3.7585  min_dist=3.25  mean_dist=11.28
  [sigreg+proto] epoch 2/5  sigreg=0.6975  proto=2.9071  min_dist=3.38  mean_dist=11.58
  [sigreg+proto] epoch 3/5  sigreg=0.7184  proto=2.5746  min_dist=3.56  mean_dist=11.88
  [sigreg+proto] epoch 4/5  sigreg=0.7419  proto=2.5362  min_dist=3.73  mean_dist=12.15
  [sigreg+proto] epoch 5/5  sigreg=0.7637  proto=2.3456  min_dist=3.91  mean_dist=12.40
  round 2: pool=2519 purity=0.107 k-hat=12 anchors=24  margin=0.6320  mean-anchor=0.7887  

===== EXP28 SUMMARY [cifar100, 64d] =====
  [sup   ] pre: acc=0.5648 novelty-AUC=0.5451
          round 1: purity=0.099 anchors=12  margin=0.6260  mean-anchor=0.7730
          round 2: purity=0.118 anchors=24  margin=0.6495  mean-anchor=0.7442
  [ssl   ] pre: acc=0.2267 novelty-AUC=0.5185
          round 1: purity=0.106 anchors=12  margin=0.5359  mean-anchor=0.7815
          round 2: purity=0.084 anchors=24  margin=0.5304  mean-anchor=0.7416
  [concat] pre: acc=0.4920 novelty-AUC=0.5632
          round 1: purity=0.105 anchors=12  margin=0.6943  mean-anchor=0.7748
          round 2: purity=0.076 anchors=24  margin=0.6605  mean-anchor=0.7888
  [res   ] pre: acc=0.1631 novelty-AUC=0.4307
          round 1: purity=0.049 anchors=10  margin=0.4393  mean-anchor=0.7369
          round 2: purity=0.048 anchors=22  margin=0.4049  mean-anchor=0.8231
  [supres] pre: acc=0.4732 novelty-AUC=0.5026
          round 1: purity=0.103 anchors=12  margin=0.6122  mean-anchor=0.8014
          round 2: purity=0.107 anchors=24  margin=0.6320  mean-anchor=0.7887
Done.
