/home/pharris/venv/lib64/python3.9/site-packages/networkx/utils/backends.py:135: RuntimeWarning: networkx backend defined more than once: nx-loopback
  backends.update(_get_backends("networkx.backends"))
  CIFAR two-view embedding-train images (no {4}): 45000
  CIFAR two-view embedding-train images (no {4}): 45000
exp28 [cifar10] emb_dim=64 holdout=[4] ssl_ep=20 res_ep=10 arms=res res-classwise

----- space: sup (supervised SIGReg, exp-26 recipe) -----
Using cache found in /home/pharris/.cache/torch/hub/chenyaofo_pytorch-cifar-models_master
  cifar10 balanced loader (no {4}): 45000 images, 208 batches of 9x24
  [sigreg+proto] epoch 1/10  sigreg=0.3043  proto=0.9845  min_dist=5.66  mean_dist=5.83
  [sigreg+proto] epoch 2/10  sigreg=0.1557  proto=0.5287  min_dist=6.72  mean_dist=7.25
  [sigreg+proto] epoch 3/10  sigreg=0.1431  proto=0.4854  min_dist=7.78  mean_dist=8.62
  [sigreg+proto] epoch 4/10  sigreg=0.1392  proto=0.4508  min_dist=8.65  mean_dist=9.76
  [sigreg+proto] epoch 5/10  sigreg=0.1362  proto=0.4478  min_dist=9.35  mean_dist=10.71
  [sigreg+proto] epoch 6/10  sigreg=0.1349  proto=0.4037  min_dist=9.94  mean_dist=11.53
  [sigreg+proto] epoch 7/10  sigreg=0.1348  proto=0.4043  min_dist=10.46  mean_dist=12.24
  [sigreg+proto] epoch 8/10  sigreg=0.1335  proto=0.3752  min_dist=10.86  mean_dist=12.86
  [sigreg+proto] epoch 9/10  sigreg=0.1332  proto=0.3475  min_dist=11.22  mean_dist=13.40
  [sigreg+proto] epoch 10/10  sigreg=0.1334  proto=0.3268  min_dist=11.52  mean_dist=13.87

----- space: res (SSL on the supervised residual, classwise) -----
  cifar10 balanced two-view loader (no {4}): 45000 images, 208 batches of 9x24
  [sigreg-residual-cw] epoch 1/10  inv=0.2503  res-sigreg=0.2494
  [sigreg-residual-cw] epoch 2/10  inv=0.1894  res-sigreg=0.2201
  [sigreg-residual-cw] epoch 3/10  inv=0.1711  res-sigreg=0.2125
  [sigreg-residual-cw] epoch 4/10  inv=0.1637  res-sigreg=0.2076
  [sigreg-residual-cw] epoch 5/10  inv=0.1569  res-sigreg=0.2026
  [sigreg-residual-cw] epoch 6/10  inv=0.1511  res-sigreg=0.1997
  [sigreg-residual-cw] epoch 7/10  inv=0.1478  res-sigreg=0.1979
  [sigreg-residual-cw] epoch 8/10  inv=0.1440  res-sigreg=0.1959
  [sigreg-residual-cw] epoch 9/10  inv=0.1405  res-sigreg=0.1942
  [sigreg-residual-cw] epoch 10/10  inv=0.1378  res-sigreg=0.1916

----- pre-discovery metrics -----
  [res   ] seen nearest-anchor acc=0.8381  novelty AUC=0.6003

----- gaussianity (seen classes, test set) -----
  metric                               res
  eig min (class cov)                0.000
  eig max (class cov)               24.607
  eig cond worst                  745468.1
  class RMS min                      0.767
  class RMS mean                     0.848
  class RMS max                      0.909
  max |corr| (worst class)           0.996
  SW ratio mean                       7.93
  SW ratio worst                     11.80
  |skew| mean                        0.325
  |ex-kurt| mean                     0.403
  centroid dist min                   8.94
  centroid dist mean                 12.60
  separation (min d/RMS)             10.55
  saved /home/pharris/sigreg/SuperSig/plots/latent_cifar10_exp28_64d_resc.png

----- discovery: res (centroid anchors) -----
  [sigreg+proto] epoch 1/5  sigreg=0.2083  proto=3.1790  min_dist=6.50  mean_dist=12.93
  [sigreg+proto] epoch 2/5  sigreg=0.1716  proto=1.7858  min_dist=7.34  mean_dist=13.73
  [sigreg+proto] epoch 3/5  sigreg=0.1669  proto=1.4069  min_dist=8.01  mean_dist=14.41
  [sigreg+proto] epoch 4/5  sigreg=0.1639  proto=1.2053  min_dist=8.52  mean_dist=14.98
  [sigreg+proto] epoch 5/5  sigreg=0.1621  proto=1.0845  min_dist=8.95  mean_dist=15.46
  round 1: pool=2351 purity=0.043 k-hat=3 anchors=3  margin=0.7708  mean-anchor=0.8551  deer=0.855
  [sigreg+proto] epoch 1/5  sigreg=0.1875  proto=2.7204  min_dist=6.07  mean_dist=15.26
  [sigreg+proto] epoch 2/5  sigreg=0.1781  proto=2.0154  min_dist=6.89  mean_dist=15.79
  [sigreg+proto] epoch 3/5  sigreg=0.1769  proto=1.8687  min_dist=7.50  mean_dist=16.24
  [sigreg+proto] epoch 4/5  sigreg=0.1747  proto=1.7573  min_dist=7.96  mean_dist=16.63
  [sigreg+proto] epoch 5/5  sigreg=0.1750  proto=1.7157  min_dist=8.36  mean_dist=16.97
  round 2: pool=2686 purity=0.162 k-hat=4 anchors=7  margin=0.8062  mean-anchor=0.8862  deer=0.886

===== EXP28 SUMMARY [cifar10, 64d] =====
  [res   ] pre: acc=0.8381 novelty-AUC=0.6003
          round 1: purity=0.043 anchors=3  margin=0.7708  mean-anchor=0.8551
          round 2: purity=0.162 anchors=7  margin=0.8062  mean-anchor=0.8862
Done.
