/home/pharris/venv/lib64/python3.9/site-packages/networkx/utils/backends.py:135: RuntimeWarning: networkx backend defined more than once: nx-loopback
  backends.update(_get_backends("networkx.backends"))
  CIFAR two-view embedding-train images (no {64, 34, 4, 74, 44, 14, 84, 54, 24, 94}): 45000
  CIFAR two-view embedding-train images (no {64, 34, 4, 74, 44, 14, 84, 54, 24, 94}): 45000
exp28 [cifar100] emb_dim=32 holdout=[4, 14, 24, 34, 44, 54, 64, 74, 84, 94] ssl_ep=20 res_ep=10 arms=sup,ssl,concat,res,supres

----- space: sup (supervised SIGReg, exp-26 recipe) -----
Using cache found in /home/pharris/.cache/torch/hub/chenyaofo_pytorch-cifar-models_master
  cifar100 balanced loader (no {64, 34, 4, 74, 44, 14, 84, 54, 24, 94}): 45000 images, 75 batches of 25x24
  [sigreg+proto] epoch 1/10  sigreg=0.9088  proto=3.5665  min_dist=3.72  mean_dist=5.42
  [sigreg+proto] epoch 2/10  sigreg=0.7655  proto=2.3654  min_dist=3.99  mean_dist=5.83
  [sigreg+proto] epoch 3/10  sigreg=0.7315  proto=1.8941  min_dist=4.21  mean_dist=6.21
  [sigreg+proto] epoch 4/10  sigreg=0.7306  proto=1.5883  min_dist=4.41  mean_dist=6.56
  [sigreg+proto] epoch 5/10  sigreg=0.7316  proto=1.4362  min_dist=4.59  mean_dist=6.90
  [sigreg+proto] epoch 6/10  sigreg=0.7434  proto=1.3154  min_dist=4.77  mean_dist=7.21
  [sigreg+proto] epoch 7/10  sigreg=0.7455  proto=1.1979  min_dist=4.94  mean_dist=7.50
  [sigreg+proto] epoch 8/10  sigreg=0.7603  proto=1.1202  min_dist=5.08  mean_dist=7.79
  [sigreg+proto] epoch 9/10  sigreg=0.7755  proto=1.0535  min_dist=5.22  mean_dist=8.05
  [sigreg+proto] epoch 10/10  sigreg=0.7878  proto=1.0303  min_dist=5.36  mean_dist=8.31

----- space: ssl (unlabeled SIGReg + augmentations) -----
Using cache found in /home/pharris/.cache/torch/hub/chenyaofo_pytorch-cifar-models_master
  [sigreg-ssl] epoch 1/20  inv=0.0983  sigreg=0.1281
  [sigreg-ssl] epoch 2/20  inv=0.0905  sigreg=0.0812
  [sigreg-ssl] epoch 3/20  inv=0.0845  sigreg=0.0732
  [sigreg-ssl] epoch 4/20  inv=0.0820  sigreg=0.0674
  [sigreg-ssl] epoch 5/20  inv=0.0809  sigreg=0.0644
  [sigreg-ssl] epoch 6/20  inv=0.0793  sigreg=0.0624
  [sigreg-ssl] epoch 7/20  inv=0.0773  sigreg=0.0606
  [sigreg-ssl] epoch 8/20  inv=0.0756  sigreg=0.0589
  [sigreg-ssl] epoch 9/20  inv=0.0751  sigreg=0.0565
  [sigreg-ssl] epoch 10/20  inv=0.0741  sigreg=0.0559
  [sigreg-ssl] epoch 11/20  inv=0.0733  sigreg=0.0550
  [sigreg-ssl] epoch 12/20  inv=0.0730  sigreg=0.0536
  [sigreg-ssl] epoch 13/20  inv=0.0719  sigreg=0.0524
  [sigreg-ssl] epoch 14/20  inv=0.0703  sigreg=0.0514
  [sigreg-ssl] epoch 15/20  inv=0.0706  sigreg=0.0509
  [sigreg-ssl] epoch 16/20  inv=0.0697  sigreg=0.0508
  [sigreg-ssl] epoch 17/20  inv=0.0695  sigreg=0.0499
  [sigreg-ssl] epoch 18/20  inv=0.0685  sigreg=0.0488
  [sigreg-ssl] epoch 19/20  inv=0.0689  sigreg=0.0492
  [sigreg-ssl] epoch 20/20  inv=0.0678  sigreg=0.0474

----- space: res (SSL on the supervised residual) -----
  [sigreg-residual] epoch 1/10  inv=0.0179  res-sigreg=0.0284
  [sigreg-residual] epoch 2/10  inv=0.0010  res-sigreg=0.0287
  [sigreg-residual] epoch 3/10  inv=0.0010  res-sigreg=0.0283
  [sigreg-residual] epoch 4/10  inv=0.0011  res-sigreg=0.0281
  [sigreg-residual] epoch 5/10  inv=0.0012  res-sigreg=0.0277
  [sigreg-residual] epoch 6/10  inv=0.0013  res-sigreg=0.0275
  [sigreg-residual] epoch 7/10  inv=0.0013  res-sigreg=0.0272
  [sigreg-residual] epoch 8/10  inv=0.0014  res-sigreg=0.0271
  [sigreg-residual] epoch 9/10  inv=0.0014  res-sigreg=0.0270
  [sigreg-residual] epoch 10/10  inv=0.0014  res-sigreg=0.0265

----- space: supres (supervised on the ssl residual) -----
  cifar100 balanced loader (no {64, 34, 4, 74, 44, 14, 84, 54, 24, 94}): 45000 images, 75 batches of 25x24
  [sigreg+proto] epoch 1/10  sigreg=0.4070  proto=3.0747  min_dist=1.13  mean_dist=4.90
  [sigreg+proto] epoch 2/10  sigreg=0.4109  proto=2.6977  min_dist=1.44  mean_dist=5.29
  [sigreg+proto] epoch 3/10  sigreg=0.4035  proto=2.4747  min_dist=1.69  mean_dist=5.64
  [sigreg+proto] epoch 4/10  sigreg=0.4080  proto=2.4431  min_dist=1.91  mean_dist=5.97
  [sigreg+proto] epoch 5/10  sigreg=0.4187  proto=2.2770  min_dist=2.11  mean_dist=6.28
  [sigreg+proto] epoch 6/10  sigreg=0.4251  proto=2.2517  min_dist=2.29  mean_dist=6.57
  [sigreg+proto] epoch 7/10  sigreg=0.4308  proto=2.1245  min_dist=2.46  mean_dist=6.84
  [sigreg+proto] epoch 8/10  sigreg=0.4388  proto=2.0357  min_dist=2.62  mean_dist=7.09
  [sigreg+proto] epoch 9/10  sigreg=0.4497  proto=1.9633  min_dist=2.76  mean_dist=7.34
  [sigreg+proto] epoch 10/10  sigreg=0.4620  proto=1.9460  min_dist=2.91  mean_dist=7.57

----- pre-discovery metrics -----
  [sup   ] seen nearest-anchor acc=0.5036  novelty AUC=0.6024
  [ssl   ] seen nearest-anchor acc=0.2230  novelty AUC=0.5121
  [concat] seen nearest-anchor acc=0.5110  novelty AUC=0.6069
  [res   ] seen nearest-anchor acc=0.1579  novelty AUC=0.4305
  [supres] seen nearest-anchor acc=0.4296  novelty AUC=0.4629

----- gaussianity (seen classes, test set) -----
  metric                               sup           ssl        concat           res        supres
  eig min (class cov)                0.001         0.000         0.000        -0.000         0.000
  eig max (class cov)                9.049        12.154        13.390         0.468        10.978
  eig cond worst                    3596.7      223594.0      911681.8309292630016.0       38316.0
  class RMS min                      0.433         0.501         0.473         0.057         0.556
  class RMS mean                     0.623         0.742         0.686         0.085         0.677
  class RMS max                      0.785         0.994         0.884         0.155         0.907
  max |corr| (worst class)           0.876         0.961         0.961         0.998         0.923
  SW ratio mean                       1.44          2.56          1.49          3.79          1.47
  SW ratio worst                      2.41          6.99          3.31          6.50          2.07
  |skew| mean                        0.281         0.420         0.288         0.583         0.294
  |ex-kurt| mean                     0.509         0.724         0.487         1.098         0.469
  centroid dist min                   0.76          0.65          1.13          0.04          0.87
  centroid dist mean                  4.71          4.45          6.54          0.61          5.89
  separation (min d/RMS)              1.23          0.88          1.65          0.51          1.28
  saved /home/pharris/sigreg/SuperSig/plots/latent_cifar100_exp28_32d_k10.png

----- discovery: sup -----
  [sigreg+proto] epoch 1/5  sigreg=0.8668  proto=1.9469  min_dist=4.19  mean_dist=8.74
  [sigreg+proto] epoch 2/5  sigreg=0.8713  proto=1.4960  min_dist=4.34  mean_dist=9.09
  [sigreg+proto] epoch 3/5  sigreg=0.8947  proto=1.4032  min_dist=4.48  mean_dist=9.42
  [sigreg+proto] epoch 4/5  sigreg=0.9229  proto=1.3601  min_dist=4.60  mean_dist=9.72
  [sigreg+proto] epoch 5/5  sigreg=0.9496  proto=1.2953  min_dist=4.72  mean_dist=10.00
  round 1: pool=2618 purity=0.141 k-hat=12 anchors=12  margin=0.6336  mean-anchor=0.7440  
  [sigreg+proto] epoch 1/5  sigreg=0.9842  proto=3.3961  min_dist=3.45  mean_dist=9.96
  [sigreg+proto] epoch 2/5  sigreg=0.9368  proto=2.5158  min_dist=3.60  mean_dist=10.23
  [sigreg+proto] epoch 3/5  sigreg=0.9278  proto=2.2745  min_dist=3.76  mean_dist=10.50
  [sigreg+proto] epoch 4/5  sigreg=0.9393  proto=2.0299  min_dist=3.93  mean_dist=10.75
  [sigreg+proto] epoch 5/5  sigreg=0.9674  proto=1.9535  min_dist=4.09  mean_dist=10.99
  round 2: pool=2695 purity=0.165 k-hat=12 anchors=24  margin=0.6917  mean-anchor=0.7555  

----- discovery: ssl (centroid anchors) -----
  [sigreg+proto] epoch 1/5  sigreg=0.3832  proto=3.4970  min_dist=1.14  mean_dist=5.44
  [sigreg+proto] epoch 2/5  sigreg=0.3913  proto=3.1824  min_dist=1.45  mean_dist=5.84
  [sigreg+proto] epoch 3/5  sigreg=0.4060  proto=3.1389  min_dist=1.69  mean_dist=6.21
  [sigreg+proto] epoch 4/5  sigreg=0.4154  proto=3.0370  min_dist=1.90  mean_dist=6.54
  [sigreg+proto] epoch 5/5  sigreg=0.4362  proto=3.0131  min_dist=2.09  mean_dist=6.86
  round 1: pool=2438 purity=0.077 k-hat=12 anchors=12  margin=0.4935  mean-anchor=0.7923  
  [sigreg+proto] epoch 1/5  sigreg=0.4736  proto=3.0013  min_dist=2.55  mean_dist=7.48
  [sigreg+proto] epoch 2/5  sigreg=0.5061  proto=2.8529  min_dist=2.94  mean_dist=7.92
  [sigreg+proto] epoch 3/5  sigreg=0.5475  proto=2.8624  min_dist=3.18  mean_dist=8.31
  [sigreg+proto] epoch 4/5  sigreg=0.5844  proto=2.7098  min_dist=3.38  mean_dist=8.66
  [sigreg+proto] epoch 5/5  sigreg=0.6165  proto=2.7187  min_dist=3.58  mean_dist=8.99
  round 2: pool=2356 purity=0.045 k-hat=11 anchors=23  margin=0.5512  mean-anchor=0.7140  

----- discovery: concat (ft sup branch only) -----
  [sigreg+proto] epoch 1/5  sigreg=0.8512  proto=2.8829  min_dist=2.09  mean_dist=8.50
  [sigreg+proto] epoch 2/5  sigreg=0.8337  proto=2.2002  min_dist=2.17  mean_dist=8.85
  [sigreg+proto] epoch 3/5  sigreg=0.8458  proto=1.9985  min_dist=2.26  mean_dist=9.17
  [sigreg+proto] epoch 4/5  sigreg=0.8666  proto=1.8143  min_dist=2.35  mean_dist=9.47
  [sigreg+proto] epoch 5/5  sigreg=0.8854  proto=1.7097  min_dist=2.43  mean_dist=9.75
  round 1: pool=2586 purity=0.130 k-hat=11 anchors=11  margin=0.7018  mean-anchor=0.7877  
  [sigreg+proto] epoch 1/5  sigreg=0.9133  proto=3.6149  min_dist=1.94  mean_dist=9.73
  [sigreg+proto] epoch 2/5  sigreg=0.8801  proto=2.8669  min_dist=1.97  mean_dist=10.01
  [sigreg+proto] epoch 3/5  sigreg=0.9099  proto=2.5349  min_dist=2.01  mean_dist=10.28
  [sigreg+proto] epoch 4/5  sigreg=0.9247  proto=2.3702  min_dist=2.05  mean_dist=10.53
  [sigreg+proto] epoch 5/5  sigreg=0.9334  proto=2.2783  min_dist=2.10  mean_dist=10.77
  round 2: pool=2568 purity=0.124 k-hat=12 anchors=23  margin=0.6942  mean-anchor=0.7968  

----- discovery: res (centroid anchors) -----
    merged 4 -> 1 anchors
  [sigreg+proto] epoch 1/5  sigreg=0.5269  proto=3.5944  min_dist=0.25  mean_dist=1.51
  [sigreg+proto] epoch 2/5  sigreg=0.5233  proto=3.0579  min_dist=0.33  mean_dist=1.74
  [sigreg+proto] epoch 3/5  sigreg=0.5109  proto=2.8419  min_dist=0.39  mean_dist=1.92
  [sigreg+proto] epoch 4/5  sigreg=0.5113  proto=2.5918  min_dist=0.44  mean_dist=2.09
  [sigreg+proto] epoch 5/5  sigreg=0.5120  proto=2.3581  min_dist=0.49  mean_dist=2.24
  round 1: pool=2426 purity=0.073 k-hat=4 anchors=1  margin=0.5630  mean-anchor=0.5347  
  [sigreg+proto] epoch 1/5  sigreg=0.4607  proto=2.6983  min_dist=0.77  mean_dist=3.78
  [sigreg+proto] epoch 2/5  sigreg=0.4274  proto=2.2336  min_dist=0.94  mean_dist=4.14
  [sigreg+proto] epoch 3/5  sigreg=0.4206  proto=2.1852  min_dist=1.07  mean_dist=4.44
  [sigreg+proto] epoch 4/5  sigreg=0.4122  proto=2.0533  min_dist=1.18  mean_dist=4.71
  [sigreg+proto] epoch 5/5  sigreg=0.4056  proto=1.9500  min_dist=1.28  mean_dist=4.96
  round 2: pool=2424 purity=0.072 k-hat=12 anchors=13  margin=0.5649  mean-anchor=0.6187  

----- discovery: supres -----
  [sigreg+proto] epoch 1/5  sigreg=0.5085  proto=2.3610  min_dist=3.32  mean_dist=8.23
  [sigreg+proto] epoch 2/5  sigreg=0.5348  proto=2.1766  min_dist=3.67  mean_dist=8.64
  [sigreg+proto] epoch 3/5  sigreg=0.5731  proto=2.0847  min_dist=3.90  mean_dist=9.00
  [sigreg+proto] epoch 4/5  sigreg=0.6132  proto=2.1153  min_dist=4.07  mean_dist=9.34
  [sigreg+proto] epoch 5/5  sigreg=0.6445  proto=2.0166  min_dist=4.23  mean_dist=9.64
  round 1: pool=2375 purity=0.053 k-hat=12 anchors=12  margin=0.5936  mean-anchor=0.7985  
  [sigreg+proto] epoch 1/5  sigreg=0.6396  proto=2.8719  min_dist=4.39  mean_dist=9.84
  [sigreg+proto] epoch 2/5  sigreg=0.6415  proto=2.4588  min_dist=4.55  mean_dist=10.18
  [sigreg+proto] epoch 3/5  sigreg=0.6842  proto=2.3824  min_dist=4.71  mean_dist=10.48
  [sigreg+proto] epoch 4/5  sigreg=0.7170  proto=2.2907  min_dist=4.85  mean_dist=10.76
  [sigreg+proto] epoch 5/5  sigreg=0.7435  proto=2.2202  min_dist=4.98  mean_dist=11.02
  round 2: pool=2364 purity=0.048 k-hat=12 anchors=24  margin=0.6242  mean-anchor=0.7991  

===== EXP28 SUMMARY [cifar100, 32d] =====
  [sup   ] pre: acc=0.5036 novelty-AUC=0.6024
          round 1: purity=0.141 anchors=12  margin=0.6336  mean-anchor=0.7440
          round 2: purity=0.165 anchors=24  margin=0.6917  mean-anchor=0.7555
  [ssl   ] pre: acc=0.2230 novelty-AUC=0.5121
          round 1: purity=0.077 anchors=12  margin=0.4935  mean-anchor=0.7923
          round 2: purity=0.045 anchors=23  margin=0.5512  mean-anchor=0.7140
  [concat] pre: acc=0.5110 novelty-AUC=0.6069
          round 1: purity=0.130 anchors=11  margin=0.7018  mean-anchor=0.7877
          round 2: purity=0.124 anchors=23  margin=0.6942  mean-anchor=0.7968
  [res   ] pre: acc=0.1579 novelty-AUC=0.4305
          round 1: purity=0.073 anchors=1  margin=0.5630  mean-anchor=0.5347
          round 2: purity=0.072 anchors=13  margin=0.5649  mean-anchor=0.6187
  [supres] pre: acc=0.4296 novelty-AUC=0.4629
          round 1: purity=0.053 anchors=12  margin=0.5936  mean-anchor=0.7985
          round 2: purity=0.048 anchors=24  margin=0.6242  mean-anchor=0.7991
Done.
