/home/pharris/venv/lib64/python3.9/site-packages/networkx/utils/backends.py:135: RuntimeWarning: networkx backend defined more than once: nx-loopback
  backends.update(_get_backends("networkx.backends"))
  two-view embedding-train images (no 4): 54158
  two-view embedding-train images (no 4): 54158
exp28 [mnist] emb_dim=8 holdout=[4] ssl_ep=20 res_ep=10

----- space: sup (supervised SIGReg, exp-26 recipe) -----
  mnist balanced loader (no {4}): 54158 images, 250 batches of 9x24
  [sigreg+proto] epoch 1/10  sigreg=0.3056  proto=0.6609  min_dist=3.31  mean_dist=5.58
  [sigreg+proto] epoch 2/10  sigreg=0.1338  proto=0.2071  min_dist=3.97  mean_dist=6.26
  [sigreg+proto] epoch 3/10  sigreg=0.1291  proto=0.1380  min_dist=4.53  mean_dist=6.85
  [sigreg+proto] epoch 4/10  sigreg=0.1261  proto=0.1043  min_dist=5.03  mean_dist=7.38
  [sigreg+proto] epoch 5/10  sigreg=0.1240  proto=0.0790  min_dist=5.48  mean_dist=7.86
  [sigreg+proto] epoch 6/10  sigreg=0.1217  proto=0.0627  min_dist=5.82  mean_dist=8.31
  [sigreg+proto] epoch 7/10  sigreg=0.1242  proto=0.0510  min_dist=6.09  mean_dist=8.73
  [sigreg+proto] epoch 8/10  sigreg=0.1214  proto=0.0424  min_dist=6.36  mean_dist=9.12
  [sigreg+proto] epoch 9/10  sigreg=0.1218  proto=0.0327  min_dist=6.61  mean_dist=9.50
  [sigreg+proto] epoch 10/10  sigreg=0.1189  proto=0.0283  min_dist=6.86  mean_dist=9.86

----- space: ssl (unlabeled SIGReg + augmentations) -----
  [sigreg-ssl] epoch 1/20  inv=0.0941  sigreg=0.1570
  [sigreg-ssl] epoch 2/20  inv=0.0456  sigreg=0.0759
  [sigreg-ssl] epoch 3/20  inv=0.0375  sigreg=0.0572
  [sigreg-ssl] epoch 4/20  inv=0.0341  sigreg=0.0440
  [sigreg-ssl] epoch 5/20  inv=0.0307  sigreg=0.0409
  [sigreg-ssl] epoch 6/20  inv=0.0283  sigreg=0.0387
  [sigreg-ssl] epoch 7/20  inv=0.0261  sigreg=0.0360
  [sigreg-ssl] epoch 8/20  inv=0.0252  sigreg=0.0345
  [sigreg-ssl] epoch 9/20  inv=0.0236  sigreg=0.0348
  [sigreg-ssl] epoch 10/20  inv=0.0231  sigreg=0.0337
  [sigreg-ssl] epoch 11/20  inv=0.0221  sigreg=0.0321
  [sigreg-ssl] epoch 12/20  inv=0.0215  sigreg=0.0330
  [sigreg-ssl] epoch 13/20  inv=0.0211  sigreg=0.0322
  [sigreg-ssl] epoch 14/20  inv=0.0204  sigreg=0.0316
  [sigreg-ssl] epoch 15/20  inv=0.0200  sigreg=0.0299
  [sigreg-ssl] epoch 16/20  inv=0.0198  sigreg=0.0290
  [sigreg-ssl] epoch 17/20  inv=0.0196  sigreg=0.0297
  [sigreg-ssl] epoch 18/20  inv=0.0192  sigreg=0.0290
  [sigreg-ssl] epoch 19/20  inv=0.0190  sigreg=0.0289
  [sigreg-ssl] epoch 20/20  inv=0.0188  sigreg=0.0278

----- space: res (SSL on the supervised residual) -----
  [sigreg-residual] epoch 1/10  inv=0.1859  res-sigreg=0.1461
  [sigreg-residual] epoch 2/10  inv=0.0690  res-sigreg=0.0665
  [sigreg-residual] epoch 3/10  inv=0.0532  res-sigreg=0.0575
  [sigreg-residual] epoch 4/10  inv=0.0456  res-sigreg=0.0559
  [sigreg-residual] epoch 5/10  inv=0.0415  res-sigreg=0.0528
  [sigreg-residual] epoch 6/10  inv=0.0388  res-sigreg=0.0505
  [sigreg-residual] epoch 7/10  inv=0.0370  res-sigreg=0.0483
  [sigreg-residual] epoch 8/10  inv=0.0350  res-sigreg=0.0457
  [sigreg-residual] epoch 9/10  inv=0.0340  res-sigreg=0.0459
  [sigreg-residual] epoch 10/10  inv=0.0332  res-sigreg=0.0449

----- space: supres (supervised on the ssl residual) -----
  mnist balanced loader (no {4}): 54158 images, 250 batches of 9x24
  [sigreg+proto] epoch 1/10  sigreg=0.1480  proto=0.2953  min_dist=2.93  mean_dist=4.07
  [sigreg+proto] epoch 2/10  sigreg=0.1178  proto=0.1685  min_dist=3.44  mean_dist=4.72
  [sigreg+proto] epoch 3/10  sigreg=0.1106  proto=0.1040  min_dist=3.86  mean_dist=5.29
  [sigreg+proto] epoch 4/10  sigreg=0.1086  proto=0.0687  min_dist=4.24  mean_dist=5.80
  [sigreg+proto] epoch 5/10  sigreg=0.1062  proto=0.0492  min_dist=4.59  mean_dist=6.27
  [sigreg+proto] epoch 6/10  sigreg=0.1070  proto=0.0395  min_dist=4.91  mean_dist=6.71
  [sigreg+proto] epoch 7/10  sigreg=0.1055  proto=0.0286  min_dist=5.22  mean_dist=7.12
  [sigreg+proto] epoch 8/10  sigreg=0.1056  proto=0.0231  min_dist=5.52  mean_dist=7.51
  [sigreg+proto] epoch 9/10  sigreg=0.1067  proto=0.0210  min_dist=5.80  mean_dist=7.89
  [sigreg+proto] epoch 10/10  sigreg=0.1079  proto=0.0174  min_dist=6.08  mean_dist=8.25

----- pre-discovery metrics -----
  [sup   ] seen nearest-anchor acc=0.9901  novelty AUC=0.9030
  [ssl   ] seen nearest-anchor acc=0.9576  novelty AUC=0.5598
  [concat] seen nearest-anchor acc=0.9914  novelty AUC=0.8853
  [res   ] seen nearest-anchor acc=0.9889  novelty AUC=0.9575
  [supres] seen nearest-anchor acc=0.9907  novelty AUC=0.8441

----- gaussianity (seen classes, test set) -----
  metric                               sup           ssl        concat           res        supres
  eig min (class cov)                0.462         0.002         0.002         0.001         0.486
  eig max (class cov)                2.121         2.007         2.622         1.665         1.452
  eig cond worst                       4.2         667.8        1130.3        2064.8           2.8
  class RMS min                      0.944         0.471         0.748         0.444         0.901
  class RMS mean                     0.970         0.629         0.819         0.484         0.920
  class RMS max                      1.013         0.733         0.853         0.573         0.942
  max |corr| (worst class)           0.342         0.964         0.964         0.986         0.261
  SW ratio mean                       5.98         11.49          6.41         38.72          4.21
  SW ratio worst                      8.17         26.36          8.28         59.29          5.63
  |skew| mean                        0.280         0.341         0.287         0.990         0.193
  |ex-kurt| mean                     0.457         0.761         0.435         3.597         0.322
  centroid dist min                   7.02          2.35          7.66          4.20          6.06
  centroid dist mean                  9.89          3.14         10.40          7.29          7.93
  separation (min d/RMS)              7.23          3.74          9.36          8.68          6.58
  saved /home/pharris/sigreg/SuperSig/plots/latent_mnist_exp28_8d.png

----- discovery: sup -----
  [sigreg+proto] epoch 1/5  sigreg=0.1627  proto=0.5925  min_dist=3.93  mean_dist=8.93
  [sigreg+proto] epoch 2/5  sigreg=0.1539  proto=0.5285  min_dist=3.86  mean_dist=9.42
  [sigreg+proto] epoch 3/5  sigreg=0.1552  proto=0.4945  min_dist=3.85  mean_dist=9.86
  [sigreg+proto] epoch 4/5  sigreg=0.1565  proto=0.4670  min_dist=3.85  mean_dist=10.27
  [sigreg+proto] epoch 5/5  sigreg=0.1582  proto=0.4520  min_dist=3.86  mean_dist=10.65
  round 1: pool=6857 purity=0.605 k-hat=4 anchors=4  margin=0.9875  mean-anchor=0.9910  4=0.991
    merged 8 -> 7 anchors
  [sigreg+proto] epoch 1/5  sigreg=0.2368  proto=1.1189  min_dist=1.62  mean_dist=10.91
  [sigreg+proto] epoch 2/5  sigreg=0.2109  proto=0.9132  min_dist=2.04  mean_dist=11.20
  [sigreg+proto] epoch 3/5  sigreg=0.2087  proto=0.8511  min_dist=2.37  mean_dist=11.48
  [sigreg+proto] epoch 4/5  sigreg=0.2065  proto=0.7909  min_dist=2.65  mean_dist=11.73
  [sigreg+proto] epoch 5/5  sigreg=0.2071  proto=0.7607  min_dist=2.89  mean_dist=11.97
  round 2: pool=2869 purity=0.056 k-hat=4 anchors=7  margin=0.9819  mean-anchor=0.9946  4=0.995

----- discovery: ssl (centroid anchors) -----
  [sigreg+proto] epoch 1/5  sigreg=0.1493  proto=0.5724  min_dist=2.66  mean_dist=4.01
  [sigreg+proto] epoch 2/5  sigreg=0.1250  proto=0.4520  min_dist=3.02  mean_dist=4.51
  [sigreg+proto] epoch 3/5  sigreg=0.1213  proto=0.3994  min_dist=3.35  mean_dist=4.96
  [sigreg+proto] epoch 4/5  sigreg=0.1199  proto=0.3817  min_dist=3.66  mean_dist=5.37
  [sigreg+proto] epoch 5/5  sigreg=0.1242  proto=0.3773  min_dist=3.94  mean_dist=5.75
  round 1: pool=2839 purity=0.046 k-hat=4 anchors=4  margin=0.8708  mean-anchor=0.8653  4=0.865
  [sigreg+proto] epoch 1/5  sigreg=0.1461  proto=0.8048  min_dist=2.74  mean_dist=5.76
  [sigreg+proto] epoch 2/5  sigreg=0.1441  proto=0.7394  min_dist=3.10  mean_dist=6.20
  [sigreg+proto] epoch 3/5  sigreg=0.1540  proto=0.7447  min_dist=3.17  mean_dist=6.60
  [sigreg+proto] epoch 4/5  sigreg=0.1621  proto=0.7490  min_dist=3.26  mean_dist=6.96
  [sigreg+proto] epoch 5/5  sigreg=0.1718  proto=0.7666  min_dist=3.35  mean_dist=7.30
  round 2: pool=3371 purity=0.197 k-hat=4 anchors=8  margin=0.9564  mean-anchor=0.9698  4=0.970

----- discovery: concat (ft sup branch only) -----
  [sigreg+proto] epoch 1/5  sigreg=0.1511  proto=0.4772  min_dist=3.96  mean_dist=8.91
  [sigreg+proto] epoch 2/5  sigreg=0.1428  proto=0.4220  min_dist=3.92  mean_dist=9.40
  [sigreg+proto] epoch 3/5  sigreg=0.1474  proto=0.4101  min_dist=3.91  mean_dist=9.84
  [sigreg+proto] epoch 4/5  sigreg=0.1499  proto=0.4202  min_dist=3.93  mean_dist=10.25
  [sigreg+proto] epoch 5/5  sigreg=0.1559  proto=0.4181  min_dist=3.96  mean_dist=10.62
  round 1: pool=6524 purity=0.585 k-hat=4 anchors=4  margin=0.9878  mean-anchor=0.9920  4=0.992
  [sigreg+proto] epoch 1/5  sigreg=0.1977  proto=0.8324  min_dist=2.31  mean_dist=9.93
  [sigreg+proto] epoch 2/5  sigreg=0.1899  proto=0.7717  min_dist=2.54  mean_dist=10.27
  [sigreg+proto] epoch 3/5  sigreg=0.1846  proto=0.7068  min_dist=2.63  mean_dist=10.59
  [sigreg+proto] epoch 4/5  sigreg=0.1948  proto=0.7421  min_dist=2.68  mean_dist=10.89
  [sigreg+proto] epoch 5/5  sigreg=0.1999  proto=0.7518  min_dist=2.73  mean_dist=11.16
  round 2: pool=2782 purity=0.027 k-hat=4 anchors=8  margin=0.9867  mean-anchor=0.9929  4=0.993

----- discovery: res (centroid anchors) -----
    merged 4 -> 3 anchors
  [sigreg+proto] epoch 1/5  sigreg=0.1907  proto=0.3803  min_dist=3.34  mean_dist=7.38
  [sigreg+proto] epoch 2/5  sigreg=0.1500  proto=0.2850  min_dist=3.60  mean_dist=7.92
  [sigreg+proto] epoch 3/5  sigreg=0.1399  proto=0.2599  min_dist=3.83  mean_dist=8.42
  [sigreg+proto] epoch 4/5  sigreg=0.1358  proto=0.2458  min_dist=4.06  mean_dist=8.88
  [sigreg+proto] epoch 5/5  sigreg=0.1387  proto=0.2573  min_dist=4.29  mean_dist=9.31
  round 1: pool=7504 purity=0.639 k-hat=4 anchors=3  margin=0.9947  mean-anchor=0.9961  4=0.996
  [sigreg+proto] epoch 1/5  sigreg=0.1677  proto=0.6411  min_dist=3.24  mean_dist=8.77
  [sigreg+proto] epoch 2/5  sigreg=0.1561  proto=0.5688  min_dist=3.39  mean_dist=9.19
  [sigreg+proto] epoch 3/5  sigreg=0.1601  proto=0.5669  min_dist=3.48  mean_dist=9.58
  [sigreg+proto] epoch 4/5  sigreg=0.1626  proto=0.5746  min_dist=3.58  mean_dist=9.95
  [sigreg+proto] epoch 5/5  sigreg=0.1668  proto=0.5760  min_dist=3.71  mean_dist=10.30
  round 2: pool=2865 purity=0.055 k-hat=4 anchors=7  margin=0.9946  mean-anchor=0.9957  4=0.996

----- discovery: supres -----
  [sigreg+proto] epoch 1/5  sigreg=0.1345  proto=0.4957  min_dist=3.52  mean_dist=7.64
  [sigreg+proto] epoch 2/5  sigreg=0.1264  proto=0.3971  min_dist=3.56  mean_dist=8.18
  [sigreg+proto] epoch 3/5  sigreg=0.1307  proto=0.3720  min_dist=3.67  mean_dist=8.67
  [sigreg+proto] epoch 4/5  sigreg=0.1328  proto=0.3403  min_dist=3.77  mean_dist=9.12
  [sigreg+proto] epoch 5/5  sigreg=0.1359  proto=0.3407  min_dist=3.89  mean_dist=9.54
  round 1: pool=6409 purity=0.577 k-hat=4 anchors=4  margin=0.9875  mean-anchor=0.9971  4=0.997
    merged 8 -> 7 anchors
  [sigreg+proto] epoch 1/5  sigreg=0.2421  proto=1.2569  min_dist=3.63  mean_dist=9.40
  [sigreg+proto] epoch 2/5  sigreg=0.2019  proto=0.9644  min_dist=3.64  mean_dist=9.82
  [sigreg+proto] epoch 3/5  sigreg=0.1969  proto=0.8285  min_dist=3.64  mean_dist=10.21
  [sigreg+proto] epoch 4/5  sigreg=0.1904  proto=0.7292  min_dist=3.64  mean_dist=10.56
  [sigreg+proto] epoch 5/5  sigreg=0.1983  proto=0.7318  min_dist=3.64  mean_dist=10.89
  round 2: pool=2958 purity=0.085 k-hat=4 anchors=7  margin=0.9912  mean-anchor=0.9968  4=0.997

===== EXP28 SUMMARY [mnist, 8d] =====
  [sup   ] pre: acc=0.9901 novelty-AUC=0.9030
          round 1: purity=0.605 anchors=4  margin=0.9875  mean-anchor=0.9910
          round 2: purity=0.056 anchors=7  margin=0.9819  mean-anchor=0.9946
  [ssl   ] pre: acc=0.9576 novelty-AUC=0.5598
          round 1: purity=0.046 anchors=4  margin=0.8708  mean-anchor=0.8653
          round 2: purity=0.197 anchors=8  margin=0.9564  mean-anchor=0.9698
  [concat] pre: acc=0.9914 novelty-AUC=0.8853
          round 1: purity=0.585 anchors=4  margin=0.9878  mean-anchor=0.9920
          round 2: purity=0.027 anchors=8  margin=0.9867  mean-anchor=0.9929
  [res   ] pre: acc=0.9889 novelty-AUC=0.9575
          round 1: purity=0.639 anchors=3  margin=0.9947  mean-anchor=0.9961
          round 2: purity=0.055 anchors=7  margin=0.9946  mean-anchor=0.9957
  [supres] pre: acc=0.9907 novelty-AUC=0.8441
          round 1: purity=0.577 anchors=4  margin=0.9875  mean-anchor=0.9971
          round 2: purity=0.085 anchors=7  margin=0.9912  mean-anchor=0.9968
Done.
