/home/pharris/venv/lib64/python3.9/site-packages/networkx/utils/backends.py:135: RuntimeWarning: networkx backend defined more than once: nx-loopback
  backends.update(_get_backends("networkx.backends"))
  CIFAR two-view embedding-train images (no {4}): 45000
  CIFAR two-view embedding-train images (no {4}): 45000
exp28 [cifar10] emb_dim=64 holdout=[4] ssl_ep=20 res_ep=10

----- space: sup (supervised SIGReg, exp-26 recipe) -----
Using cache found in /home/pharris/.cache/torch/hub/chenyaofo_pytorch-cifar-models_master
  cifar10 balanced loader (no {4}): 45000 images, 208 batches of 9x24
  [sigreg+proto] epoch 1/10  sigreg=0.3037  proto=0.9981  min_dist=5.66  mean_dist=5.83
  [sigreg+proto] epoch 2/10  sigreg=0.1560  proto=0.5477  min_dist=6.71  mean_dist=7.25
  [sigreg+proto] epoch 3/10  sigreg=0.1429  proto=0.4774  min_dist=7.76  mean_dist=8.62
  [sigreg+proto] epoch 4/10  sigreg=0.1396  proto=0.4465  min_dist=8.62  mean_dist=9.76
  [sigreg+proto] epoch 5/10  sigreg=0.1358  proto=0.4432  min_dist=9.32  mean_dist=10.72
  [sigreg+proto] epoch 6/10  sigreg=0.1354  proto=0.4295  min_dist=9.90  mean_dist=11.54
  [sigreg+proto] epoch 7/10  sigreg=0.1329  proto=0.4278  min_dist=10.37  mean_dist=12.24
  [sigreg+proto] epoch 8/10  sigreg=0.1331  proto=0.3584  min_dist=10.78  mean_dist=12.86
  [sigreg+proto] epoch 9/10  sigreg=0.1319  proto=0.3419  min_dist=11.14  mean_dist=13.41
  [sigreg+proto] epoch 10/10  sigreg=0.1336  proto=0.3491  min_dist=11.45  mean_dist=13.88

----- space: ssl (unlabeled SIGReg + augmentations) -----
Using cache found in /home/pharris/.cache/torch/hub/chenyaofo_pytorch-cifar-models_master
  [sigreg-ssl] epoch 1/20  inv=0.0680  sigreg=0.1748
  [sigreg-ssl] epoch 2/20  inv=0.0670  sigreg=0.1088
  [sigreg-ssl] epoch 3/20  inv=0.0642  sigreg=0.0973
  [sigreg-ssl] epoch 4/20  inv=0.0633  sigreg=0.0895
  [sigreg-ssl] epoch 5/20  inv=0.0620  sigreg=0.0849
  [sigreg-ssl] epoch 6/20  inv=0.0596  sigreg=0.0818
  [sigreg-ssl] epoch 7/20  inv=0.0591  sigreg=0.0787
  [sigreg-ssl] epoch 8/20  inv=0.0587  sigreg=0.0767
  [sigreg-ssl] epoch 9/20  inv=0.0581  sigreg=0.0742
  [sigreg-ssl] epoch 10/20  inv=0.0581  sigreg=0.0716
  [sigreg-ssl] epoch 11/20  inv=0.0563  sigreg=0.0717
  [sigreg-ssl] epoch 12/20  inv=0.0558  sigreg=0.0704
  [sigreg-ssl] epoch 13/20  inv=0.0556  sigreg=0.0699
  [sigreg-ssl] epoch 14/20  inv=0.0543  sigreg=0.0696
  [sigreg-ssl] epoch 15/20  inv=0.0539  sigreg=0.0676
  [sigreg-ssl] epoch 16/20  inv=0.0537  sigreg=0.0670
  [sigreg-ssl] epoch 17/20  inv=0.0538  sigreg=0.0654
  [sigreg-ssl] epoch 18/20  inv=0.0537  sigreg=0.0647
  [sigreg-ssl] epoch 19/20  inv=0.0537  sigreg=0.0637
  [sigreg-ssl] epoch 20/20  inv=0.0525  sigreg=0.0623

----- space: res (SSL on the supervised residual) -----
  [sigreg-residual] epoch 1/10  inv=0.0744  res-sigreg=0.0978
  [sigreg-residual] epoch 2/10  inv=0.0300  res-sigreg=0.0908
  [sigreg-residual] epoch 3/10  inv=0.0290  res-sigreg=0.0866
  [sigreg-residual] epoch 4/10  inv=0.0289  res-sigreg=0.0827
  [sigreg-residual] epoch 5/10  inv=0.0284  res-sigreg=0.0803
  [sigreg-residual] epoch 6/10  inv=0.0286  res-sigreg=0.0791
  [sigreg-residual] epoch 7/10  inv=0.0285  res-sigreg=0.0768
  [sigreg-residual] epoch 8/10  inv=0.0280  res-sigreg=0.0759
  [sigreg-residual] epoch 9/10  inv=0.0281  res-sigreg=0.0749
  [sigreg-residual] epoch 10/10  inv=0.0281  res-sigreg=0.0737

----- space: supres (supervised on the ssl residual) -----
  cifar10 balanced loader (no {4}): 45000 images, 208 batches of 9x24
  [sigreg+proto] epoch 1/10  sigreg=0.1691  proto=1.1483  min_dist=4.46  mean_dist=8.07
  [sigreg+proto] epoch 2/10  sigreg=0.1478  proto=0.8413  min_dist=5.65  mean_dist=9.35
  [sigreg+proto] epoch 3/10  sigreg=0.1406  proto=0.7047  min_dist=6.58  mean_dist=10.41
  [sigreg+proto] epoch 4/10  sigreg=0.1366  proto=0.6316  min_dist=7.36  mean_dist=11.30
  [sigreg+proto] epoch 5/10  sigreg=0.1371  proto=0.6051  min_dist=8.00  mean_dist=12.06
  [sigreg+proto] epoch 6/10  sigreg=0.1350  proto=0.5324  min_dist=8.54  mean_dist=12.72
  [sigreg+proto] epoch 7/10  sigreg=0.1344  proto=0.4739  min_dist=9.02  mean_dist=13.30
  [sigreg+proto] epoch 8/10  sigreg=0.1340  proto=0.4280  min_dist=9.46  mean_dist=13.80
  [sigreg+proto] epoch 9/10  sigreg=0.1327  proto=0.3999  min_dist=9.87  mean_dist=14.24
  [sigreg+proto] epoch 10/10  sigreg=0.1333  proto=0.3866  min_dist=10.20  mean_dist=14.62

----- pre-discovery metrics -----
  [sup   ] seen nearest-anchor acc=0.8723  novelty AUC=0.7765
  [ssl   ] seen nearest-anchor acc=0.6893  novelty AUC=0.3638
  [concat] seen nearest-anchor acc=0.8787  novelty AUC=0.7128
  [res   ] seen nearest-anchor acc=0.6560  novelty AUC=0.4553
  [supres] seen nearest-anchor acc=0.8743  novelty AUC=0.7379

----- gaussianity (seen classes, test set) -----
  metric                               sup           ssl        concat           res        supres
  eig min (class cov)                0.000         0.000         0.000         0.000         0.000
  eig max (class cov)               18.295        18.715        28.158        12.941        18.845
  eig cond worst                  171619.1      937152.9     1258333.4      740655.9      241832.5
  class RMS min                      0.916         0.671         0.815         0.420         0.926
  class RMS mean                     0.960         0.743         0.859         0.498         0.964
  class RMS max                      1.028         0.819         0.929         0.614         1.001
  max |corr| (worst class)           0.938         0.963         0.963         0.988         0.902
  SW ratio mean                       2.88         13.62          3.42         17.97          3.18
  SW ratio worst                      3.45         21.46          4.36         24.88          4.48
  |skew| mean                        0.187         0.367         0.187         0.469         0.199
  |ex-kurt| mean                     0.183         0.626         0.241         0.795         0.197
  centroid dist min                   9.40          3.12          9.90          1.51          8.43
  centroid dist mean                 12.67          6.68         14.36          5.44         13.46
  separation (min d/RMS)              9.79          4.19         11.53          3.04          8.74
  saved /home/pharris/sigreg/SuperSig/plots/latent_cifar10_exp28_64d.png

----- discovery: sup -----
  [sigreg+proto] epoch 1/5  sigreg=0.1748  proto=2.1297  min_dist=7.75  mean_dist=14.13
  [sigreg+proto] epoch 2/5  sigreg=0.1564  proto=1.5037  min_dist=7.95  mean_dist=14.85
  [sigreg+proto] epoch 3/5  sigreg=0.1539  proto=1.3964  min_dist=8.20  mean_dist=15.44
  [sigreg+proto] epoch 4/5  sigreg=0.1516  proto=1.3331  min_dist=8.38  mean_dist=15.91
  [sigreg+proto] epoch 5/5  sigreg=0.1514  proto=1.3006  min_dist=8.54  mean_dist=16.31
  round 1: pool=3724 purity=0.396 k-hat=4 anchors=4  margin=0.9141  mean-anchor=0.9597  deer=0.960
  [sigreg+proto] epoch 1/5  sigreg=0.1758  proto=3.0900  min_dist=5.83  mean_dist=15.49
  [sigreg+proto] epoch 2/5  sigreg=0.1670  proto=2.3772  min_dist=6.68  mean_dist=16.00
  [sigreg+proto] epoch 3/5  sigreg=0.1648  proto=2.2758  min_dist=7.33  mean_dist=16.43
  [sigreg+proto] epoch 4/5  sigreg=0.1639  proto=2.1512  min_dist=7.85  mean_dist=16.80
  [sigreg+proto] epoch 5/5  sigreg=0.1622  proto=2.1982  min_dist=8.27  mean_dist=17.11
  round 2: pool=2538 purity=0.113 k-hat=4 anchors=8  margin=0.9021  mean-anchor=0.9646  deer=0.965

----- discovery: ssl (centroid anchors) -----
  [sigreg+proto] epoch 1/5  sigreg=0.1979  proto=1.7746  min_dist=4.06  mean_dist=9.02
  [sigreg+proto] epoch 2/5  sigreg=0.1715  proto=1.4273  min_dist=5.05  mean_dist=10.02
  [sigreg+proto] epoch 3/5  sigreg=0.1677  proto=1.3039  min_dist=5.84  mean_dist=10.89
  [sigreg+proto] epoch 4/5  sigreg=0.1651  proto=1.2892  min_dist=6.49  mean_dist=11.64
  [sigreg+proto] epoch 5/5  sigreg=0.1635  proto=1.2761  min_dist=7.05  mean_dist=12.30
  round 1: pool=2257 purity=0.003 k-hat=4 anchors=4  margin=0.6514  mean-anchor=0.7401  deer=0.740
  [sigreg+proto] epoch 1/5  sigreg=0.1932  proto=2.4893  min_dist=6.45  mean_dist=13.10
  [sigreg+proto] epoch 2/5  sigreg=0.1867  proto=1.9882  min_dist=6.90  mean_dist=13.86
  [sigreg+proto] epoch 3/5  sigreg=0.1891  proto=2.0099  min_dist=7.30  mean_dist=14.48
  [sigreg+proto] epoch 4/5  sigreg=0.1869  proto=1.9377  min_dist=7.65  mean_dist=15.02
  [sigreg+proto] epoch 5/5  sigreg=0.1894  proto=2.0011  min_dist=7.86  mean_dist=15.48
  round 2: pool=2667 purity=0.156 k-hat=4 anchors=8  margin=0.7130  mean-anchor=0.8662  deer=0.866

----- discovery: concat (ft sup branch only) -----
  [sigreg+proto] epoch 1/5  sigreg=0.1720  proto=2.2327  min_dist=5.67  mean_dist=13.92
  [sigreg+proto] epoch 2/5  sigreg=0.1533  proto=1.4105  min_dist=6.51  mean_dist=14.64
  [sigreg+proto] epoch 3/5  sigreg=0.1506  proto=1.2650  min_dist=7.13  mean_dist=15.26
  [sigreg+proto] epoch 4/5  sigreg=0.1499  proto=1.2291  min_dist=7.64  mean_dist=15.77
  [sigreg+proto] epoch 5/5  sigreg=0.1517  proto=1.2640  min_dist=8.02  mean_dist=16.17
  round 1: pool=3095 purity=0.273 k-hat=4 anchors=4  margin=0.8966  mean-anchor=0.9461  deer=0.946
  [sigreg+proto] epoch 1/5  sigreg=0.1740  proto=2.8072  min_dist=5.59  mean_dist=15.49
  [sigreg+proto] epoch 2/5  sigreg=0.1648  proto=2.1297  min_dist=6.44  mean_dist=15.99
  [sigreg+proto] epoch 3/5  sigreg=0.1614  proto=1.9982  min_dist=6.74  mean_dist=16.42
  [sigreg+proto] epoch 4/5  sigreg=0.1611  proto=1.9351  min_dist=6.88  mean_dist=16.80
  [sigreg+proto] epoch 5/5  sigreg=0.1612  proto=1.9106  min_dist=7.02  mean_dist=17.12
  round 2: pool=2431 purity=0.074 k-hat=4 anchors=8  margin=0.8949  mean-anchor=0.9436  deer=0.944

----- discovery: res (centroid anchors) -----
  [sigreg+proto] epoch 1/5  sigreg=0.2024  proto=1.4108  min_dist=2.87  mean_dist=8.26
  [sigreg+proto] epoch 2/5  sigreg=0.1591  proto=0.9567  min_dist=3.76  mean_dist=9.24
  [sigreg+proto] epoch 3/5  sigreg=0.1542  proto=0.8288  min_dist=4.48  mean_dist=10.09
  [sigreg+proto] epoch 4/5  sigreg=0.1523  proto=0.8355  min_dist=5.09  mean_dist=10.83
  [sigreg+proto] epoch 5/5  sigreg=0.1519  proto=0.8237  min_dist=5.64  mean_dist=11.49
  round 1: pool=2251 purity=0.000 k-hat=4 anchors=4  margin=0.4061  mean-anchor=0.6505  deer=0.651
  [sigreg+proto] epoch 1/5  sigreg=0.1688  proto=1.8469  min_dist=6.36  mean_dist=12.09
  [sigreg+proto] epoch 2/5  sigreg=0.1661  proto=1.4493  min_dist=7.04  mean_dist=12.91
  [sigreg+proto] epoch 3/5  sigreg=0.1665  proto=1.4478  min_dist=7.58  mean_dist=13.60
  [sigreg+proto] epoch 4/5  sigreg=0.1694  proto=1.5063  min_dist=7.95  mean_dist=14.20
  [sigreg+proto] epoch 5/5  sigreg=0.1706  proto=1.5387  min_dist=8.15  mean_dist=14.71
  round 2: pool=2491 purity=0.097 k-hat=4 anchors=8  margin=0.6915  mean-anchor=0.8380  deer=0.838

----- discovery: supres -----
  [sigreg+proto] epoch 1/5  sigreg=0.1741  proto=2.4047  min_dist=7.14  mean_dist=15.36
  [sigreg+proto] epoch 2/5  sigreg=0.1579  proto=1.6734  min_dist=7.53  mean_dist=15.95
  [sigreg+proto] epoch 3/5  sigreg=0.1541  proto=1.4713  min_dist=7.81  mean_dist=16.47
  [sigreg+proto] epoch 4/5  sigreg=0.1504  proto=1.3926  min_dist=8.06  mean_dist=16.89
  [sigreg+proto] epoch 5/5  sigreg=0.1491  proto=1.3163  min_dist=8.29  mean_dist=17.24
  round 1: pool=3126 purity=0.280 k-hat=4 anchors=4  margin=0.8657  mean-anchor=0.9206  deer=0.921
  [sigreg+proto] epoch 1/5  sigreg=0.1682  proto=2.7089  min_dist=7.23  mean_dist=17.13
  [sigreg+proto] epoch 2/5  sigreg=0.1615  proto=2.2852  min_dist=7.81  mean_dist=17.59
  [sigreg+proto] epoch 3/5  sigreg=0.1603  proto=2.0791  min_dist=8.26  mean_dist=17.99
  [sigreg+proto] epoch 4/5  sigreg=0.1598  proto=2.0489  min_dist=8.45  mean_dist=18.31
  [sigreg+proto] epoch 5/5  sigreg=0.1596  proto=2.0704  min_dist=8.57  mean_dist=18.58
  round 2: pool=2448 purity=0.081 k-hat=4 anchors=8  margin=0.8536  mean-anchor=0.9176  deer=0.918

===== EXP28 SUMMARY [cifar10, 64d] =====
  [sup   ] pre: acc=0.8723 novelty-AUC=0.7765
          round 1: purity=0.396 anchors=4  margin=0.9141  mean-anchor=0.9597
          round 2: purity=0.113 anchors=8  margin=0.9021  mean-anchor=0.9646
  [ssl   ] pre: acc=0.6893 novelty-AUC=0.3638
          round 1: purity=0.003 anchors=4  margin=0.6514  mean-anchor=0.7401
          round 2: purity=0.156 anchors=8  margin=0.7130  mean-anchor=0.8662
  [concat] pre: acc=0.8787 novelty-AUC=0.7128
          round 1: purity=0.273 anchors=4  margin=0.8966  mean-anchor=0.9461
          round 2: purity=0.074 anchors=8  margin=0.8949  mean-anchor=0.9436
  [res   ] pre: acc=0.6560 novelty-AUC=0.4553
          round 1: purity=0.000 anchors=4  margin=0.4061  mean-anchor=0.6505
          round 2: purity=0.097 anchors=8  margin=0.6915  mean-anchor=0.8380
  [supres] pre: acc=0.8743 novelty-AUC=0.7379
          round 1: purity=0.280 anchors=4  margin=0.8657  mean-anchor=0.9206
          round 2: purity=0.081 anchors=8  margin=0.8536  mean-anchor=0.9176
Done.
