/home/pharris/venv/lib64/python3.9/site-packages/networkx/utils/backends.py:135: RuntimeWarning: networkx backend defined more than once: nx-loopback
  backends.update(_get_backends("networkx.backends"))
Using cache found in /home/pharris/.cache/torch/hub/chenyaofo_pytorch-cifar-models_master
exp36 [cifar10] sup->res with hybrid residual, holdout=[4], res_lam=5.0

----- sup16 (settled recipe) -----
  cifar10 balanced loader (no {4}): 45000 images, 208 batches of 9x24
  [sigreg+proto] epoch 1/10  sigreg=0.3192  proto=0.9431  min_dist=5.35  mean_dist=5.58
  [sigreg+proto] epoch 2/10  sigreg=0.1341  proto=0.3942  min_dist=5.83  mean_dist=6.18
  [sigreg+proto] epoch 3/10  sigreg=0.1280  proto=0.2832  min_dist=6.32  mean_dist=6.80
  [sigreg+proto] epoch 4/10  sigreg=0.1298  proto=0.2604  min_dist=6.78  mean_dist=7.41
  [sigreg+proto] epoch 5/10  sigreg=0.1275  proto=0.2282  min_dist=7.17  mean_dist=7.97
  [sigreg+proto] epoch 6/10  sigreg=0.1290  proto=0.2033  min_dist=7.47  mean_dist=8.49
  [sigreg+proto] epoch 7/10  sigreg=0.1313  proto=0.2019  min_dist=7.76  mean_dist=8.96
  [sigreg+proto] epoch 8/10  sigreg=0.1313  proto=0.1892  min_dist=8.04  mean_dist=9.40
  [sigreg+proto] epoch 9/10  sigreg=0.1287  proto=0.1502  min_dist=8.29  mean_dist=9.81
  [sigreg+proto] epoch 10/10  sigreg=0.1322  proto=0.1640  min_dist=8.54  mean_dist=10.19

----- res16 classic (classwise sigreg residual) -----
  cifar10 balanced two-view loader (no {4}): 45000 images, 208 batches of 9x24
  [sigreg-residual-cw] epoch 1/10  inv=0.4152  res-sigreg=0.3716
  [sigreg-residual-cw] epoch 2/10  inv=0.3232  res-sigreg=0.3141
  [sigreg-residual-cw] epoch 3/10  inv=0.3011  res-sigreg=0.2967
  [sigreg-residual-cw] epoch 4/10  inv=0.2815  res-sigreg=0.2844
  [sigreg-residual-cw] epoch 5/10  inv=0.2724  res-sigreg=0.2783
  [sigreg-residual-cw] epoch 6/10  inv=0.2633  res-sigreg=0.2726
  [sigreg-residual-cw] epoch 7/10  inv=0.2565  res-sigreg=0.2665
  [sigreg-residual-cw] epoch 8/10  inv=0.2523  res-sigreg=0.2612
  [sigreg-residual-cw] epoch 9/10  inv=0.2469  res-sigreg=0.2588
  [sigreg-residual-cw] epoch 10/10  inv=0.2363  res-sigreg=0.2535

----- res-hybrid16 (NT-Xent + sigreg lam=5.0 on sup residual) -----
  CIFAR two-view embedding-train images (no {4}): 45000
  [simclr-residual] epoch 1/20  loss=4.7387  sigreg=0.0796
  [simclr-residual] epoch 2/20  loss=4.6427  sigreg=0.0657
  [simclr-residual] epoch 3/20  loss=4.6209  sigreg=0.0575
  [simclr-residual] epoch 4/20  loss=4.6109  sigreg=0.0543
  [simclr-residual] epoch 5/20  loss=4.6006  sigreg=0.0511
  [simclr-residual] epoch 6/20  loss=4.5886  sigreg=0.0459
  [simclr-residual] epoch 7/20  loss=4.5838  sigreg=0.0453
  [simclr-residual] epoch 8/20  loss=4.5794  sigreg=0.0439
  [simclr-residual] epoch 9/20  loss=4.5755  sigreg=0.0432
  [simclr-residual] epoch 10/20  loss=4.5692  sigreg=0.0409
  [simclr-residual] epoch 11/20  loss=4.5645  sigreg=0.0399
  [simclr-residual] epoch 12/20  loss=4.5614  sigreg=0.0408
  [simclr-residual] epoch 13/20  loss=4.5600  sigreg=0.0397
  [simclr-residual] epoch 14/20  loss=4.5544  sigreg=0.0386
  [simclr-residual] epoch 15/20  loss=4.5528  sigreg=0.0381
  [simclr-residual] epoch 16/20  loss=4.5520  sigreg=0.0383
  [simclr-residual] epoch 17/20  loss=4.5491  sigreg=0.0369
  [simclr-residual] epoch 18/20  loss=4.5457  sigreg=0.0365
  [simclr-residual] epoch 19/20  loss=4.5443  sigreg=0.0364
  [simclr-residual] epoch 20/20  loss=4.5398  sigreg=0.0350

===== Part A: probe suite =====
  [sup->res        ] probe=0.9298+-0.0012 acc=0.9110 supAUC=0.9916 eucl=0.7953 mahaT=0.7354 mahaPC=0.7826
  [sup->res-hybrid ] probe=0.9381+-0.0011 acc=0.9177 supAUC=0.9927 eucl=0.8159 mahaT=0.7584 mahaPC=0.8139

===== gaussianity =====
  metric                          sup->ressup->res-hybrid
  eig min (class cov)                0.000         0.001
  eig max (class cov)               15.666        12.263
  eig cond worst                   47609.2       10966.4
  class RMS min                      0.945         0.879
  class RMS mean                     1.010         0.931
  class RMS max                      1.106         0.994
  max |corr| (worst class)           0.976         0.925
  SW ratio mean                       8.46          7.71
  SW ratio worst                     10.34          9.09
  |skew| mean                        0.395         0.367
  |ex-kurt| mean                     0.445         0.408
  centroid dist min                   9.80          8.25
  centroid dist mean                 12.88         11.81
  separation (min d/RMS)              9.71          8.87

===== PRE power scan: sup->res =====
  [sup->res] per-event pre power=0.253
  [sup->res] sparker
    pre-spk f=0.001: power=0.020 [0.003,0.064] (1/50)
    pre-spk f=0.003: power=0.140 [0.090,0.207] (7/50)
    pre-spk f=0.01: power=0.340 [0.268,0.419] (17/50)
    pre-spk f=0.02: power=0.840 [0.771,0.893] (42/50)
    pre-spk f=0.03: power=1.000 [0.964,1.000] (50/50)
    pre-spk f=0.1: power=1.000 [0.964,1.000] (50/50)
  [sup->res] maha
    pre-maha f=0.001: power=0.040 [0.014,0.090] (2/50)
    pre-maha f=0.003: power=0.100 [0.058,0.162] (5/50)
    pre-maha f=0.01: power=0.320 [0.249,0.399] (16/50)
    pre-maha f=0.02: power=0.800 [0.727,0.859] (40/50)
    pre-maha f=0.03: power=0.920 [0.862,0.958] (46/50)
    pre-maha f=0.1: power=1.000 [0.964,1.000] (50/50)
  [sup->res] mmd
    pre-mmd f=0.001: power=0.080 [0.042,0.138] (4/50)
    pre-mmd f=0.003: power=0.080 [0.042,0.138] (4/50)
    pre-mmd f=0.01: power=0.100 [0.058,0.162] (5/50)
    pre-mmd f=0.02: power=0.380 [0.305,0.460] (19/50)
    pre-mmd f=0.03: power=0.820 [0.749,0.876] (41/50)
    pre-mmd f=0.1: power=1.000 [0.964,1.000] (50/50)

===== PRE power scan: sup->res-hybrid =====
  [sup->res-hybrid] per-event pre power=0.304
  [sup->res-hybrid] sparker
    pre-spk f=0.001: power=0.100 [0.058,0.162] (5/50)
    pre-spk f=0.003: power=0.160 [0.107,0.229] (8/50)
    pre-spk f=0.01: power=0.280 [0.213,0.357] (14/50)
    pre-spk f=0.02: power=0.880 [0.816,0.926] (44/50)
    pre-spk f=0.03: power=1.000 [0.964,1.000] (50/50)
    pre-spk f=0.1: power=1.000 [0.964,1.000] (50/50)
  [sup->res-hybrid] maha
    pre-maha f=0.001: power=0.060 [0.028,0.115] (3/50)
    pre-maha f=0.003: power=0.140 [0.090,0.207] (7/50)
    pre-maha f=0.01: power=0.380 [0.305,0.460] (19/50)
    pre-maha f=0.02: power=0.940 [0.885,0.972] (47/50)
    pre-maha f=0.03: power=1.000 [0.964,1.000] (50/50)
    pre-maha f=0.1: power=1.000 [0.964,1.000] (50/50)
  [sup->res-hybrid] mmd
    pre-mmd f=0.001: power=0.080 [0.042,0.138] (4/50)
    pre-mmd f=0.003: power=0.080 [0.042,0.138] (4/50)
    pre-mmd f=0.01: power=0.220 [0.159,0.294] (11/50)
    pre-mmd f=0.02: power=0.420 [0.343,0.500] (21/50)
    pre-mmd f=0.03: power=0.780 [0.706,0.841] (39/50)
    pre-mmd f=0.1: power=1.000 [0.964,1.000] (50/50)

===== POST scan, f=0.001 (45 injected) =====
  [sigreg+proto] epoch 1/5  sigreg=0.1624  proto=1.1385  min_dist=3.08  mean_dist=9.55
  [sigreg+proto] epoch 2/5  sigreg=0.1511  proto=0.8703  min_dist=3.73  mean_dist=10.01
  [sigreg+proto] epoch 3/5  sigreg=0.1484  proto=0.7534  min_dist=4.28  mean_dist=10.45
  [sigreg+proto] epoch 4/5  sigreg=0.1539  proto=0.8410  min_dist=4.76  mean_dist=10.84
  [sigreg+proto] epoch 5/5  sigreg=0.1564  proto=0.8650  min_dist=5.19  mean_dist=11.21
  round 1: pool=2268 purity=0.008 k-hat=4 anchors=4  margin=0.8637  mean-anchor=0.9148  deer=0.915
  [sigreg+proto] epoch 1/5  sigreg=0.1985  proto=1.7450  min_dist=3.75  mean_dist=10.54
  [sigreg+proto] epoch 2/5  sigreg=0.1811  proto=1.4573  min_dist=3.89  mean_dist=10.86
  [sigreg+proto] epoch 3/5  sigreg=0.1794  proto=1.3829  min_dist=4.02  mean_dist=11.17
  [sigreg+proto] epoch 4/5  sigreg=0.1846  proto=1.4344  min_dist=4.14  mean_dist=11.47
  [sigreg+proto] epoch 5/5  sigreg=0.1902  proto=1.4726  min_dist=4.23  mean_dist=11.74
  round 2: pool=2252 purity=0.001 k-hat=4 anchors=8  margin=0.8387  mean-anchor=0.9077  deer=0.908
  [sup->res] per-event post f=0.001: power=0.268
  [sup->res] sparker (post)
    post-spk f=0.001: power=0.060 [0.028,0.115] (3/50)
  [sup->res] maha (post)
    post-maha f=0.001: power=0.120 [0.074,0.184] (6/50)
  [sup->res] mmd (post)
    post-mmd f=0.001: power=0.020 [0.003,0.064] (1/50)
  [sigreg+proto] epoch 1/5  sigreg=0.1607  proto=1.2096  min_dist=4.53  mean_dist=9.20
  [sigreg+proto] epoch 2/5  sigreg=0.1511  proto=0.9567  min_dist=5.08  mean_dist=9.68
  [sigreg+proto] epoch 3/5  sigreg=0.1485  proto=0.8544  min_dist=5.54  mean_dist=10.13
  [sigreg+proto] epoch 4/5  sigreg=0.1533  proto=0.8950  min_dist=5.89  mean_dist=10.54
  [sigreg+proto] epoch 5/5  sigreg=0.1597  proto=0.9698  min_dist=6.08  mean_dist=10.91
  round 1: pool=2280 purity=0.013 k-hat=4 anchors=4  margin=0.8832  mean-anchor=0.8957  deer=0.896
  [sigreg+proto] epoch 1/5  sigreg=0.2138  proto=1.8409  min_dist=3.44  mean_dist=10.96
  [sigreg+proto] epoch 2/5  sigreg=0.1879  proto=1.4996  min_dist=3.59  mean_dist=11.32
  [sigreg+proto] epoch 3/5  sigreg=0.1850  proto=1.4402  min_dist=3.73  mean_dist=11.65
  [sigreg+proto] epoch 4/5  sigreg=0.1874  proto=1.4315  min_dist=3.76  mean_dist=11.96
  [sigreg+proto] epoch 5/5  sigreg=0.1918  proto=1.4525  min_dist=3.80  mean_dist=12.26
  round 2: pool=2254 purity=0.002 k-hat=4 anchors=8  margin=0.8462  mean-anchor=0.8841  deer=0.884
  [sup->res-hybrid] per-event post f=0.001: power=0.348
  [sup->res-hybrid] sparker (post)
    post-spk f=0.001: power=0.100 [0.058,0.162] (5/50)
  [sup->res-hybrid] maha (post)
    post-maha f=0.001: power=0.120 [0.074,0.184] (6/50)
  [sup->res-hybrid] mmd (post)
    post-mmd f=0.001: power=0.020 [0.003,0.064] (1/50)

===== POST scan, f=0.003 (135 injected) =====
  [sigreg+proto] epoch 1/5  sigreg=0.1626  proto=1.1310  min_dist=3.12  mean_dist=9.54
  [sigreg+proto] epoch 2/5  sigreg=0.1503  proto=0.8541  min_dist=3.77  mean_dist=10.00
  [sigreg+proto] epoch 3/5  sigreg=0.1495  proto=0.7823  min_dist=4.32  mean_dist=10.43
  [sigreg+proto] epoch 4/5  sigreg=0.1530  proto=0.8429  min_dist=4.80  mean_dist=10.83
  [sigreg+proto] epoch 5/5  sigreg=0.1555  proto=0.8494  min_dist=5.23  mean_dist=11.20
  round 1: pool=2289 purity=0.017 k-hat=4 anchors=4  margin=0.8620  mean-anchor=0.9088  deer=0.909
  [sigreg+proto] epoch 1/5  sigreg=0.2093  proto=1.8066  min_dist=3.55  mean_dist=10.53
  [sigreg+proto] epoch 2/5  sigreg=0.1830  proto=1.4292  min_dist=3.76  mean_dist=10.88
  [sigreg+proto] epoch 3/5  sigreg=0.1826  proto=1.4102  min_dist=3.91  mean_dist=11.21
  [sigreg+proto] epoch 4/5  sigreg=0.1858  proto=1.4075  min_dist=4.04  mean_dist=11.51
  [sigreg+proto] epoch 5/5  sigreg=0.1879  proto=1.4062  min_dist=4.16  mean_dist=11.80
  round 2: pool=2265 purity=0.007 k-hat=4 anchors=8  margin=0.8672  mean-anchor=0.9087  deer=0.909
  [sup->res] per-event post f=0.003: power=0.321
  [sup->res] sparker (post)
    post-spk f=0.003: power=0.100 [0.058,0.162] (5/50)
  [sup->res] maha (post)
    post-maha f=0.003: power=0.140 [0.090,0.207] (7/50)
  [sup->res] mmd (post)
    post-mmd f=0.003: power=0.160 [0.107,0.229] (8/50)
  [sigreg+proto] epoch 1/5  sigreg=0.1607  proto=1.2111  min_dist=4.87  mean_dist=9.20
  [sigreg+proto] epoch 2/5  sigreg=0.1484  proto=0.9028  min_dist=5.20  mean_dist=9.69
  [sigreg+proto] epoch 3/5  sigreg=0.1507  proto=0.8506  min_dist=5.49  mean_dist=10.14
  [sigreg+proto] epoch 4/5  sigreg=0.1547  proto=0.9200  min_dist=5.76  mean_dist=10.55
  [sigreg+proto] epoch 5/5  sigreg=0.1574  proto=0.9232  min_dist=6.00  mean_dist=10.93
  round 1: pool=2309 purity=0.026 k-hat=4 anchors=4  margin=0.8828  mean-anchor=0.8961  deer=0.896
  [sigreg+proto] epoch 1/5  sigreg=0.2030  proto=1.7131  min_dist=1.59  mean_dist=10.47
  [sigreg+proto] epoch 2/5  sigreg=0.1858  proto=1.4969  min_dist=2.01  mean_dist=10.79
  [sigreg+proto] epoch 3/5  sigreg=0.1836  proto=1.4195  min_dist=2.34  mean_dist=11.09
  [sigreg+proto] epoch 4/5  sigreg=0.1881  proto=1.4549  min_dist=2.62  mean_dist=11.38
  [sigreg+proto] epoch 5/5  sigreg=0.1909  proto=1.4635  min_dist=2.87  mean_dist=11.64
  round 2: pool=2272 purity=0.010 k-hat=4 anchors=8  margin=0.8699  mean-anchor=0.9063  deer=0.906
  [sup->res-hybrid] per-event post f=0.003: power=0.407
  [sup->res-hybrid] sparker (post)
    post-spk f=0.003: power=0.080 [0.042,0.138] (4/50)
  [sup->res-hybrid] maha (post)
    post-maha f=0.003: power=0.040 [0.014,0.090] (2/50)
  [sup->res-hybrid] mmd (post)
    post-mmd f=0.003: power=0.080 [0.042,0.138] (4/50)

===== POST scan, f=0.01 (455 injected) =====
  [sigreg+proto] epoch 1/5  sigreg=0.1623  proto=1.0880  min_dist=3.08  mean_dist=9.60
  [sigreg+proto] epoch 2/5  sigreg=0.1494  proto=0.8277  min_dist=3.74  mean_dist=10.06
  [sigreg+proto] epoch 3/5  sigreg=0.1522  proto=0.8109  min_dist=4.29  mean_dist=10.49
  [sigreg+proto] epoch 4/5  sigreg=0.1527  proto=0.8171  min_dist=4.76  mean_dist=10.88
  [sigreg+proto] epoch 5/5  sigreg=0.1561  proto=0.8203  min_dist=5.20  mean_dist=11.25
  round 1: pool=2408 purity=0.066 k-hat=4 anchors=4  margin=0.8828  mean-anchor=0.9241  deer=0.924
  [sigreg+proto] epoch 1/5  sigreg=0.2151  proto=1.8685  min_dist=3.71  mean_dist=11.26
  [sigreg+proto] epoch 2/5  sigreg=0.1832  proto=1.4093  min_dist=3.87  mean_dist=11.64
  [sigreg+proto] epoch 3/5  sigreg=0.1818  proto=1.3252  min_dist=4.03  mean_dist=11.98
  [sigreg+proto] epoch 4/5  sigreg=0.1838  proto=1.3587  min_dist=4.18  mean_dist=12.31
  [sigreg+proto] epoch 5/5  sigreg=0.1877  proto=1.3961  min_dist=4.31  mean_dist=12.61
  round 2: pool=2287 purity=0.016 k-hat=4 anchors=8  margin=0.8514  mean-anchor=0.9162  deer=0.916
  [sup->res] per-event post f=0.01: power=0.379
  [sup->res] sparker (post)
    post-spk f=0.01: power=0.220 [0.159,0.294] (11/50)
  [sup->res] maha (post)
    post-maha f=0.01: power=0.180 [0.124,0.251] (9/50)
  [sup->res] mmd (post)
    post-mmd f=0.01: power=0.240 [0.177,0.315] (12/50)
  [sigreg+proto] epoch 1/5  sigreg=0.1685  proto=1.0982  min_dist=4.58  mean_dist=9.90
  [sigreg+proto] epoch 2/5  sigreg=0.1524  proto=0.8731  min_dist=4.86  mean_dist=10.38
  [sigreg+proto] epoch 3/5  sigreg=0.1540  proto=0.8444  min_dist=5.08  mean_dist=10.83
  [sigreg+proto] epoch 4/5  sigreg=0.1557  proto=0.8339  min_dist=5.30  mean_dist=11.24
  [sigreg+proto] epoch 5/5  sigreg=0.1605  proto=0.8488  min_dist=5.47  mean_dist=11.61
  round 1: pool=2466 purity=0.088 k-hat=4 anchors=4  margin=0.8994  mean-anchor=0.9305  deer=0.931
  [sigreg+proto] epoch 1/5  sigreg=0.2073  proto=1.7121  min_dist=1.96  mean_dist=11.04
  [sigreg+proto] epoch 2/5  sigreg=0.1814  proto=1.3815  min_dist=2.42  mean_dist=11.36
  [sigreg+proto] epoch 3/5  sigreg=0.1806  proto=1.3478  min_dist=2.80  mean_dist=11.65
  [sigreg+proto] epoch 4/5  sigreg=0.1855  proto=1.3649  min_dist=3.11  mean_dist=11.93
  [sigreg+proto] epoch 5/5  sigreg=0.1877  proto=1.3684  min_dist=3.39  mean_dist=12.19
  round 2: pool=2283 purity=0.014 k-hat=4 anchors=8  margin=0.8957  mean-anchor=0.9322  deer=0.932
  [sup->res-hybrid] per-event post f=0.01: power=0.471
  [sup->res-hybrid] sparker (post)
    post-spk f=0.01: power=0.380 [0.305,0.460] (19/50)
  [sup->res-hybrid] maha (post)
    post-maha f=0.01: power=0.300 [0.231,0.378] (15/50)
  [sup->res-hybrid] mmd (post)
    post-mmd f=0.01: power=0.380 [0.305,0.460] (19/50)

===== POST scan, f=0.02 (918 injected) =====
  [sigreg+proto] epoch 1/5  sigreg=0.1617  proto=1.0903  min_dist=3.08  mean_dist=9.53
  [sigreg+proto] epoch 2/5  sigreg=0.1498  proto=0.8518  min_dist=3.74  mean_dist=10.00
  [sigreg+proto] epoch 3/5  sigreg=0.1511  proto=0.8192  min_dist=4.28  mean_dist=10.42
  [sigreg+proto] epoch 4/5  sigreg=0.1521  proto=0.8198  min_dist=4.77  mean_dist=10.82
  [sigreg+proto] epoch 5/5  sigreg=0.1557  proto=0.8478  min_dist=5.19  mean_dist=11.19
  round 1: pool=2547 purity=0.117 k-hat=4 anchors=4  margin=0.8838  mean-anchor=0.9345  deer=0.934
  [sigreg+proto] epoch 1/5  sigreg=0.2126  proto=1.8286  min_dist=2.31  mean_dist=10.71
  [sigreg+proto] epoch 2/5  sigreg=0.1876  proto=1.4603  min_dist=2.82  mean_dist=11.06
  [sigreg+proto] epoch 3/5  sigreg=0.1829  proto=1.3473  min_dist=3.23  mean_dist=11.39
  [sigreg+proto] epoch 4/5  sigreg=0.1877  proto=1.3904  min_dist=3.58  mean_dist=11.69
  [sigreg+proto] epoch 5/5  sigreg=0.1905  proto=1.4184  min_dist=3.90  mean_dist=11.97
  round 2: pool=2306 purity=0.024 k-hat=4 anchors=8  margin=0.8628  mean-anchor=0.9329  deer=0.933
  [sup->res] per-event post f=0.02: power=0.404
  [sup->res] sparker (post)
    post-spk f=0.02: power=1.000 [0.964,1.000] (50/50)
  [sup->res] maha (post)
    post-maha f=0.02: power=0.760 [0.685,0.823] (38/50)
  [sup->res] mmd (post)
    post-mmd f=0.02: power=0.700 [0.622,0.769] (35/50)
  [sigreg+proto] epoch 1/5  sigreg=0.1571  proto=1.1685  min_dist=4.55  mean_dist=9.16
  [sigreg+proto] epoch 2/5  sigreg=0.1485  proto=0.9114  min_dist=4.78  mean_dist=9.64
  [sigreg+proto] epoch 3/5  sigreg=0.1512  proto=0.9145  min_dist=4.97  mean_dist=10.08
  [sigreg+proto] epoch 4/5  sigreg=0.1548  proto=0.9109  min_dist=5.14  mean_dist=10.49
  [sigreg+proto] epoch 5/5  sigreg=0.1584  proto=0.9638  min_dist=5.27  mean_dist=10.87
  round 1: pool=2675 purity=0.159 k-hat=4 anchors=4  margin=0.8983  mean-anchor=0.9083  deer=0.908
  [sigreg+proto] epoch 1/5  sigreg=0.2194  proto=1.9653  min_dist=2.71  mean_dist=10.44
  [sigreg+proto] epoch 2/5  sigreg=0.1879  proto=1.4811  min_dist=3.27  mean_dist=10.77
  [sigreg+proto] epoch 3/5  sigreg=0.1877  proto=1.4550  min_dist=3.72  mean_dist=11.07
  [sigreg+proto] epoch 4/5  sigreg=0.1893  proto=1.4396  min_dist=3.95  mean_dist=11.36
  [sigreg+proto] epoch 5/5  sigreg=0.1933  proto=1.4745  min_dist=4.09  mean_dist=11.63
  round 2: pool=2311 purity=0.026 k-hat=4 anchors=8  margin=0.8797  mean-anchor=0.9092  deer=0.909
  [sup->res-hybrid] per-event post f=0.02: power=0.428
  [sup->res-hybrid] sparker (post)
    post-spk f=0.02: power=1.000 [0.964,1.000] (50/50)
  [sup->res-hybrid] maha (post)
    post-maha f=0.02: power=0.840 [0.771,0.893] (42/50)
  [sup->res-hybrid] mmd (post)
    post-mmd f=0.02: power=0.940 [0.885,0.972] (47/50)

===== POST scan, f=0.03 (1392 injected) =====
  [sigreg+proto] epoch 1/5  sigreg=0.1606  proto=1.0875  min_dist=3.09  mean_dist=9.53
  [sigreg+proto] epoch 2/5  sigreg=0.1494  proto=0.8387  min_dist=3.74  mean_dist=10.00
  [sigreg+proto] epoch 3/5  sigreg=0.1514  proto=0.8421  min_dist=4.29  mean_dist=10.42
  [sigreg+proto] epoch 4/5  sigreg=0.1525  proto=0.8263  min_dist=4.76  mean_dist=10.82
  [sigreg+proto] epoch 5/5  sigreg=0.1562  proto=0.8544  min_dist=5.19  mean_dist=11.19
  round 1: pool=2684 purity=0.162 k-hat=4 anchors=4  margin=0.8892  mean-anchor=0.9384  deer=0.938
  [sigreg+proto] epoch 1/5  sigreg=0.2105  proto=1.8556  min_dist=2.34  mean_dist=10.62
  [sigreg+proto] epoch 2/5  sigreg=0.1821  proto=1.4224  min_dist=2.86  mean_dist=10.96
  [sigreg+proto] epoch 3/5  sigreg=0.1803  proto=1.3757  min_dist=3.29  mean_dist=11.29
  [sigreg+proto] epoch 4/5  sigreg=0.1842  proto=1.3908  min_dist=3.66  mean_dist=11.59
  [sigreg+proto] epoch 5/5  sigreg=0.1862  proto=1.3830  min_dist=3.83  mean_dist=11.87
  round 2: pool=2345 purity=0.041 k-hat=4 anchors=8  margin=0.8924  mean-anchor=0.9480  deer=0.948
  [sup->res] per-event post f=0.03: power=0.495
  [sup->res] sparker (post)
    post-spk f=0.03: power=1.000 [0.964,1.000] (50/50)
  [sup->res] maha (post)
    post-maha f=0.03: power=0.980 [0.936,0.997] (49/50)
  [sup->res] mmd (post)
    post-mmd f=0.03: power=0.980 [0.936,0.997] (49/50)
  [sigreg+proto] epoch 1/5  sigreg=0.1607  proto=1.0702  min_dist=3.90  mean_dist=9.61
  [sigreg+proto] epoch 2/5  sigreg=0.1523  proto=0.8782  min_dist=4.44  mean_dist=10.09
  [sigreg+proto] epoch 3/5  sigreg=0.1530  proto=0.8184  min_dist=4.69  mean_dist=10.54
  [sigreg+proto] epoch 4/5  sigreg=0.1558  proto=0.8474  min_dist=4.92  mean_dist=10.95
  [sigreg+proto] epoch 5/5  sigreg=0.1579  proto=0.8390  min_dist=5.12  mean_dist=11.33
  round 1: pool=2867 purity=0.215 k-hat=4 anchors=4  margin=0.9122  mean-anchor=0.9402  deer=0.940
  [sigreg+proto] epoch 1/5  sigreg=0.2003  proto=1.6611  min_dist=2.32  mean_dist=10.74
  [sigreg+proto] epoch 2/5  sigreg=0.1807  proto=1.4292  min_dist=2.86  mean_dist=11.08
  [sigreg+proto] epoch 3/5  sigreg=0.1806  proto=1.3773  min_dist=2.99  mean_dist=11.40
  [sigreg+proto] epoch 4/5  sigreg=0.1848  proto=1.3566  min_dist=3.10  mean_dist=11.70
  [sigreg+proto] epoch 5/5  sigreg=0.1862  proto=1.4262  min_dist=3.21  mean_dist=11.98
  round 2: pool=2304 purity=0.023 k-hat=4 anchors=8  margin=0.9055  mean-anchor=0.9482  deer=0.948
  [sup->res-hybrid] per-event post f=0.03: power=0.512
  [sup->res-hybrid] sparker (post)
    post-spk f=0.03: power=1.000 [0.964,1.000] (50/50)
  [sup->res-hybrid] maha (post)
    post-maha f=0.03: power=0.980 [0.936,0.997] (49/50)
  [sup->res-hybrid] mmd (post)
    post-mmd f=0.03: power=1.000 [0.964,1.000] (50/50)

===== POST scan, f=0.1 (5000 injected) =====
  [sigreg+proto] epoch 1/5  sigreg=0.1555  proto=1.0106  min_dist=3.11  mean_dist=9.52
  [sigreg+proto] epoch 2/5  sigreg=0.1500  proto=0.8527  min_dist=3.51  mean_dist=9.99
  [sigreg+proto] epoch 3/5  sigreg=0.1529  proto=0.7952  min_dist=3.69  mean_dist=10.43
  [sigreg+proto] epoch 4/5  sigreg=0.1539  proto=0.8200  min_dist=3.84  mean_dist=10.84
  [sigreg+proto] epoch 5/5  sigreg=0.1548  proto=0.8089  min_dist=3.98  mean_dist=11.22
  round 1: pool=3934 purity=0.428 k-hat=4 anchors=4  margin=0.9296  mean-anchor=0.9488  deer=0.949
  [sigreg+proto] epoch 1/5  sigreg=0.2073  proto=1.7613  min_dist=2.95  mean_dist=10.59
  [sigreg+proto] epoch 2/5  sigreg=0.1829  proto=1.3801  min_dist=3.14  mean_dist=10.97
  [sigreg+proto] epoch 3/5  sigreg=0.1828  proto=1.3552  min_dist=3.30  mean_dist=11.32
  [sigreg+proto] epoch 4/5  sigreg=0.1836  proto=1.3471  min_dist=3.43  mean_dist=11.64
  [sigreg+proto] epoch 5/5  sigreg=0.1851  proto=1.3380  min_dist=3.56  mean_dist=11.95
  round 2: pool=2430 purity=0.074 k-hat=4 anchors=8  margin=0.9276  mean-anchor=0.9521  deer=0.952
  [sup->res] per-event post f=0.1: power=0.617
  [sup->res] sparker (post)
    post-spk f=0.1: power=1.000 [0.964,1.000] (50/50)
  [sup->res] maha (post)
    post-maha f=0.1: power=1.000 [0.964,1.000] (50/50)
  [sup->res] mmd (post)
    post-mmd f=0.1: power=1.000 [0.964,1.000] (50/50)
  [sigreg+proto] epoch 1/5  sigreg=0.1543  proto=1.0630  min_dist=3.55  mean_dist=9.20
  [sigreg+proto] epoch 2/5  sigreg=0.1491  proto=0.8996  min_dist=3.72  mean_dist=9.71
  [sigreg+proto] epoch 3/5  sigreg=0.1499  proto=0.8563  min_dist=3.84  mean_dist=10.17
  [sigreg+proto] epoch 4/5  sigreg=0.1542  proto=0.8708  min_dist=3.96  mean_dist=10.60
  [sigreg+proto] epoch 5/5  sigreg=0.1582  proto=0.8753  min_dist=4.08  mean_dist=11.00
  round 1: pool=4589 purity=0.510 k-hat=4 anchors=4  margin=0.9261  mean-anchor=0.9548  deer=0.955
  [sigreg+proto] epoch 1/5  sigreg=0.2130  proto=1.7370  min_dist=4.20  mean_dist=11.16
  [sigreg+proto] epoch 2/5  sigreg=0.1871  proto=1.4252  min_dist=4.31  mean_dist=11.55
  [sigreg+proto] epoch 3/5  sigreg=0.1861  proto=1.3686  min_dist=4.41  mean_dist=11.90
  [sigreg+proto] epoch 4/5  sigreg=0.1882  proto=1.3784  min_dist=4.52  mean_dist=12.23
  [sigreg+proto] epoch 5/5  sigreg=0.1937  proto=1.4177  min_dist=4.62  mean_dist=12.54
  round 2: pool=2401 purity=0.063 k-hat=4 anchors=8  margin=0.9400  mean-anchor=0.9628  deer=0.963
  [sup->res-hybrid] per-event post f=0.1: power=0.699
  [sup->res-hybrid] sparker (post)
    post-spk f=0.1: power=1.000 [0.964,1.000] (50/50)
  [sup->res-hybrid] maha (post)
    post-maha f=0.1: power=1.000 [0.964,1.000] (50/50)
  [sup->res-hybrid] mmd (post)
    post-mmd f=0.1: power=1.000 [0.964,1.000] (50/50)

===== EXP36 PEREVENT POWER SUMMARY (alpha=0.05) =====
  arm                 kind    0.001    0.003     0.01     0.02     0.03      0.1
  sup->res             pre    0.253    0.253    0.253    0.253    0.253    0.253
  sup->res            post    0.268    0.321    0.379    0.404    0.495    0.617
  sup->res-hybrid      pre    0.304    0.304    0.304    0.304    0.304    0.304
  sup->res-hybrid     post    0.348    0.407    0.471    0.428    0.512    0.699
saved /home/pharris/sigreg/SuperSig/plots/exp36_perevent_power_cifar10.png

===== EXP36 SPARKER POWER SUMMARY (alpha=0.05) =====
  arm                 kind    0.001    0.003     0.01     0.02     0.03      0.1
  sup->res             pre    0.020    0.140    0.340    0.840    1.000    1.000
  sup->res            post    0.060    0.100    0.220    1.000    1.000    1.000
  sup->res-hybrid      pre    0.100    0.160    0.280    0.880    1.000    1.000
  sup->res-hybrid     post    0.100    0.080    0.380    1.000    1.000    1.000
saved /home/pharris/sigreg/SuperSig/plots/exp36_sparker_power_cifar10.png

===== EXP36 MAHA POWER SUMMARY (alpha=0.05) =====
  arm                 kind    0.001    0.003     0.01     0.02     0.03      0.1
  sup->res             pre    0.040    0.100    0.320    0.800    0.920    1.000
  sup->res            post    0.120    0.140    0.180    0.760    0.980    1.000
  sup->res-hybrid      pre    0.060    0.140    0.380    0.940    1.000    1.000
  sup->res-hybrid     post    0.120    0.040    0.300    0.840    0.980    1.000
saved /home/pharris/sigreg/SuperSig/plots/exp36_maha_power_cifar10.png

===== EXP36 MMD POWER SUMMARY (alpha=0.05) =====
  arm                 kind    0.001    0.003     0.01     0.02     0.03      0.1
  sup->res             pre    0.080    0.080    0.100    0.380    0.820    1.000
  sup->res            post    0.020    0.160    0.240    0.700    0.980    1.000
  sup->res-hybrid      pre    0.080    0.080    0.220    0.420    0.780    1.000
  sup->res-hybrid     post    0.020    0.080    0.380    0.940    1.000    1.000
saved /home/pharris/sigreg/SuperSig/plots/exp36_mmd_power_cifar10.png
saved /home/pharris/sigreg/SuperSig/logs/exp36/power_data_supres_hybrid.npz
